<?xml version="1.0" encoding="UTF-8"?>
<TestRun id="1e2322bf-c9b6-4483-9818-04b06ff12a0f" name="Moreys@MOREY01 2012-02-19 14:09:41" runUser="MOREY01\Moreys" xmlns="http://microsoft.com/schemas/VisualStudio/TeamTest/2010">
  <TestSettings name="Local" id="11e94416-0c26-463e-8882-992fe1a79ce0">
    <Description>These are default test settings for a local test run.</Description>
    <Deployment enabled="false" runDeploymentRoot="Moreys_MOREY01 2012-02-19 14_09_41">
      <DeploymentItem filename="C:\_APPLICATION\BCLEX-ABSTRACT\Contoso.Abstract.Unity.4\bin\Release\Microsoft.Practices.Unity.dll" />
      <DeploymentItem filename="C:\_APPLICATION\BCLEX-ABSTRACT\Contoso.Abstract.Autofac.4\bin\Release\System.Abstract.dll" />
      <DeploymentItem filename="C:\_APPLICATION\BCLEX-ABSTRACT\Contoso.Abstract.Ninject.4\bin\Release\System.Abstract.dll" />
      <DeploymentItem filename="C:\_APPLICATION\BCLEX-ABSTRACT\Contoso.Abstract.Memcached.4\bin\Release\System.Abstract.dll" />
      <DeploymentItem filename="C:\_APPLICATION\BCLEX-ABSTRACT\Contoso.Abstract.Hiro.4\bin\Release\System.Abstract.dll" />
      <DeploymentItem filename="C:\_APPLICATION\BCLEX-ABSTRACT\Contoso.Abstract.Memcached.4\bin\Release\Enyim.Caching.dll" />
      <DeploymentItem filename="C:\_APPLICATION\BCLEX-ABSTRACT\Contoso.Abstract.Unity.4\bin\Release\System.Abstract.dll" />
      <DeploymentItem filename="C:\_APPLICATION\BCLEX-ABSTRACT\Contoso.Abstract.CastleWindsor.4\bin\Release\System.Abstract.dll" />
      <DeploymentItem filename="C:\_APPLICATION\BCLEX-ABSTRACT\Contoso.Abstract.Memcached.4\bin\Release\Contoso.Abstract.Memcached.dll" />
      <DeploymentItem filename="C:\_APPLICATION\BCLEX-ABSTRACT\Contoso.Abstract.Hiro.4\bin\Release\Contoso.Abstract.Hiro.dll" />
      <DeploymentItem filename="C:\_APPLICATION\BCLEX-ABSTRACT\Contoso.Abstract.Unity.4\bin\Release\Contoso.Abstract.Unity.dll" />
      <DeploymentItem filename="C:\_APPLICATION\BCLEX-ABSTRACT\TESTS_\System.Abstract.Tests\bin\Debug\System.Abstract.Tests.dll" />
      <DeploymentItem filename="C:\_APPLICATION\BCLEX-ABSTRACT\Contoso.Abstract.Autofac.4\bin\Release\Contoso.Abstract.Autofac.dll" />
      <DeploymentItem filename="C:\_APPLICATION\BCLEX-ABSTRACT\Contoso.Abstract.Ninject.4\bin\Release\Contoso.Abstract.Ninject.dll" />
      <DeploymentItem filename="C:\_APPLICATION\BCLEX-ABSTRACT\Contoso.Abstract.StructureMap.4\bin\Release\StructureMap.dll" />
      <DeploymentItem filename="C:\_APPLICATION\BCLEX-ABSTRACT\Contoso.Abstract.CastleWindsor.4\bin\Release\Contoso.Abstract.CastleWindsor.dll" />
      <DeploymentItem filename="C:\_APPLICATION\BCLEX-ABSTRACT\TESTS_\packages\Moq.4.0.10827\lib\NET40\Moq.dll" />
      <DeploymentItem filename="C:\_APPLICATION\BCLEX-ABSTRACT\Contoso.Abstract.StructureMap.4\bin\Release\Contoso.Abstract.StructureMap.dll" />
      <DeploymentItem filename="C:\_APPLICATION\BCLEX-ABSTRACT\Contoso.Abstract.StructureMap.4\bin\Release\System.Abstract.dll" />
      <DeploymentItem filename="C:\_APPLICATION\BCLEX-ABSTRACT\System.Abstract.4\bin\Release\System.Abstract.dll" />
    </Deployment>
    <Execution>
      <TestTypeSpecific />
      <AgentRule name="Execution Agents">
      </AgentRule>
    </Execution>
  </TestSettings>
  <Times creation="2012-02-19T14:09:41.8271276-06:00" queuing="2012-02-19T14:09:42.3263285-06:00" start="2012-02-19T14:09:42.3887286-06:00" finish="2012-02-19T14:09:45.0719333-06:00" />
  <ResultSummary outcome="Failed">
    <Counters total="220" executed="220" passed="201" error="0" failed="19" timeout="0" aborted="0" inconclusive="0" passedButRunAborted="0" notRunnable="0" notExecuted="0" disconnected="0" warning="0" completed="0" inProgress="0" pending="0" />
  </ResultSummary>
  <TestDefinitions>
    <UnitTest name="RegisterInstance_Should_Return_Same_Object_For_Same_Type" storage="c:\_application\bclex-abstract\tests_\contoso.abstract.castlewindsor.tests\bin\debug\contoso.abstract.castlewindsor.tests.dll" id="9ffd021c-db76-368a-3dee-2aa506993be9">
      <Execution id="fb6312f0-08df-4b6d-8a49-5cd60a750c90" />
      <TestMethod codeBase="C:/_APPLICATION/BCLEX-ABSTRACT/TESTS_/Contoso.Abstract.CastleWindsor.Tests/bin/Debug/Contoso.Abstract.CastleWindsor.Tests.DLL" adapterTypeName="Microsoft.VisualStudio.TestTools.TestTypes.Unit.UnitTestAdapter, Microsoft.VisualStudio.QualityTools.Tips.UnitTest.Adapter, Version=10.0.0.0, Culture=neutral, PublicKeyToken=b03f5f7f11d50a3a" className="Contoso.Abstract.CastleWindsorServiceRegistrarIntegrationTests, Contoso.Abstract.CastleWindsor.Tests, Version=1.0.0.0, Culture=neutral, PublicKeyToken=null" name="RegisterInstance_Should_Return_Same_Object_For_Same_Type" />
    </UnitTest>
    <UnitTest name="Append_Should_Be_Called" storage="c:\_application\bclex-abstract\tests_\contoso.abstract.memcached.tests\bin\debug\contoso.abstract.memcached.tests.dll" id="ed3ecc95-022b-212e-ed2c-4492bb5c7ca5">
      <Execution id="5bce3e25-7524-49db-96ff-530acc20dcd8" />
      <TestMethod codeBase="C:/_APPLICATION/BCLEX-ABSTRACT/TESTS_/Contoso.Abstract.Memcached.Tests/bin/Debug/Contoso.Abstract.Memcached.Tests.DLL" adapterTypeName="Microsoft.VisualStudio.TestTools.TestTypes.Unit.UnitTestAdapter, Microsoft.VisualStudio.QualityTools.Tips.UnitTest.Adapter, Version=10.0.0.0, Culture=neutral, PublicKeyToken=b03f5f7f11d50a3a" className="Contoso.Abstract.DispatcherTests, Contoso.Abstract.Memcached.Tests, Version=1.0.0.0, Culture=neutral, PublicKeyToken=null" name="Append_Should_Be_Called" />
    </UnitTest>
    <UnitTest name="HasRegistered" storage="c:\_application\bclex-abstract\tests_\contoso.abstract.hiro.tests\bin\debug\contoso.abstract.hiro.tests.dll" id="62d5ae9f-b4ef-ba0f-af85-53019067e76e">
      <Execution id="0957ba09-58d6-4bbe-a0b8-a57ffaa00e24" />
      <TestMethod codeBase="C:/_APPLICATION/BCLEX-ABSTRACT/TESTS_/Contoso.Abstract.Hiro.Tests/bin/Debug/Contoso.Abstract.Hiro.Tests.DLL" adapterTypeName="Microsoft.VisualStudio.TestTools.TestTypes.Unit.UnitTestAdapter, Microsoft.VisualStudio.QualityTools.Tips.UnitTest.Adapter, Version=10.0.0.0, Culture=neutral, PublicKeyToken=b03f5f7f11d50a3a" className="Contoso.Abstract.HiroServiceRegistrarIntegrationTests, Contoso.Abstract.Hiro.Tests, Version=1.0.0.0, Culture=neutral, PublicKeyToken=null" name="HasRegistered" />
    </UnitTest>
    <UnitTest name="Asking_For_Invalid_Service_Should_Raise_Exception" storage="c:\_application\bclex-abstract\tests_\contoso.abstract.unity.tests\bin\debug\contoso.abstract.unity.tests.dll" id="b35eb057-97c5-47fb-35b3-cdb3d9a05671">
      <Execution id="7f7f1f7b-8317-4cbc-9db2-078b8a86ae23" />
      <TestMethod codeBase="C:/_APPLICATION/BCLEX-ABSTRACT/TESTS_/Contoso.Abstract.Unity.Tests/bin/Debug/Contoso.Abstract.Unity.Tests.DLL" adapterTypeName="Microsoft.VisualStudio.TestTools.TestTypes.Unit.UnitTestAdapter, Microsoft.VisualStudio.QualityTools.Tips.UnitTest.Adapter, Version=10.0.0.0, Culture=neutral, PublicKeyToken=b03f5f7f11d50a3a" className="Contoso.Abstract.UnityServiceLocatorIntegrationTests, Contoso.Abstract.Unity.Tests, Version=1.0.0.0, Culture=neutral, PublicKeyToken=null" name="Asking_For_Invalid_Service_Should_Raise_Exception" />
    </UnitTest>
    <UnitTest name="Register_With_Keyed_Type_Should_Return_Same_Type" storage="c:\_application\bclex-abstract\tests_\contoso.abstract.autofac.tests\bin\debug\contoso.abstract.autofac.tests.dll" id="387a68b1-2b79-c7f4-587d-71940b23f38b">
      <Execution id="c5a78b54-b7a8-4207-85c4-0018f37d5048" />
      <TestMethod codeBase="C:/_APPLICATION/BCLEX-ABSTRACT/TESTS_/Contoso.Abstract.Autofac.Tests/bin/Debug/Contoso.Abstract.Autofac.Tests.DLL" adapterTypeName="Microsoft.VisualStudio.TestTools.TestTypes.Unit.UnitTestAdapter, Microsoft.VisualStudio.QualityTools.Tips.UnitTest.Adapter, Version=10.0.0.0, Culture=neutral, PublicKeyToken=b03f5f7f11d50a3a" className="Contoso.Abstract.AutofacServiceRegistrarIntegrationTests, Contoso.Abstract.Autofac.Tests, Version=1.0.0.0, Culture=neutral, PublicKeyToken=null" name="Register_With_Keyed_Type_Should_Return_Same_Type" />
    </UnitTest>
    <UnitTest name="Register_With_Specified_Type_Should_Return_Same_Type" storage="c:\_application\bclex-abstract\tests_\contoso.abstract.hiro.tests\bin\debug\contoso.abstract.hiro.tests.dll" id="32a911be-508a-8ebc-ce72-8174b5116686">
      <Execution id="14b17c9c-84fe-40bf-9209-13692527d71c" />
      <TestMethod codeBase="C:/_APPLICATION/BCLEX-ABSTRACT/TESTS_/Contoso.Abstract.Hiro.Tests/bin/Debug/Contoso.Abstract.Hiro.Tests.DLL" adapterTypeName="Microsoft.VisualStudio.TestTools.TestTypes.Unit.UnitTestAdapter, Microsoft.VisualStudio.QualityTools.Tips.UnitTest.Adapter, Version=10.0.0.0, Culture=neutral, PublicKeyToken=b03f5f7f11d50a3a" className="Contoso.Abstract.HiroServiceRegistrarIntegrationTests, Contoso.Abstract.Hiro.Tests, Version=1.0.0.0, Culture=neutral, PublicKeyToken=null" name="Register_With_Specified_Type_Should_Return_Same_Type" />
    </UnitTest>
    <UnitTest name="RegisterInstance_Should_Return_Same_Object_For_Same_Type" storage="c:\_application\bclex-abstract\tests_\system.abstract.tests\bin\debug\system.abstract.tests.dll" id="c7eaa871-a500-c7b1-dabf-5305ff7d4812">
      <Execution id="239232fa-d177-4893-a805-07f1ca19cac1" />
      <TestMethod codeBase="C:/_APPLICATION/BCLEX-ABSTRACT/TESTS_/System.Abstract.Tests/bin/Debug/System.Abstract.Tests.DLL" adapterTypeName="Microsoft.VisualStudio.TestTools.TestTypes.Unit.UnitTestAdapter, Microsoft.VisualStudio.QualityTools.Tips.UnitTest.Adapter, Version=10.0.0.0, Culture=neutral, PublicKeyToken=b03f5f7f11d50a3a" className="Contoso.Abstract.MicroServiceRegistrarIntegrationTests, System.Abstract.Tests, Version=1.0.0.0, Culture=neutral, PublicKeyToken=null" name="RegisterInstance_Should_Return_Same_Object_For_Same_Type" />
    </UnitTest>
    <UnitTest name="Register_With_Implementation_Type_Should_Return_Same_Type" storage="c:\_application\bclex-abstract\tests_\contoso.abstract.autofac.tests\bin\debug\contoso.abstract.autofac.tests.dll" id="44526278-0791-8086-11d1-ac4e4585f61d">
      <Execution id="659d66be-7558-45de-aaa9-0ccbfc9571fd" />
      <TestMethod codeBase="C:/_APPLICATION/BCLEX-ABSTRACT/TESTS_/Contoso.Abstract.Autofac.Tests/bin/Debug/Contoso.Abstract.Autofac.Tests.DLL" adapterTypeName="Microsoft.VisualStudio.TestTools.TestTypes.Unit.UnitTestAdapter, Microsoft.VisualStudio.QualityTools.Tips.UnitTest.Adapter, Version=10.0.0.0, Culture=neutral, PublicKeyToken=b03f5f7f11d50a3a" className="Contoso.Abstract.AutofacServiceRegistrarIntegrationTests, Contoso.Abstract.Autofac.Tests, Version=1.0.0.0, Culture=neutral, PublicKeyToken=null" name="Register_With_Implementation_Type_Should_Return_Same_Type" />
    </UnitTest>
    <UnitTest name="Resolve_Should_Return_Valid_Instance" storage="c:\_application\bclex-abstract\tests_\contoso.abstract.hiro.tests\bin\debug\contoso.abstract.hiro.tests.dll" id="f56513c3-be5e-a8db-756c-0af85068a519">
      <Execution id="51aa5f80-9f1d-444e-86c8-f487bff4f923" />
      <TestMethod codeBase="C:/_APPLICATION/BCLEX-ABSTRACT/TESTS_/Contoso.Abstract.Hiro.Tests/bin/Debug/Contoso.Abstract.Hiro.Tests.DLL" adapterTypeName="Microsoft.VisualStudio.TestTools.TestTypes.Unit.UnitTestAdapter, Microsoft.VisualStudio.QualityTools.Tips.UnitTest.Adapter, Version=10.0.0.0, Culture=neutral, PublicKeyToken=b03f5f7f11d50a3a" className="Contoso.Abstract.HiroServiceLocatorIntegrationTests, Contoso.Abstract.Hiro.Tests, Version=1.0.0.0, Culture=neutral, PublicKeyToken=null" name="Resolve_Should_Return_Valid_Instance" />
    </UnitTest>
    <UnitTest name="GenericAndNonGeneric_ResolveAll_Should_Return_Same_Instace_Types" storage="c:\_application\bclex-abstract\tests_\contoso.abstract.castlewindsor.tests\bin\debug\contoso.abstract.castlewindsor.tests.dll" id="0a29f816-64b2-9e25-2453-1344698d9297">
      <Execution id="9d6f91a5-8b51-4840-b075-bdf47ab1e465" />
      <TestMethod codeBase="C:/_APPLICATION/BCLEX-ABSTRACT/TESTS_/Contoso.Abstract.CastleWindsor.Tests/bin/Debug/Contoso.Abstract.CastleWindsor.Tests.DLL" adapterTypeName="Microsoft.VisualStudio.TestTools.TestTypes.Unit.UnitTestAdapter, Microsoft.VisualStudio.QualityTools.Tips.UnitTest.Adapter, Version=10.0.0.0, Culture=neutral, PublicKeyToken=b03f5f7f11d50a3a" className="Contoso.Abstract.CastleWindsorServiceLocatorIntegrationTests, Contoso.Abstract.CastleWindsor.Tests, Version=1.0.0.0, Culture=neutral, PublicKeyToken=null" name="GenericAndNonGeneric_ResolveAll_Should_Return_Same_Instace_Types" />
    </UnitTest>
    <UnitTest name="Ask_For_Unknown_Service_Should_Throw_Exception" storage="c:\_application\bclex-abstract\tests_\contoso.abstract.structuremap.tests\bin\debug\contoso.abstract.structuremap.tests.dll" id="06065ee8-870c-8b0c-e0b4-4557311cff3b">
      <Execution id="6abf9d3c-0e90-45de-87d0-5032ee1d7192" />
      <TestMethod codeBase="C:/_APPLICATION/BCLEX-ABSTRACT/TESTS_/Contoso.Abstract.StructureMap.Tests/bin/Debug/Contoso.Abstract.StructureMap.Tests.DLL" adapterTypeName="Microsoft.VisualStudio.TestTools.TestTypes.Unit.UnitTestAdapter, Microsoft.VisualStudio.QualityTools.Tips.UnitTest.Adapter, Version=10.0.0.0, Culture=neutral, PublicKeyToken=b03f5f7f11d50a3a" className="Contoso.Abstract.StructureMapServiceLocatorIntegrationTests, Contoso.Abstract.StructureMap.Tests, Version=1.0.0.0, Culture=neutral, PublicKeyToken=null" name="Ask_For_Unknown_Service_Should_Throw_Exception" />
    </UnitTest>
    <UnitTest name="Asking_For_UnRegistered_Service_Return_Valid_Instance" storage="c:\_application\bclex-abstract\tests_\contoso.abstract.ninject.tests\bin\debug\contoso.abstract.ninject.tests.dll" id="59fe3b69-b4c1-36fc-aef2-2197ac416812">
      <Execution id="0812291a-eaba-428b-aa08-24e6ed3c7441" />
      <TestMethod codeBase="C:/_APPLICATION/BCLEX-ABSTRACT/TESTS_/Contoso.Abstract.Ninject.Tests/bin/Debug/Contoso.Abstract.Ninject.Tests.DLL" adapterTypeName="Microsoft.VisualStudio.TestTools.TestTypes.Unit.UnitTestAdapter, Microsoft.VisualStudio.QualityTools.Tips.UnitTest.Adapter, Version=10.0.0.0, Culture=neutral, PublicKeyToken=b03f5f7f11d50a3a" className="Contoso.Abstract.NinjectServiceLocatorIntegrationTests, Contoso.Abstract.Ninject.Tests, Version=1.0.0.0, Culture=neutral, PublicKeyToken=null" name="Asking_For_UnRegistered_Service_Return_Valid_Instance" />
    </UnitTest>
    <UnitTest name="Asking_For_UnRegistered_Service_Return_Valid_Instance" storage="c:\_application\bclex-abstract\tests_\system.abstract.tests\bin\debug\system.abstract.tests.dll" id="ff16d665-6fb2-5809-3b00-21874869f3f6">
      <Execution id="15584675-5587-4c8e-9f36-ee38b04d9929" />
      <TestMethod codeBase="C:/_APPLICATION/BCLEX-ABSTRACT/TESTS_/System.Abstract.Tests/bin/Debug/System.Abstract.Tests.DLL" adapterTypeName="Microsoft.VisualStudio.TestTools.TestTypes.Unit.UnitTestAdapter, Microsoft.VisualStudio.QualityTools.Tips.UnitTest.Adapter, Version=10.0.0.0, Culture=neutral, PublicKeyToken=b03f5f7f11d50a3a" className="Contoso.Abstract.MicroServiceLocatorIntegrationTests, System.Abstract.Tests, Version=1.0.0.0, Culture=neutral, PublicKeyToken=null" name="Asking_For_UnRegistered_Service_Return_Valid_Instance" />
    </UnitTest>
    <UnitTest name="Ask_For_Unknown_Service_Should_Throw_Exception" storage="c:\_application\bclex-abstract\tests_\contoso.abstract.unity.tests\bin\debug\contoso.abstract.unity.tests.dll" id="781be08e-a774-1ee3-7bca-6147d389ad76">
      <Execution id="4dc3fa57-8cdb-472e-a4de-1d579abc492a" />
      <TestMethod codeBase="C:/_APPLICATION/BCLEX-ABSTRACT/TESTS_/Contoso.Abstract.Unity.Tests/bin/Debug/Contoso.Abstract.Unity.Tests.DLL" adapterTypeName="Microsoft.VisualStudio.TestTools.TestTypes.Unit.UnitTestAdapter, Microsoft.VisualStudio.QualityTools.Tips.UnitTest.Adapter, Version=10.0.0.0, Culture=neutral, PublicKeyToken=b03f5f7f11d50a3a" className="Contoso.Abstract.UnityServiceLocatorIntegrationTests, Contoso.Abstract.Unity.Tests, Version=1.0.0.0, Culture=neutral, PublicKeyToken=null" name="Ask_For_Unknown_Service_Should_Throw_Exception" />
    </UnitTest>
    <UnitTest name="RegisterInstance_Should_Return_Same_Object_For_Same_Type" storage="c:\_application\bclex-abstract\tests_\contoso.abstract.ninject.tests\bin\debug\contoso.abstract.ninject.tests.dll" id="bddaf539-a3c8-dc5d-6940-1a146b859794">
      <Execution id="cf35fff4-afca-4ab7-af53-2db9819afd7a" />
      <TestMethod codeBase="C:/_APPLICATION/BCLEX-ABSTRACT/TESTS_/Contoso.Abstract.Ninject.Tests/bin/Debug/Contoso.Abstract.Ninject.Tests.DLL" adapterTypeName="Microsoft.VisualStudio.TestTools.TestTypes.Unit.UnitTestAdapter, Microsoft.VisualStudio.QualityTools.Tips.UnitTest.Adapter, Version=10.0.0.0, Culture=neutral, PublicKeyToken=b03f5f7f11d50a3a" className="Contoso.Abstract.NinjectServiceRegistrarIntegrationTests, Contoso.Abstract.Ninject.Tests, Version=1.0.0.0, Culture=neutral, PublicKeyToken=null" name="RegisterInstance_Should_Return_Same_Object_For_Same_Type" />
    </UnitTest>
    <UnitTest name="CreateMessage_Should_Return_Valid_Instance" storage="c:\_application\bclex-abstract\tests_\system.abstract.tests\bin\debug\system.abstract.tests.dll" id="c284b2e7-d84a-9b0a-75bd-800aa0ea1627">
      <Execution id="95874abd-b814-4c18-b098-193820604a86" />
      <TestMethod codeBase="C:/_APPLICATION/BCLEX-ABSTRACT/TESTS_/System.Abstract.Tests/bin/Debug/System.Abstract.Tests.DLL" adapterTypeName="Microsoft.VisualStudio.TestTools.TestTypes.Unit.UnitTestAdapter, Microsoft.VisualStudio.QualityTools.Tips.UnitTest.Adapter, Version=10.0.0.0, Culture=neutral, PublicKeyToken=b03f5f7f11d50a3a" className="Contoso.Abstract.EventSourcing.MemoryEventStoreIntegrationTests, System.Abstract.Tests, Version=1.0.0.0, Culture=neutral, PublicKeyToken=null" name="CreateMessage_Should_Return_Valid_Instance" />
    </UnitTest>
    <UnitTest name="GenericAndNonGeneric_Resolve_Method_Should_Return_Same_Instance_Type" storage="c:\_application\bclex-abstract\tests_\system.abstract.tests\bin\debug\system.abstract.tests.dll" id="536c201c-e6b6-e435-9226-92de53d8bb9b">
      <Execution id="02cb4628-3c02-436e-b990-ec4263a1059f" />
      <TestMethod codeBase="C:/_APPLICATION/BCLEX-ABSTRACT/TESTS_/System.Abstract.Tests/bin/Debug/System.Abstract.Tests.DLL" adapterTypeName="Microsoft.VisualStudio.TestTools.TestTypes.Unit.UnitTestAdapter, Microsoft.VisualStudio.QualityTools.Tips.UnitTest.Adapter, Version=10.0.0.0, Culture=neutral, PublicKeyToken=b03f5f7f11d50a3a" className="Contoso.Abstract.MicroServiceLocatorIntegrationTests, System.Abstract.Tests, Version=1.0.0.0, Culture=neutral, PublicKeyToken=null" name="GenericAndNonGeneric_Resolve_Method_Should_Return_Same_Instance_Type" />
    </UnitTest>
    <UnitTest name="GenericAndNonGeneric_ResolveAll_Should_Return_Same_Instace_Types" storage="c:\_application\bclex-abstract\tests_\system.abstract.tests\bin\debug\system.abstract.tests.dll" id="20a82d86-eec0-e197-b088-87340af3fc9f">
      <Execution id="654ca2a8-2b3d-4e97-971d-f62e38d2af3e" />
      <TestMethod codeBase="C:/_APPLICATION/BCLEX-ABSTRACT/TESTS_/System.Abstract.Tests/bin/Debug/System.Abstract.Tests.DLL" adapterTypeName="Microsoft.VisualStudio.TestTools.TestTypes.Unit.UnitTestAdapter, Microsoft.VisualStudio.QualityTools.Tips.UnitTest.Adapter, Version=10.0.0.0, Culture=neutral, PublicKeyToken=b03f5f7f11d50a3a" className="Contoso.Abstract.MicroServiceLocatorIntegrationTests, System.Abstract.Tests, Version=1.0.0.0, Culture=neutral, PublicKeyToken=null" name="GenericAndNonGeneric_ResolveAll_Should_Return_Same_Instace_Types" />
    </UnitTest>
    <UnitTest name="RegisterInstance_Generic_Should_Return_Same_Object" storage="c:\_application\bclex-abstract\tests_\contoso.abstract.unity.tests\bin\debug\contoso.abstract.unity.tests.dll" id="a6f7a45a-262b-14c5-063a-361adcaad309">
      <Execution id="e3401a20-e2d3-49f9-92df-edfccff8a599" />
      <TestMethod codeBase="C:/_APPLICATION/BCLEX-ABSTRACT/TESTS_/Contoso.Abstract.Unity.Tests/bin/Debug/Contoso.Abstract.Unity.Tests.DLL" adapterTypeName="Microsoft.VisualStudio.TestTools.TestTypes.Unit.UnitTestAdapter, Microsoft.VisualStudio.QualityTools.Tips.UnitTest.Adapter, Version=10.0.0.0, Culture=neutral, PublicKeyToken=b03f5f7f11d50a3a" className="Contoso.Abstract.UnityServiceRegistrarIntegrationTests, Contoso.Abstract.Unity.Tests, Version=1.0.0.0, Culture=neutral, PublicKeyToken=null" name="RegisterInstance_Generic_Should_Return_Same_Object" />
    </UnitTest>
    <UnitTest name="NonGeneric_Ask_For_Unknown_Service_Should_Throw_Exception" storage="c:\_application\bclex-abstract\tests_\contoso.abstract.unity.tests\bin\debug\contoso.abstract.unity.tests.dll" id="cb74064c-6dcf-3c22-a032-db937e56ba2f">
      <Execution id="03d372a1-f201-4679-8467-45b0e36c3654" />
      <TestMethod codeBase="C:/_APPLICATION/BCLEX-ABSTRACT/TESTS_/Contoso.Abstract.Unity.Tests/bin/Debug/Contoso.Abstract.Unity.Tests.DLL" adapterTypeName="Microsoft.VisualStudio.TestTools.TestTypes.Unit.UnitTestAdapter, Microsoft.VisualStudio.QualityTools.Tips.UnitTest.Adapter, Version=10.0.0.0, Culture=neutral, PublicKeyToken=b03f5f7f11d50a3a" className="Contoso.Abstract.UnityServiceLocatorIntegrationTests, Contoso.Abstract.Unity.Tests, Version=1.0.0.0, Culture=neutral, PublicKeyToken=null" name="NonGeneric_Ask_For_Unknown_Service_Should_Throw_Exception" />
    </UnitTest>
    <UnitTest name="DeploymentEnvironment_ToShortName_Return_ProperValues" storage="c:\_application\bclex-abstract\tests_\system.abstract.tests\bin\debug\system.abstract.tests.dll" id="9eff89b9-79d9-18d2-7891-75fc7f852a49">
      <Execution id="e8da285c-413f-49f8-8818-388bb65f33e6" />
      <TestMethod codeBase="C:/_APPLICATION/BCLEX-ABSTRACT/TESTS_/System.Abstract.Tests/bin/Debug/System.Abstract.Tests.DLL" adapterTypeName="Microsoft.VisualStudio.TestTools.TestTypes.Unit.UnitTestAdapter, Microsoft.VisualStudio.QualityTools.Tips.UnitTest.Adapter, Version=10.0.0.0, Culture=neutral, PublicKeyToken=b03f5f7f11d50a3a" className="System.Patterns.ReleaseManagement.ReleaseManagementExtensionsTests, System.Abstract.Tests, Version=1.0.0.0, Culture=neutral, PublicKeyToken=null" name="DeploymentEnvironment_ToShortName_Return_ProperValues" />
    </UnitTest>
    <UnitTest name="DeploymentEnvironment_IsExternalDeployment_Return_ProperValues" storage="c:\_application\bclex-abstract\tests_\system.abstract.tests\bin\debug\system.abstract.tests.dll" id="76ccad3b-715a-ed78-1375-68232aec7e19">
      <Execution id="43a82250-8546-4f28-a0ba-97fbd815f487" />
      <TestMethod codeBase="C:/_APPLICATION/BCLEX-ABSTRACT/TESTS_/System.Abstract.Tests/bin/Debug/System.Abstract.Tests.DLL" adapterTypeName="Microsoft.VisualStudio.TestTools.TestTypes.Unit.UnitTestAdapter, Microsoft.VisualStudio.QualityTools.Tips.UnitTest.Adapter, Version=10.0.0.0, Culture=neutral, PublicKeyToken=b03f5f7f11d50a3a" className="System.Patterns.ReleaseManagement.ReleaseManagementExtensionsTests, System.Abstract.Tests, Version=1.0.0.0, Culture=neutral, PublicKeyToken=null" name="DeploymentEnvironment_IsExternalDeployment_Return_ProperValues" />
    </UnitTest>
    <UnitTest name="Prepend_Should_Be_Called" storage="c:\_application\bclex-abstract\tests_\contoso.abstract.memcached.tests\bin\debug\contoso.abstract.memcached.tests.dll" id="d25c0416-8dab-65b8-5b9a-f02e9e1a36d0">
      <Execution id="de3d8ade-f634-44ee-aeb6-892444d57c33" />
      <TestMethod codeBase="C:/_APPLICATION/BCLEX-ABSTRACT/TESTS_/Contoso.Abstract.Memcached.Tests/bin/Debug/Contoso.Abstract.Memcached.Tests.DLL" adapterTypeName="Microsoft.VisualStudio.TestTools.TestTypes.Unit.UnitTestAdapter, Microsoft.VisualStudio.QualityTools.Tips.UnitTest.Adapter, Version=10.0.0.0, Culture=neutral, PublicKeyToken=b03f5f7f11d50a3a" className="Contoso.Abstract.DispatcherTests, Contoso.Abstract.Memcached.Tests, Version=1.0.0.0, Culture=neutral, PublicKeyToken=null" name="Prepend_Should_Be_Called" />
    </UnitTest>
    <UnitTest name="Register_With_Specified_Service_Should_Return_Same_Type" storage="c:\_application\bclex-abstract\tests_\contoso.abstract.structuremap.tests\bin\debug\contoso.abstract.structuremap.tests.dll" id="e7cb3223-d790-7d2d-a904-c32a7d8256fe">
      <Execution id="91f77550-ddda-4fdf-9e32-9332f9bdb016" />
      <TestMethod codeBase="C:/_APPLICATION/BCLEX-ABSTRACT/TESTS_/Contoso.Abstract.StructureMap.Tests/bin/Debug/Contoso.Abstract.StructureMap.Tests.DLL" adapterTypeName="Microsoft.VisualStudio.TestTools.TestTypes.Unit.UnitTestAdapter, Microsoft.VisualStudio.QualityTools.Tips.UnitTest.Adapter, Version=10.0.0.0, Culture=neutral, PublicKeyToken=b03f5f7f11d50a3a" className="Contoso.Abstract.StructureMapServiceRegistrarIntegrationTests, Contoso.Abstract.StructureMap.Tests, Version=1.0.0.0, Culture=neutral, PublicKeyToken=null" name="Register_With_Specified_Service_Should_Return_Same_Type" />
    </UnitTest>
    <UnitTest name="Register_With_Specified_Type_Should_Return_Same_Type" storage="c:\_application\bclex-abstract\tests_\contoso.abstract.unity.tests\bin\debug\contoso.abstract.unity.tests.dll" id="d6960729-ce5b-6ddd-fe43-3ca7d70e8e7b">
      <Execution id="e54cbb09-3bc3-499d-a4b1-ce2226488521" />
      <TestMethod codeBase="C:/_APPLICATION/BCLEX-ABSTRACT/TESTS_/Contoso.Abstract.Unity.Tests/bin/Debug/Contoso.Abstract.Unity.Tests.DLL" adapterTypeName="Microsoft.VisualStudio.TestTools.TestTypes.Unit.UnitTestAdapter, Microsoft.VisualStudio.QualityTools.Tips.UnitTest.Adapter, Version=10.0.0.0, Culture=neutral, PublicKeyToken=b03f5f7f11d50a3a" className="Contoso.Abstract.UnityServiceRegistrarIntegrationTests, Contoso.Abstract.Unity.Tests, Version=1.0.0.0, Culture=neutral, PublicKeyToken=null" name="Register_With_Specified_Type_Should_Return_Same_Type" />
    </UnitTest>
    <UnitTest name="GenericAndNonGeneric_Resolve_Method_Should_Return_Same_Instance_Type" storage="c:\_application\bclex-abstract\tests_\contoso.abstract.castlewindsor.tests\bin\debug\contoso.abstract.castlewindsor.tests.dll" id="7ca8b40e-c9cb-c0f8-637e-5a79cf8517b6">
      <Execution id="fed998f4-58a6-4a1b-b4b7-e35d1c768854" />
      <TestMethod codeBase="C:/_APPLICATION/BCLEX-ABSTRACT/TESTS_/Contoso.Abstract.CastleWindsor.Tests/bin/Debug/Contoso.Abstract.CastleWindsor.Tests.DLL" adapterTypeName="Microsoft.VisualStudio.TestTools.TestTypes.Unit.UnitTestAdapter, Microsoft.VisualStudio.QualityTools.Tips.UnitTest.Adapter, Version=10.0.0.0, Culture=neutral, PublicKeyToken=b03f5f7f11d50a3a" className="Contoso.Abstract.CastleWindsorServiceLocatorIntegrationTests, Contoso.Abstract.CastleWindsor.Tests, Version=1.0.0.0, Culture=neutral, PublicKeyToken=null" name="GenericAndNonGeneric_Resolve_Method_Should_Return_Same_Instance_Type" />
    </UnitTest>
    <UnitTest name="Register_With_FactoryMethod_Should_Return_Result_From_Factory" storage="c:\_application\bclex-abstract\tests_\contoso.abstract.ninject.tests\bin\debug\contoso.abstract.ninject.tests.dll" id="293cf601-f847-b9fb-e53f-ec05141aee16">
      <Execution id="94951a51-c659-4a05-b011-8a22796729cc" />
      <TestMethod codeBase="C:/_APPLICATION/BCLEX-ABSTRACT/TESTS_/Contoso.Abstract.Ninject.Tests/bin/Debug/Contoso.Abstract.Ninject.Tests.DLL" adapterTypeName="Microsoft.VisualStudio.TestTools.TestTypes.Unit.UnitTestAdapter, Microsoft.VisualStudio.QualityTools.Tips.UnitTest.Adapter, Version=10.0.0.0, Culture=neutral, PublicKeyToken=b03f5f7f11d50a3a" className="Contoso.Abstract.NinjectServiceRegistrarIntegrationTests, Contoso.Abstract.Ninject.Tests, Version=1.0.0.0, Culture=neutral, PublicKeyToken=null" name="Register_With_FactoryMethod_Should_Return_Result_From_Factory" />
    </UnitTest>
    <UnitTest name="Ask_For_Named_Instance" storage="c:\_application\bclex-abstract\tests_\contoso.abstract.castlewindsor.tests\bin\debug\contoso.abstract.castlewindsor.tests.dll" id="0f2843ec-10c3-2b52-6303-8c775ce4e7f2">
      <Execution id="18d5ae3b-51ff-4824-8a13-801685c0ba05" />
      <TestMethod codeBase="C:/_APPLICATION/BCLEX-ABSTRACT/TESTS_/Contoso.Abstract.CastleWindsor.Tests/bin/Debug/Contoso.Abstract.CastleWindsor.Tests.DLL" adapterTypeName="Microsoft.VisualStudio.TestTools.TestTypes.Unit.UnitTestAdapter, Microsoft.VisualStudio.QualityTools.Tips.UnitTest.Adapter, Version=10.0.0.0, Culture=neutral, PublicKeyToken=b03f5f7f11d50a3a" className="Contoso.Abstract.CastleWindsorServiceLocatorIntegrationTests, Contoso.Abstract.CastleWindsor.Tests, Version=1.0.0.0, Culture=neutral, PublicKeyToken=null" name="Ask_For_Named_Instance" />
    </UnitTest>
    <UnitTest name="Cas_Should_Be_Called" storage="c:\_application\bclex-abstract\tests_\contoso.abstract.memcached.tests\bin\debug\contoso.abstract.memcached.tests.dll" id="48df8bc5-b528-4f0e-fd72-592d2e06db16">
      <Execution id="7e4dc7ce-56a2-43b5-84cc-cce1d4ce7276" />
      <TestMethod codeBase="C:/_APPLICATION/BCLEX-ABSTRACT/TESTS_/Contoso.Abstract.Memcached.Tests/bin/Debug/Contoso.Abstract.Memcached.Tests.DLL" adapterTypeName="Microsoft.VisualStudio.TestTools.TestTypes.Unit.UnitTestAdapter, Microsoft.VisualStudio.QualityTools.Tips.UnitTest.Adapter, Version=10.0.0.0, Culture=neutral, PublicKeyToken=b03f5f7f11d50a3a" className="Contoso.Abstract.DispatcherTests, Contoso.Abstract.Memcached.Tests, Version=1.0.0.0, Culture=neutral, PublicKeyToken=null" name="Cas_Should_Be_Called" />
    </UnitTest>
    <UnitTest name="Register_With_Implementation_Type_Should_Return_Same_Type" storage="c:\_application\bclex-abstract\tests_\contoso.abstract.ninject.tests\bin\debug\contoso.abstract.ninject.tests.dll" id="542a454a-0ab5-a983-62ea-252993b92009">
      <Execution id="4221b2a7-81c3-487d-a529-14f06336d8a4" />
      <TestMethod codeBase="C:/_APPLICATION/BCLEX-ABSTRACT/TESTS_/Contoso.Abstract.Ninject.Tests/bin/Debug/Contoso.Abstract.Ninject.Tests.DLL" adapterTypeName="Microsoft.VisualStudio.TestTools.TestTypes.Unit.UnitTestAdapter, Microsoft.VisualStudio.QualityTools.Tips.UnitTest.Adapter, Version=10.0.0.0, Culture=neutral, PublicKeyToken=b03f5f7f11d50a3a" className="Contoso.Abstract.NinjectServiceRegistrarIntegrationTests, Contoso.Abstract.Ninject.Tests, Version=1.0.0.0, Culture=neutral, PublicKeyToken=null" name="Register_With_Implementation_Type_Should_Return_Same_Type" />
    </UnitTest>
    <UnitTest name="ResolveAll_Should_Return_All_Registered_Named_Services" storage="c:\_application\bclex-abstract\tests_\contoso.abstract.autofac.tests\bin\debug\contoso.abstract.autofac.tests.dll" id="ee072aff-cc9a-0c1a-1979-e4de379dc2e1">
      <Execution id="451d91dc-a647-4606-b34d-1ee95660c60d" />
      <TestMethod codeBase="C:/_APPLICATION/BCLEX-ABSTRACT/TESTS_/Contoso.Abstract.Autofac.Tests/bin/Debug/Contoso.Abstract.Autofac.Tests.DLL" adapterTypeName="Microsoft.VisualStudio.TestTools.TestTypes.Unit.UnitTestAdapter, Microsoft.VisualStudio.QualityTools.Tips.UnitTest.Adapter, Version=10.0.0.0, Culture=neutral, PublicKeyToken=b03f5f7f11d50a3a" className="Contoso.Abstract.AutofacServiceLocatorIntegrationTests, Contoso.Abstract.Autofac.Tests, Version=1.0.0.0, Culture=neutral, PublicKeyToken=null" name="ResolveAll_Should_Return_All_Registered_Named_Services" />
    </UnitTest>
    <UnitTest name="ResolveAll_Should_Return_All_Registered_UnNamed_Services" storage="c:\_application\bclex-abstract\tests_\contoso.abstract.hiro.tests\bin\debug\contoso.abstract.hiro.tests.dll" id="53b02da7-186a-d786-d643-3683d5d403af">
      <Execution id="e542cd1c-4055-4448-bf74-6c0995c992fe" />
      <TestMethod codeBase="C:/_APPLICATION/BCLEX-ABSTRACT/TESTS_/Contoso.Abstract.Hiro.Tests/bin/Debug/Contoso.Abstract.Hiro.Tests.DLL" adapterTypeName="Microsoft.VisualStudio.TestTools.TestTypes.Unit.UnitTestAdapter, Microsoft.VisualStudio.QualityTools.Tips.UnitTest.Adapter, Version=10.0.0.0, Culture=neutral, PublicKeyToken=b03f5f7f11d50a3a" className="Contoso.Abstract.HiroServiceLocatorIntegrationTests, Contoso.Abstract.Hiro.Tests, Version=1.0.0.0, Culture=neutral, PublicKeyToken=null" name="ResolveAll_Should_Return_All_Registered_UnNamed_Services" />
    </UnitTest>
    <UnitTest name="NonGeneric_Ask_For_Unknown_Service_Should_Throw_Exception" storage="c:\_application\bclex-abstract\tests_\contoso.abstract.castlewindsor.tests\bin\debug\contoso.abstract.castlewindsor.tests.dll" id="ecccad62-35bd-89d6-2071-f38105a561db">
      <Execution id="1ff2d8a7-0372-4c88-b741-63df50c8d0ad" />
      <TestMethod codeBase="C:/_APPLICATION/BCLEX-ABSTRACT/TESTS_/Contoso.Abstract.CastleWindsor.Tests/bin/Debug/Contoso.Abstract.CastleWindsor.Tests.DLL" adapterTypeName="Microsoft.VisualStudio.TestTools.TestTypes.Unit.UnitTestAdapter, Microsoft.VisualStudio.QualityTools.Tips.UnitTest.Adapter, Version=10.0.0.0, Culture=neutral, PublicKeyToken=b03f5f7f11d50a3a" className="Contoso.Abstract.CastleWindsorServiceLocatorIntegrationTests, Contoso.Abstract.CastleWindsor.Tests, Version=1.0.0.0, Culture=neutral, PublicKeyToken=null" name="NonGeneric_Ask_For_Unknown_Service_Should_Throw_Exception" />
    </UnitTest>
    <UnitTest name="GetServiceLocatorGeneric_Returns_Generic" storage="c:\_application\bclex-abstract\tests_\system.abstract.tests\bin\debug\system.abstract.tests.dll" id="772a6c6c-c23c-d285-5d0f-0c10a9ff72b5">
      <Execution id="76d1b5c7-36a8-4773-8ce3-c82360878c18" />
      <TestMethod codeBase="C:/_APPLICATION/BCLEX-ABSTRACT/TESTS_/System.Abstract.Tests/bin/Debug/System.Abstract.Tests.DLL" adapterTypeName="Microsoft.VisualStudio.TestTools.TestTypes.Unit.UnitTestAdapter, Microsoft.VisualStudio.QualityTools.Tips.UnitTest.Adapter, Version=10.0.0.0, Culture=neutral, PublicKeyToken=b03f5f7f11d50a3a" className="System.Abstract.IServiceLocatorExtensionsTests, System.Abstract.Tests, Version=1.0.0.0, Culture=neutral, PublicKeyToken=null" name="GetServiceLocatorGeneric_Returns_Generic" />
    </UnitTest>
    <UnitTest name="Asking_For_Invalid_Service_Should_Raise_Exception" storage="c:\_application\bclex-abstract\tests_\contoso.abstract.ninject.tests\bin\debug\contoso.abstract.ninject.tests.dll" id="70cd5c46-59b3-2308-482a-6ecbce1c753e">
      <Execution id="ea21fa11-193d-42d6-80db-144ef16e5389" />
      <TestMethod codeBase="C:/_APPLICATION/BCLEX-ABSTRACT/TESTS_/Contoso.Abstract.Ninject.Tests/bin/Debug/Contoso.Abstract.Ninject.Tests.DLL" adapterTypeName="Microsoft.VisualStudio.TestTools.TestTypes.Unit.UnitTestAdapter, Microsoft.VisualStudio.QualityTools.Tips.UnitTest.Adapter, Version=10.0.0.0, Culture=neutral, PublicKeyToken=b03f5f7f11d50a3a" className="Contoso.Abstract.NinjectServiceLocatorIntegrationTests, Contoso.Abstract.Ninject.Tests, Version=1.0.0.0, Culture=neutral, PublicKeyToken=null" name="Asking_For_Invalid_Service_Should_Raise_Exception" />
    </UnitTest>
    <UnitTest name="DeploymentEnvironment_ToCode_Return_ProperValues" storage="c:\_application\bclex-abstract\tests_\system.abstract.tests\bin\debug\system.abstract.tests.dll" id="25bfe464-974f-81d8-12e6-d1a3c01eb8e4">
      <Execution id="b63708d9-1536-47df-92e7-eaf274d9cf5b" />
      <TestMethod codeBase="C:/_APPLICATION/BCLEX-ABSTRACT/TESTS_/System.Abstract.Tests/bin/Debug/System.Abstract.Tests.DLL" adapterTypeName="Microsoft.VisualStudio.TestTools.TestTypes.Unit.UnitTestAdapter, Microsoft.VisualStudio.QualityTools.Tips.UnitTest.Adapter, Version=10.0.0.0, Culture=neutral, PublicKeyToken=b03f5f7f11d50a3a" className="System.Patterns.ReleaseManagement.ReleaseManagementExtensionsTests, System.Abstract.Tests, Version=1.0.0.0, Culture=neutral, PublicKeyToken=null" name="DeploymentEnvironment_ToCode_Return_ProperValues" />
    </UnitTest>
    <UnitTest name="Resolve_Should_Return_Valid_Instance" storage="c:\_application\bclex-abstract\tests_\contoso.abstract.ninject.tests\bin\debug\contoso.abstract.ninject.tests.dll" id="67a46659-cdb9-182b-0b3d-7521c26f3047">
      <Execution id="81d57c90-616e-4714-8c8e-75625fae9898" />
      <TestMethod codeBase="C:/_APPLICATION/BCLEX-ABSTRACT/TESTS_/Contoso.Abstract.Ninject.Tests/bin/Debug/Contoso.Abstract.Ninject.Tests.DLL" adapterTypeName="Microsoft.VisualStudio.TestTools.TestTypes.Unit.UnitTestAdapter, Microsoft.VisualStudio.QualityTools.Tips.UnitTest.Adapter, Version=10.0.0.0, Culture=neutral, PublicKeyToken=b03f5f7f11d50a3a" className="Contoso.Abstract.NinjectServiceLocatorIntegrationTests, Contoso.Abstract.Ninject.Tests, Version=1.0.0.0, Culture=neutral, PublicKeyToken=null" name="Resolve_Should_Return_Valid_Instance" />
    </UnitTest>
    <UnitTest name="ResolveAll_Should_Return_All_Registered_Named_Services" storage="c:\_application\bclex-abstract\tests_\contoso.abstract.unity.tests\bin\debug\contoso.abstract.unity.tests.dll" id="8a7cfd5d-741c-35bc-fede-3f116a72dcc9">
      <Execution id="98173fa0-7a57-46dd-a435-5302fdd3d1ea" />
      <TestMethod codeBase="C:/_APPLICATION/BCLEX-ABSTRACT/TESTS_/Contoso.Abstract.Unity.Tests/bin/Debug/Contoso.Abstract.Unity.Tests.DLL" adapterTypeName="Microsoft.VisualStudio.TestTools.TestTypes.Unit.UnitTestAdapter, Microsoft.VisualStudio.QualityTools.Tips.UnitTest.Adapter, Version=10.0.0.0, Culture=neutral, PublicKeyToken=b03f5f7f11d50a3a" className="Contoso.Abstract.UnityServiceLocatorIntegrationTests, Contoso.Abstract.Unity.Tests, Version=1.0.0.0, Culture=neutral, PublicKeyToken=null" name="ResolveAll_Should_Return_All_Registered_Named_Services" />
    </UnitTest>
    <UnitTest name="Resolve_Should_Return_Valid_Instance" storage="c:\_application\bclex-abstract\tests_\system.abstract.tests\bin\debug\system.abstract.tests.dll" id="89c74e18-c992-b859-137d-0c7e439ca23f">
      <Execution id="f40f4bf8-1d6d-4bee-bdb0-87d6870af7a7" />
      <TestMethod codeBase="C:/_APPLICATION/BCLEX-ABSTRACT/TESTS_/System.Abstract.Tests/bin/Debug/System.Abstract.Tests.DLL" adapterTypeName="Microsoft.VisualStudio.TestTools.TestTypes.Unit.UnitTestAdapter, Microsoft.VisualStudio.QualityTools.Tips.UnitTest.Adapter, Version=10.0.0.0, Culture=neutral, PublicKeyToken=b03f5f7f11d50a3a" className="Contoso.Abstract.MicroServiceLocatorIntegrationTests, System.Abstract.Tests, Version=1.0.0.0, Culture=neutral, PublicKeyToken=null" name="Resolve_Should_Return_Valid_Instance" />
    </UnitTest>
    <UnitTest name="GetRegistrationsFor" storage="c:\_application\bclex-abstract\tests_\contoso.abstract.ninject.tests\bin\debug\contoso.abstract.ninject.tests.dll" id="2f994507-1465-2bc2-c7b7-42c146d44ce1">
      <Execution id="19f78f0e-03b3-499e-a0c5-85c93e0746d7" />
      <TestMethod codeBase="C:/_APPLICATION/BCLEX-ABSTRACT/TESTS_/Contoso.Abstract.Ninject.Tests/bin/Debug/Contoso.Abstract.Ninject.Tests.DLL" adapterTypeName="Microsoft.VisualStudio.TestTools.TestTypes.Unit.UnitTestAdapter, Microsoft.VisualStudio.QualityTools.Tips.UnitTest.Adapter, Version=10.0.0.0, Culture=neutral, PublicKeyToken=b03f5f7f11d50a3a" className="Contoso.Abstract.NinjectServiceRegistrarIntegrationTests, Contoso.Abstract.Ninject.Tests, Version=1.0.0.0, Culture=neutral, PublicKeyToken=null" name="GetRegistrationsFor" />
    </UnitTest>
    <UnitTest name="Register_With_Specified_Service_And_Type_Should_Return_Same_Type" storage="c:\_application\bclex-abstract\tests_\contoso.abstract.castlewindsor.tests\bin\debug\contoso.abstract.castlewindsor.tests.dll" id="1a988225-5a2c-1e6c-bc44-18f6d77c9cc9">
      <Execution id="a4a874b3-80b2-4b3b-940c-14f256eedbe3" />
      <TestMethod codeBase="C:/_APPLICATION/BCLEX-ABSTRACT/TESTS_/Contoso.Abstract.CastleWindsor.Tests/bin/Debug/Contoso.Abstract.CastleWindsor.Tests.DLL" adapterTypeName="Microsoft.VisualStudio.TestTools.TestTypes.Unit.UnitTestAdapter, Microsoft.VisualStudio.QualityTools.Tips.UnitTest.Adapter, Version=10.0.0.0, Culture=neutral, PublicKeyToken=b03f5f7f11d50a3a" className="Contoso.Abstract.CastleWindsorServiceRegistrarIntegrationTests, Contoso.Abstract.CastleWindsor.Tests, Version=1.0.0.0, Culture=neutral, PublicKeyToken=null" name="Register_With_Specified_Service_And_Type_Should_Return_Same_Type" />
    </UnitTest>
    <UnitTest name="CreateMessage_Should_Return_Valid_Instance" storage="c:\_application\bclex-abstract\tests_\system.abstract.tests\bin\debug\system.abstract.tests.dll" id="5d102ff3-dd29-3c73-5cdf-b7606f103504">
      <Execution id="bae4e2f8-c8c4-4020-92aa-8b603662eaa8" />
      <TestMethod codeBase="C:/_APPLICATION/BCLEX-ABSTRACT/TESTS_/System.Abstract.Tests/bin/Debug/System.Abstract.Tests.DLL" adapterTypeName="Microsoft.VisualStudio.TestTools.TestTypes.Unit.UnitTestAdapter, Microsoft.VisualStudio.QualityTools.Tips.UnitTest.Adapter, Version=10.0.0.0, Culture=neutral, PublicKeyToken=b03f5f7f11d50a3a" className="Contoso.Abstract.EventSourcing.MemoryAggregateRootSnapshotStoreIntegrationTests, System.Abstract.Tests, Version=1.0.0.0, Culture=neutral, PublicKeyToken=null" name="CreateMessage_Should_Return_Valid_Instance" />
    </UnitTest>
    <UnitTest name="GetRegistrationsFor" storage="c:\_application\bclex-abstract\tests_\system.abstract.tests\bin\debug\system.abstract.tests.dll" id="e76f8fb0-2af9-acd9-48cd-2502c67103b9">
      <Execution id="b9fd7cd2-2ad0-429d-ad78-52961ca307b3" />
      <TestMethod codeBase="C:/_APPLICATION/BCLEX-ABSTRACT/TESTS_/System.Abstract.Tests/bin/Debug/System.Abstract.Tests.DLL" adapterTypeName="Microsoft.VisualStudio.TestTools.TestTypes.Unit.UnitTestAdapter, Microsoft.VisualStudio.QualityTools.Tips.UnitTest.Adapter, Version=10.0.0.0, Culture=neutral, PublicKeyToken=b03f5f7f11d50a3a" className="Contoso.Abstract.MicroServiceRegistrarIntegrationTests, System.Abstract.Tests, Version=1.0.0.0, Culture=neutral, PublicKeyToken=null" name="GetRegistrationsFor" />
    </UnitTest>
    <UnitTest name="Ask_For_Named_Instance" storage="c:\_application\bclex-abstract\tests_\contoso.abstract.autofac.tests\bin\debug\contoso.abstract.autofac.tests.dll" id="80acecc1-5462-bcca-9edb-f5880ca645a8">
      <Execution id="702326e2-1836-45fe-b8b7-8de9dfd77074" />
      <TestMethod codeBase="C:/_APPLICATION/BCLEX-ABSTRACT/TESTS_/Contoso.Abstract.Autofac.Tests/bin/Debug/Contoso.Abstract.Autofac.Tests.DLL" adapterTypeName="Microsoft.VisualStudio.TestTools.TestTypes.Unit.UnitTestAdapter, Microsoft.VisualStudio.QualityTools.Tips.UnitTest.Adapter, Version=10.0.0.0, Culture=neutral, PublicKeyToken=b03f5f7f11d50a3a" className="Contoso.Abstract.AutofacServiceLocatorIntegrationTests, Contoso.Abstract.Autofac.Tests, Version=1.0.0.0, Culture=neutral, PublicKeyToken=null" name="Ask_For_Named_Instance" />
    </UnitTest>
    <UnitTest name="NonGeneric_Asking_For_Invalid_Service_Should_Raise_Exception" storage="c:\_application\bclex-abstract\tests_\contoso.abstract.hiro.tests\bin\debug\contoso.abstract.hiro.tests.dll" id="60defe10-a6b1-bf18-bec3-c5f52835fcd4">
      <Execution id="d3f138b7-5c33-47b4-83b4-b03728e6cfe8" />
      <TestMethod codeBase="C:/_APPLICATION/BCLEX-ABSTRACT/TESTS_/Contoso.Abstract.Hiro.Tests/bin/Debug/Contoso.Abstract.Hiro.Tests.DLL" adapterTypeName="Microsoft.VisualStudio.TestTools.TestTypes.Unit.UnitTestAdapter, Microsoft.VisualStudio.QualityTools.Tips.UnitTest.Adapter, Version=10.0.0.0, Culture=neutral, PublicKeyToken=b03f5f7f11d50a3a" className="Contoso.Abstract.HiroServiceLocatorIntegrationTests, Contoso.Abstract.Hiro.Tests, Version=1.0.0.0, Culture=neutral, PublicKeyToken=null" name="NonGeneric_Asking_For_Invalid_Service_Should_Raise_Exception" />
    </UnitTest>
    <UnitTest name="Register_With_Keyed_Type_Should_Return_Same_Type" storage="c:\_application\bclex-abstract\tests_\contoso.abstract.hiro.tests\bin\debug\contoso.abstract.hiro.tests.dll" id="d161f377-6676-5aa8-8ebf-4add232b1d82">
      <Execution id="6cd1fd6d-8b57-439d-95fb-ce6238e26b0c" />
      <TestMethod codeBase="C:/_APPLICATION/BCLEX-ABSTRACT/TESTS_/Contoso.Abstract.Hiro.Tests/bin/Debug/Contoso.Abstract.Hiro.Tests.DLL" adapterTypeName="Microsoft.VisualStudio.TestTools.TestTypes.Unit.UnitTestAdapter, Microsoft.VisualStudio.QualityTools.Tips.UnitTest.Adapter, Version=10.0.0.0, Culture=neutral, PublicKeyToken=b03f5f7f11d50a3a" className="Contoso.Abstract.HiroServiceRegistrarIntegrationTests, Contoso.Abstract.Hiro.Tests, Version=1.0.0.0, Culture=neutral, PublicKeyToken=null" name="Register_With_Keyed_Type_Should_Return_Same_Type" />
    </UnitTest>
    <UnitTest name="RegisterInstance_Should_Return_Same_Object" storage="c:\_application\bclex-abstract\tests_\contoso.abstract.unity.tests\bin\debug\contoso.abstract.unity.tests.dll" id="46b16383-e346-cefa-eda4-674491a4bbcc">
      <Execution id="dee3cf43-67cb-4c21-aeef-d395e5c5813f" />
      <TestMethod codeBase="C:/_APPLICATION/BCLEX-ABSTRACT/TESTS_/Contoso.Abstract.Unity.Tests/bin/Debug/Contoso.Abstract.Unity.Tests.DLL" adapterTypeName="Microsoft.VisualStudio.TestTools.TestTypes.Unit.UnitTestAdapter, Microsoft.VisualStudio.QualityTools.Tips.UnitTest.Adapter, Version=10.0.0.0, Culture=neutral, PublicKeyToken=b03f5f7f11d50a3a" className="Contoso.Abstract.UnityServiceRegistrarIntegrationTests, Contoso.Abstract.Unity.Tests, Version=1.0.0.0, Culture=neutral, PublicKeyToken=null" name="RegisterInstance_Should_Return_Same_Object" />
    </UnitTest>
    <UnitTest name="RegisterInstance_Generic_Should_Return_Same_Object" storage="c:\_application\bclex-abstract\tests_\system.abstract.tests\bin\debug\system.abstract.tests.dll" id="40c93e8d-a78a-1395-ce07-b8cec6847b04">
      <Execution id="f6636377-4f2d-4a7d-bab6-ef7b328f12a4" />
      <TestMethod codeBase="C:/_APPLICATION/BCLEX-ABSTRACT/TESTS_/System.Abstract.Tests/bin/Debug/System.Abstract.Tests.DLL" adapterTypeName="Microsoft.VisualStudio.TestTools.TestTypes.Unit.UnitTestAdapter, Microsoft.VisualStudio.QualityTools.Tips.UnitTest.Adapter, Version=10.0.0.0, Culture=neutral, PublicKeyToken=b03f5f7f11d50a3a" className="Contoso.Abstract.MicroServiceRegistrarIntegrationTests, System.Abstract.Tests, Version=1.0.0.0, Culture=neutral, PublicKeyToken=null" name="RegisterInstance_Generic_Should_Return_Same_Object" />
    </UnitTest>
    <UnitTest name="ResolveAll_For_Unknown_Type_Should_Return_Empty_Enumerable" storage="c:\_application\bclex-abstract\tests_\system.abstract.tests\bin\debug\system.abstract.tests.dll" id="c0f9e818-5f6f-c0f3-ac57-2e47e06107ab">
      <Execution id="e147eb43-1901-4f5b-8ef4-1300a3c8ccdd" />
      <TestMethod codeBase="C:/_APPLICATION/BCLEX-ABSTRACT/TESTS_/System.Abstract.Tests/bin/Debug/System.Abstract.Tests.DLL" adapterTypeName="Microsoft.VisualStudio.TestTools.TestTypes.Unit.UnitTestAdapter, Microsoft.VisualStudio.QualityTools.Tips.UnitTest.Adapter, Version=10.0.0.0, Culture=neutral, PublicKeyToken=b03f5f7f11d50a3a" className="Contoso.Abstract.MicroServiceLocatorIntegrationTests, System.Abstract.Tests, Version=1.0.0.0, Culture=neutral, PublicKeyToken=null" name="ResolveAll_For_Unknown_Type_Should_Return_Empty_Enumerable" />
    </UnitTest>
    <UnitTest name="Register_With_FactoryMethod_Should_Return_Result_From_Factory" storage="c:\_application\bclex-abstract\tests_\contoso.abstract.structuremap.tests\bin\debug\contoso.abstract.structuremap.tests.dll" id="950bea4a-7d5d-80be-f6c9-e3c5d65fa8a2">
      <Execution id="8a133f45-4b0b-4eb5-82ac-0ccd3e1f7b98" />
      <TestMethod codeBase="C:/_APPLICATION/BCLEX-ABSTRACT/TESTS_/Contoso.Abstract.StructureMap.Tests/bin/Debug/Contoso.Abstract.StructureMap.Tests.DLL" adapterTypeName="Microsoft.VisualStudio.TestTools.TestTypes.Unit.UnitTestAdapter, Microsoft.VisualStudio.QualityTools.Tips.UnitTest.Adapter, Version=10.0.0.0, Culture=neutral, PublicKeyToken=b03f5f7f11d50a3a" className="Contoso.Abstract.StructureMapServiceRegistrarIntegrationTests, Contoso.Abstract.StructureMap.Tests, Version=1.0.0.0, Culture=neutral, PublicKeyToken=null" name="Register_With_FactoryMethod_Should_Return_Result_From_Factory" />
    </UnitTest>
    <UnitTest name="RegisterInstance_Named_Should_Return_Same_Object" storage="c:\_application\bclex-abstract\tests_\contoso.abstract.ninject.tests\bin\debug\contoso.abstract.ninject.tests.dll" id="e7046dae-84ae-4a12-58ce-24b566dde2bd">
      <Execution id="ea7240bc-001f-446f-8277-735afcadc088" />
      <TestMethod codeBase="C:/_APPLICATION/BCLEX-ABSTRACT/TESTS_/Contoso.Abstract.Ninject.Tests/bin/Debug/Contoso.Abstract.Ninject.Tests.DLL" adapterTypeName="Microsoft.VisualStudio.TestTools.TestTypes.Unit.UnitTestAdapter, Microsoft.VisualStudio.QualityTools.Tips.UnitTest.Adapter, Version=10.0.0.0, Culture=neutral, PublicKeyToken=b03f5f7f11d50a3a" className="Contoso.Abstract.NinjectServiceRegistrarIntegrationTests, Contoso.Abstract.Ninject.Tests, Version=1.0.0.0, Culture=neutral, PublicKeyToken=null" name="RegisterInstance_Named_Should_Return_Same_Object" />
    </UnitTest>
    <UnitTest name="Register_With_Specified_Type_Should_Return_Same_Type" storage="c:\_application\bclex-abstract\tests_\contoso.abstract.autofac.tests\bin\debug\contoso.abstract.autofac.tests.dll" id="cf8a79b9-b4f0-06bb-feb0-eb8aeabf20bf">
      <Execution id="6d564e27-6d8c-463c-ba99-709a2d313494" />
      <TestMethod codeBase="C:/_APPLICATION/BCLEX-ABSTRACT/TESTS_/Contoso.Abstract.Autofac.Tests/bin/Debug/Contoso.Abstract.Autofac.Tests.DLL" adapterTypeName="Microsoft.VisualStudio.TestTools.TestTypes.Unit.UnitTestAdapter, Microsoft.VisualStudio.QualityTools.Tips.UnitTest.Adapter, Version=10.0.0.0, Culture=neutral, PublicKeyToken=b03f5f7f11d50a3a" className="Contoso.Abstract.AutofacServiceRegistrarIntegrationTests, Contoso.Abstract.Autofac.Tests, Version=1.0.0.0, Culture=neutral, PublicKeyToken=null" name="Register_With_Specified_Type_Should_Return_Same_Type" />
    </UnitTest>
    <UnitTest name="Null_Provider_Throws_InvalidOperation_Exception" storage="c:\_application\bclex-abstract\tests_\system.abstract.tests\bin\debug\system.abstract.tests.dll" id="c523b861-37a8-021b-3143-ced4575ada07">
      <Execution id="1d7dc56c-e324-4342-8250-0448f20e502d" />
      <TestMethod codeBase="C:/_APPLICATION/BCLEX-ABSTRACT/TESTS_/System.Abstract.Tests/bin/Debug/System.Abstract.Tests.DLL" adapterTypeName="Microsoft.VisualStudio.TestTools.TestTypes.Unit.UnitTestAdapter, Microsoft.VisualStudio.QualityTools.Tips.UnitTest.Adapter, Version=10.0.0.0, Culture=neutral, PublicKeyToken=b03f5f7f11d50a3a" className="System.Abstract.ServiceLocatorManagerTests, System.Abstract.Tests, Version=1.0.0.0, Culture=neutral, PublicKeyToken=null" name="Null_Provider_Throws_InvalidOperation_Exception" />
    </UnitTest>
    <UnitTest name="Remove_Should_Be_Called" storage="c:\_application\bclex-abstract\tests_\contoso.abstract.memcached.tests\bin\debug\contoso.abstract.memcached.tests.dll" id="3501a232-81b7-114d-fa86-73d962c85c37">
      <Execution id="689fa8b9-d3ef-415b-b432-5150ef6f8679" />
      <TestMethod codeBase="C:/_APPLICATION/BCLEX-ABSTRACT/TESTS_/Contoso.Abstract.Memcached.Tests/bin/Debug/Contoso.Abstract.Memcached.Tests.DLL" adapterTypeName="Microsoft.VisualStudio.TestTools.TestTypes.Unit.UnitTestAdapter, Microsoft.VisualStudio.QualityTools.Tips.UnitTest.Adapter, Version=10.0.0.0, Culture=neutral, PublicKeyToken=b03f5f7f11d50a3a" className="Contoso.Abstract.DispatcherTests, Contoso.Abstract.Memcached.Tests, Version=1.0.0.0, Culture=neutral, PublicKeyToken=null" name="Remove_Should_Be_Called" />
    </UnitTest>
    <UnitTest name="RegisterInstance_Named_Should_Return_Same_Object" storage="c:\_application\bclex-abstract\tests_\contoso.abstract.unity.tests\bin\debug\contoso.abstract.unity.tests.dll" id="cf473140-1215-1c85-8aeb-6d550f1ecc91">
      <Execution id="9667ff29-9ad5-4aaf-866a-efdecb5b3c2e" />
      <TestMethod codeBase="C:/_APPLICATION/BCLEX-ABSTRACT/TESTS_/Contoso.Abstract.Unity.Tests/bin/Debug/Contoso.Abstract.Unity.Tests.DLL" adapterTypeName="Microsoft.VisualStudio.TestTools.TestTypes.Unit.UnitTestAdapter, Microsoft.VisualStudio.QualityTools.Tips.UnitTest.Adapter, Version=10.0.0.0, Culture=neutral, PublicKeyToken=b03f5f7f11d50a3a" className="Contoso.Abstract.UnityServiceRegistrarIntegrationTests, Contoso.Abstract.Unity.Tests, Version=1.0.0.0, Culture=neutral, PublicKeyToken=null" name="RegisterInstance_Named_Should_Return_Same_Object" />
    </UnitTest>
    <UnitTest name="NonGeneric_Ask_For_Unknown_Service_Should_Throw_Exception" storage="c:\_application\bclex-abstract\tests_\contoso.abstract.autofac.tests\bin\debug\contoso.abstract.autofac.tests.dll" id="f7571b4e-994b-3e9f-cd6a-a99f83752134">
      <Execution id="06fa693a-a4aa-4bb4-8745-7f47d8f117ee" />
      <TestMethod codeBase="C:/_APPLICATION/BCLEX-ABSTRACT/TESTS_/Contoso.Abstract.Autofac.Tests/bin/Debug/Contoso.Abstract.Autofac.Tests.DLL" adapterTypeName="Microsoft.VisualStudio.TestTools.TestTypes.Unit.UnitTestAdapter, Microsoft.VisualStudio.QualityTools.Tips.UnitTest.Adapter, Version=10.0.0.0, Culture=neutral, PublicKeyToken=b03f5f7f11d50a3a" className="Contoso.Abstract.AutofacServiceLocatorIntegrationTests, Contoso.Abstract.Autofac.Tests, Version=1.0.0.0, Culture=neutral, PublicKeyToken=null" name="NonGeneric_Ask_For_Unknown_Service_Should_Throw_Exception" />
    </UnitTest>
    <UnitTest name="RegisterInstance_GenericNamed_Should_Return_Same_Object" storage="c:\_application\bclex-abstract\tests_\contoso.abstract.unity.tests\bin\debug\contoso.abstract.unity.tests.dll" id="ab0945cb-af92-67aa-8a3d-3ebc43703f48">
      <Execution id="d8ac575b-5cce-4d28-89a9-a4fdc5df9153" />
      <TestMethod codeBase="C:/_APPLICATION/BCLEX-ABSTRACT/TESTS_/Contoso.Abstract.Unity.Tests/bin/Debug/Contoso.Abstract.Unity.Tests.DLL" adapterTypeName="Microsoft.VisualStudio.TestTools.TestTypes.Unit.UnitTestAdapter, Microsoft.VisualStudio.QualityTools.Tips.UnitTest.Adapter, Version=10.0.0.0, Culture=neutral, PublicKeyToken=b03f5f7f11d50a3a" className="Contoso.Abstract.UnityServiceRegistrarIntegrationTests, Contoso.Abstract.Unity.Tests, Version=1.0.0.0, Culture=neutral, PublicKeyToken=null" name="RegisterInstance_GenericNamed_Should_Return_Same_Object" />
    </UnitTest>
    <UnitTest name="RegisterInstance_Should_Return_Same_Object_For_Same_Type" storage="c:\_application\bclex-abstract\tests_\contoso.abstract.autofac.tests\bin\debug\contoso.abstract.autofac.tests.dll" id="14c9ffdd-a391-5bb4-4c66-7dacf1815b8b">
      <Execution id="753f3a33-0e8b-4eb1-8a65-547ebda52327" />
      <TestMethod codeBase="C:/_APPLICATION/BCLEX-ABSTRACT/TESTS_/Contoso.Abstract.Autofac.Tests/bin/Debug/Contoso.Abstract.Autofac.Tests.DLL" adapterTypeName="Microsoft.VisualStudio.TestTools.TestTypes.Unit.UnitTestAdapter, Microsoft.VisualStudio.QualityTools.Tips.UnitTest.Adapter, Version=10.0.0.0, Culture=neutral, PublicKeyToken=b03f5f7f11d50a3a" className="Contoso.Abstract.AutofacServiceRegistrarIntegrationTests, Contoso.Abstract.Autofac.Tests, Version=1.0.0.0, Culture=neutral, PublicKeyToken=null" name="RegisterInstance_Should_Return_Same_Object_For_Same_Type" />
    </UnitTest>
    <UnitTest name="Store_Should_Be_Called" storage="c:\_application\bclex-abstract\tests_\contoso.abstract.memcached.tests\bin\debug\contoso.abstract.memcached.tests.dll" id="2b8a6791-aa68-60e9-5774-22d50e01966a">
      <Execution id="db815a49-8647-4af2-8b99-f11d8616cd6a" />
      <TestMethod codeBase="C:/_APPLICATION/BCLEX-ABSTRACT/TESTS_/Contoso.Abstract.Memcached.Tests/bin/Debug/Contoso.Abstract.Memcached.Tests.DLL" adapterTypeName="Microsoft.VisualStudio.TestTools.TestTypes.Unit.UnitTestAdapter, Microsoft.VisualStudio.QualityTools.Tips.UnitTest.Adapter, Version=10.0.0.0, Culture=neutral, PublicKeyToken=b03f5f7f11d50a3a" className="Contoso.Abstract.DispatcherTests, Contoso.Abstract.Memcached.Tests, Version=1.0.0.0, Culture=neutral, PublicKeyToken=null" name="Store_Should_Be_Called" />
    </UnitTest>
    <UnitTest name="XXX" storage="c:\_application\bclex-abstract\tests_\system.abstract.tests\bin\debug\system.abstract.tests.dll" id="d590ae52-0ebc-a9c3-3010-98f606f16d93">
      <Execution id="3503b451-424a-4e83-a248-05424186075c" />
      <TestMethod codeBase="C:/_APPLICATION/BCLEX-ABSTRACT/TESTS_/System.Abstract.Tests/bin/Debug/System.Abstract.Tests.DLL" adapterTypeName="Microsoft.VisualStudio.TestTools.TestTypes.Unit.UnitTestAdapter, Microsoft.VisualStudio.QualityTools.Tips.UnitTest.Adapter, Version=10.0.0.0, Culture=neutral, PublicKeyToken=b03f5f7f11d50a3a" className="System.DateTimeEx2Tests, System.Abstract.Tests, Version=1.0.0.0, Culture=neutral, PublicKeyToken=null" name="XXX" />
    </UnitTest>
    <UnitTest name="Resolve_Should_Return_Valid_Instance" storage="c:\_application\bclex-abstract\tests_\contoso.abstract.autofac.tests\bin\debug\contoso.abstract.autofac.tests.dll" id="db7633ee-f326-0df7-2e4c-97bfe5a20cbc">
      <Execution id="1fbe8d21-0dcb-4212-9d74-aaf92b70841f" />
      <TestMethod codeBase="C:/_APPLICATION/BCLEX-ABSTRACT/TESTS_/Contoso.Abstract.Autofac.Tests/bin/Debug/Contoso.Abstract.Autofac.Tests.DLL" adapterTypeName="Microsoft.VisualStudio.TestTools.TestTypes.Unit.UnitTestAdapter, Microsoft.VisualStudio.QualityTools.Tips.UnitTest.Adapter, Version=10.0.0.0, Culture=neutral, PublicKeyToken=b03f5f7f11d50a3a" className="Contoso.Abstract.AutofacServiceLocatorIntegrationTests, Contoso.Abstract.Autofac.Tests, Version=1.0.0.0, Culture=neutral, PublicKeyToken=null" name="Resolve_Should_Return_Valid_Instance" />
    </UnitTest>
    <UnitTest name="Asking_For_UnRegistered_Service_Return_Valid_Instance" storage="c:\_application\bclex-abstract\tests_\contoso.abstract.unity.tests\bin\debug\contoso.abstract.unity.tests.dll" id="1a09e831-327c-8609-7b6d-c0a682af72bb">
      <Execution id="d28c9db7-818d-473f-90ea-8d4639b03808" />
      <TestMethod codeBase="C:/_APPLICATION/BCLEX-ABSTRACT/TESTS_/Contoso.Abstract.Unity.Tests/bin/Debug/Contoso.Abstract.Unity.Tests.DLL" adapterTypeName="Microsoft.VisualStudio.TestTools.TestTypes.Unit.UnitTestAdapter, Microsoft.VisualStudio.QualityTools.Tips.UnitTest.Adapter, Version=10.0.0.0, Culture=neutral, PublicKeyToken=b03f5f7f11d50a3a" className="Contoso.Abstract.UnityServiceLocatorIntegrationTests, Contoso.Abstract.Unity.Tests, Version=1.0.0.0, Culture=neutral, PublicKeyToken=null" name="Asking_For_UnRegistered_Service_Return_Valid_Instance" />
    </UnitTest>
    <UnitTest name="GenericAndNonGeneric_Resolve_Method_Should_Return_Same_Instance_Type" storage="c:\_application\bclex-abstract\tests_\contoso.abstract.structuremap.tests\bin\debug\contoso.abstract.structuremap.tests.dll" id="fe0afec5-90b1-1cd6-dfc9-5dcf60660f1a">
      <Execution id="bb66f53d-afa8-4b5b-a75f-e2f6f814906d" />
      <TestMethod codeBase="C:/_APPLICATION/BCLEX-ABSTRACT/TESTS_/Contoso.Abstract.StructureMap.Tests/bin/Debug/Contoso.Abstract.StructureMap.Tests.DLL" adapterTypeName="Microsoft.VisualStudio.TestTools.TestTypes.Unit.UnitTestAdapter, Microsoft.VisualStudio.QualityTools.Tips.UnitTest.Adapter, Version=10.0.0.0, Culture=neutral, PublicKeyToken=b03f5f7f11d50a3a" className="Contoso.Abstract.StructureMapServiceLocatorIntegrationTests, Contoso.Abstract.StructureMap.Tests, Version=1.0.0.0, Culture=neutral, PublicKeyToken=null" name="GenericAndNonGeneric_Resolve_Method_Should_Return_Same_Instance_Type" />
    </UnitTest>
    <UnitTest name="Register_Generic_With_FactoryMethod_Should_Return_Result_From_Factory" storage="c:\_application\bclex-abstract\tests_\contoso.abstract.hiro.tests\bin\debug\contoso.abstract.hiro.tests.dll" id="82f9945d-d2c4-ca65-e8f9-637c93b0cc84">
      <Execution id="6d9d1c64-bfe2-465c-80ae-8a49d3bca42a" />
      <TestMethod codeBase="C:/_APPLICATION/BCLEX-ABSTRACT/TESTS_/Contoso.Abstract.Hiro.Tests/bin/Debug/Contoso.Abstract.Hiro.Tests.DLL" adapterTypeName="Microsoft.VisualStudio.TestTools.TestTypes.Unit.UnitTestAdapter, Microsoft.VisualStudio.QualityTools.Tips.UnitTest.Adapter, Version=10.0.0.0, Culture=neutral, PublicKeyToken=b03f5f7f11d50a3a" className="Contoso.Abstract.HiroServiceRegistrarIntegrationTests, Contoso.Abstract.Hiro.Tests, Version=1.0.0.0, Culture=neutral, PublicKeyToken=null" name="Register_Generic_With_FactoryMethod_Should_Return_Result_From_Factory" />
    </UnitTest>
    <UnitTest name="HasRegistered" storage="c:\_application\bclex-abstract\tests_\contoso.abstract.castlewindsor.tests\bin\debug\contoso.abstract.castlewindsor.tests.dll" id="d527c682-1afd-d241-174b-2da5227a8d87">
      <Execution id="e2f89623-62d8-4976-9349-5360392a2eba" />
      <TestMethod codeBase="C:/_APPLICATION/BCLEX-ABSTRACT/TESTS_/Contoso.Abstract.CastleWindsor.Tests/bin/Debug/Contoso.Abstract.CastleWindsor.Tests.DLL" adapterTypeName="Microsoft.VisualStudio.TestTools.TestTypes.Unit.UnitTestAdapter, Microsoft.VisualStudio.QualityTools.Tips.UnitTest.Adapter, Version=10.0.0.0, Culture=neutral, PublicKeyToken=b03f5f7f11d50a3a" className="Contoso.Abstract.CastleWindsorServiceRegistrarIntegrationTests, Contoso.Abstract.CastleWindsor.Tests, Version=1.0.0.0, Culture=neutral, PublicKeyToken=null" name="HasRegistered" />
    </UnitTest>
    <UnitTest name="ResolveAll_For_Unknown_Type_Should_Return_Empty_Enumerable" storage="c:\_application\bclex-abstract\tests_\contoso.abstract.ninject.tests\bin\debug\contoso.abstract.ninject.tests.dll" id="13434630-6239-3dd9-7e8f-7b390d0f689c">
      <Execution id="f76cdc27-1698-4827-a0dc-c217dcd32303" />
      <TestMethod codeBase="C:/_APPLICATION/BCLEX-ABSTRACT/TESTS_/Contoso.Abstract.Ninject.Tests/bin/Debug/Contoso.Abstract.Ninject.Tests.DLL" adapterTypeName="Microsoft.VisualStudio.TestTools.TestTypes.Unit.UnitTestAdapter, Microsoft.VisualStudio.QualityTools.Tips.UnitTest.Adapter, Version=10.0.0.0, Culture=neutral, PublicKeyToken=b03f5f7f11d50a3a" className="Contoso.Abstract.NinjectServiceLocatorIntegrationTests, Contoso.Abstract.Ninject.Tests, Version=1.0.0.0, Culture=neutral, PublicKeyToken=null" name="ResolveAll_For_Unknown_Type_Should_Return_Empty_Enumerable" />
    </UnitTest>
    <UnitTest name="Register_Generic_With_FactoryMethod_Should_Return_Result_From_Factory" storage="c:\_application\bclex-abstract\tests_\system.abstract.tests\bin\debug\system.abstract.tests.dll" id="a7cbd390-249e-34e8-6828-0a6be1002cc0">
      <Execution id="fe0fcf76-7775-4c42-9e26-e37724371cfa" />
      <TestMethod codeBase="C:/_APPLICATION/BCLEX-ABSTRACT/TESTS_/System.Abstract.Tests/bin/Debug/System.Abstract.Tests.DLL" adapterTypeName="Microsoft.VisualStudio.TestTools.TestTypes.Unit.UnitTestAdapter, Microsoft.VisualStudio.QualityTools.Tips.UnitTest.Adapter, Version=10.0.0.0, Culture=neutral, PublicKeyToken=b03f5f7f11d50a3a" className="Contoso.Abstract.MicroServiceRegistrarIntegrationTests, System.Abstract.Tests, Version=1.0.0.0, Culture=neutral, PublicKeyToken=null" name="Register_Generic_With_FactoryMethod_Should_Return_Result_From_Factory" />
    </UnitTest>
    <UnitTest name="Register_With_Specified_Service_Should_Return_Same_Type" storage="c:\_application\bclex-abstract\tests_\contoso.abstract.unity.tests\bin\debug\contoso.abstract.unity.tests.dll" id="752c1c2d-0e31-a93c-00cd-082300495541">
      <Execution id="5266fcf6-760b-402e-b5c1-5a1070940c79" />
      <TestMethod codeBase="C:/_APPLICATION/BCLEX-ABSTRACT/TESTS_/Contoso.Abstract.Unity.Tests/bin/Debug/Contoso.Abstract.Unity.Tests.DLL" adapterTypeName="Microsoft.VisualStudio.TestTools.TestTypes.Unit.UnitTestAdapter, Microsoft.VisualStudio.QualityTools.Tips.UnitTest.Adapter, Version=10.0.0.0, Culture=neutral, PublicKeyToken=b03f5f7f11d50a3a" className="Contoso.Abstract.UnityServiceRegistrarIntegrationTests, Contoso.Abstract.Unity.Tests, Version=1.0.0.0, Culture=neutral, PublicKeyToken=null" name="Register_With_Specified_Service_Should_Return_Same_Type" />
    </UnitTest>
    <UnitTest name="ResolveAll_Should_Return_All_Registered_UnNamed_Services" storage="c:\_application\bclex-abstract\tests_\system.abstract.tests\bin\debug\system.abstract.tests.dll" id="a134d17c-9aa3-16be-39ed-18c600d8dcf0">
      <Execution id="819343f9-2236-47ac-b4b1-175320beef5b" />
      <TestMethod codeBase="C:/_APPLICATION/BCLEX-ABSTRACT/TESTS_/System.Abstract.Tests/bin/Debug/System.Abstract.Tests.DLL" adapterTypeName="Microsoft.VisualStudio.TestTools.TestTypes.Unit.UnitTestAdapter, Microsoft.VisualStudio.QualityTools.Tips.UnitTest.Adapter, Version=10.0.0.0, Culture=neutral, PublicKeyToken=b03f5f7f11d50a3a" className="Contoso.Abstract.MicroServiceLocatorIntegrationTests, System.Abstract.Tests, Version=1.0.0.0, Culture=neutral, PublicKeyToken=null" name="ResolveAll_Should_Return_All_Registered_UnNamed_Services" />
    </UnitTest>
    <UnitTest name="CreateMessage_Should_Return_Valid_Instance" storage="c:\_application\bclex-abstract\tests_\system.abstract.tests\bin\debug\system.abstract.tests.dll" id="108041fd-9f51-e4fc-b202-c950632b7b3e">
      <Execution id="f83adf93-0912-461a-846f-c6be897d86a0" />
      <TestMethod codeBase="C:/_APPLICATION/BCLEX-ABSTRACT/TESTS_/System.Abstract.Tests/bin/Debug/System.Abstract.Tests.DLL" adapterTypeName="Microsoft.VisualStudio.TestTools.TestTypes.Unit.UnitTestAdapter, Microsoft.VisualStudio.QualityTools.Tips.UnitTest.Adapter, Version=10.0.0.0, Culture=neutral, PublicKeyToken=b03f5f7f11d50a3a" className="Contoso.Abstract.EventSourcing.FileEventStoreIntegrationTests, System.Abstract.Tests, Version=1.0.0.0, Culture=neutral, PublicKeyToken=null" name="CreateMessage_Should_Return_Valid_Instance" />
    </UnitTest>
    <UnitTest name="ResolveAll_Should_Return_All_Registered_Named_Services" storage="c:\_application\bclex-abstract\tests_\system.abstract.tests\bin\debug\system.abstract.tests.dll" id="4a3dc286-247f-2ea4-ef82-3e4745aa0d87">
      <Execution id="314488f3-5362-47b5-a764-de0bb8cf48c2" />
      <TestMethod codeBase="C:/_APPLICATION/BCLEX-ABSTRACT/TESTS_/System.Abstract.Tests/bin/Debug/System.Abstract.Tests.DLL" adapterTypeName="Microsoft.VisualStudio.TestTools.TestTypes.Unit.UnitTestAdapter, Microsoft.VisualStudio.QualityTools.Tips.UnitTest.Adapter, Version=10.0.0.0, Culture=neutral, PublicKeyToken=b03f5f7f11d50a3a" className="Contoso.Abstract.MicroServiceLocatorIntegrationTests, System.Abstract.Tests, Version=1.0.0.0, Culture=neutral, PublicKeyToken=null" name="ResolveAll_Should_Return_All_Registered_Named_Services" />
    </UnitTest>
    <UnitTest name="NonGeneric_Asking_For_Invalid_Service_Should_Raise_Exception" storage="c:\_application\bclex-abstract\tests_\contoso.abstract.structuremap.tests\bin\debug\contoso.abstract.structuremap.tests.dll" id="bb291992-dd21-e39f-41e6-7803aede9d15">
      <Execution id="63390fda-3e8b-4afe-bdab-f00609f7b86c" />
      <TestMethod codeBase="C:/_APPLICATION/BCLEX-ABSTRACT/TESTS_/Contoso.Abstract.StructureMap.Tests/bin/Debug/Contoso.Abstract.StructureMap.Tests.DLL" adapterTypeName="Microsoft.VisualStudio.TestTools.TestTypes.Unit.UnitTestAdapter, Microsoft.VisualStudio.QualityTools.Tips.UnitTest.Adapter, Version=10.0.0.0, Culture=neutral, PublicKeyToken=b03f5f7f11d50a3a" className="Contoso.Abstract.StructureMapServiceLocatorIntegrationTests, Contoso.Abstract.StructureMap.Tests, Version=1.0.0.0, Culture=neutral, PublicKeyToken=null" name="NonGeneric_Asking_For_Invalid_Service_Should_Raise_Exception" />
    </UnitTest>
    <UnitTest name="ResolveAll_Should_Return_All_Registered_UnNamed_Services" storage="c:\_application\bclex-abstract\tests_\contoso.abstract.autofac.tests\bin\debug\contoso.abstract.autofac.tests.dll" id="122140e6-3cfa-8ec7-bfda-fc8f20ee6267">
      <Execution id="ee48137c-19f8-44b5-9f3a-3b34db55bc2e" />
      <TestMethod codeBase="C:/_APPLICATION/BCLEX-ABSTRACT/TESTS_/Contoso.Abstract.Autofac.Tests/bin/Debug/Contoso.Abstract.Autofac.Tests.DLL" adapterTypeName="Microsoft.VisualStudio.TestTools.TestTypes.Unit.UnitTestAdapter, Microsoft.VisualStudio.QualityTools.Tips.UnitTest.Adapter, Version=10.0.0.0, Culture=neutral, PublicKeyToken=b03f5f7f11d50a3a" className="Contoso.Abstract.AutofacServiceLocatorIntegrationTests, Contoso.Abstract.Autofac.Tests, Version=1.0.0.0, Culture=neutral, PublicKeyToken=null" name="ResolveAll_Should_Return_All_Registered_UnNamed_Services" />
    </UnitTest>
    <UnitTest name="Asking_For_UnRegistered_Service_Return_Valid_Instance" storage="c:\_application\bclex-abstract\tests_\contoso.abstract.castlewindsor.tests\bin\debug\contoso.abstract.castlewindsor.tests.dll" id="2d5f89a7-ddf2-ce5b-9300-30b152a4772a">
      <Execution id="0ac11add-d995-4d27-9c1c-b152c44520f9" />
      <TestMethod codeBase="C:/_APPLICATION/BCLEX-ABSTRACT/TESTS_/Contoso.Abstract.CastleWindsor.Tests/bin/Debug/Contoso.Abstract.CastleWindsor.Tests.DLL" adapterTypeName="Microsoft.VisualStudio.TestTools.TestTypes.Unit.UnitTestAdapter, Microsoft.VisualStudio.QualityTools.Tips.UnitTest.Adapter, Version=10.0.0.0, Culture=neutral, PublicKeyToken=b03f5f7f11d50a3a" className="Contoso.Abstract.CastleWindsorServiceLocatorIntegrationTests, Contoso.Abstract.CastleWindsor.Tests, Version=1.0.0.0, Culture=neutral, PublicKeyToken=null" name="Asking_For_UnRegistered_Service_Return_Valid_Instance" />
    </UnitTest>
    <UnitTest name="RegisterInstance_Generic_Should_Return_Same_Object" storage="c:\_application\bclex-abstract\tests_\contoso.abstract.autofac.tests\bin\debug\contoso.abstract.autofac.tests.dll" id="c6488862-0cf8-86d7-2820-42fa8197c679">
      <Execution id="76df43ac-792c-49c3-bcfc-d61d803e922c" />
      <TestMethod codeBase="C:/_APPLICATION/BCLEX-ABSTRACT/TESTS_/Contoso.Abstract.Autofac.Tests/bin/Debug/Contoso.Abstract.Autofac.Tests.DLL" adapterTypeName="Microsoft.VisualStudio.TestTools.TestTypes.Unit.UnitTestAdapter, Microsoft.VisualStudio.QualityTools.Tips.UnitTest.Adapter, Version=10.0.0.0, Culture=neutral, PublicKeyToken=b03f5f7f11d50a3a" className="Contoso.Abstract.AutofacServiceRegistrarIntegrationTests, Contoso.Abstract.Autofac.Tests, Version=1.0.0.0, Culture=neutral, PublicKeyToken=null" name="RegisterInstance_Generic_Should_Return_Same_Object" />
    </UnitTest>
    <UnitTest name="Get_Should_Be_Called" storage="c:\_application\bclex-abstract\tests_\contoso.abstract.memcached.tests\bin\debug\contoso.abstract.memcached.tests.dll" id="5c11e2eb-23a5-1af2-16d4-41a1b6551ad7">
      <Execution id="1bd4f53e-3992-41ec-b670-787ed40e1d9d" />
      <TestMethod codeBase="C:/_APPLICATION/BCLEX-ABSTRACT/TESTS_/Contoso.Abstract.Memcached.Tests/bin/Debug/Contoso.Abstract.Memcached.Tests.DLL" adapterTypeName="Microsoft.VisualStudio.TestTools.TestTypes.Unit.UnitTestAdapter, Microsoft.VisualStudio.QualityTools.Tips.UnitTest.Adapter, Version=10.0.0.0, Culture=neutral, PublicKeyToken=b03f5f7f11d50a3a" className="Contoso.Abstract.DispatcherTests, Contoso.Abstract.Memcached.Tests, Version=1.0.0.0, Culture=neutral, PublicKeyToken=null" name="Get_Should_Be_Called" />
    </UnitTest>
    <UnitTest name="GetRegistrationsFor" storage="c:\_application\bclex-abstract\tests_\contoso.abstract.unity.tests\bin\debug\contoso.abstract.unity.tests.dll" id="ff233af0-f4e9-768f-0805-f309a1c88334">
      <Execution id="5161ecb8-fa03-474e-9848-1210534d6196" />
      <TestMethod codeBase="C:/_APPLICATION/BCLEX-ABSTRACT/TESTS_/Contoso.Abstract.Unity.Tests/bin/Debug/Contoso.Abstract.Unity.Tests.DLL" adapterTypeName="Microsoft.VisualStudio.TestTools.TestTypes.Unit.UnitTestAdapter, Microsoft.VisualStudio.QualityTools.Tips.UnitTest.Adapter, Version=10.0.0.0, Culture=neutral, PublicKeyToken=b03f5f7f11d50a3a" className="Contoso.Abstract.UnityServiceRegistrarIntegrationTests, Contoso.Abstract.Unity.Tests, Version=1.0.0.0, Culture=neutral, PublicKeyToken=null" name="GetRegistrationsFor" />
    </UnitTest>
    <UnitTest name="Ask_For_Named_Instance" storage="c:\_application\bclex-abstract\tests_\contoso.abstract.structuremap.tests\bin\debug\contoso.abstract.structuremap.tests.dll" id="0985d937-2170-19ee-d31b-2f51ea41b998">
      <Execution id="00c37720-3dd0-4cc3-869a-f8aac6145dfa" />
      <TestMethod codeBase="C:/_APPLICATION/BCLEX-ABSTRACT/TESTS_/Contoso.Abstract.StructureMap.Tests/bin/Debug/Contoso.Abstract.StructureMap.Tests.DLL" adapterTypeName="Microsoft.VisualStudio.TestTools.TestTypes.Unit.UnitTestAdapter, Microsoft.VisualStudio.QualityTools.Tips.UnitTest.Adapter, Version=10.0.0.0, Culture=neutral, PublicKeyToken=b03f5f7f11d50a3a" className="Contoso.Abstract.StructureMapServiceLocatorIntegrationTests, Contoso.Abstract.StructureMap.Tests, Version=1.0.0.0, Culture=neutral, PublicKeyToken=null" name="Ask_For_Named_Instance" />
    </UnitTest>
    <UnitTest name="GenericAndNonGeneric_ResolveAll_Should_Return_Same_Instace_Types" storage="c:\_application\bclex-abstract\tests_\contoso.abstract.hiro.tests\bin\debug\contoso.abstract.hiro.tests.dll" id="06694f17-77ff-91ee-1351-2201683e9da7">
      <Execution id="4f1cc33e-e5ff-4586-a11d-cb7e85d579b7" />
      <TestMethod codeBase="C:/_APPLICATION/BCLEX-ABSTRACT/TESTS_/Contoso.Abstract.Hiro.Tests/bin/Debug/Contoso.Abstract.Hiro.Tests.DLL" adapterTypeName="Microsoft.VisualStudio.TestTools.TestTypes.Unit.UnitTestAdapter, Microsoft.VisualStudio.QualityTools.Tips.UnitTest.Adapter, Version=10.0.0.0, Culture=neutral, PublicKeyToken=b03f5f7f11d50a3a" className="Contoso.Abstract.HiroServiceLocatorIntegrationTests, Contoso.Abstract.Hiro.Tests, Version=1.0.0.0, Culture=neutral, PublicKeyToken=null" name="GenericAndNonGeneric_ResolveAll_Should_Return_Same_Instace_Types" />
    </UnitTest>
    <UnitTest name="SendGeneric_With_MessageBuilder_Sends" storage="c:\_application\bclex-abstract\tests_\system.abstract.tests\bin\debug\system.abstract.tests.dll" id="64bc93a0-e45a-5723-b26e-44a5ba1ed48f">
      <Execution id="f389f046-bfe1-42b1-b19e-630b8f6be03c" />
      <TestMethod codeBase="C:/_APPLICATION/BCLEX-ABSTRACT/TESTS_/System.Abstract.Tests/bin/Debug/System.Abstract.Tests.DLL" adapterTypeName="Microsoft.VisualStudio.TestTools.TestTypes.Unit.UnitTestAdapter, Microsoft.VisualStudio.QualityTools.Tips.UnitTest.Adapter, Version=10.0.0.0, Culture=neutral, PublicKeyToken=b03f5f7f11d50a3a" className="System.Abstract.IServiceBusExtensionsTests, System.Abstract.Tests, Version=1.0.0.0, Culture=neutral, PublicKeyToken=null" name="SendGeneric_With_MessageBuilder_Sends" />
    </UnitTest>
    <UnitTest name="Register_With_Keyed_Type_Should_Return_Same_Type" storage="c:\_application\bclex-abstract\tests_\contoso.abstract.castlewindsor.tests\bin\debug\contoso.abstract.castlewindsor.tests.dll" id="cd85b973-4bf6-bb94-d052-1c9e022b1345">
      <Execution id="3f6c187c-0bb4-49c8-8997-42d364afb056" />
      <TestMethod codeBase="C:/_APPLICATION/BCLEX-ABSTRACT/TESTS_/Contoso.Abstract.CastleWindsor.Tests/bin/Debug/Contoso.Abstract.CastleWindsor.Tests.DLL" adapterTypeName="Microsoft.VisualStudio.TestTools.TestTypes.Unit.UnitTestAdapter, Microsoft.VisualStudio.QualityTools.Tips.UnitTest.Adapter, Version=10.0.0.0, Culture=neutral, PublicKeyToken=b03f5f7f11d50a3a" className="Contoso.Abstract.CastleWindsorServiceRegistrarIntegrationTests, Contoso.Abstract.CastleWindsor.Tests, Version=1.0.0.0, Culture=neutral, PublicKeyToken=null" name="Register_With_Keyed_Type_Should_Return_Same_Type" />
    </UnitTest>
    <UnitTest name="RegisterInstance_GenericNamed_Should_Return_Same_Object" storage="c:\_application\bclex-abstract\tests_\contoso.abstract.hiro.tests\bin\debug\contoso.abstract.hiro.tests.dll" id="5bf79f58-f363-70da-cd7d-35457960ce82">
      <Execution id="78f0dd86-e245-4195-be42-35dd15732062" />
      <TestMethod codeBase="C:/_APPLICATION/BCLEX-ABSTRACT/TESTS_/Contoso.Abstract.Hiro.Tests/bin/Debug/Contoso.Abstract.Hiro.Tests.DLL" adapterTypeName="Microsoft.VisualStudio.TestTools.TestTypes.Unit.UnitTestAdapter, Microsoft.VisualStudio.QualityTools.Tips.UnitTest.Adapter, Version=10.0.0.0, Culture=neutral, PublicKeyToken=b03f5f7f11d50a3a" className="Contoso.Abstract.HiroServiceRegistrarIntegrationTests, Contoso.Abstract.Hiro.Tests, Version=1.0.0.0, Culture=neutral, PublicKeyToken=null" name="RegisterInstance_GenericNamed_Should_Return_Same_Object" />
    </UnitTest>
    <UnitTest name="SendGeneric_With_StringDestination_And_MessageBuilder_Sends" storage="c:\_application\bclex-abstract\tests_\system.abstract.tests\bin\debug\system.abstract.tests.dll" id="de724669-e2f0-fb91-cbc8-0f722fa2c9dc">
      <Execution id="69d5221d-7f8d-44dc-af83-59ac55c4b45f" />
      <TestMethod codeBase="C:/_APPLICATION/BCLEX-ABSTRACT/TESTS_/System.Abstract.Tests/bin/Debug/System.Abstract.Tests.DLL" adapterTypeName="Microsoft.VisualStudio.TestTools.TestTypes.Unit.UnitTestAdapter, Microsoft.VisualStudio.QualityTools.Tips.UnitTest.Adapter, Version=10.0.0.0, Culture=neutral, PublicKeyToken=b03f5f7f11d50a3a" className="System.Abstract.IServiceBusExtensionsTests, System.Abstract.Tests, Version=1.0.0.0, Culture=neutral, PublicKeyToken=null" name="SendGeneric_With_StringDestination_And_MessageBuilder_Sends" />
    </UnitTest>
    <UnitTest name="NonGeneric_Asking_For_Invalid_Service_Should_Raise_Exception" storage="c:\_application\bclex-abstract\tests_\contoso.abstract.castlewindsor.tests\bin\debug\contoso.abstract.castlewindsor.tests.dll" id="ab520cd4-af39-1fd0-3a5b-de52c5aabba1">
      <Execution id="7d7369f6-f2ed-438a-9f4a-053f99dc2f29" />
      <TestMethod codeBase="C:/_APPLICATION/BCLEX-ABSTRACT/TESTS_/Contoso.Abstract.CastleWindsor.Tests/bin/Debug/Contoso.Abstract.CastleWindsor.Tests.DLL" adapterTypeName="Microsoft.VisualStudio.TestTools.TestTypes.Unit.UnitTestAdapter, Microsoft.VisualStudio.QualityTools.Tips.UnitTest.Adapter, Version=10.0.0.0, Culture=neutral, PublicKeyToken=b03f5f7f11d50a3a" className="Contoso.Abstract.CastleWindsorServiceLocatorIntegrationTests, Contoso.Abstract.CastleWindsor.Tests, Version=1.0.0.0, Culture=neutral, PublicKeyToken=null" name="NonGeneric_Asking_For_Invalid_Service_Should_Raise_Exception" />
    </UnitTest>
    <UnitTest name="RegisterInstance_Should_Return_Same_Object_For_Same_Type" storage="c:\_application\bclex-abstract\tests_\contoso.abstract.structuremap.tests\bin\debug\contoso.abstract.structuremap.tests.dll" id="bb41e82d-c1e6-aff1-d65b-08f5ccb111d0">
      <Execution id="16fa1ad5-c9eb-4c09-ad4f-b7dcae8eece6" />
      <TestMethod codeBase="C:/_APPLICATION/BCLEX-ABSTRACT/TESTS_/Contoso.Abstract.StructureMap.Tests/bin/Debug/Contoso.Abstract.StructureMap.Tests.DLL" adapterTypeName="Microsoft.VisualStudio.TestTools.TestTypes.Unit.UnitTestAdapter, Microsoft.VisualStudio.QualityTools.Tips.UnitTest.Adapter, Version=10.0.0.0, Culture=neutral, PublicKeyToken=b03f5f7f11d50a3a" className="Contoso.Abstract.StructureMapServiceRegistrarIntegrationTests, Contoso.Abstract.StructureMap.Tests, Version=1.0.0.0, Culture=neutral, PublicKeyToken=null" name="RegisterInstance_Should_Return_Same_Object_For_Same_Type" />
    </UnitTest>
    <UnitTest name="Register_With_Specified_Service_Should_Return_Same_Type" storage="c:\_application\bclex-abstract\tests_\contoso.abstract.hiro.tests\bin\debug\contoso.abstract.hiro.tests.dll" id="e6c802ed-9c66-bf06-dc3e-369347c8b9d0">
      <Execution id="2c182ee0-8eaf-4ec3-87f0-3ac84a1e2798" />
      <TestMethod codeBase="C:/_APPLICATION/BCLEX-ABSTRACT/TESTS_/Contoso.Abstract.Hiro.Tests/bin/Debug/Contoso.Abstract.Hiro.Tests.DLL" adapterTypeName="Microsoft.VisualStudio.TestTools.TestTypes.Unit.UnitTestAdapter, Microsoft.VisualStudio.QualityTools.Tips.UnitTest.Adapter, Version=10.0.0.0, Culture=neutral, PublicKeyToken=b03f5f7f11d50a3a" className="Contoso.Abstract.HiroServiceRegistrarIntegrationTests, Contoso.Abstract.Hiro.Tests, Version=1.0.0.0, Culture=neutral, PublicKeyToken=null" name="Register_With_Specified_Service_Should_Return_Same_Type" />
    </UnitTest>
    <UnitTest name="RegisterInstance_Should_Return_Same_Object_For_Same_Type" storage="c:\_application\bclex-abstract\tests_\contoso.abstract.hiro.tests\bin\debug\contoso.abstract.hiro.tests.dll" id="20e8d44d-0ffd-0aba-9031-6041499e405e">
      <Execution id="a5c42cb3-513f-4449-abd1-d7ca8f786d46" />
      <TestMethod codeBase="C:/_APPLICATION/BCLEX-ABSTRACT/TESTS_/Contoso.Abstract.Hiro.Tests/bin/Debug/Contoso.Abstract.Hiro.Tests.DLL" adapterTypeName="Microsoft.VisualStudio.TestTools.TestTypes.Unit.UnitTestAdapter, Microsoft.VisualStudio.QualityTools.Tips.UnitTest.Adapter, Version=10.0.0.0, Culture=neutral, PublicKeyToken=b03f5f7f11d50a3a" className="Contoso.Abstract.HiroServiceRegistrarIntegrationTests, Contoso.Abstract.Hiro.Tests, Version=1.0.0.0, Culture=neutral, PublicKeyToken=null" name="RegisterInstance_Should_Return_Same_Object_For_Same_Type" />
    </UnitTest>
    <UnitTest name="Register_Generic_With_FactoryMethod_Should_Return_Result_From_Factory" storage="c:\_application\bclex-abstract\tests_\contoso.abstract.unity.tests\bin\debug\contoso.abstract.unity.tests.dll" id="886d9798-8fdf-dacc-f232-104e24f5ea48">
      <Execution id="30abf0d0-7b36-4321-bb2d-4ca4885613da" />
      <TestMethod codeBase="C:/_APPLICATION/BCLEX-ABSTRACT/TESTS_/Contoso.Abstract.Unity.Tests/bin/Debug/Contoso.Abstract.Unity.Tests.DLL" adapterTypeName="Microsoft.VisualStudio.TestTools.TestTypes.Unit.UnitTestAdapter, Microsoft.VisualStudio.QualityTools.Tips.UnitTest.Adapter, Version=10.0.0.0, Culture=neutral, PublicKeyToken=b03f5f7f11d50a3a" className="Contoso.Abstract.UnityServiceRegistrarIntegrationTests, Contoso.Abstract.Unity.Tests, Version=1.0.0.0, Culture=neutral, PublicKeyToken=null" name="Register_Generic_With_FactoryMethod_Should_Return_Result_From_Factory" />
    </UnitTest>
    <UnitTest name="Register_With_Specified_Service_Should_Return_Same_Type" storage="c:\_application\bclex-abstract\tests_\contoso.abstract.autofac.tests\bin\debug\contoso.abstract.autofac.tests.dll" id="29aa027a-3a23-9ba5-8ed7-2619e1d31833">
      <Execution id="6a0ec03a-d16b-43e7-a2d6-755c29aa5c65" />
      <TestMethod codeBase="C:/_APPLICATION/BCLEX-ABSTRACT/TESTS_/Contoso.Abstract.Autofac.Tests/bin/Debug/Contoso.Abstract.Autofac.Tests.DLL" adapterTypeName="Microsoft.VisualStudio.TestTools.TestTypes.Unit.UnitTestAdapter, Microsoft.VisualStudio.QualityTools.Tips.UnitTest.Adapter, Version=10.0.0.0, Culture=neutral, PublicKeyToken=b03f5f7f11d50a3a" className="Contoso.Abstract.AutofacServiceRegistrarIntegrationTests, Contoso.Abstract.Autofac.Tests, Version=1.0.0.0, Culture=neutral, PublicKeyToken=null" name="Register_With_Specified_Service_Should_Return_Same_Type" />
    </UnitTest>
    <UnitTest name="HasRegistered" storage="c:\_application\bclex-abstract\tests_\system.abstract.tests\bin\debug\system.abstract.tests.dll" id="54f04baa-c7d6-6f33-62b1-3882c76b36b4">
      <Execution id="39c4affb-81b8-4d08-83fc-8311d2cb65be" />
      <TestMethod codeBase="C:/_APPLICATION/BCLEX-ABSTRACT/TESTS_/System.Abstract.Tests/bin/Debug/System.Abstract.Tests.DLL" adapterTypeName="Microsoft.VisualStudio.TestTools.TestTypes.Unit.UnitTestAdapter, Microsoft.VisualStudio.QualityTools.Tips.UnitTest.Adapter, Version=10.0.0.0, Culture=neutral, PublicKeyToken=b03f5f7f11d50a3a" className="Contoso.Abstract.MicroServiceRegistrarIntegrationTests, System.Abstract.Tests, Version=1.0.0.0, Culture=neutral, PublicKeyToken=null" name="HasRegistered" />
    </UnitTest>
    <UnitTest name="Asking_For_Invalid_Service_Should_Raise_Exception" storage="c:\_application\bclex-abstract\tests_\contoso.abstract.structuremap.tests\bin\debug\contoso.abstract.structuremap.tests.dll" id="88959326-cfca-16a0-ea17-077101e8d43d">
      <Execution id="a13d3ef9-a3d1-4bda-86e0-ade41cad3d5b" />
      <TestMethod codeBase="C:/_APPLICATION/BCLEX-ABSTRACT/TESTS_/Contoso.Abstract.StructureMap.Tests/bin/Debug/Contoso.Abstract.StructureMap.Tests.DLL" adapterTypeName="Microsoft.VisualStudio.TestTools.TestTypes.Unit.UnitTestAdapter, Microsoft.VisualStudio.QualityTools.Tips.UnitTest.Adapter, Version=10.0.0.0, Culture=neutral, PublicKeyToken=b03f5f7f11d50a3a" className="Contoso.Abstract.StructureMapServiceLocatorIntegrationTests, Contoso.Abstract.StructureMap.Tests, Version=1.0.0.0, Culture=neutral, PublicKeyToken=null" name="Asking_For_Invalid_Service_Should_Raise_Exception" />
    </UnitTest>
    <UnitTest name="Resolve_Should_Return_Valid_Instance" storage="c:\_application\bclex-abstract\tests_\contoso.abstract.castlewindsor.tests\bin\debug\contoso.abstract.castlewindsor.tests.dll" id="afb9b8c5-5316-5f78-9e1d-e43f61f5e88f">
      <Execution id="7208e22f-6e8b-4f5e-bac1-23d72475c235" />
      <TestMethod codeBase="C:/_APPLICATION/BCLEX-ABSTRACT/TESTS_/Contoso.Abstract.CastleWindsor.Tests/bin/Debug/Contoso.Abstract.CastleWindsor.Tests.DLL" adapterTypeName="Microsoft.VisualStudio.TestTools.TestTypes.Unit.UnitTestAdapter, Microsoft.VisualStudio.QualityTools.Tips.UnitTest.Adapter, Version=10.0.0.0, Culture=neutral, PublicKeyToken=b03f5f7f11d50a3a" className="Contoso.Abstract.CastleWindsorServiceLocatorIntegrationTests, Contoso.Abstract.CastleWindsor.Tests, Version=1.0.0.0, Culture=neutral, PublicKeyToken=null" name="Resolve_Should_Return_Valid_Instance" />
    </UnitTest>
    <UnitTest name="RegisterInstance_Should_Return_Same_Object" storage="c:\_application\bclex-abstract\tests_\contoso.abstract.structuremap.tests\bin\debug\contoso.abstract.structuremap.tests.dll" id="16809eb5-8c26-6346-1a47-0dc8a904cdbd">
      <Execution id="13d5819b-0d0a-48de-befd-1fb9a11eacfc" />
      <TestMethod codeBase="C:/_APPLICATION/BCLEX-ABSTRACT/TESTS_/Contoso.Abstract.StructureMap.Tests/bin/Debug/Contoso.Abstract.StructureMap.Tests.DLL" adapterTypeName="Microsoft.VisualStudio.TestTools.TestTypes.Unit.UnitTestAdapter, Microsoft.VisualStudio.QualityTools.Tips.UnitTest.Adapter, Version=10.0.0.0, Culture=neutral, PublicKeyToken=b03f5f7f11d50a3a" className="Contoso.Abstract.StructureMapServiceRegistrarIntegrationTests, Contoso.Abstract.StructureMap.Tests, Version=1.0.0.0, Culture=neutral, PublicKeyToken=null" name="RegisterInstance_Should_Return_Same_Object" />
    </UnitTest>
    <UnitTest name="RegisterInstance_Generic_Should_Return_Same_Object" storage="c:\_application\bclex-abstract\tests_\contoso.abstract.structuremap.tests\bin\debug\contoso.abstract.structuremap.tests.dll" id="6a4731fa-3330-5b91-14f3-f383e50c541b">
      <Execution id="cb0f4dbe-a357-4148-8e01-7061c8ec3f95" />
      <TestMethod codeBase="C:/_APPLICATION/BCLEX-ABSTRACT/TESTS_/Contoso.Abstract.StructureMap.Tests/bin/Debug/Contoso.Abstract.StructureMap.Tests.DLL" adapterTypeName="Microsoft.VisualStudio.TestTools.TestTypes.Unit.UnitTestAdapter, Microsoft.VisualStudio.QualityTools.Tips.UnitTest.Adapter, Version=10.0.0.0, Culture=neutral, PublicKeyToken=b03f5f7f11d50a3a" className="Contoso.Abstract.StructureMapServiceRegistrarIntegrationTests, Contoso.Abstract.StructureMap.Tests, Version=1.0.0.0, Culture=neutral, PublicKeyToken=null" name="RegisterInstance_Generic_Should_Return_Same_Object" />
    </UnitTest>
    <UnitTest name="NonGeneric_Asking_For_Invalid_Service_Should_Raise_Exception" storage="c:\_application\bclex-abstract\tests_\contoso.abstract.unity.tests\bin\debug\contoso.abstract.unity.tests.dll" id="24ab7c33-feda-71ac-3504-5c8d933a9599">
      <Execution id="6c5142ea-355a-462a-9e54-535b26cbaeea" />
      <TestMethod codeBase="C:/_APPLICATION/BCLEX-ABSTRACT/TESTS_/Contoso.Abstract.Unity.Tests/bin/Debug/Contoso.Abstract.Unity.Tests.DLL" adapterTypeName="Microsoft.VisualStudio.TestTools.TestTypes.Unit.UnitTestAdapter, Microsoft.VisualStudio.QualityTools.Tips.UnitTest.Adapter, Version=10.0.0.0, Culture=neutral, PublicKeyToken=b03f5f7f11d50a3a" className="Contoso.Abstract.UnityServiceLocatorIntegrationTests, Contoso.Abstract.Unity.Tests, Version=1.0.0.0, Culture=neutral, PublicKeyToken=null" name="NonGeneric_Asking_For_Invalid_Service_Should_Raise_Exception" />
    </UnitTest>
    <UnitTest name="Null_Provider_Throws_InvalidOperation_Exception" storage="c:\_application\bclex-abstract\tests_\system.abstract.tests\bin\debug\system.abstract.tests.dll" id="73f2dbb1-21c0-5fea-d079-f98c7fa0d9f1">
      <Execution id="641c85f8-d1b0-45d6-9fdb-d358c9ec10aa" />
      <TestMethod codeBase="C:/_APPLICATION/BCLEX-ABSTRACT/TESTS_/System.Abstract.Tests/bin/Debug/System.Abstract.Tests.DLL" adapterTypeName="Microsoft.VisualStudio.TestTools.TestTypes.Unit.UnitTestAdapter, Microsoft.VisualStudio.QualityTools.Tips.UnitTest.Adapter, Version=10.0.0.0, Culture=neutral, PublicKeyToken=b03f5f7f11d50a3a" className="System.Abstract.ServiceCacheManagerTests, System.Abstract.Tests, Version=1.0.0.0, Culture=neutral, PublicKeyToken=null" name="Null_Provider_Throws_InvalidOperation_Exception" />
    </UnitTest>
    <UnitTest name="GenericAndNonGeneric_ResolveAll_Should_Return_Same_Instace_Types" storage="c:\_application\bclex-abstract\tests_\contoso.abstract.ninject.tests\bin\debug\contoso.abstract.ninject.tests.dll" id="3038b5b6-b527-f24d-9a1a-fe7f9cf81219">
      <Execution id="973f4413-7d07-4b10-89d2-fb02f2179f3f" />
      <TestMethod codeBase="C:/_APPLICATION/BCLEX-ABSTRACT/TESTS_/Contoso.Abstract.Ninject.Tests/bin/Debug/Contoso.Abstract.Ninject.Tests.DLL" adapterTypeName="Microsoft.VisualStudio.TestTools.TestTypes.Unit.UnitTestAdapter, Microsoft.VisualStudio.QualityTools.Tips.UnitTest.Adapter, Version=10.0.0.0, Culture=neutral, PublicKeyToken=b03f5f7f11d50a3a" className="Contoso.Abstract.NinjectServiceLocatorIntegrationTests, Contoso.Abstract.Ninject.Tests, Version=1.0.0.0, Culture=neutral, PublicKeyToken=null" name="GenericAndNonGeneric_ResolveAll_Should_Return_Same_Instace_Types" />
    </UnitTest>
    <UnitTest name="Register_With_Keyed_Type_Should_Return_Same_Type" storage="c:\_application\bclex-abstract\tests_\contoso.abstract.structuremap.tests\bin\debug\contoso.abstract.structuremap.tests.dll" id="823a84a1-9258-525b-3b52-0744eaef2bcb">
      <Execution id="d7ff8470-5c4d-48e7-837e-3a190ce3e3fa" />
      <TestMethod codeBase="C:/_APPLICATION/BCLEX-ABSTRACT/TESTS_/Contoso.Abstract.StructureMap.Tests/bin/Debug/Contoso.Abstract.StructureMap.Tests.DLL" adapterTypeName="Microsoft.VisualStudio.TestTools.TestTypes.Unit.UnitTestAdapter, Microsoft.VisualStudio.QualityTools.Tips.UnitTest.Adapter, Version=10.0.0.0, Culture=neutral, PublicKeyToken=b03f5f7f11d50a3a" className="Contoso.Abstract.StructureMapServiceRegistrarIntegrationTests, Contoso.Abstract.StructureMap.Tests, Version=1.0.0.0, Culture=neutral, PublicKeyToken=null" name="Register_With_Keyed_Type_Should_Return_Same_Type" />
    </UnitTest>
    <UnitTest name="Asking_For_UnRegistered_Service_Return_Valid_Instance" storage="c:\_application\bclex-abstract\tests_\contoso.abstract.autofac.tests\bin\debug\contoso.abstract.autofac.tests.dll" id="225e1bb5-212d-f3d8-d865-3d1c915616b1">
      <Execution id="7398908b-6013-4777-abcc-04585db63f86" />
      <TestMethod codeBase="C:/_APPLICATION/BCLEX-ABSTRACT/TESTS_/Contoso.Abstract.Autofac.Tests/bin/Debug/Contoso.Abstract.Autofac.Tests.DLL" adapterTypeName="Microsoft.VisualStudio.TestTools.TestTypes.Unit.UnitTestAdapter, Microsoft.VisualStudio.QualityTools.Tips.UnitTest.Adapter, Version=10.0.0.0, Culture=neutral, PublicKeyToken=b03f5f7f11d50a3a" className="Contoso.Abstract.AutofacServiceLocatorIntegrationTests, Contoso.Abstract.Autofac.Tests, Version=1.0.0.0, Culture=neutral, PublicKeyToken=null" name="Asking_For_UnRegistered_Service_Return_Valid_Instance" />
    </UnitTest>
    <UnitTest name="GenericAndNonGeneric_Resolve_Method_Should_Return_Same_Instance_Type" storage="c:\_application\bclex-abstract\tests_\contoso.abstract.unity.tests\bin\debug\contoso.abstract.unity.tests.dll" id="015b5e08-82cd-6b62-041e-c6feae117acf">
      <Execution id="336a8f2e-7f42-49f0-9445-796d2802bb8d" />
      <TestMethod codeBase="C:/_APPLICATION/BCLEX-ABSTRACT/TESTS_/Contoso.Abstract.Unity.Tests/bin/Debug/Contoso.Abstract.Unity.Tests.DLL" adapterTypeName="Microsoft.VisualStudio.TestTools.TestTypes.Unit.UnitTestAdapter, Microsoft.VisualStudio.QualityTools.Tips.UnitTest.Adapter, Version=10.0.0.0, Culture=neutral, PublicKeyToken=b03f5f7f11d50a3a" className="Contoso.Abstract.UnityServiceLocatorIntegrationTests, Contoso.Abstract.Unity.Tests, Version=1.0.0.0, Culture=neutral, PublicKeyToken=null" name="GenericAndNonGeneric_Resolve_Method_Should_Return_Same_Instance_Type" />
    </UnitTest>
    <UnitTest name="NonGeneric_Asking_For_Invalid_Service_Should_Raise_Exception" storage="c:\_application\bclex-abstract\tests_\contoso.abstract.ninject.tests\bin\debug\contoso.abstract.ninject.tests.dll" id="46a2ffd3-5019-24b8-8b28-94a6f3b1ee89">
      <Execution id="bc671e9d-75a4-409f-b8d7-df2bcead0e00" />
      <TestMethod codeBase="C:/_APPLICATION/BCLEX-ABSTRACT/TESTS_/Contoso.Abstract.Ninject.Tests/bin/Debug/Contoso.Abstract.Ninject.Tests.DLL" adapterTypeName="Microsoft.VisualStudio.TestTools.TestTypes.Unit.UnitTestAdapter, Microsoft.VisualStudio.QualityTools.Tips.UnitTest.Adapter, Version=10.0.0.0, Culture=neutral, PublicKeyToken=b03f5f7f11d50a3a" className="Contoso.Abstract.NinjectServiceLocatorIntegrationTests, Contoso.Abstract.Ninject.Tests, Version=1.0.0.0, Culture=neutral, PublicKeyToken=null" name="NonGeneric_Asking_For_Invalid_Service_Should_Raise_Exception" />
    </UnitTest>
    <UnitTest name="ResolveAll_Should_Return_All_Registered_Named_Services" storage="c:\_application\bclex-abstract\tests_\contoso.abstract.ninject.tests\bin\debug\contoso.abstract.ninject.tests.dll" id="a8ae53b1-ee34-66e5-140e-f0a97121edff">
      <Execution id="d9840733-b805-43be-88e0-7c716af80da0" />
      <TestMethod codeBase="C:/_APPLICATION/BCLEX-ABSTRACT/TESTS_/Contoso.Abstract.Ninject.Tests/bin/Debug/Contoso.Abstract.Ninject.Tests.DLL" adapterTypeName="Microsoft.VisualStudio.TestTools.TestTypes.Unit.UnitTestAdapter, Microsoft.VisualStudio.QualityTools.Tips.UnitTest.Adapter, Version=10.0.0.0, Culture=neutral, PublicKeyToken=b03f5f7f11d50a3a" className="Contoso.Abstract.NinjectServiceLocatorIntegrationTests, Contoso.Abstract.Ninject.Tests, Version=1.0.0.0, Culture=neutral, PublicKeyToken=null" name="ResolveAll_Should_Return_All_Registered_Named_Services" />
    </UnitTest>
    <UnitTest name="Create_Instance_With_Type_And_InnerException" storage="c:\_application\bclex-abstract\tests_\system.abstract.tests\bin\debug\system.abstract.tests.dll" id="dc324571-f244-0b4d-d886-87178dee4b78">
      <Execution id="09edb36e-a99a-43d1-bae1-416836f08b3a" />
      <TestMethod codeBase="C:/_APPLICATION/BCLEX-ABSTRACT/TESTS_/System.Abstract.Tests/bin/Debug/System.Abstract.Tests.DLL" adapterTypeName="Microsoft.VisualStudio.TestTools.TestTypes.Unit.UnitTestAdapter, Microsoft.VisualStudio.QualityTools.Tips.UnitTest.Adapter, Version=10.0.0.0, Culture=neutral, PublicKeyToken=b03f5f7f11d50a3a" className="System.Abstract.ServiceBusMessageExceptionTests, System.Abstract.Tests, Version=1.0.0.0, Culture=neutral, PublicKeyToken=null" name="Create_Instance_With_Type_And_InnerException" />
    </UnitTest>
    <UnitTest name="RegisterInstance_Should_Return_Same_Object" storage="c:\_application\bclex-abstract\tests_\contoso.abstract.castlewindsor.tests\bin\debug\contoso.abstract.castlewindsor.tests.dll" id="f9308303-2a14-31ae-be06-73da14ba9562">
      <Execution id="50156bcd-faea-4a87-8e05-26f33a045506" />
      <TestMethod codeBase="C:/_APPLICATION/BCLEX-ABSTRACT/TESTS_/Contoso.Abstract.CastleWindsor.Tests/bin/Debug/Contoso.Abstract.CastleWindsor.Tests.DLL" adapterTypeName="Microsoft.VisualStudio.TestTools.TestTypes.Unit.UnitTestAdapter, Microsoft.VisualStudio.QualityTools.Tips.UnitTest.Adapter, Version=10.0.0.0, Culture=neutral, PublicKeyToken=b03f5f7f11d50a3a" className="Contoso.Abstract.CastleWindsorServiceRegistrarIntegrationTests, Contoso.Abstract.CastleWindsor.Tests, Version=1.0.0.0, Culture=neutral, PublicKeyToken=null" name="RegisterInstance_Should_Return_Same_Object" />
    </UnitTest>
    <UnitTest name="RegisterInstance_Named_Should_Return_Same_Object" storage="c:\_application\bclex-abstract\tests_\contoso.abstract.castlewindsor.tests\bin\debug\contoso.abstract.castlewindsor.tests.dll" id="9b73b71c-7a14-01aa-a9ee-0af64f1d55a2">
      <Execution id="959fed9e-9670-4439-9c47-996dba364a08" />
      <TestMethod codeBase="C:/_APPLICATION/BCLEX-ABSTRACT/TESTS_/Contoso.Abstract.CastleWindsor.Tests/bin/Debug/Contoso.Abstract.CastleWindsor.Tests.DLL" adapterTypeName="Microsoft.VisualStudio.TestTools.TestTypes.Unit.UnitTestAdapter, Microsoft.VisualStudio.QualityTools.Tips.UnitTest.Adapter, Version=10.0.0.0, Culture=neutral, PublicKeyToken=b03f5f7f11d50a3a" className="Contoso.Abstract.CastleWindsorServiceRegistrarIntegrationTests, Contoso.Abstract.CastleWindsor.Tests, Version=1.0.0.0, Culture=neutral, PublicKeyToken=null" name="RegisterInstance_Named_Should_Return_Same_Object" />
    </UnitTest>
    <UnitTest name="GenericAndNonGeneric_ResolveAll_Should_Return_Same_Instace_Types" storage="c:\_application\bclex-abstract\tests_\contoso.abstract.autofac.tests\bin\debug\contoso.abstract.autofac.tests.dll" id="908538ab-071e-9125-2e28-d034e185092d">
      <Execution id="0392cb53-b8fc-4551-b0a5-8c0b4c9e2c0e" />
      <TestMethod codeBase="C:/_APPLICATION/BCLEX-ABSTRACT/TESTS_/Contoso.Abstract.Autofac.Tests/bin/Debug/Contoso.Abstract.Autofac.Tests.DLL" adapterTypeName="Microsoft.VisualStudio.TestTools.TestTypes.Unit.UnitTestAdapter, Microsoft.VisualStudio.QualityTools.Tips.UnitTest.Adapter, Version=10.0.0.0, Culture=neutral, PublicKeyToken=b03f5f7f11d50a3a" className="Contoso.Abstract.AutofacServiceLocatorIntegrationTests, Contoso.Abstract.Autofac.Tests, Version=1.0.0.0, Culture=neutral, PublicKeyToken=null" name="GenericAndNonGeneric_ResolveAll_Should_Return_Same_Instace_Types" />
    </UnitTest>
    <UnitTest name="Ask_For_Unknown_Service_Should_Throw_Exception" storage="c:\_application\bclex-abstract\tests_\contoso.abstract.hiro.tests\bin\debug\contoso.abstract.hiro.tests.dll" id="6f24357c-3128-7e5b-c537-ed35ce115550">
      <Execution id="06ac271f-14e7-4230-b99f-0cf85e7138d3" />
      <TestMethod codeBase="C:/_APPLICATION/BCLEX-ABSTRACT/TESTS_/Contoso.Abstract.Hiro.Tests/bin/Debug/Contoso.Abstract.Hiro.Tests.DLL" adapterTypeName="Microsoft.VisualStudio.TestTools.TestTypes.Unit.UnitTestAdapter, Microsoft.VisualStudio.QualityTools.Tips.UnitTest.Adapter, Version=10.0.0.0, Culture=neutral, PublicKeyToken=b03f5f7f11d50a3a" className="Contoso.Abstract.HiroServiceLocatorIntegrationTests, Contoso.Abstract.Hiro.Tests, Version=1.0.0.0, Culture=neutral, PublicKeyToken=null" name="Ask_For_Unknown_Service_Should_Throw_Exception" />
    </UnitTest>
    <UnitTest name="RegisterInstance_Named_Should_Return_Same_Object" storage="c:\_application\bclex-abstract\tests_\contoso.abstract.hiro.tests\bin\debug\contoso.abstract.hiro.tests.dll" id="cca7341c-4a74-6556-bebd-7c19778b2ba4">
      <Execution id="301145c8-76ab-4465-9a5d-70f5960d948c" />
      <TestMethod codeBase="C:/_APPLICATION/BCLEX-ABSTRACT/TESTS_/Contoso.Abstract.Hiro.Tests/bin/Debug/Contoso.Abstract.Hiro.Tests.DLL" adapterTypeName="Microsoft.VisualStudio.TestTools.TestTypes.Unit.UnitTestAdapter, Microsoft.VisualStudio.QualityTools.Tips.UnitTest.Adapter, Version=10.0.0.0, Culture=neutral, PublicKeyToken=b03f5f7f11d50a3a" className="Contoso.Abstract.HiroServiceRegistrarIntegrationTests, Contoso.Abstract.Hiro.Tests, Version=1.0.0.0, Culture=neutral, PublicKeyToken=null" name="RegisterInstance_Named_Should_Return_Same_Object" />
    </UnitTest>
    <UnitTest name="ResolveAll_For_Unknown_Type_Should_Return_Empty_Enumerable" storage="c:\_application\bclex-abstract\tests_\contoso.abstract.unity.tests\bin\debug\contoso.abstract.unity.tests.dll" id="2459e39d-5dfd-e15d-a646-1391f378b3f6">
      <Execution id="85c7a75d-da52-497a-af37-f99c4a932d55" />
      <TestMethod codeBase="C:/_APPLICATION/BCLEX-ABSTRACT/TESTS_/Contoso.Abstract.Unity.Tests/bin/Debug/Contoso.Abstract.Unity.Tests.DLL" adapterTypeName="Microsoft.VisualStudio.TestTools.TestTypes.Unit.UnitTestAdapter, Microsoft.VisualStudio.QualityTools.Tips.UnitTest.Adapter, Version=10.0.0.0, Culture=neutral, PublicKeyToken=b03f5f7f11d50a3a" className="Contoso.Abstract.UnityServiceLocatorIntegrationTests, Contoso.Abstract.Unity.Tests, Version=1.0.0.0, Culture=neutral, PublicKeyToken=null" name="ResolveAll_For_Unknown_Type_Should_Return_Empty_Enumerable" />
    </UnitTest>
    <UnitTest name="RegisterInstance_GenericNamed_Should_Return_Same_Object" storage="c:\_application\bclex-abstract\tests_\contoso.abstract.ninject.tests\bin\debug\contoso.abstract.ninject.tests.dll" id="b40563fe-0ba5-73cc-8fa8-0d3ccfa0311a">
      <Execution id="c9aa070d-f2d3-4323-987b-3f8c76ce5342" />
      <TestMethod codeBase="C:/_APPLICATION/BCLEX-ABSTRACT/TESTS_/Contoso.Abstract.Ninject.Tests/bin/Debug/Contoso.Abstract.Ninject.Tests.DLL" adapterTypeName="Microsoft.VisualStudio.TestTools.TestTypes.Unit.UnitTestAdapter, Microsoft.VisualStudio.QualityTools.Tips.UnitTest.Adapter, Version=10.0.0.0, Culture=neutral, PublicKeyToken=b03f5f7f11d50a3a" className="Contoso.Abstract.NinjectServiceRegistrarIntegrationTests, Contoso.Abstract.Ninject.Tests, Version=1.0.0.0, Culture=neutral, PublicKeyToken=null" name="RegisterInstance_GenericNamed_Should_Return_Same_Object" />
    </UnitTest>
    <UnitTest name="ResolveGeneric_With_ServiceType_Returns_Generic" storage="c:\_application\bclex-abstract\tests_\system.abstract.tests\bin\debug\system.abstract.tests.dll" id="0ca4fbc8-1b23-24b5-dc09-365065d30058">
      <Execution id="2ed4b834-6af7-4f25-9c8a-9027649ecd85" />
      <TestMethod codeBase="C:/_APPLICATION/BCLEX-ABSTRACT/TESTS_/System.Abstract.Tests/bin/Debug/System.Abstract.Tests.DLL" adapterTypeName="Microsoft.VisualStudio.TestTools.TestTypes.Unit.UnitTestAdapter, Microsoft.VisualStudio.QualityTools.Tips.UnitTest.Adapter, Version=10.0.0.0, Culture=neutral, PublicKeyToken=b03f5f7f11d50a3a" className="System.Abstract.IServiceLocatorExtensionsTests, System.Abstract.Tests, Version=1.0.0.0, Culture=neutral, PublicKeyToken=null" name="ResolveGeneric_With_ServiceType_Returns_Generic" />
    </UnitTest>
    <UnitTest name="Ask_For_Unknown_Service_Should_Throw_Exception" storage="c:\_application\bclex-abstract\tests_\system.abstract.tests\bin\debug\system.abstract.tests.dll" id="1a34db58-e6d9-05bf-a2ac-6d6b7e6f9ec5">
      <Execution id="503d0b33-004f-4e1f-b6e2-c022b817dcbc" />
      <TestMethod codeBase="C:/_APPLICATION/BCLEX-ABSTRACT/TESTS_/System.Abstract.Tests/bin/Debug/System.Abstract.Tests.DLL" adapterTypeName="Microsoft.VisualStudio.TestTools.TestTypes.Unit.UnitTestAdapter, Microsoft.VisualStudio.QualityTools.Tips.UnitTest.Adapter, Version=10.0.0.0, Culture=neutral, PublicKeyToken=b03f5f7f11d50a3a" className="Contoso.Abstract.MicroServiceLocatorIntegrationTests, System.Abstract.Tests, Version=1.0.0.0, Culture=neutral, PublicKeyToken=null" name="Ask_For_Unknown_Service_Should_Throw_Exception" />
    </UnitTest>
    <UnitTest name="Register_With_FactoryMethod_Should_Return_Result_From_Factory" storage="c:\_application\bclex-abstract\tests_\contoso.abstract.castlewindsor.tests\bin\debug\contoso.abstract.castlewindsor.tests.dll" id="9fa0f489-9b0b-613b-aed4-560ef023186c">
      <Execution id="b9dfbcca-c4fd-44ce-8dc4-4eefe5d0ff80" />
      <TestMethod codeBase="C:/_APPLICATION/BCLEX-ABSTRACT/TESTS_/Contoso.Abstract.CastleWindsor.Tests/bin/Debug/Contoso.Abstract.CastleWindsor.Tests.DLL" adapterTypeName="Microsoft.VisualStudio.TestTools.TestTypes.Unit.UnitTestAdapter, Microsoft.VisualStudio.QualityTools.Tips.UnitTest.Adapter, Version=10.0.0.0, Culture=neutral, PublicKeyToken=b03f5f7f11d50a3a" className="Contoso.Abstract.CastleWindsorServiceRegistrarIntegrationTests, Contoso.Abstract.CastleWindsor.Tests, Version=1.0.0.0, Culture=neutral, PublicKeyToken=null" name="Register_With_FactoryMethod_Should_Return_Result_From_Factory" />
    </UnitTest>
    <UnitTest name="ResolveAll_For_Unknown_Type_Should_Return_Empty_Enumerable" storage="c:\_application\bclex-abstract\tests_\contoso.abstract.autofac.tests\bin\debug\contoso.abstract.autofac.tests.dll" id="744b0853-c62c-c0c3-2b59-af8ed1757772">
      <Execution id="b7118e0b-5066-42e5-a1e6-ed7b17355986" />
      <TestMethod codeBase="C:/_APPLICATION/BCLEX-ABSTRACT/TESTS_/Contoso.Abstract.Autofac.Tests/bin/Debug/Contoso.Abstract.Autofac.Tests.DLL" adapterTypeName="Microsoft.VisualStudio.TestTools.TestTypes.Unit.UnitTestAdapter, Microsoft.VisualStudio.QualityTools.Tips.UnitTest.Adapter, Version=10.0.0.0, Culture=neutral, PublicKeyToken=b03f5f7f11d50a3a" className="Contoso.Abstract.AutofacServiceLocatorIntegrationTests, Contoso.Abstract.Autofac.Tests, Version=1.0.0.0, Culture=neutral, PublicKeyToken=null" name="ResolveAll_For_Unknown_Type_Should_Return_Empty_Enumerable" />
    </UnitTest>
    <UnitTest name="RegisterInstance_GenericNamed_Should_Return_Same_Object" storage="c:\_application\bclex-abstract\tests_\contoso.abstract.castlewindsor.tests\bin\debug\contoso.abstract.castlewindsor.tests.dll" id="f0018525-1144-d9f0-4b1c-e385906c693c">
      <Execution id="95f828fd-6673-48ba-9aeb-6d3c5ae35e6c" />
      <TestMethod codeBase="C:/_APPLICATION/BCLEX-ABSTRACT/TESTS_/Contoso.Abstract.CastleWindsor.Tests/bin/Debug/Contoso.Abstract.CastleWindsor.Tests.DLL" adapterTypeName="Microsoft.VisualStudio.TestTools.TestTypes.Unit.UnitTestAdapter, Microsoft.VisualStudio.QualityTools.Tips.UnitTest.Adapter, Version=10.0.0.0, Culture=neutral, PublicKeyToken=b03f5f7f11d50a3a" className="Contoso.Abstract.CastleWindsorServiceRegistrarIntegrationTests, Contoso.Abstract.CastleWindsor.Tests, Version=1.0.0.0, Culture=neutral, PublicKeyToken=null" name="RegisterInstance_GenericNamed_Should_Return_Same_Object" />
    </UnitTest>
    <UnitTest name="RegisterInstance_GenericNamed_Should_Return_Same_Object" storage="c:\_application\bclex-abstract\tests_\contoso.abstract.autofac.tests\bin\debug\contoso.abstract.autofac.tests.dll" id="b358797d-158c-557f-e7c4-0ea951472583">
      <Execution id="6aa0d4a2-dbac-4896-9df4-dea3dd631cec" />
      <TestMethod codeBase="C:/_APPLICATION/BCLEX-ABSTRACT/TESTS_/Contoso.Abstract.Autofac.Tests/bin/Debug/Contoso.Abstract.Autofac.Tests.DLL" adapterTypeName="Microsoft.VisualStudio.TestTools.TestTypes.Unit.UnitTestAdapter, Microsoft.VisualStudio.QualityTools.Tips.UnitTest.Adapter, Version=10.0.0.0, Culture=neutral, PublicKeyToken=b03f5f7f11d50a3a" className="Contoso.Abstract.AutofacServiceRegistrarIntegrationTests, Contoso.Abstract.Autofac.Tests, Version=1.0.0.0, Culture=neutral, PublicKeyToken=null" name="RegisterInstance_GenericNamed_Should_Return_Same_Object" />
    </UnitTest>
    <UnitTest name="Register_With_Specified_Service_Should_Return_Same_Type" storage="c:\_application\bclex-abstract\tests_\contoso.abstract.ninject.tests\bin\debug\contoso.abstract.ninject.tests.dll" id="fff96dab-01e3-47c5-6a3a-9298af3154bf">
      <Execution id="983dde47-c808-4f00-ab1a-d99feaaafc9b" />
      <TestMethod codeBase="C:/_APPLICATION/BCLEX-ABSTRACT/TESTS_/Contoso.Abstract.Ninject.Tests/bin/Debug/Contoso.Abstract.Ninject.Tests.DLL" adapterTypeName="Microsoft.VisualStudio.TestTools.TestTypes.Unit.UnitTestAdapter, Microsoft.VisualStudio.QualityTools.Tips.UnitTest.Adapter, Version=10.0.0.0, Culture=neutral, PublicKeyToken=b03f5f7f11d50a3a" className="Contoso.Abstract.NinjectServiceRegistrarIntegrationTests, Contoso.Abstract.Ninject.Tests, Version=1.0.0.0, Culture=neutral, PublicKeyToken=null" name="Register_With_Specified_Service_Should_Return_Same_Type" />
    </UnitTest>
    <UnitTest name="NonGeneric_Asking_For_Invalid_Service_Should_Raise_Exception" storage="c:\_application\bclex-abstract\tests_\contoso.abstract.autofac.tests\bin\debug\contoso.abstract.autofac.tests.dll" id="8454ff2c-c533-0151-2570-26d16a62a8d3">
      <Execution id="0d0eae8b-817a-43d7-ad9d-3585c6c9dfca" />
      <TestMethod codeBase="C:/_APPLICATION/BCLEX-ABSTRACT/TESTS_/Contoso.Abstract.Autofac.Tests/bin/Debug/Contoso.Abstract.Autofac.Tests.DLL" adapterTypeName="Microsoft.VisualStudio.TestTools.TestTypes.Unit.UnitTestAdapter, Microsoft.VisualStudio.QualityTools.Tips.UnitTest.Adapter, Version=10.0.0.0, Culture=neutral, PublicKeyToken=b03f5f7f11d50a3a" className="Contoso.Abstract.AutofacServiceLocatorIntegrationTests, Contoso.Abstract.Autofac.Tests, Version=1.0.0.0, Culture=neutral, PublicKeyToken=null" name="NonGeneric_Asking_For_Invalid_Service_Should_Raise_Exception" />
    </UnitTest>
    <UnitTest name="Register_Generic_With_FactoryMethod_Should_Return_Result_From_Factory" storage="c:\_application\bclex-abstract\tests_\contoso.abstract.structuremap.tests\bin\debug\contoso.abstract.structuremap.tests.dll" id="1a4818da-b7f9-6d04-9c24-8a408a560be4">
      <Execution id="8bd04a11-0748-4846-8822-e8111110d526" />
      <TestMethod codeBase="C:/_APPLICATION/BCLEX-ABSTRACT/TESTS_/Contoso.Abstract.StructureMap.Tests/bin/Debug/Contoso.Abstract.StructureMap.Tests.DLL" adapterTypeName="Microsoft.VisualStudio.TestTools.TestTypes.Unit.UnitTestAdapter, Microsoft.VisualStudio.QualityTools.Tips.UnitTest.Adapter, Version=10.0.0.0, Culture=neutral, PublicKeyToken=b03f5f7f11d50a3a" className="Contoso.Abstract.StructureMapServiceRegistrarIntegrationTests, Contoso.Abstract.StructureMap.Tests, Version=1.0.0.0, Culture=neutral, PublicKeyToken=null" name="Register_Generic_With_FactoryMethod_Should_Return_Result_From_Factory" />
    </UnitTest>
    <UnitTest name="RegisterInstance_Named_Should_Return_Same_Object" storage="c:\_application\bclex-abstract\tests_\contoso.abstract.autofac.tests\bin\debug\contoso.abstract.autofac.tests.dll" id="cbd98621-1798-4b5a-f684-3e20f7694b69">
      <Execution id="38973167-32b5-493b-9d8d-9bea4599d153" />
      <TestMethod codeBase="C:/_APPLICATION/BCLEX-ABSTRACT/TESTS_/Contoso.Abstract.Autofac.Tests/bin/Debug/Contoso.Abstract.Autofac.Tests.DLL" adapterTypeName="Microsoft.VisualStudio.TestTools.TestTypes.Unit.UnitTestAdapter, Microsoft.VisualStudio.QualityTools.Tips.UnitTest.Adapter, Version=10.0.0.0, Culture=neutral, PublicKeyToken=b03f5f7f11d50a3a" className="Contoso.Abstract.AutofacServiceRegistrarIntegrationTests, Contoso.Abstract.Autofac.Tests, Version=1.0.0.0, Culture=neutral, PublicKeyToken=null" name="RegisterInstance_Named_Should_Return_Same_Object" />
    </UnitTest>
    <UnitTest name="Register_With_Implementation_Type_Should_Return_Same_Type" storage="c:\_application\bclex-abstract\tests_\contoso.abstract.structuremap.tests\bin\debug\contoso.abstract.structuremap.tests.dll" id="5d4e4645-6895-114f-aa58-55586ebd0011">
      <Execution id="ccadca73-98e9-4ae2-9d1e-a63048eabfa9" />
      <TestMethod codeBase="C:/_APPLICATION/BCLEX-ABSTRACT/TESTS_/Contoso.Abstract.StructureMap.Tests/bin/Debug/Contoso.Abstract.StructureMap.Tests.DLL" adapterTypeName="Microsoft.VisualStudio.TestTools.TestTypes.Unit.UnitTestAdapter, Microsoft.VisualStudio.QualityTools.Tips.UnitTest.Adapter, Version=10.0.0.0, Culture=neutral, PublicKeyToken=b03f5f7f11d50a3a" className="Contoso.Abstract.StructureMapServiceRegistrarIntegrationTests, Contoso.Abstract.StructureMap.Tests, Version=1.0.0.0, Culture=neutral, PublicKeyToken=null" name="Register_With_Implementation_Type_Should_Return_Same_Type" />
    </UnitTest>
    <UnitTest name="Register_With_Specified_Type_Should_Return_Same_Type" storage="c:\_application\bclex-abstract\tests_\contoso.abstract.structuremap.tests\bin\debug\contoso.abstract.structuremap.tests.dll" id="f6be99e3-05de-77b5-d77f-abb08c4a35ec">
      <Execution id="3527a02a-b306-4485-9d76-a1c3586f1510" />
      <TestMethod codeBase="C:/_APPLICATION/BCLEX-ABSTRACT/TESTS_/Contoso.Abstract.StructureMap.Tests/bin/Debug/Contoso.Abstract.StructureMap.Tests.DLL" adapterTypeName="Microsoft.VisualStudio.TestTools.TestTypes.Unit.UnitTestAdapter, Microsoft.VisualStudio.QualityTools.Tips.UnitTest.Adapter, Version=10.0.0.0, Culture=neutral, PublicKeyToken=b03f5f7f11d50a3a" className="Contoso.Abstract.StructureMapServiceRegistrarIntegrationTests, Contoso.Abstract.StructureMap.Tests, Version=1.0.0.0, Culture=neutral, PublicKeyToken=null" name="Register_With_Specified_Type_Should_Return_Same_Type" />
    </UnitTest>
    <UnitTest name="ResolveAll_Should_Return_All_Registered_UnNamed_Services" storage="c:\_application\bclex-abstract\tests_\contoso.abstract.ninject.tests\bin\debug\contoso.abstract.ninject.tests.dll" id="8fecd55f-b11e-0cb0-7513-0756f2adff38">
      <Execution id="256c72cd-cfb9-4b2a-9758-77c78a104b5c" />
      <TestMethod codeBase="C:/_APPLICATION/BCLEX-ABSTRACT/TESTS_/Contoso.Abstract.Ninject.Tests/bin/Debug/Contoso.Abstract.Ninject.Tests.DLL" adapterTypeName="Microsoft.VisualStudio.TestTools.TestTypes.Unit.UnitTestAdapter, Microsoft.VisualStudio.QualityTools.Tips.UnitTest.Adapter, Version=10.0.0.0, Culture=neutral, PublicKeyToken=b03f5f7f11d50a3a" className="Contoso.Abstract.NinjectServiceLocatorIntegrationTests, Contoso.Abstract.Ninject.Tests, Version=1.0.0.0, Culture=neutral, PublicKeyToken=null" name="ResolveAll_Should_Return_All_Registered_UnNamed_Services" />
    </UnitTest>
    <UnitTest name="FlushAll_Should_Be_Called" storage="c:\_application\bclex-abstract\tests_\contoso.abstract.memcached.tests\bin\debug\contoso.abstract.memcached.tests.dll" id="0ca6fab8-b6ce-c296-df70-89ac46d286bd">
      <Execution id="24d81e45-4384-4b08-baa2-ead0a02e6d2d" />
      <TestMethod codeBase="C:/_APPLICATION/BCLEX-ABSTRACT/TESTS_/Contoso.Abstract.Memcached.Tests/bin/Debug/Contoso.Abstract.Memcached.Tests.DLL" adapterTypeName="Microsoft.VisualStudio.TestTools.TestTypes.Unit.UnitTestAdapter, Microsoft.VisualStudio.QualityTools.Tips.UnitTest.Adapter, Version=10.0.0.0, Culture=neutral, PublicKeyToken=b03f5f7f11d50a3a" className="Contoso.Abstract.DispatcherTests, Contoso.Abstract.Memcached.Tests, Version=1.0.0.0, Culture=neutral, PublicKeyToken=null" name="FlushAll_Should_Be_Called" />
    </UnitTest>
    <UnitTest name="Asking_For_Invalid_Service_Should_Raise_Exception" storage="c:\_application\bclex-abstract\tests_\contoso.abstract.hiro.tests\bin\debug\contoso.abstract.hiro.tests.dll" id="bbb35f75-d6db-5574-9cea-412bad9e33be">
      <Execution id="3cd27f8f-4513-4498-a832-11e0e06f06e0" />
      <TestMethod codeBase="C:/_APPLICATION/BCLEX-ABSTRACT/TESTS_/Contoso.Abstract.Hiro.Tests/bin/Debug/Contoso.Abstract.Hiro.Tests.DLL" adapterTypeName="Microsoft.VisualStudio.TestTools.TestTypes.Unit.UnitTestAdapter, Microsoft.VisualStudio.QualityTools.Tips.UnitTest.Adapter, Version=10.0.0.0, Culture=neutral, PublicKeyToken=b03f5f7f11d50a3a" className="Contoso.Abstract.HiroServiceLocatorIntegrationTests, Contoso.Abstract.Hiro.Tests, Version=1.0.0.0, Culture=neutral, PublicKeyToken=null" name="Asking_For_Invalid_Service_Should_Raise_Exception" />
    </UnitTest>
    <UnitTest name="Register_With_Specified_Service_And_Type_Should_Return_Same_Type" storage="c:\_application\bclex-abstract\tests_\contoso.abstract.ninject.tests\bin\debug\contoso.abstract.ninject.tests.dll" id="fe721e7c-a48b-7869-2654-9ea83f01833f">
      <Execution id="5a2781b6-40cb-4c83-bf6a-fe9b20a3dc06" />
      <TestMethod codeBase="C:/_APPLICATION/BCLEX-ABSTRACT/TESTS_/Contoso.Abstract.Ninject.Tests/bin/Debug/Contoso.Abstract.Ninject.Tests.DLL" adapterTypeName="Microsoft.VisualStudio.TestTools.TestTypes.Unit.UnitTestAdapter, Microsoft.VisualStudio.QualityTools.Tips.UnitTest.Adapter, Version=10.0.0.0, Culture=neutral, PublicKeyToken=b03f5f7f11d50a3a" className="Contoso.Abstract.NinjectServiceRegistrarIntegrationTests, Contoso.Abstract.Ninject.Tests, Version=1.0.0.0, Culture=neutral, PublicKeyToken=null" name="Register_With_Specified_Service_And_Type_Should_Return_Same_Type" />
    </UnitTest>
    <UnitTest name="ResolveAll_Should_Return_All_Registered_Named_Services" storage="c:\_application\bclex-abstract\tests_\contoso.abstract.hiro.tests\bin\debug\contoso.abstract.hiro.tests.dll" id="78468ea6-5bbd-3ee4-9e21-b90912df0729">
      <Execution id="77595299-75f2-4043-89d4-139f2a8de83b" />
      <TestMethod codeBase="C:/_APPLICATION/BCLEX-ABSTRACT/TESTS_/Contoso.Abstract.Hiro.Tests/bin/Debug/Contoso.Abstract.Hiro.Tests.DLL" adapterTypeName="Microsoft.VisualStudio.TestTools.TestTypes.Unit.UnitTestAdapter, Microsoft.VisualStudio.QualityTools.Tips.UnitTest.Adapter, Version=10.0.0.0, Culture=neutral, PublicKeyToken=b03f5f7f11d50a3a" className="Contoso.Abstract.HiroServiceLocatorIntegrationTests, Contoso.Abstract.Hiro.Tests, Version=1.0.0.0, Culture=neutral, PublicKeyToken=null" name="ResolveAll_Should_Return_All_Registered_Named_Services" />
    </UnitTest>
    <UnitTest name="Register_With_Specified_Service_And_Type_Should_Return_Same_Type" storage="c:\_application\bclex-abstract\tests_\contoso.abstract.structuremap.tests\bin\debug\contoso.abstract.structuremap.tests.dll" id="166e505c-283c-a9bc-d45c-4320bfda9eed">
      <Execution id="1df8002f-74d7-40ce-9469-e85d1f68de3c" />
      <TestMethod codeBase="C:/_APPLICATION/BCLEX-ABSTRACT/TESTS_/Contoso.Abstract.StructureMap.Tests/bin/Debug/Contoso.Abstract.StructureMap.Tests.DLL" adapterTypeName="Microsoft.VisualStudio.TestTools.TestTypes.Unit.UnitTestAdapter, Microsoft.VisualStudio.QualityTools.Tips.UnitTest.Adapter, Version=10.0.0.0, Culture=neutral, PublicKeyToken=b03f5f7f11d50a3a" className="Contoso.Abstract.StructureMapServiceRegistrarIntegrationTests, Contoso.Abstract.StructureMap.Tests, Version=1.0.0.0, Culture=neutral, PublicKeyToken=null" name="Register_With_Specified_Service_And_Type_Should_Return_Same_Type" />
    </UnitTest>
    <UnitTest name="Resolve_Should_Return_Valid_Instance" storage="c:\_application\bclex-abstract\tests_\contoso.abstract.structuremap.tests\bin\debug\contoso.abstract.structuremap.tests.dll" id="2ad264b0-41b2-005f-65ab-9fcffdd2e7fb">
      <Execution id="38f44b1f-adbe-4e1f-901a-2f62fc2b77fc" />
      <TestMethod codeBase="C:/_APPLICATION/BCLEX-ABSTRACT/TESTS_/Contoso.Abstract.StructureMap.Tests/bin/Debug/Contoso.Abstract.StructureMap.Tests.DLL" adapterTypeName="Microsoft.VisualStudio.TestTools.TestTypes.Unit.UnitTestAdapter, Microsoft.VisualStudio.QualityTools.Tips.UnitTest.Adapter, Version=10.0.0.0, Culture=neutral, PublicKeyToken=b03f5f7f11d50a3a" className="Contoso.Abstract.StructureMapServiceLocatorIntegrationTests, Contoso.Abstract.StructureMap.Tests, Version=1.0.0.0, Culture=neutral, PublicKeyToken=null" name="Resolve_Should_Return_Valid_Instance" />
    </UnitTest>
    <UnitTest name="HasRegistered" storage="c:\_application\bclex-abstract\tests_\contoso.abstract.structuremap.tests\bin\debug\contoso.abstract.structuremap.tests.dll" id="a4d5b1ec-a10b-b8f9-087f-1bde5d98361c">
      <Execution id="d3636ea9-5b43-41c6-8bb8-53be1b41253a" />
      <TestMethod codeBase="C:/_APPLICATION/BCLEX-ABSTRACT/TESTS_/Contoso.Abstract.StructureMap.Tests/bin/Debug/Contoso.Abstract.StructureMap.Tests.DLL" adapterTypeName="Microsoft.VisualStudio.TestTools.TestTypes.Unit.UnitTestAdapter, Microsoft.VisualStudio.QualityTools.Tips.UnitTest.Adapter, Version=10.0.0.0, Culture=neutral, PublicKeyToken=b03f5f7f11d50a3a" className="Contoso.Abstract.StructureMapServiceRegistrarIntegrationTests, Contoso.Abstract.StructureMap.Tests, Version=1.0.0.0, Culture=neutral, PublicKeyToken=null" name="HasRegistered" />
    </UnitTest>
    <UnitTest name="Ask_For_Named_Instance" storage="c:\_application\bclex-abstract\tests_\contoso.abstract.hiro.tests\bin\debug\contoso.abstract.hiro.tests.dll" id="55342f43-011c-1e57-fa43-5b16dcd46574">
      <Execution id="20b9118e-64f1-4392-bd63-cefc913d711c" />
      <TestMethod codeBase="C:/_APPLICATION/BCLEX-ABSTRACT/TESTS_/Contoso.Abstract.Hiro.Tests/bin/Debug/Contoso.Abstract.Hiro.Tests.DLL" adapterTypeName="Microsoft.VisualStudio.TestTools.TestTypes.Unit.UnitTestAdapter, Microsoft.VisualStudio.QualityTools.Tips.UnitTest.Adapter, Version=10.0.0.0, Culture=neutral, PublicKeyToken=b03f5f7f11d50a3a" className="Contoso.Abstract.HiroServiceLocatorIntegrationTests, Contoso.Abstract.Hiro.Tests, Version=1.0.0.0, Culture=neutral, PublicKeyToken=null" name="Ask_For_Named_Instance" />
    </UnitTest>
    <UnitTest name="RegisterInstance_Should_Return_Same_Object" storage="c:\_application\bclex-abstract\tests_\contoso.abstract.hiro.tests\bin\debug\contoso.abstract.hiro.tests.dll" id="555f89c4-faab-4d57-863b-b3b6bc9ce4f1">
      <Execution id="0d9da764-c0a7-4d6e-9738-7831c91d9240" />
      <TestMethod codeBase="C:/_APPLICATION/BCLEX-ABSTRACT/TESTS_/Contoso.Abstract.Hiro.Tests/bin/Debug/Contoso.Abstract.Hiro.Tests.DLL" adapterTypeName="Microsoft.VisualStudio.TestTools.TestTypes.Unit.UnitTestAdapter, Microsoft.VisualStudio.QualityTools.Tips.UnitTest.Adapter, Version=10.0.0.0, Culture=neutral, PublicKeyToken=b03f5f7f11d50a3a" className="Contoso.Abstract.HiroServiceRegistrarIntegrationTests, Contoso.Abstract.Hiro.Tests, Version=1.0.0.0, Culture=neutral, PublicKeyToken=null" name="RegisterInstance_Should_Return_Same_Object" />
    </UnitTest>
    <UnitTest name="Asking_For_Invalid_Service_Should_Raise_Exception" storage="c:\_application\bclex-abstract\tests_\contoso.abstract.autofac.tests\bin\debug\contoso.abstract.autofac.tests.dll" id="2fb31036-0a0d-6fc3-2c85-8262a34e3245">
      <Execution id="32b641c6-9ab5-40d4-922d-f732380dcac3" />
      <TestMethod codeBase="C:/_APPLICATION/BCLEX-ABSTRACT/TESTS_/Contoso.Abstract.Autofac.Tests/bin/Debug/Contoso.Abstract.Autofac.Tests.DLL" adapterTypeName="Microsoft.VisualStudio.TestTools.TestTypes.Unit.UnitTestAdapter, Microsoft.VisualStudio.QualityTools.Tips.UnitTest.Adapter, Version=10.0.0.0, Culture=neutral, PublicKeyToken=b03f5f7f11d50a3a" className="Contoso.Abstract.AutofacServiceLocatorIntegrationTests, Contoso.Abstract.Autofac.Tests, Version=1.0.0.0, Culture=neutral, PublicKeyToken=null" name="Asking_For_Invalid_Service_Should_Raise_Exception" />
    </UnitTest>
    <UnitTest name="GetRegistrationsFor" storage="c:\_application\bclex-abstract\tests_\contoso.abstract.structuremap.tests\bin\debug\contoso.abstract.structuremap.tests.dll" id="b51413fd-5ff7-85f1-7a1a-e27e82fd8c73">
      <Execution id="2bc5d7e1-e517-4386-845c-32b88e7faa7e" />
      <TestMethod codeBase="C:/_APPLICATION/BCLEX-ABSTRACT/TESTS_/Contoso.Abstract.StructureMap.Tests/bin/Debug/Contoso.Abstract.StructureMap.Tests.DLL" adapterTypeName="Microsoft.VisualStudio.TestTools.TestTypes.Unit.UnitTestAdapter, Microsoft.VisualStudio.QualityTools.Tips.UnitTest.Adapter, Version=10.0.0.0, Culture=neutral, PublicKeyToken=b03f5f7f11d50a3a" className="Contoso.Abstract.StructureMapServiceRegistrarIntegrationTests, Contoso.Abstract.StructureMap.Tests, Version=1.0.0.0, Culture=neutral, PublicKeyToken=null" name="GetRegistrationsFor" />
    </UnitTest>
    <UnitTest name="HasRegistered" storage="c:\_application\bclex-abstract\tests_\contoso.abstract.ninject.tests\bin\debug\contoso.abstract.ninject.tests.dll" id="85cc540e-89c9-eb95-3f74-1ef61675698d">
      <Execution id="beaef57e-a844-4708-b1b1-55ab2e5f9088" />
      <TestMethod codeBase="C:/_APPLICATION/BCLEX-ABSTRACT/TESTS_/Contoso.Abstract.Ninject.Tests/bin/Debug/Contoso.Abstract.Ninject.Tests.DLL" adapterTypeName="Microsoft.VisualStudio.TestTools.TestTypes.Unit.UnitTestAdapter, Microsoft.VisualStudio.QualityTools.Tips.UnitTest.Adapter, Version=10.0.0.0, Culture=neutral, PublicKeyToken=b03f5f7f11d50a3a" className="Contoso.Abstract.NinjectServiceRegistrarIntegrationTests, Contoso.Abstract.Ninject.Tests, Version=1.0.0.0, Culture=neutral, PublicKeyToken=null" name="HasRegistered" />
    </UnitTest>
    <UnitTest name="Send_With_StringDestination_And_Message_Sends" storage="c:\_application\bclex-abstract\tests_\system.abstract.tests\bin\debug\system.abstract.tests.dll" id="e3635184-5e63-a8cd-60a8-93807cba961e">
      <Execution id="8dd29b5a-866a-4c82-befa-143a66acddc9" />
      <TestMethod codeBase="C:/_APPLICATION/BCLEX-ABSTRACT/TESTS_/System.Abstract.Tests/bin/Debug/System.Abstract.Tests.DLL" adapterTypeName="Microsoft.VisualStudio.TestTools.TestTypes.Unit.UnitTestAdapter, Microsoft.VisualStudio.QualityTools.Tips.UnitTest.Adapter, Version=10.0.0.0, Culture=neutral, PublicKeyToken=b03f5f7f11d50a3a" className="System.Abstract.IServiceBusExtensionsTests, System.Abstract.Tests, Version=1.0.0.0, Culture=neutral, PublicKeyToken=null" name="Send_With_StringDestination_And_Message_Sends" />
    </UnitTest>
    <UnitTest name="CreateMessage_Should_Return_Valid_Instance" storage="c:\_application\bclex-abstract\tests_\system.abstract.tests\bin\debug\system.abstract.tests.dll" id="10f80cb0-043c-d687-79da-3e12dcda665c">
      <Execution id="335f5f9f-e9f0-4bff-aeb8-251f4e5eea23" />
      <TestMethod codeBase="C:/_APPLICATION/BCLEX-ABSTRACT/TESTS_/System.Abstract.Tests/bin/Debug/System.Abstract.Tests.DLL" adapterTypeName="Microsoft.VisualStudio.TestTools.TestTypes.Unit.UnitTestAdapter, Microsoft.VisualStudio.QualityTools.Tips.UnitTest.Adapter, Version=10.0.0.0, Culture=neutral, PublicKeyToken=b03f5f7f11d50a3a" className="Contoso.Abstract.EventSourcing.FileAggregateRootSnapshotStoreIntegrationTests, System.Abstract.Tests, Version=1.0.0.0, Culture=neutral, PublicKeyToken=null" name="CreateMessage_Should_Return_Valid_Instance" />
    </UnitTest>
    <UnitTest name="Ask_For_Named_Instance" storage="c:\_application\bclex-abstract\tests_\contoso.abstract.ninject.tests\bin\debug\contoso.abstract.ninject.tests.dll" id="abf0d0e3-385f-7f06-bad6-d3e054a1f2e8">
      <Execution id="828cf8f7-56ba-47d6-baff-b2e27920578f" />
      <TestMethod codeBase="C:/_APPLICATION/BCLEX-ABSTRACT/TESTS_/Contoso.Abstract.Ninject.Tests/bin/Debug/Contoso.Abstract.Ninject.Tests.DLL" adapterTypeName="Microsoft.VisualStudio.TestTools.TestTypes.Unit.UnitTestAdapter, Microsoft.VisualStudio.QualityTools.Tips.UnitTest.Adapter, Version=10.0.0.0, Culture=neutral, PublicKeyToken=b03f5f7f11d50a3a" className="Contoso.Abstract.NinjectServiceLocatorIntegrationTests, Contoso.Abstract.Ninject.Tests, Version=1.0.0.0, Culture=neutral, PublicKeyToken=null" name="Ask_For_Named_Instance" />
    </UnitTest>
    <UnitTest name="RegisterInstance_Should_Return_Same_Object" storage="c:\_application\bclex-abstract\tests_\contoso.abstract.autofac.tests\bin\debug\contoso.abstract.autofac.tests.dll" id="df1d9981-fb55-c102-789b-220ed7100e6d">
      <Execution id="38b36eb7-96c0-4445-bd0f-3ac04385225d" />
      <TestMethod codeBase="C:/_APPLICATION/BCLEX-ABSTRACT/TESTS_/Contoso.Abstract.Autofac.Tests/bin/Debug/Contoso.Abstract.Autofac.Tests.DLL" adapterTypeName="Microsoft.VisualStudio.TestTools.TestTypes.Unit.UnitTestAdapter, Microsoft.VisualStudio.QualityTools.Tips.UnitTest.Adapter, Version=10.0.0.0, Culture=neutral, PublicKeyToken=b03f5f7f11d50a3a" className="Contoso.Abstract.AutofacServiceRegistrarIntegrationTests, Contoso.Abstract.Autofac.Tests, Version=1.0.0.0, Culture=neutral, PublicKeyToken=null" name="RegisterInstance_Should_Return_Same_Object" />
    </UnitTest>
    <UnitTest name="NonGeneric_Ask_For_Unknown_Service_Should_Throw_Exception" storage="c:\_application\bclex-abstract\tests_\contoso.abstract.structuremap.tests\bin\debug\contoso.abstract.structuremap.tests.dll" id="495449c3-ce9a-c878-75dd-f253264b4115">
      <Execution id="3ff8a9fb-dc70-4080-b013-ca2d34aafebb" />
      <TestMethod codeBase="C:/_APPLICATION/BCLEX-ABSTRACT/TESTS_/Contoso.Abstract.StructureMap.Tests/bin/Debug/Contoso.Abstract.StructureMap.Tests.DLL" adapterTypeName="Microsoft.VisualStudio.TestTools.TestTypes.Unit.UnitTestAdapter, Microsoft.VisualStudio.QualityTools.Tips.UnitTest.Adapter, Version=10.0.0.0, Culture=neutral, PublicKeyToken=b03f5f7f11d50a3a" className="Contoso.Abstract.StructureMapServiceLocatorIntegrationTests, Contoso.Abstract.StructureMap.Tests, Version=1.0.0.0, Culture=neutral, PublicKeyToken=null" name="NonGeneric_Ask_For_Unknown_Service_Should_Throw_Exception" />
    </UnitTest>
    <UnitTest name="NonGeneric_Ask_For_Unknown_Service_Should_Throw_Exception" storage="c:\_application\bclex-abstract\tests_\system.abstract.tests\bin\debug\system.abstract.tests.dll" id="9ace4fb3-3a0c-e385-e948-c7d131017e1a">
      <Execution id="d0ff8e02-36e0-4ca8-8b6b-f7bb74592fec" />
      <TestMethod codeBase="C:/_APPLICATION/BCLEX-ABSTRACT/TESTS_/System.Abstract.Tests/bin/Debug/System.Abstract.Tests.DLL" adapterTypeName="Microsoft.VisualStudio.TestTools.TestTypes.Unit.UnitTestAdapter, Microsoft.VisualStudio.QualityTools.Tips.UnitTest.Adapter, Version=10.0.0.0, Culture=neutral, PublicKeyToken=b03f5f7f11d50a3a" className="Contoso.Abstract.MicroServiceLocatorIntegrationTests, System.Abstract.Tests, Version=1.0.0.0, Culture=neutral, PublicKeyToken=null" name="NonGeneric_Ask_For_Unknown_Service_Should_Throw_Exception" />
    </UnitTest>
    <UnitTest name="Register_With_Implementation_Type_Should_Return_Same_Type" storage="c:\_application\bclex-abstract\tests_\system.abstract.tests\bin\debug\system.abstract.tests.dll" id="b23bfb30-1f11-e11b-3ee3-5d79a8a9be64">
      <Execution id="2730829e-77c9-4aa9-ae65-87977bff695f" />
      <TestMethod codeBase="C:/_APPLICATION/BCLEX-ABSTRACT/TESTS_/System.Abstract.Tests/bin/Debug/System.Abstract.Tests.DLL" adapterTypeName="Microsoft.VisualStudio.TestTools.TestTypes.Unit.UnitTestAdapter, Microsoft.VisualStudio.QualityTools.Tips.UnitTest.Adapter, Version=10.0.0.0, Culture=neutral, PublicKeyToken=b03f5f7f11d50a3a" className="Contoso.Abstract.MicroServiceRegistrarIntegrationTests, System.Abstract.Tests, Version=1.0.0.0, Culture=neutral, PublicKeyToken=null" name="Register_With_Implementation_Type_Should_Return_Same_Type" />
    </UnitTest>
    <UnitTest name="Register_With_Keyed_Type_Should_Return_Same_Type" storage="c:\_application\bclex-abstract\tests_\contoso.abstract.unity.tests\bin\debug\contoso.abstract.unity.tests.dll" id="10568faf-3cb4-2005-1fb8-2bfe100717a0">
      <Execution id="7450542a-82a1-4d43-9690-b2e9deb459aa" />
      <TestMethod codeBase="C:/_APPLICATION/BCLEX-ABSTRACT/TESTS_/Contoso.Abstract.Unity.Tests/bin/Debug/Contoso.Abstract.Unity.Tests.DLL" adapterTypeName="Microsoft.VisualStudio.TestTools.TestTypes.Unit.UnitTestAdapter, Microsoft.VisualStudio.QualityTools.Tips.UnitTest.Adapter, Version=10.0.0.0, Culture=neutral, PublicKeyToken=b03f5f7f11d50a3a" className="Contoso.Abstract.UnityServiceRegistrarIntegrationTests, Contoso.Abstract.Unity.Tests, Version=1.0.0.0, Culture=neutral, PublicKeyToken=null" name="Register_With_Keyed_Type_Should_Return_Same_Type" />
    </UnitTest>
    <UnitTest name="NonGeneric_Ask_For_Unknown_Service_Should_Throw_Exception" storage="c:\_application\bclex-abstract\tests_\contoso.abstract.hiro.tests\bin\debug\contoso.abstract.hiro.tests.dll" id="35778a12-1834-31ce-9eba-247d0d1b4fb9">
      <Execution id="ba62033a-629d-48b7-927c-4fcb55d97bb9" />
      <TestMethod codeBase="C:/_APPLICATION/BCLEX-ABSTRACT/TESTS_/Contoso.Abstract.Hiro.Tests/bin/Debug/Contoso.Abstract.Hiro.Tests.DLL" adapterTypeName="Microsoft.VisualStudio.TestTools.TestTypes.Unit.UnitTestAdapter, Microsoft.VisualStudio.QualityTools.Tips.UnitTest.Adapter, Version=10.0.0.0, Culture=neutral, PublicKeyToken=b03f5f7f11d50a3a" className="Contoso.Abstract.HiroServiceLocatorIntegrationTests, Contoso.Abstract.Hiro.Tests, Version=1.0.0.0, Culture=neutral, PublicKeyToken=null" name="NonGeneric_Ask_For_Unknown_Service_Should_Throw_Exception" />
    </UnitTest>
    <UnitTest name="Asking_For_UnRegistered_Service_Return_Valid_Instance" storage="c:\_application\bclex-abstract\tests_\contoso.abstract.hiro.tests\bin\debug\contoso.abstract.hiro.tests.dll" id="06f82377-dabf-945c-4f34-98e46c632fa3">
      <Execution id="f4527c2c-15f1-4e69-82a5-283fc5b0b34e" />
      <TestMethod codeBase="C:/_APPLICATION/BCLEX-ABSTRACT/TESTS_/Contoso.Abstract.Hiro.Tests/bin/Debug/Contoso.Abstract.Hiro.Tests.DLL" adapterTypeName="Microsoft.VisualStudio.TestTools.TestTypes.Unit.UnitTestAdapter, Microsoft.VisualStudio.QualityTools.Tips.UnitTest.Adapter, Version=10.0.0.0, Culture=neutral, PublicKeyToken=b03f5f7f11d50a3a" className="Contoso.Abstract.HiroServiceLocatorIntegrationTests, Contoso.Abstract.Hiro.Tests, Version=1.0.0.0, Culture=neutral, PublicKeyToken=null" name="Asking_For_UnRegistered_Service_Return_Valid_Instance" />
    </UnitTest>
    <UnitTest name="Create_Instance_With_Type" storage="c:\_application\bclex-abstract\tests_\system.abstract.tests\bin\debug\system.abstract.tests.dll" id="81ca9a0d-1813-c148-6b9b-e57b44a8784b">
      <Execution id="ee77a575-95fc-4ee8-ad0e-9ebe92536264" />
      <TestMethod codeBase="C:/_APPLICATION/BCLEX-ABSTRACT/TESTS_/System.Abstract.Tests/bin/Debug/System.Abstract.Tests.DLL" adapterTypeName="Microsoft.VisualStudio.TestTools.TestTypes.Unit.UnitTestAdapter, Microsoft.VisualStudio.QualityTools.Tips.UnitTest.Adapter, Version=10.0.0.0, Culture=neutral, PublicKeyToken=b03f5f7f11d50a3a" className="System.Abstract.ServiceBusMessageExceptionTests, System.Abstract.Tests, Version=1.0.0.0, Culture=neutral, PublicKeyToken=null" name="Create_Instance_With_Type" />
    </UnitTest>
    <UnitTest name="Register_Generic_With_FactoryMethod_Should_Return_Result_From_Factory" storage="c:\_application\bclex-abstract\tests_\contoso.abstract.autofac.tests\bin\debug\contoso.abstract.autofac.tests.dll" id="3ec0ba34-5271-36db-4cea-a697d73b2f5d">
      <Execution id="765b0457-94bd-4fbc-b5e8-39bc46854bf4" />
      <TestMethod codeBase="C:/_APPLICATION/BCLEX-ABSTRACT/TESTS_/Contoso.Abstract.Autofac.Tests/bin/Debug/Contoso.Abstract.Autofac.Tests.DLL" adapterTypeName="Microsoft.VisualStudio.TestTools.TestTypes.Unit.UnitTestAdapter, Microsoft.VisualStudio.QualityTools.Tips.UnitTest.Adapter, Version=10.0.0.0, Culture=neutral, PublicKeyToken=b03f5f7f11d50a3a" className="Contoso.Abstract.AutofacServiceRegistrarIntegrationTests, Contoso.Abstract.Autofac.Tests, Version=1.0.0.0, Culture=neutral, PublicKeyToken=null" name="Register_Generic_With_FactoryMethod_Should_Return_Result_From_Factory" />
    </UnitTest>
    <UnitTest name="Register_With_Specified_Service_And_Type_Should_Return_Same_Type" storage="c:\_application\bclex-abstract\tests_\contoso.abstract.hiro.tests\bin\debug\contoso.abstract.hiro.tests.dll" id="fc06c757-eb14-53da-a269-75735d71c12a">
      <Execution id="d5f32be7-315f-4a10-a8d0-5f7fe056e35d" />
      <TestMethod codeBase="C:/_APPLICATION/BCLEX-ABSTRACT/TESTS_/Contoso.Abstract.Hiro.Tests/bin/Debug/Contoso.Abstract.Hiro.Tests.DLL" adapterTypeName="Microsoft.VisualStudio.TestTools.TestTypes.Unit.UnitTestAdapter, Microsoft.VisualStudio.QualityTools.Tips.UnitTest.Adapter, Version=10.0.0.0, Culture=neutral, PublicKeyToken=b03f5f7f11d50a3a" className="Contoso.Abstract.HiroServiceRegistrarIntegrationTests, Contoso.Abstract.Hiro.Tests, Version=1.0.0.0, Culture=neutral, PublicKeyToken=null" name="Register_With_Specified_Service_And_Type_Should_Return_Same_Type" />
    </UnitTest>
    <UnitTest name="GenericAndNonGeneric_ResolveAll_Should_Return_Same_Instace_Types" storage="c:\_application\bclex-abstract\tests_\contoso.abstract.structuremap.tests\bin\debug\contoso.abstract.structuremap.tests.dll" id="b4f4bad7-f156-6b52-133c-3c1ffe7622f7">
      <Execution id="a43c39ea-9e81-4f3a-a44f-54342fec230d" />
      <TestMethod codeBase="C:/_APPLICATION/BCLEX-ABSTRACT/TESTS_/Contoso.Abstract.StructureMap.Tests/bin/Debug/Contoso.Abstract.StructureMap.Tests.DLL" adapterTypeName="Microsoft.VisualStudio.TestTools.TestTypes.Unit.UnitTestAdapter, Microsoft.VisualStudio.QualityTools.Tips.UnitTest.Adapter, Version=10.0.0.0, Culture=neutral, PublicKeyToken=b03f5f7f11d50a3a" className="Contoso.Abstract.StructureMapServiceLocatorIntegrationTests, Contoso.Abstract.StructureMap.Tests, Version=1.0.0.0, Culture=neutral, PublicKeyToken=null" name="GenericAndNonGeneric_ResolveAll_Should_Return_Same_Instace_Types" />
    </UnitTest>
    <UnitTest name="RegisterInstance_Generic_Should_Return_Same_Object" storage="c:\_application\bclex-abstract\tests_\contoso.abstract.castlewindsor.tests\bin\debug\contoso.abstract.castlewindsor.tests.dll" id="546ca475-80f5-27ab-5bf4-e1e15363181f">
      <Execution id="fb47dac6-432c-4144-b4af-daa6a18a6fb7" />
      <TestMethod codeBase="C:/_APPLICATION/BCLEX-ABSTRACT/TESTS_/Contoso.Abstract.CastleWindsor.Tests/bin/Debug/Contoso.Abstract.CastleWindsor.Tests.DLL" adapterTypeName="Microsoft.VisualStudio.TestTools.TestTypes.Unit.UnitTestAdapter, Microsoft.VisualStudio.QualityTools.Tips.UnitTest.Adapter, Version=10.0.0.0, Culture=neutral, PublicKeyToken=b03f5f7f11d50a3a" className="Contoso.Abstract.CastleWindsorServiceRegistrarIntegrationTests, Contoso.Abstract.CastleWindsor.Tests, Version=1.0.0.0, Culture=neutral, PublicKeyToken=null" name="RegisterInstance_Generic_Should_Return_Same_Object" />
    </UnitTest>
    <UnitTest name="RegisterInstance_Named_Should_Return_Same_Object" storage="c:\_application\bclex-abstract\tests_\contoso.abstract.structuremap.tests\bin\debug\contoso.abstract.structuremap.tests.dll" id="09dc15c3-9e71-ee56-1d67-76d654982478">
      <Execution id="710c65bb-f378-46f6-a414-9338cc708ba7" />
      <TestMethod codeBase="C:/_APPLICATION/BCLEX-ABSTRACT/TESTS_/Contoso.Abstract.StructureMap.Tests/bin/Debug/Contoso.Abstract.StructureMap.Tests.DLL" adapterTypeName="Microsoft.VisualStudio.TestTools.TestTypes.Unit.UnitTestAdapter, Microsoft.VisualStudio.QualityTools.Tips.UnitTest.Adapter, Version=10.0.0.0, Culture=neutral, PublicKeyToken=b03f5f7f11d50a3a" className="Contoso.Abstract.StructureMapServiceRegistrarIntegrationTests, Contoso.Abstract.StructureMap.Tests, Version=1.0.0.0, Culture=neutral, PublicKeyToken=null" name="RegisterInstance_Named_Should_Return_Same_Object" />
    </UnitTest>
    <UnitTest name="RegisterInstance_Should_Return_Same_Object" storage="c:\_application\bclex-abstract\tests_\contoso.abstract.ninject.tests\bin\debug\contoso.abstract.ninject.tests.dll" id="122f3ef1-ab72-7754-0a7c-cae45dfad50a">
      <Execution id="9cea0ccd-beaf-45d8-9aa3-8f30abff7864" />
      <TestMethod codeBase="C:/_APPLICATION/BCLEX-ABSTRACT/TESTS_/Contoso.Abstract.Ninject.Tests/bin/Debug/Contoso.Abstract.Ninject.Tests.DLL" adapterTypeName="Microsoft.VisualStudio.TestTools.TestTypes.Unit.UnitTestAdapter, Microsoft.VisualStudio.QualityTools.Tips.UnitTest.Adapter, Version=10.0.0.0, Culture=neutral, PublicKeyToken=b03f5f7f11d50a3a" className="Contoso.Abstract.NinjectServiceRegistrarIntegrationTests, Contoso.Abstract.Ninject.Tests, Version=1.0.0.0, Culture=neutral, PublicKeyToken=null" name="RegisterInstance_Should_Return_Same_Object" />
    </UnitTest>
    <UnitTest name="Asking_For_UnRegistered_Service_Return_Valid_Instance" storage="c:\_application\bclex-abstract\tests_\contoso.abstract.structuremap.tests\bin\debug\contoso.abstract.structuremap.tests.dll" id="515a9007-7583-edb8-0c13-f0b518b60760">
      <Execution id="5fcc9d26-6a47-4709-a8c1-3d214c88645d" />
      <TestMethod codeBase="C:/_APPLICATION/BCLEX-ABSTRACT/TESTS_/Contoso.Abstract.StructureMap.Tests/bin/Debug/Contoso.Abstract.StructureMap.Tests.DLL" adapterTypeName="Microsoft.VisualStudio.TestTools.TestTypes.Unit.UnitTestAdapter, Microsoft.VisualStudio.QualityTools.Tips.UnitTest.Adapter, Version=10.0.0.0, Culture=neutral, PublicKeyToken=b03f5f7f11d50a3a" className="Contoso.Abstract.StructureMapServiceLocatorIntegrationTests, Contoso.Abstract.StructureMap.Tests, Version=1.0.0.0, Culture=neutral, PublicKeyToken=null" name="Asking_For_UnRegistered_Service_Return_Valid_Instance" />
    </UnitTest>
    <UnitTest name="GetRegistrationsFor" storage="c:\_application\bclex-abstract\tests_\contoso.abstract.autofac.tests\bin\debug\contoso.abstract.autofac.tests.dll" id="7b48a345-3bda-e45d-3c40-da78a8aaf58c">
      <Execution id="ad9e4711-ab5d-4f96-98e1-2db8ecceb4f0" />
      <TestMethod codeBase="C:/_APPLICATION/BCLEX-ABSTRACT/TESTS_/Contoso.Abstract.Autofac.Tests/bin/Debug/Contoso.Abstract.Autofac.Tests.DLL" adapterTypeName="Microsoft.VisualStudio.TestTools.TestTypes.Unit.UnitTestAdapter, Microsoft.VisualStudio.QualityTools.Tips.UnitTest.Adapter, Version=10.0.0.0, Culture=neutral, PublicKeyToken=b03f5f7f11d50a3a" className="Contoso.Abstract.AutofacServiceRegistrarIntegrationTests, Contoso.Abstract.Autofac.Tests, Version=1.0.0.0, Culture=neutral, PublicKeyToken=null" name="GetRegistrationsFor" />
    </UnitTest>
    <UnitTest name="ResolveAll_For_Unknown_Type_Should_Return_Empty_Enumerable" storage="c:\_application\bclex-abstract\tests_\contoso.abstract.hiro.tests\bin\debug\contoso.abstract.hiro.tests.dll" id="bba98a51-cd80-c505-ebb4-e0b70e3d2991">
      <Execution id="a229d237-7538-45c3-a9af-873c615184a3" />
      <TestMethod codeBase="C:/_APPLICATION/BCLEX-ABSTRACT/TESTS_/Contoso.Abstract.Hiro.Tests/bin/Debug/Contoso.Abstract.Hiro.Tests.DLL" adapterTypeName="Microsoft.VisualStudio.TestTools.TestTypes.Unit.UnitTestAdapter, Microsoft.VisualStudio.QualityTools.Tips.UnitTest.Adapter, Version=10.0.0.0, Culture=neutral, PublicKeyToken=b03f5f7f11d50a3a" className="Contoso.Abstract.HiroServiceLocatorIntegrationTests, Contoso.Abstract.Hiro.Tests, Version=1.0.0.0, Culture=neutral, PublicKeyToken=null" name="ResolveAll_For_Unknown_Type_Should_Return_Empty_Enumerable" />
    </UnitTest>
    <UnitTest name="Register_With_Specified_Type_Should_Return_Same_Type" storage="c:\_application\bclex-abstract\tests_\contoso.abstract.ninject.tests\bin\debug\contoso.abstract.ninject.tests.dll" id="b0211143-f6c2-c777-2ac6-9c4d9dabe1db">
      <Execution id="e65c7984-2778-4a40-b30b-a5005eeda1ba" />
      <TestMethod codeBase="C:/_APPLICATION/BCLEX-ABSTRACT/TESTS_/Contoso.Abstract.Ninject.Tests/bin/Debug/Contoso.Abstract.Ninject.Tests.DLL" adapterTypeName="Microsoft.VisualStudio.TestTools.TestTypes.Unit.UnitTestAdapter, Microsoft.VisualStudio.QualityTools.Tips.UnitTest.Adapter, Version=10.0.0.0, Culture=neutral, PublicKeyToken=b03f5f7f11d50a3a" className="Contoso.Abstract.NinjectServiceRegistrarIntegrationTests, Contoso.Abstract.Ninject.Tests, Version=1.0.0.0, Culture=neutral, PublicKeyToken=null" name="Register_With_Specified_Type_Should_Return_Same_Type" />
    </UnitTest>
    <UnitTest name="Asking_For_Invalid_Service_Should_Raise_Exception" storage="c:\_application\bclex-abstract\tests_\contoso.abstract.castlewindsor.tests\bin\debug\contoso.abstract.castlewindsor.tests.dll" id="4d994551-0182-754f-830a-c8628dcf8b78">
      <Execution id="a3e57173-9efc-47c7-ac29-b69cfc3aac67" />
      <TestMethod codeBase="C:/_APPLICATION/BCLEX-ABSTRACT/TESTS_/Contoso.Abstract.CastleWindsor.Tests/bin/Debug/Contoso.Abstract.CastleWindsor.Tests.DLL" adapterTypeName="Microsoft.VisualStudio.TestTools.TestTypes.Unit.UnitTestAdapter, Microsoft.VisualStudio.QualityTools.Tips.UnitTest.Adapter, Version=10.0.0.0, Culture=neutral, PublicKeyToken=b03f5f7f11d50a3a" className="Contoso.Abstract.CastleWindsorServiceLocatorIntegrationTests, Contoso.Abstract.CastleWindsor.Tests, Version=1.0.0.0, Culture=neutral, PublicKeyToken=null" name="Asking_For_Invalid_Service_Should_Raise_Exception" />
    </UnitTest>
    <UnitTest name="Resolve_With_Dependency" storage="c:\_application\bclex-abstract\tests_\system.abstract.tests\bin\debug\system.abstract.tests.dll" id="aaac95df-c028-0a0b-1942-b4b5b8001506">
      <Execution id="c89aab38-5436-4dfe-b838-ffd666f5faab" />
      <TestMethod codeBase="C:/_APPLICATION/BCLEX-ABSTRACT/TESTS_/System.Abstract.Tests/bin/Debug/System.Abstract.Tests.DLL" adapterTypeName="Microsoft.VisualStudio.TestTools.TestTypes.Unit.UnitTestAdapter, Microsoft.VisualStudio.QualityTools.Tips.UnitTest.Adapter, Version=10.0.0.0, Culture=neutral, PublicKeyToken=b03f5f7f11d50a3a" className="System.Abstract.ServiceDependencyAttributeTests, System.Abstract.Tests, Version=1.0.0.0, Culture=neutral, PublicKeyToken=null" name="Resolve_With_Dependency" />
    </UnitTest>
    <UnitTest name="Register_With_Specified_Service_Should_Return_Same_Type" storage="c:\_application\bclex-abstract\tests_\system.abstract.tests\bin\debug\system.abstract.tests.dll" id="200a15a0-9081-066a-a8f1-1e6a9dee3912">
      <Execution id="97779711-855b-42f0-b435-e36b8dee021f" />
      <TestMethod codeBase="C:/_APPLICATION/BCLEX-ABSTRACT/TESTS_/System.Abstract.Tests/bin/Debug/System.Abstract.Tests.DLL" adapterTypeName="Microsoft.VisualStudio.TestTools.TestTypes.Unit.UnitTestAdapter, Microsoft.VisualStudio.QualityTools.Tips.UnitTest.Adapter, Version=10.0.0.0, Culture=neutral, PublicKeyToken=b03f5f7f11d50a3a" className="Contoso.Abstract.MicroServiceRegistrarIntegrationTests, System.Abstract.Tests, Version=1.0.0.0, Culture=neutral, PublicKeyToken=null" name="Register_With_Specified_Service_Should_Return_Same_Type" />
    </UnitTest>
    <UnitTest name="Value_Returns_Value_Set_In_Constructor" storage="c:\_application\bclex-abstract\tests_\system.abstract.tests\bin\debug\system.abstract.tests.dll" id="605a4792-6dd4-8200-5c3c-3a2b87ff4916">
      <Execution id="3c7f0ff1-e416-4a43-8a58-5e9109bcfd39" />
      <TestMethod codeBase="C:/_APPLICATION/BCLEX-ABSTRACT/TESTS_/System.Abstract.Tests/bin/Debug/System.Abstract.Tests.DLL" adapterTypeName="Microsoft.VisualStudio.TestTools.TestTypes.Unit.UnitTestAdapter, Microsoft.VisualStudio.QualityTools.Tips.UnitTest.Adapter, Version=10.0.0.0, Culture=neutral, PublicKeyToken=b03f5f7f11d50a3a" className="System.Abstract.LiteralServiceBusLocationTests, System.Abstract.Tests, Version=1.0.0.0, Culture=neutral, PublicKeyToken=null" name="Value_Returns_Value_Set_In_Constructor" />
    </UnitTest>
    <UnitTest name="XXX" storage="c:\_application\bclex-abstract\tests_\system.abstract.tests\bin\debug\system.abstract.tests.dll" id="468d1e66-6459-006b-5597-7ad222ead541">
      <Execution id="e6f57367-4465-474c-ba85-9677bb9ba9d0" />
      <TestMethod codeBase="C:/_APPLICATION/BCLEX-ABSTRACT/TESTS_/System.Abstract.Tests/bin/Debug/System.Abstract.Tests.DLL" adapterTypeName="Microsoft.VisualStudio.TestTools.TestTypes.Unit.UnitTestAdapter, Microsoft.VisualStudio.QualityTools.Tips.UnitTest.Adapter, Version=10.0.0.0, Culture=neutral, PublicKeyToken=b03f5f7f11d50a3a" className="System.IO.PathEx2Tests, System.Abstract.Tests, Version=1.0.0.0, Culture=neutral, PublicKeyToken=null" name="XXX" />
    </UnitTest>
    <UnitTest name="GenericAndNonGeneric_Resolve_Method_Should_Return_Same_Instance_Type" storage="c:\_application\bclex-abstract\tests_\contoso.abstract.autofac.tests\bin\debug\contoso.abstract.autofac.tests.dll" id="34f912ec-84f2-8877-b83a-5e913394ebb0">
      <Execution id="524b906f-e4c6-46bf-8fa8-aed32ae686da" />
      <TestMethod codeBase="C:/_APPLICATION/BCLEX-ABSTRACT/TESTS_/Contoso.Abstract.Autofac.Tests/bin/Debug/Contoso.Abstract.Autofac.Tests.DLL" adapterTypeName="Microsoft.VisualStudio.TestTools.TestTypes.Unit.UnitTestAdapter, Microsoft.VisualStudio.QualityTools.Tips.UnitTest.Adapter, Version=10.0.0.0, Culture=neutral, PublicKeyToken=b03f5f7f11d50a3a" className="Contoso.Abstract.AutofacServiceLocatorIntegrationTests, Contoso.Abstract.Autofac.Tests, Version=1.0.0.0, Culture=neutral, PublicKeyToken=null" name="GenericAndNonGeneric_Resolve_Method_Should_Return_Same_Instance_Type" />
    </UnitTest>
    <UnitTest name="Decrement_Should_Be_Called" storage="c:\_application\bclex-abstract\tests_\contoso.abstract.memcached.tests\bin\debug\contoso.abstract.memcached.tests.dll" id="26f0c923-a951-0bb7-f3c6-d91cd4e01dbb">
      <Execution id="8d1d9e1b-405e-4586-87ed-d66c1e35a6a9" />
      <TestMethod codeBase="C:/_APPLICATION/BCLEX-ABSTRACT/TESTS_/Contoso.Abstract.Memcached.Tests/bin/Debug/Contoso.Abstract.Memcached.Tests.DLL" adapterTypeName="Microsoft.VisualStudio.TestTools.TestTypes.Unit.UnitTestAdapter, Microsoft.VisualStudio.QualityTools.Tips.UnitTest.Adapter, Version=10.0.0.0, Culture=neutral, PublicKeyToken=b03f5f7f11d50a3a" className="Contoso.Abstract.DispatcherTests, Contoso.Abstract.Memcached.Tests, Version=1.0.0.0, Culture=neutral, PublicKeyToken=null" name="Decrement_Should_Be_Called" />
    </UnitTest>
    <UnitTest name="GetRegistrationsFor" storage="c:\_application\bclex-abstract\tests_\contoso.abstract.hiro.tests\bin\debug\contoso.abstract.hiro.tests.dll" id="4db15596-21c7-898e-888f-3a3abcf7e500">
      <Execution id="00d5d54f-87ac-4274-b831-f5456cb5631c" />
      <TestMethod codeBase="C:/_APPLICATION/BCLEX-ABSTRACT/TESTS_/Contoso.Abstract.Hiro.Tests/bin/Debug/Contoso.Abstract.Hiro.Tests.DLL" adapterTypeName="Microsoft.VisualStudio.TestTools.TestTypes.Unit.UnitTestAdapter, Microsoft.VisualStudio.QualityTools.Tips.UnitTest.Adapter, Version=10.0.0.0, Culture=neutral, PublicKeyToken=b03f5f7f11d50a3a" className="Contoso.Abstract.HiroServiceRegistrarIntegrationTests, Contoso.Abstract.Hiro.Tests, Version=1.0.0.0, Culture=neutral, PublicKeyToken=null" name="GetRegistrationsFor" />
    </UnitTest>
    <UnitTest name="Asking_For_Invalid_Service_Should_Raise_Exception" storage="c:\_application\bclex-abstract\tests_\system.abstract.tests\bin\debug\system.abstract.tests.dll" id="a4b87d0b-792b-2369-bea2-dec1e2c06ba5">
      <Execution id="ca279dd0-c185-4f05-960e-5717935d463c" />
      <TestMethod codeBase="C:/_APPLICATION/BCLEX-ABSTRACT/TESTS_/System.Abstract.Tests/bin/Debug/System.Abstract.Tests.DLL" adapterTypeName="Microsoft.VisualStudio.TestTools.TestTypes.Unit.UnitTestAdapter, Microsoft.VisualStudio.QualityTools.Tips.UnitTest.Adapter, Version=10.0.0.0, Culture=neutral, PublicKeyToken=b03f5f7f11d50a3a" className="Contoso.Abstract.MicroServiceLocatorIntegrationTests, System.Abstract.Tests, Version=1.0.0.0, Culture=neutral, PublicKeyToken=null" name="Asking_For_Invalid_Service_Should_Raise_Exception" />
    </UnitTest>
    <UnitTest name="Register_With_Keyed_Type_Should_Return_Same_Type" storage="c:\_application\bclex-abstract\tests_\system.abstract.tests\bin\debug\system.abstract.tests.dll" id="c5446132-d5e2-ad87-456d-f9c592cf5eb8">
      <Execution id="c5099ab5-aa58-4841-b35c-badc9bf7b590" />
      <TestMethod codeBase="C:/_APPLICATION/BCLEX-ABSTRACT/TESTS_/System.Abstract.Tests/bin/Debug/System.Abstract.Tests.DLL" adapterTypeName="Microsoft.VisualStudio.TestTools.TestTypes.Unit.UnitTestAdapter, Microsoft.VisualStudio.QualityTools.Tips.UnitTest.Adapter, Version=10.0.0.0, Culture=neutral, PublicKeyToken=b03f5f7f11d50a3a" className="Contoso.Abstract.MicroServiceRegistrarIntegrationTests, System.Abstract.Tests, Version=1.0.0.0, Culture=neutral, PublicKeyToken=null" name="Register_With_Keyed_Type_Should_Return_Same_Type" />
    </UnitTest>
    <UnitTest name="RegisterInstance_Named_Should_Return_Same_Object" storage="c:\_application\bclex-abstract\tests_\system.abstract.tests\bin\debug\system.abstract.tests.dll" id="bcfa618c-5db3-c68b-966d-8173cd690688">
      <Execution id="3654bf66-f94f-417d-a83f-2399c5cd4811" />
      <TestMethod codeBase="C:/_APPLICATION/BCLEX-ABSTRACT/TESTS_/System.Abstract.Tests/bin/Debug/System.Abstract.Tests.DLL" adapterTypeName="Microsoft.VisualStudio.TestTools.TestTypes.Unit.UnitTestAdapter, Microsoft.VisualStudio.QualityTools.Tips.UnitTest.Adapter, Version=10.0.0.0, Culture=neutral, PublicKeyToken=b03f5f7f11d50a3a" className="Contoso.Abstract.MicroServiceRegistrarIntegrationTests, System.Abstract.Tests, Version=1.0.0.0, Culture=neutral, PublicKeyToken=null" name="RegisterInstance_Named_Should_Return_Same_Object" />
    </UnitTest>
    <UnitTest name="GenericAndNonGeneric_Resolve_Method_Should_Return_Same_Instance_Type" storage="c:\_application\bclex-abstract\tests_\contoso.abstract.ninject.tests\bin\debug\contoso.abstract.ninject.tests.dll" id="25bccbb5-ae62-22e8-bf40-e50c295774bf">
      <Execution id="682b742d-7814-4e6f-953c-55705a48035f" />
      <TestMethod codeBase="C:/_APPLICATION/BCLEX-ABSTRACT/TESTS_/Contoso.Abstract.Ninject.Tests/bin/Debug/Contoso.Abstract.Ninject.Tests.DLL" adapterTypeName="Microsoft.VisualStudio.TestTools.TestTypes.Unit.UnitTestAdapter, Microsoft.VisualStudio.QualityTools.Tips.UnitTest.Adapter, Version=10.0.0.0, Culture=neutral, PublicKeyToken=b03f5f7f11d50a3a" className="Contoso.Abstract.NinjectServiceLocatorIntegrationTests, Contoso.Abstract.Ninject.Tests, Version=1.0.0.0, Culture=neutral, PublicKeyToken=null" name="GenericAndNonGeneric_Resolve_Method_Should_Return_Same_Instance_Type" />
    </UnitTest>
    <UnitTest name="Register_With_Specified_Service_And_Type_Should_Return_Same_Type" storage="c:\_application\bclex-abstract\tests_\contoso.abstract.autofac.tests\bin\debug\contoso.abstract.autofac.tests.dll" id="00c5e575-48c0-6b4d-6917-5a40f419a33f">
      <Execution id="bf813ed7-969d-4d68-bfb0-c098dbd8bc5e" />
      <TestMethod codeBase="C:/_APPLICATION/BCLEX-ABSTRACT/TESTS_/Contoso.Abstract.Autofac.Tests/bin/Debug/Contoso.Abstract.Autofac.Tests.DLL" adapterTypeName="Microsoft.VisualStudio.TestTools.TestTypes.Unit.UnitTestAdapter, Microsoft.VisualStudio.QualityTools.Tips.UnitTest.Adapter, Version=10.0.0.0, Culture=neutral, PublicKeyToken=b03f5f7f11d50a3a" className="Contoso.Abstract.AutofacServiceRegistrarIntegrationTests, Contoso.Abstract.Autofac.Tests, Version=1.0.0.0, Culture=neutral, PublicKeyToken=null" name="Register_With_Specified_Service_And_Type_Should_Return_Same_Type" />
    </UnitTest>
    <UnitTest name="Register_With_FactoryMethod_Should_Return_Result_From_Factory" storage="c:\_application\bclex-abstract\tests_\contoso.abstract.hiro.tests\bin\debug\contoso.abstract.hiro.tests.dll" id="75b70280-7e67-5073-46c7-d792dd377a34">
      <Execution id="b86d9995-35a2-478d-a18c-6dbbcedcfb33" />
      <TestMethod codeBase="C:/_APPLICATION/BCLEX-ABSTRACT/TESTS_/Contoso.Abstract.Hiro.Tests/bin/Debug/Contoso.Abstract.Hiro.Tests.DLL" adapterTypeName="Microsoft.VisualStudio.TestTools.TestTypes.Unit.UnitTestAdapter, Microsoft.VisualStudio.QualityTools.Tips.UnitTest.Adapter, Version=10.0.0.0, Culture=neutral, PublicKeyToken=b03f5f7f11d50a3a" className="Contoso.Abstract.HiroServiceRegistrarIntegrationTests, Contoso.Abstract.Hiro.Tests, Version=1.0.0.0, Culture=neutral, PublicKeyToken=null" name="Register_With_FactoryMethod_Should_Return_Result_From_Factory" />
    </UnitTest>
    <UnitTest name="Register_With_FactoryMethod_Should_Return_Result_From_Factory" storage="c:\_application\bclex-abstract\tests_\contoso.abstract.unity.tests\bin\debug\contoso.abstract.unity.tests.dll" id="d72f6c27-9e91-fb9b-f68c-be6fc4dfeff3">
      <Execution id="3f4e3e1a-b766-4297-a9e4-b6ec872524eb" />
      <TestMethod codeBase="C:/_APPLICATION/BCLEX-ABSTRACT/TESTS_/Contoso.Abstract.Unity.Tests/bin/Debug/Contoso.Abstract.Unity.Tests.DLL" adapterTypeName="Microsoft.VisualStudio.TestTools.TestTypes.Unit.UnitTestAdapter, Microsoft.VisualStudio.QualityTools.Tips.UnitTest.Adapter, Version=10.0.0.0, Culture=neutral, PublicKeyToken=b03f5f7f11d50a3a" className="Contoso.Abstract.UnityServiceRegistrarIntegrationTests, Contoso.Abstract.Unity.Tests, Version=1.0.0.0, Culture=neutral, PublicKeyToken=null" name="Register_With_FactoryMethod_Should_Return_Result_From_Factory" />
    </UnitTest>
    <UnitTest name="ResolveAll_Should_Return_All_Registered_UnNamed_Services" storage="c:\_application\bclex-abstract\tests_\contoso.abstract.structuremap.tests\bin\debug\contoso.abstract.structuremap.tests.dll" id="829e0e51-56fb-222b-05de-51146687a328">
      <Execution id="67976540-cc81-41e2-83b4-ba2726e704c1" />
      <TestMethod codeBase="C:/_APPLICATION/BCLEX-ABSTRACT/TESTS_/Contoso.Abstract.StructureMap.Tests/bin/Debug/Contoso.Abstract.StructureMap.Tests.DLL" adapterTypeName="Microsoft.VisualStudio.TestTools.TestTypes.Unit.UnitTestAdapter, Microsoft.VisualStudio.QualityTools.Tips.UnitTest.Adapter, Version=10.0.0.0, Culture=neutral, PublicKeyToken=b03f5f7f11d50a3a" className="Contoso.Abstract.StructureMapServiceLocatorIntegrationTests, Contoso.Abstract.StructureMap.Tests, Version=1.0.0.0, Culture=neutral, PublicKeyToken=null" name="ResolveAll_Should_Return_All_Registered_UnNamed_Services" />
    </UnitTest>
    <UnitTest name="Register_With_Keyed_Type_Should_Return_Same_Type" storage="c:\_application\bclex-abstract\tests_\contoso.abstract.ninject.tests\bin\debug\contoso.abstract.ninject.tests.dll" id="9bda051d-4227-dc04-54b7-c8b50f987143">
      <Execution id="dd9a9084-1cae-4e22-b0df-a756adaeab88" />
      <TestMethod codeBase="C:/_APPLICATION/BCLEX-ABSTRACT/TESTS_/Contoso.Abstract.Ninject.Tests/bin/Debug/Contoso.Abstract.Ninject.Tests.DLL" adapterTypeName="Microsoft.VisualStudio.TestTools.TestTypes.Unit.UnitTestAdapter, Microsoft.VisualStudio.QualityTools.Tips.UnitTest.Adapter, Version=10.0.0.0, Culture=neutral, PublicKeyToken=b03f5f7f11d50a3a" className="Contoso.Abstract.NinjectServiceRegistrarIntegrationTests, Contoso.Abstract.Ninject.Tests, Version=1.0.0.0, Culture=neutral, PublicKeyToken=null" name="Register_With_Keyed_Type_Should_Return_Same_Type" />
    </UnitTest>
    <UnitTest name="Increment_Should_Be_Called" storage="c:\_application\bclex-abstract\tests_\contoso.abstract.memcached.tests\bin\debug\contoso.abstract.memcached.tests.dll" id="47e3e80d-2e42-5c64-3356-f68e2463f0d1">
      <Execution id="968c3ffb-a56c-4f66-8cb5-89e2c9d8f697" />
      <TestMethod codeBase="C:/_APPLICATION/BCLEX-ABSTRACT/TESTS_/Contoso.Abstract.Memcached.Tests/bin/Debug/Contoso.Abstract.Memcached.Tests.DLL" adapterTypeName="Microsoft.VisualStudio.TestTools.TestTypes.Unit.UnitTestAdapter, Microsoft.VisualStudio.QualityTools.Tips.UnitTest.Adapter, Version=10.0.0.0, Culture=neutral, PublicKeyToken=b03f5f7f11d50a3a" className="Contoso.Abstract.DispatcherTests, Contoso.Abstract.Memcached.Tests, Version=1.0.0.0, Culture=neutral, PublicKeyToken=null" name="Increment_Should_Be_Called" />
    </UnitTest>
    <UnitTest name="SendGeneric_With_Destination_And_MessageBuilder_Sends" storage="c:\_application\bclex-abstract\tests_\system.abstract.tests\bin\debug\system.abstract.tests.dll" id="f9d581e6-cb24-921d-ab42-9ef002c55a82">
      <Execution id="9bf338d5-4b02-469c-918c-6b7aefc6c628" />
      <TestMethod codeBase="C:/_APPLICATION/BCLEX-ABSTRACT/TESTS_/System.Abstract.Tests/bin/Debug/System.Abstract.Tests.DLL" adapterTypeName="Microsoft.VisualStudio.TestTools.TestTypes.Unit.UnitTestAdapter, Microsoft.VisualStudio.QualityTools.Tips.UnitTest.Adapter, Version=10.0.0.0, Culture=neutral, PublicKeyToken=b03f5f7f11d50a3a" className="System.Abstract.IServiceBusExtensionsTests, System.Abstract.Tests, Version=1.0.0.0, Culture=neutral, PublicKeyToken=null" name="SendGeneric_With_Destination_And_MessageBuilder_Sends" />
    </UnitTest>
    <UnitTest name="DevelopmentStage_ToCode_Return_ProperValues" storage="c:\_application\bclex-abstract\tests_\system.abstract.tests\bin\debug\system.abstract.tests.dll" id="640a16ed-a6a3-191f-9e8f-9a8213779348">
      <Execution id="72c36bf1-d80e-4378-a9e0-77f1c489a352" />
      <TestMethod codeBase="C:/_APPLICATION/BCLEX-ABSTRACT/TESTS_/System.Abstract.Tests/bin/Debug/System.Abstract.Tests.DLL" adapterTypeName="Microsoft.VisualStudio.TestTools.TestTypes.Unit.UnitTestAdapter, Microsoft.VisualStudio.QualityTools.Tips.UnitTest.Adapter, Version=10.0.0.0, Culture=neutral, PublicKeyToken=b03f5f7f11d50a3a" className="System.Patterns.ReleaseManagement.ReleaseManagementExtensionsTests, System.Abstract.Tests, Version=1.0.0.0, Culture=neutral, PublicKeyToken=null" name="DevelopmentStage_ToCode_Return_ProperValues" />
    </UnitTest>
    <UnitTest name="Create_Instance_With_Type_And_InnerException" storage="c:\_application\bclex-abstract\tests_\system.abstract.tests\bin\debug\system.abstract.tests.dll" id="69cccb72-44c0-8c7e-49e0-f988811b7faf">
      <Execution id="c8de1aaa-db80-4205-8733-58241302dba7" />
      <TestMethod codeBase="C:/_APPLICATION/BCLEX-ABSTRACT/TESTS_/System.Abstract.Tests/bin/Debug/System.Abstract.Tests.DLL" adapterTypeName="Microsoft.VisualStudio.TestTools.TestTypes.Unit.UnitTestAdapter, Microsoft.VisualStudio.QualityTools.Tips.UnitTest.Adapter, Version=10.0.0.0, Culture=neutral, PublicKeyToken=b03f5f7f11d50a3a" className="System.Abstract.ServiceLocatorResolutionExceptionTests, System.Abstract.Tests, Version=1.0.0.0, Culture=neutral, PublicKeyToken=null" name="Create_Instance_With_Type_And_InnerException" />
    </UnitTest>
    <UnitTest name="ResolveAll_Should_Return_All_Registered_Named_Services" storage="c:\_application\bclex-abstract\tests_\contoso.abstract.castlewindsor.tests\bin\debug\contoso.abstract.castlewindsor.tests.dll" id="6a61ee3b-32d4-62f6-4329-b1c72b6fca88">
      <Execution id="2bab8ca3-aa7f-46ff-b3b7-90b045b8621a" />
      <TestMethod codeBase="C:/_APPLICATION/BCLEX-ABSTRACT/TESTS_/Contoso.Abstract.CastleWindsor.Tests/bin/Debug/Contoso.Abstract.CastleWindsor.Tests.DLL" adapterTypeName="Microsoft.VisualStudio.TestTools.TestTypes.Unit.UnitTestAdapter, Microsoft.VisualStudio.QualityTools.Tips.UnitTest.Adapter, Version=10.0.0.0, Culture=neutral, PublicKeyToken=b03f5f7f11d50a3a" className="Contoso.Abstract.CastleWindsorServiceLocatorIntegrationTests, Contoso.Abstract.CastleWindsor.Tests, Version=1.0.0.0, Culture=neutral, PublicKeyToken=null" name="ResolveAll_Should_Return_All_Registered_Named_Services" />
    </UnitTest>
    <UnitTest name="Register_With_Specified_Service_And_Type_Should_Return_Same_Type" storage="c:\_application\bclex-abstract\tests_\contoso.abstract.unity.tests\bin\debug\contoso.abstract.unity.tests.dll" id="486e8274-5753-0267-f64d-167a7decffd9">
      <Execution id="7ab68df2-9a88-43d2-a5a3-e4cc1a20c4c4" />
      <TestMethod codeBase="C:/_APPLICATION/BCLEX-ABSTRACT/TESTS_/Contoso.Abstract.Unity.Tests/bin/Debug/Contoso.Abstract.Unity.Tests.DLL" adapterTypeName="Microsoft.VisualStudio.TestTools.TestTypes.Unit.UnitTestAdapter, Microsoft.VisualStudio.QualityTools.Tips.UnitTest.Adapter, Version=10.0.0.0, Culture=neutral, PublicKeyToken=b03f5f7f11d50a3a" className="Contoso.Abstract.UnityServiceRegistrarIntegrationTests, Contoso.Abstract.Unity.Tests, Version=1.0.0.0, Culture=neutral, PublicKeyToken=null" name="Register_With_Specified_Service_And_Type_Should_Return_Same_Type" />
    </UnitTest>
    <UnitTest name="Register_Generic_With_FactoryMethod_Should_Return_Result_From_Factory" storage="c:\_application\bclex-abstract\tests_\contoso.abstract.ninject.tests\bin\debug\contoso.abstract.ninject.tests.dll" id="9da24687-c03c-b638-b8f7-5cc7a0a1c744">
      <Execution id="049bb92e-c873-43c8-9df9-56375f58bc7b" />
      <TestMethod codeBase="C:/_APPLICATION/BCLEX-ABSTRACT/TESTS_/Contoso.Abstract.Ninject.Tests/bin/Debug/Contoso.Abstract.Ninject.Tests.DLL" adapterTypeName="Microsoft.VisualStudio.TestTools.TestTypes.Unit.UnitTestAdapter, Microsoft.VisualStudio.QualityTools.Tips.UnitTest.Adapter, Version=10.0.0.0, Culture=neutral, PublicKeyToken=b03f5f7f11d50a3a" className="Contoso.Abstract.NinjectServiceRegistrarIntegrationTests, Contoso.Abstract.Ninject.Tests, Version=1.0.0.0, Culture=neutral, PublicKeyToken=null" name="Register_Generic_With_FactoryMethod_Should_Return_Result_From_Factory" />
    </UnitTest>
    <UnitTest name="Register_With_FactoryMethod_Should_Return_Result_From_Factory" storage="c:\_application\bclex-abstract\tests_\system.abstract.tests\bin\debug\system.abstract.tests.dll" id="b31543f8-67be-8550-4237-cfdfee85a5ef">
      <Execution id="1780335e-1c66-4569-9f8a-341419bc3fd8" />
      <TestMethod codeBase="C:/_APPLICATION/BCLEX-ABSTRACT/TESTS_/System.Abstract.Tests/bin/Debug/System.Abstract.Tests.DLL" adapterTypeName="Microsoft.VisualStudio.TestTools.TestTypes.Unit.UnitTestAdapter, Microsoft.VisualStudio.QualityTools.Tips.UnitTest.Adapter, Version=10.0.0.0, Culture=neutral, PublicKeyToken=b03f5f7f11d50a3a" className="Contoso.Abstract.MicroServiceRegistrarIntegrationTests, System.Abstract.Tests, Version=1.0.0.0, Culture=neutral, PublicKeyToken=null" name="Register_With_FactoryMethod_Should_Return_Result_From_Factory" />
    </UnitTest>
    <UnitTest name="Register_With_Specified_Type_Should_Return_Same_Type" storage="c:\_application\bclex-abstract\tests_\contoso.abstract.castlewindsor.tests\bin\debug\contoso.abstract.castlewindsor.tests.dll" id="5975c422-2dc4-a4e8-a907-5847173f4eea">
      <Execution id="58c6c44f-3606-4458-8951-1c1fae95d531" />
      <TestMethod codeBase="C:/_APPLICATION/BCLEX-ABSTRACT/TESTS_/Contoso.Abstract.CastleWindsor.Tests/bin/Debug/Contoso.Abstract.CastleWindsor.Tests.DLL" adapterTypeName="Microsoft.VisualStudio.TestTools.TestTypes.Unit.UnitTestAdapter, Microsoft.VisualStudio.QualityTools.Tips.UnitTest.Adapter, Version=10.0.0.0, Culture=neutral, PublicKeyToken=b03f5f7f11d50a3a" className="Contoso.Abstract.CastleWindsorServiceRegistrarIntegrationTests, Contoso.Abstract.CastleWindsor.Tests, Version=1.0.0.0, Culture=neutral, PublicKeyToken=null" name="Register_With_Specified_Type_Should_Return_Same_Type" />
    </UnitTest>
    <UnitTest name="New_Throws_On_Null_Location" storage="c:\_application\bclex-abstract\tests_\system.abstract.tests\bin\debug\system.abstract.tests.dll" id="a363cfa9-09f8-f14b-6e3f-c22ed58317af">
      <Execution id="a45e5b7b-4de5-4143-bd48-b4e735762b77" />
      <TestMethod codeBase="C:/_APPLICATION/BCLEX-ABSTRACT/TESTS_/System.Abstract.Tests/bin/Debug/System.Abstract.Tests.DLL" adapterTypeName="Microsoft.VisualStudio.TestTools.TestTypes.Unit.UnitTestAdapter, Microsoft.VisualStudio.QualityTools.Tips.UnitTest.Adapter, Version=10.0.0.0, Culture=neutral, PublicKeyToken=b03f5f7f11d50a3a" className="System.Abstract.LiteralServiceBusLocationTests, System.Abstract.Tests, Version=1.0.0.0, Culture=neutral, PublicKeyToken=null" name="New_Throws_On_Null_Location" />
    </UnitTest>
    <UnitTest name="GenericAndNonGeneric_ResolveAll_Should_Return_Same_Instace_Types" storage="c:\_application\bclex-abstract\tests_\contoso.abstract.unity.tests\bin\debug\contoso.abstract.unity.tests.dll" id="2da19c4a-53c9-e6f7-6a7f-60adb219a2cd">
      <Execution id="718d3b19-90e3-4013-8bf0-aae92464b15f" />
      <TestMethod codeBase="C:/_APPLICATION/BCLEX-ABSTRACT/TESTS_/Contoso.Abstract.Unity.Tests/bin/Debug/Contoso.Abstract.Unity.Tests.DLL" adapterTypeName="Microsoft.VisualStudio.TestTools.TestTypes.Unit.UnitTestAdapter, Microsoft.VisualStudio.QualityTools.Tips.UnitTest.Adapter, Version=10.0.0.0, Culture=neutral, PublicKeyToken=b03f5f7f11d50a3a" className="Contoso.Abstract.UnityServiceLocatorIntegrationTests, Contoso.Abstract.Unity.Tests, Version=1.0.0.0, Culture=neutral, PublicKeyToken=null" name="GenericAndNonGeneric_ResolveAll_Should_Return_Same_Instace_Types" />
    </UnitTest>
    <UnitTest name="RegisterInstance_GenericNamed_Should_Return_Same_Object" storage="c:\_application\bclex-abstract\tests_\contoso.abstract.structuremap.tests\bin\debug\contoso.abstract.structuremap.tests.dll" id="b276c9b3-95a4-fbd1-2214-dd1878513d73">
      <Execution id="2c47bc64-55a2-4347-933d-a674c30ccebb" />
      <TestMethod codeBase="C:/_APPLICATION/BCLEX-ABSTRACT/TESTS_/Contoso.Abstract.StructureMap.Tests/bin/Debug/Contoso.Abstract.StructureMap.Tests.DLL" adapterTypeName="Microsoft.VisualStudio.TestTools.TestTypes.Unit.UnitTestAdapter, Microsoft.VisualStudio.QualityTools.Tips.UnitTest.Adapter, Version=10.0.0.0, Culture=neutral, PublicKeyToken=b03f5f7f11d50a3a" className="Contoso.Abstract.StructureMapServiceRegistrarIntegrationTests, Contoso.Abstract.StructureMap.Tests, Version=1.0.0.0, Culture=neutral, PublicKeyToken=null" name="RegisterInstance_GenericNamed_Should_Return_Same_Object" />
    </UnitTest>
    <UnitTest name="Register_With_Specified_Service_Should_Return_Same_Type" storage="c:\_application\bclex-abstract\tests_\contoso.abstract.castlewindsor.tests\bin\debug\contoso.abstract.castlewindsor.tests.dll" id="c35b63ae-3904-7592-372b-f8efc11650bc">
      <Execution id="aff442fc-ddfd-4ab9-82bb-fd90d30f0d33" />
      <TestMethod codeBase="C:/_APPLICATION/BCLEX-ABSTRACT/TESTS_/Contoso.Abstract.CastleWindsor.Tests/bin/Debug/Contoso.Abstract.CastleWindsor.Tests.DLL" adapterTypeName="Microsoft.VisualStudio.TestTools.TestTypes.Unit.UnitTestAdapter, Microsoft.VisualStudio.QualityTools.Tips.UnitTest.Adapter, Version=10.0.0.0, Culture=neutral, PublicKeyToken=b03f5f7f11d50a3a" className="Contoso.Abstract.CastleWindsorServiceRegistrarIntegrationTests, Contoso.Abstract.CastleWindsor.Tests, Version=1.0.0.0, Culture=neutral, PublicKeyToken=null" name="Register_With_Specified_Service_Should_Return_Same_Type" />
    </UnitTest>
    <UnitTest name="RegisterInstance_Generic_Should_Return_Same_Object" storage="c:\_application\bclex-abstract\tests_\contoso.abstract.ninject.tests\bin\debug\contoso.abstract.ninject.tests.dll" id="70a0d298-80e6-20c1-eb7a-5dc726e2cc49">
      <Execution id="92ba05cf-0cd4-4671-9cf7-f40b7eb07185" />
      <TestMethod codeBase="C:/_APPLICATION/BCLEX-ABSTRACT/TESTS_/Contoso.Abstract.Ninject.Tests/bin/Debug/Contoso.Abstract.Ninject.Tests.DLL" adapterTypeName="Microsoft.VisualStudio.TestTools.TestTypes.Unit.UnitTestAdapter, Microsoft.VisualStudio.QualityTools.Tips.UnitTest.Adapter, Version=10.0.0.0, Culture=neutral, PublicKeyToken=b03f5f7f11d50a3a" className="Contoso.Abstract.NinjectServiceRegistrarIntegrationTests, Contoso.Abstract.Ninject.Tests, Version=1.0.0.0, Culture=neutral, PublicKeyToken=null" name="RegisterInstance_Generic_Should_Return_Same_Object" />
    </UnitTest>
    <UnitTest name="ResolveAll_Should_Return_All_Registered_UnNamed_Services" storage="c:\_application\bclex-abstract\tests_\contoso.abstract.castlewindsor.tests\bin\debug\contoso.abstract.castlewindsor.tests.dll" id="6d57ec13-6b21-691a-1e80-0bab27861b7c">
      <Execution id="cc1d8ac8-a59b-44b4-8f57-68c5d4e663a1" />
      <TestMethod codeBase="C:/_APPLICATION/BCLEX-ABSTRACT/TESTS_/Contoso.Abstract.CastleWindsor.Tests/bin/Debug/Contoso.Abstract.CastleWindsor.Tests.DLL" adapterTypeName="Microsoft.VisualStudio.TestTools.TestTypes.Unit.UnitTestAdapter, Microsoft.VisualStudio.QualityTools.Tips.UnitTest.Adapter, Version=10.0.0.0, Culture=neutral, PublicKeyToken=b03f5f7f11d50a3a" className="Contoso.Abstract.CastleWindsorServiceLocatorIntegrationTests, Contoso.Abstract.CastleWindsor.Tests, Version=1.0.0.0, Culture=neutral, PublicKeyToken=null" name="ResolveAll_Should_Return_All_Registered_UnNamed_Services" />
    </UnitTest>
    <UnitTest name="Resolve_Should_Return_Valid_Instance" storage="c:\_application\bclex-abstract\tests_\contoso.abstract.unity.tests\bin\debug\contoso.abstract.unity.tests.dll" id="4857ff72-b0f9-1997-098a-c210c0cd49f3">
      <Execution id="fdcb4cd3-a4c7-48d5-8d72-b57e547230cf" />
      <TestMethod codeBase="C:/_APPLICATION/BCLEX-ABSTRACT/TESTS_/Contoso.Abstract.Unity.Tests/bin/Debug/Contoso.Abstract.Unity.Tests.DLL" adapterTypeName="Microsoft.VisualStudio.TestTools.TestTypes.Unit.UnitTestAdapter, Microsoft.VisualStudio.QualityTools.Tips.UnitTest.Adapter, Version=10.0.0.0, Culture=neutral, PublicKeyToken=b03f5f7f11d50a3a" className="Contoso.Abstract.UnityServiceLocatorIntegrationTests, Contoso.Abstract.Unity.Tests, Version=1.0.0.0, Culture=neutral, PublicKeyToken=null" name="Resolve_Should_Return_Valid_Instance" />
    </UnitTest>
    <UnitTest name="ResolveAll_For_Unknown_Type_Should_Return_Empty_Enumerable" storage="c:\_application\bclex-abstract\tests_\contoso.abstract.castlewindsor.tests\bin\debug\contoso.abstract.castlewindsor.tests.dll" id="69f71ba4-bb9d-d51d-c7c5-37e9ea4dc888">
      <Execution id="6283f48b-f97d-408d-b701-8fc1d3cd3ed9" />
      <TestMethod codeBase="C:/_APPLICATION/BCLEX-ABSTRACT/TESTS_/Contoso.Abstract.CastleWindsor.Tests/bin/Debug/Contoso.Abstract.CastleWindsor.Tests.DLL" adapterTypeName="Microsoft.VisualStudio.TestTools.TestTypes.Unit.UnitTestAdapter, Microsoft.VisualStudio.QualityTools.Tips.UnitTest.Adapter, Version=10.0.0.0, Culture=neutral, PublicKeyToken=b03f5f7f11d50a3a" className="Contoso.Abstract.CastleWindsorServiceLocatorIntegrationTests, Contoso.Abstract.CastleWindsor.Tests, Version=1.0.0.0, Culture=neutral, PublicKeyToken=null" name="ResolveAll_For_Unknown_Type_Should_Return_Empty_Enumerable" />
    </UnitTest>
    <UnitTest name="Register_With_Implementation_Type_Should_Return_Same_Type" storage="c:\_application\bclex-abstract\tests_\contoso.abstract.unity.tests\bin\debug\contoso.abstract.unity.tests.dll" id="5cfac61a-f044-78ca-f348-302ce6adaf3c">
      <Execution id="2c06479c-db30-42b4-bfb0-d533320eb8b1" />
      <TestMethod codeBase="C:/_APPLICATION/BCLEX-ABSTRACT/TESTS_/Contoso.Abstract.Unity.Tests/bin/Debug/Contoso.Abstract.Unity.Tests.DLL" adapterTypeName="Microsoft.VisualStudio.TestTools.TestTypes.Unit.UnitTestAdapter, Microsoft.VisualStudio.QualityTools.Tips.UnitTest.Adapter, Version=10.0.0.0, Culture=neutral, PublicKeyToken=b03f5f7f11d50a3a" className="Contoso.Abstract.UnityServiceRegistrarIntegrationTests, Contoso.Abstract.Unity.Tests, Version=1.0.0.0, Culture=neutral, PublicKeyToken=null" name="Register_With_Implementation_Type_Should_Return_Same_Type" />
    </UnitTest>
    <UnitTest name="RegisterInstance_Should_Return_Same_Object_For_Same_Type" storage="c:\_application\bclex-abstract\tests_\contoso.abstract.unity.tests\bin\debug\contoso.abstract.unity.tests.dll" id="c4ac621a-4393-ad71-5016-9562ad826d75">
      <Execution id="87acd97a-534b-4000-b4c7-76dd90104c63" />
      <TestMethod codeBase="C:/_APPLICATION/BCLEX-ABSTRACT/TESTS_/Contoso.Abstract.Unity.Tests/bin/Debug/Contoso.Abstract.Unity.Tests.DLL" adapterTypeName="Microsoft.VisualStudio.TestTools.TestTypes.Unit.UnitTestAdapter, Microsoft.VisualStudio.QualityTools.Tips.UnitTest.Adapter, Version=10.0.0.0, Culture=neutral, PublicKeyToken=b03f5f7f11d50a3a" className="Contoso.Abstract.UnityServiceRegistrarIntegrationTests, Contoso.Abstract.Unity.Tests, Version=1.0.0.0, Culture=neutral, PublicKeyToken=null" name="RegisterInstance_Should_Return_Same_Object_For_Same_Type" />
    </UnitTest>
    <UnitTest name="NonGeneric_Ask_For_Unknown_Service_Should_Throw_Exception" storage="c:\_application\bclex-abstract\tests_\contoso.abstract.ninject.tests\bin\debug\contoso.abstract.ninject.tests.dll" id="e1ee1967-3853-2d1e-d5de-b9a20e943b23">
      <Execution id="ebfe405a-71d9-401e-b521-00487b5bb6b0" />
      <TestMethod codeBase="C:/_APPLICATION/BCLEX-ABSTRACT/TESTS_/Contoso.Abstract.Ninject.Tests/bin/Debug/Contoso.Abstract.Ninject.Tests.DLL" adapterTypeName="Microsoft.VisualStudio.TestTools.TestTypes.Unit.UnitTestAdapter, Microsoft.VisualStudio.QualityTools.Tips.UnitTest.Adapter, Version=10.0.0.0, Culture=neutral, PublicKeyToken=b03f5f7f11d50a3a" className="Contoso.Abstract.NinjectServiceLocatorIntegrationTests, Contoso.Abstract.Ninject.Tests, Version=1.0.0.0, Culture=neutral, PublicKeyToken=null" name="NonGeneric_Ask_For_Unknown_Service_Should_Throw_Exception" />
    </UnitTest>
    <UnitTest name="ResolveAll_For_Unknown_Type_Should_Return_Empty_Enumerable" storage="c:\_application\bclex-abstract\tests_\contoso.abstract.structuremap.tests\bin\debug\contoso.abstract.structuremap.tests.dll" id="d331360b-17dc-7741-9349-b71b90be8e31">
      <Execution id="21cf9b56-5a06-435b-94c3-c8a32c3469fa" />
      <TestMethod codeBase="C:/_APPLICATION/BCLEX-ABSTRACT/TESTS_/Contoso.Abstract.StructureMap.Tests/bin/Debug/Contoso.Abstract.StructureMap.Tests.DLL" adapterTypeName="Microsoft.VisualStudio.TestTools.TestTypes.Unit.UnitTestAdapter, Microsoft.VisualStudio.QualityTools.Tips.UnitTest.Adapter, Version=10.0.0.0, Culture=neutral, PublicKeyToken=b03f5f7f11d50a3a" className="Contoso.Abstract.StructureMapServiceLocatorIntegrationTests, Contoso.Abstract.StructureMap.Tests, Version=1.0.0.0, Culture=neutral, PublicKeyToken=null" name="ResolveAll_For_Unknown_Type_Should_Return_Empty_Enumerable" />
    </UnitTest>
    <UnitTest name="Create_Instance_With_Type" storage="c:\_application\bclex-abstract\tests_\system.abstract.tests\bin\debug\system.abstract.tests.dll" id="b0b4cd12-ddb3-be65-e997-5b0d40eef6fb">
      <Execution id="d4e4a8ca-07c9-4de7-b5d5-ce44cb5c6d5b" />
      <TestMethod codeBase="C:/_APPLICATION/BCLEX-ABSTRACT/TESTS_/System.Abstract.Tests/bin/Debug/System.Abstract.Tests.DLL" adapterTypeName="Microsoft.VisualStudio.TestTools.TestTypes.Unit.UnitTestAdapter, Microsoft.VisualStudio.QualityTools.Tips.UnitTest.Adapter, Version=10.0.0.0, Culture=neutral, PublicKeyToken=b03f5f7f11d50a3a" className="System.Abstract.ServiceLocatorResolutionExceptionTests, System.Abstract.Tests, Version=1.0.0.0, Culture=neutral, PublicKeyToken=null" name="Create_Instance_With_Type" />
    </UnitTest>
    <UnitTest name="Register_With_Specified_Service_And_Type_Should_Return_Same_Type" storage="c:\_application\bclex-abstract\tests_\system.abstract.tests\bin\debug\system.abstract.tests.dll" id="bc189f77-da93-9b5b-b715-c031d523d053">
      <Execution id="b78d513d-83ee-4267-8d95-94b287a0111e" />
      <TestMethod codeBase="C:/_APPLICATION/BCLEX-ABSTRACT/TESTS_/System.Abstract.Tests/bin/Debug/System.Abstract.Tests.DLL" adapterTypeName="Microsoft.VisualStudio.TestTools.TestTypes.Unit.UnitTestAdapter, Microsoft.VisualStudio.QualityTools.Tips.UnitTest.Adapter, Version=10.0.0.0, Culture=neutral, PublicKeyToken=b03f5f7f11d50a3a" className="Contoso.Abstract.MicroServiceRegistrarIntegrationTests, System.Abstract.Tests, Version=1.0.0.0, Culture=neutral, PublicKeyToken=null" name="Register_With_Specified_Service_And_Type_Should_Return_Same_Type" />
    </UnitTest>
    <UnitTest name="RegisterInstance_GenericNamed_Should_Return_Same_Object" storage="c:\_application\bclex-abstract\tests_\system.abstract.tests\bin\debug\system.abstract.tests.dll" id="4828dfbc-2d27-8303-fd18-52561ce9c041">
      <Execution id="ea36f09a-85d9-43a3-b6d0-338b28fdf031" />
      <TestMethod codeBase="C:/_APPLICATION/BCLEX-ABSTRACT/TESTS_/System.Abstract.Tests/bin/Debug/System.Abstract.Tests.DLL" adapterTypeName="Microsoft.VisualStudio.TestTools.TestTypes.Unit.UnitTestAdapter, Microsoft.VisualStudio.QualityTools.Tips.UnitTest.Adapter, Version=10.0.0.0, Culture=neutral, PublicKeyToken=b03f5f7f11d50a3a" className="Contoso.Abstract.MicroServiceRegistrarIntegrationTests, System.Abstract.Tests, Version=1.0.0.0, Culture=neutral, PublicKeyToken=null" name="RegisterInstance_GenericNamed_Should_Return_Same_Object" />
    </UnitTest>
    <UnitTest name="Register_With_FactoryMethod_Should_Return_Result_From_Factory" storage="c:\_application\bclex-abstract\tests_\contoso.abstract.autofac.tests\bin\debug\contoso.abstract.autofac.tests.dll" id="bc4d2d47-f2c7-b749-ab6f-a317256ebc36">
      <Execution id="2a64bc58-7415-490e-a1ab-54e32553dfec" />
      <TestMethod codeBase="C:/_APPLICATION/BCLEX-ABSTRACT/TESTS_/Contoso.Abstract.Autofac.Tests/bin/Debug/Contoso.Abstract.Autofac.Tests.DLL" adapterTypeName="Microsoft.VisualStudio.TestTools.TestTypes.Unit.UnitTestAdapter, Microsoft.VisualStudio.QualityTools.Tips.UnitTest.Adapter, Version=10.0.0.0, Culture=neutral, PublicKeyToken=b03f5f7f11d50a3a" className="Contoso.Abstract.AutofacServiceRegistrarIntegrationTests, Contoso.Abstract.Autofac.Tests, Version=1.0.0.0, Culture=neutral, PublicKeyToken=null" name="Register_With_FactoryMethod_Should_Return_Result_From_Factory" />
    </UnitTest>
    <UnitTest name="Ask_For_Named_Instance" storage="c:\_application\bclex-abstract\tests_\contoso.abstract.unity.tests\bin\debug\contoso.abstract.unity.tests.dll" id="2769c640-0425-be6c-ab5d-c4323fd965af">
      <Execution id="d035aac9-89c2-4457-8379-582085158f84" />
      <TestMethod codeBase="C:/_APPLICATION/BCLEX-ABSTRACT/TESTS_/Contoso.Abstract.Unity.Tests/bin/Debug/Contoso.Abstract.Unity.Tests.DLL" adapterTypeName="Microsoft.VisualStudio.TestTools.TestTypes.Unit.UnitTestAdapter, Microsoft.VisualStudio.QualityTools.Tips.UnitTest.Adapter, Version=10.0.0.0, Culture=neutral, PublicKeyToken=b03f5f7f11d50a3a" className="Contoso.Abstract.UnityServiceLocatorIntegrationTests, Contoso.Abstract.Unity.Tests, Version=1.0.0.0, Culture=neutral, PublicKeyToken=null" name="Ask_For_Named_Instance" />
    </UnitTest>
    <UnitTest name="ResolveAll_Should_Return_All_Registered_Named_Services" storage="c:\_application\bclex-abstract\tests_\contoso.abstract.structuremap.tests\bin\debug\contoso.abstract.structuremap.tests.dll" id="4acb29f8-30c1-7b9a-d8f2-c7d8563492f9">
      <Execution id="1f8e076a-8bcd-49f8-81a1-dbfea6fb9ada" />
      <TestMethod codeBase="C:/_APPLICATION/BCLEX-ABSTRACT/TESTS_/Contoso.Abstract.StructureMap.Tests/bin/Debug/Contoso.Abstract.StructureMap.Tests.DLL" adapterTypeName="Microsoft.VisualStudio.TestTools.TestTypes.Unit.UnitTestAdapter, Microsoft.VisualStudio.QualityTools.Tips.UnitTest.Adapter, Version=10.0.0.0, Culture=neutral, PublicKeyToken=b03f5f7f11d50a3a" className="Contoso.Abstract.StructureMapServiceLocatorIntegrationTests, Contoso.Abstract.StructureMap.Tests, Version=1.0.0.0, Culture=neutral, PublicKeyToken=null" name="ResolveAll_Should_Return_All_Registered_Named_Services" />
    </UnitTest>
    <UnitTest name="HasRegistered" storage="c:\_application\bclex-abstract\tests_\contoso.abstract.autofac.tests\bin\debug\contoso.abstract.autofac.tests.dll" id="805a6736-e0db-1299-31e0-4f6867ca291b">
      <Execution id="81ae2a15-d69b-4206-83ba-a32bb6b4c60b" />
      <TestMethod codeBase="C:/_APPLICATION/BCLEX-ABSTRACT/TESTS_/Contoso.Abstract.Autofac.Tests/bin/Debug/Contoso.Abstract.Autofac.Tests.DLL" adapterTypeName="Microsoft.VisualStudio.TestTools.TestTypes.Unit.UnitTestAdapter, Microsoft.VisualStudio.QualityTools.Tips.UnitTest.Adapter, Version=10.0.0.0, Culture=neutral, PublicKeyToken=b03f5f7f11d50a3a" className="Contoso.Abstract.AutofacServiceRegistrarIntegrationTests, Contoso.Abstract.Autofac.Tests, Version=1.0.0.0, Culture=neutral, PublicKeyToken=null" name="HasRegistered" />
    </UnitTest>
    <UnitTest name="ResolveGeneric_With_ServiceType_And_Name_Returns_Generic" storage="c:\_application\bclex-abstract\tests_\system.abstract.tests\bin\debug\system.abstract.tests.dll" id="aa490131-9ba9-32c6-9d19-32a4f8845719">
      <Execution id="d3b1841f-3ac6-4810-8741-008252d84fa1" />
      <TestMethod codeBase="C:/_APPLICATION/BCLEX-ABSTRACT/TESTS_/System.Abstract.Tests/bin/Debug/System.Abstract.Tests.DLL" adapterTypeName="Microsoft.VisualStudio.TestTools.TestTypes.Unit.UnitTestAdapter, Microsoft.VisualStudio.QualityTools.Tips.UnitTest.Adapter, Version=10.0.0.0, Culture=neutral, PublicKeyToken=b03f5f7f11d50a3a" className="System.Abstract.IServiceLocatorExtensionsTests, System.Abstract.Tests, Version=1.0.0.0, Culture=neutral, PublicKeyToken=null" name="ResolveGeneric_With_ServiceType_And_Name_Returns_Generic" />
    </UnitTest>
    <UnitTest name="GetRegistrationsFor" storage="c:\_application\bclex-abstract\tests_\contoso.abstract.castlewindsor.tests\bin\debug\contoso.abstract.castlewindsor.tests.dll" id="8b6235dd-beb2-ee77-c5eb-5ec7712da185">
      <Execution id="4d996dbf-483b-421f-ac27-381d84078081" />
      <TestMethod codeBase="C:/_APPLICATION/BCLEX-ABSTRACT/TESTS_/Contoso.Abstract.CastleWindsor.Tests/bin/Debug/Contoso.Abstract.CastleWindsor.Tests.DLL" adapterTypeName="Microsoft.VisualStudio.TestTools.TestTypes.Unit.UnitTestAdapter, Microsoft.VisualStudio.QualityTools.Tips.UnitTest.Adapter, Version=10.0.0.0, Culture=neutral, PublicKeyToken=b03f5f7f11d50a3a" className="Contoso.Abstract.CastleWindsorServiceRegistrarIntegrationTests, Contoso.Abstract.CastleWindsor.Tests, Version=1.0.0.0, Culture=neutral, PublicKeyToken=null" name="GetRegistrationsFor" />
    </UnitTest>
    <UnitTest name="XXX" storage="c:\_application\bclex-abstract\tests_\system.abstract.tests\bin\debug\system.abstract.tests.dll" id="f4a47632-d161-7cec-0892-b9d0565e9c36">
      <Execution id="6d8375fa-96a8-46ad-8349-aec75aa72571" />
      <TestMethod codeBase="C:/_APPLICATION/BCLEX-ABSTRACT/TESTS_/System.Abstract.Tests/bin/Debug/System.Abstract.Tests.DLL" adapterTypeName="Microsoft.VisualStudio.TestTools.TestTypes.Unit.UnitTestAdapter, Microsoft.VisualStudio.QualityTools.Tips.UnitTest.Adapter, Version=10.0.0.0, Culture=neutral, PublicKeyToken=b03f5f7f11d50a3a" className="System.EnvironmentEx2Tests, System.Abstract.Tests, Version=1.0.0.0, Culture=neutral, PublicKeyToken=null" name="XXX" />
    </UnitTest>
    <UnitTest name="GenericAndNonGeneric_Resolve_Method_Should_Return_Same_Instance_Type" storage="c:\_application\bclex-abstract\tests_\contoso.abstract.hiro.tests\bin\debug\contoso.abstract.hiro.tests.dll" id="06adec8b-4797-b8ca-8cad-a9a25a2ea5ee">
      <Execution id="c2b783e1-3692-4e0a-9480-c46e65afd5a1" />
      <TestMethod codeBase="C:/_APPLICATION/BCLEX-ABSTRACT/TESTS_/Contoso.Abstract.Hiro.Tests/bin/Debug/Contoso.Abstract.Hiro.Tests.DLL" adapterTypeName="Microsoft.VisualStudio.TestTools.TestTypes.Unit.UnitTestAdapter, Microsoft.VisualStudio.QualityTools.Tips.UnitTest.Adapter, Version=10.0.0.0, Culture=neutral, PublicKeyToken=b03f5f7f11d50a3a" className="Contoso.Abstract.HiroServiceLocatorIntegrationTests, Contoso.Abstract.Hiro.Tests, Version=1.0.0.0, Culture=neutral, PublicKeyToken=null" name="GenericAndNonGeneric_Resolve_Method_Should_Return_Same_Instance_Type" />
    </UnitTest>
    <UnitTest name="Register_With_Implementation_Type_Should_Return_Same_Type" storage="c:\_application\bclex-abstract\tests_\contoso.abstract.castlewindsor.tests\bin\debug\contoso.abstract.castlewindsor.tests.dll" id="4d1e2ca6-5d2c-b5f5-78b3-5632029a71bb">
      <Execution id="7951a10f-97f6-4bfe-8ab7-04549efc98c8" />
      <TestMethod codeBase="C:/_APPLICATION/BCLEX-ABSTRACT/TESTS_/Contoso.Abstract.CastleWindsor.Tests/bin/Debug/Contoso.Abstract.CastleWindsor.Tests.DLL" adapterTypeName="Microsoft.VisualStudio.TestTools.TestTypes.Unit.UnitTestAdapter, Microsoft.VisualStudio.QualityTools.Tips.UnitTest.Adapter, Version=10.0.0.0, Culture=neutral, PublicKeyToken=b03f5f7f11d50a3a" className="Contoso.Abstract.CastleWindsorServiceRegistrarIntegrationTests, Contoso.Abstract.CastleWindsor.Tests, Version=1.0.0.0, Culture=neutral, PublicKeyToken=null" name="Register_With_Implementation_Type_Should_Return_Same_Type" />
    </UnitTest>
    <UnitTest name="ResolveAll_With_ServiceType_And_Name_Returns_Generic" storage="c:\_application\bclex-abstract\tests_\system.abstract.tests\bin\debug\system.abstract.tests.dll" id="44f16861-f6e7-fcd9-2b91-0346c841670f">
      <Execution id="158af37f-3d0d-48bd-a4d0-148bb74353b8" />
      <TestMethod codeBase="C:/_APPLICATION/BCLEX-ABSTRACT/TESTS_/System.Abstract.Tests/bin/Debug/System.Abstract.Tests.DLL" adapterTypeName="Microsoft.VisualStudio.TestTools.TestTypes.Unit.UnitTestAdapter, Microsoft.VisualStudio.QualityTools.Tips.UnitTest.Adapter, Version=10.0.0.0, Culture=neutral, PublicKeyToken=b03f5f7f11d50a3a" className="System.Abstract.IServiceLocatorExtensionsTests, System.Abstract.Tests, Version=1.0.0.0, Culture=neutral, PublicKeyToken=null" name="ResolveAll_With_ServiceType_And_Name_Returns_Generic" />
    </UnitTest>
    <UnitTest name="Register_Generic_With_FactoryMethod_Should_Return_Result_From_Factory" storage="c:\_application\bclex-abstract\tests_\contoso.abstract.castlewindsor.tests\bin\debug\contoso.abstract.castlewindsor.tests.dll" id="b2932a4a-7e4a-b619-d713-4db090b000c6">
      <Execution id="195691f6-e715-47e5-b32c-4a8a733c1882" />
      <TestMethod codeBase="C:/_APPLICATION/BCLEX-ABSTRACT/TESTS_/Contoso.Abstract.CastleWindsor.Tests/bin/Debug/Contoso.Abstract.CastleWindsor.Tests.DLL" adapterTypeName="Microsoft.VisualStudio.TestTools.TestTypes.Unit.UnitTestAdapter, Microsoft.VisualStudio.QualityTools.Tips.UnitTest.Adapter, Version=10.0.0.0, Culture=neutral, PublicKeyToken=b03f5f7f11d50a3a" className="Contoso.Abstract.CastleWindsorServiceRegistrarIntegrationTests, Contoso.Abstract.CastleWindsor.Tests, Version=1.0.0.0, Culture=neutral, PublicKeyToken=null" name="Register_Generic_With_FactoryMethod_Should_Return_Result_From_Factory" />
    </UnitTest>
    <UnitTest name="Ask_For_Unknown_Service_Should_Throw_Exception" storage="c:\_application\bclex-abstract\tests_\contoso.abstract.autofac.tests\bin\debug\contoso.abstract.autofac.tests.dll" id="76bccbf1-ed92-b0bd-9dc8-dcba642fb6f2">
      <Execution id="12d0b4f7-7da2-42ed-9ef9-d6982390b407" />
      <TestMethod codeBase="C:/_APPLICATION/BCLEX-ABSTRACT/TESTS_/Contoso.Abstract.Autofac.Tests/bin/Debug/Contoso.Abstract.Autofac.Tests.DLL" adapterTypeName="Microsoft.VisualStudio.TestTools.TestTypes.Unit.UnitTestAdapter, Microsoft.VisualStudio.QualityTools.Tips.UnitTest.Adapter, Version=10.0.0.0, Culture=neutral, PublicKeyToken=b03f5f7f11d50a3a" className="Contoso.Abstract.AutofacServiceLocatorIntegrationTests, Contoso.Abstract.Autofac.Tests, Version=1.0.0.0, Culture=neutral, PublicKeyToken=null" name="Ask_For_Unknown_Service_Should_Throw_Exception" />
    </UnitTest>
    <UnitTest name="Ask_For_Unknown_Service_Should_Throw_Exception" storage="c:\_application\bclex-abstract\tests_\contoso.abstract.castlewindsor.tests\bin\debug\contoso.abstract.castlewindsor.tests.dll" id="0f8dc7c8-8dad-2ebb-4e04-019f3907d891">
      <Execution id="0a7f8178-b39c-4c88-9cd3-d5fb4511c013" />
      <TestMethod codeBase="C:/_APPLICATION/BCLEX-ABSTRACT/TESTS_/Contoso.Abstract.CastleWindsor.Tests/bin/Debug/Contoso.Abstract.CastleWindsor.Tests.DLL" adapterTypeName="Microsoft.VisualStudio.TestTools.TestTypes.Unit.UnitTestAdapter, Microsoft.VisualStudio.QualityTools.Tips.UnitTest.Adapter, Version=10.0.0.0, Culture=neutral, PublicKeyToken=b03f5f7f11d50a3a" className="Contoso.Abstract.CastleWindsorServiceLocatorIntegrationTests, Contoso.Abstract.CastleWindsor.Tests, Version=1.0.0.0, Culture=neutral, PublicKeyToken=null" name="Ask_For_Unknown_Service_Should_Throw_Exception" />
    </UnitTest>
    <UnitTest name="Ask_For_Unknown_Service_Should_Throw_Exception" storage="c:\_application\bclex-abstract\tests_\contoso.abstract.ninject.tests\bin\debug\contoso.abstract.ninject.tests.dll" id="dedf7946-182b-d5a7-fc1c-d231c1e613b3">
      <Execution id="aa07993c-add9-42af-85c6-e4bd6724b4a4" />
      <TestMethod codeBase="C:/_APPLICATION/BCLEX-ABSTRACT/TESTS_/Contoso.Abstract.Ninject.Tests/bin/Debug/Contoso.Abstract.Ninject.Tests.DLL" adapterTypeName="Microsoft.VisualStudio.TestTools.TestTypes.Unit.UnitTestAdapter, Microsoft.VisualStudio.QualityTools.Tips.UnitTest.Adapter, Version=10.0.0.0, Culture=neutral, PublicKeyToken=b03f5f7f11d50a3a" className="Contoso.Abstract.NinjectServiceLocatorIntegrationTests, Contoso.Abstract.Ninject.Tests, Version=1.0.0.0, Culture=neutral, PublicKeyToken=null" name="Ask_For_Unknown_Service_Should_Throw_Exception" />
    </UnitTest>
    <UnitTest name="RegisterInstance_Generic_Should_Return_Same_Object" storage="c:\_application\bclex-abstract\tests_\contoso.abstract.hiro.tests\bin\debug\contoso.abstract.hiro.tests.dll" id="a69c92f6-0a1a-f99e-8d19-54e52d39d5c3">
      <Execution id="5aedf991-a678-4bb9-9986-bf897f5b598a" />
      <TestMethod codeBase="C:/_APPLICATION/BCLEX-ABSTRACT/TESTS_/Contoso.Abstract.Hiro.Tests/bin/Debug/Contoso.Abstract.Hiro.Tests.DLL" adapterTypeName="Microsoft.VisualStudio.TestTools.TestTypes.Unit.UnitTestAdapter, Microsoft.VisualStudio.QualityTools.Tips.UnitTest.Adapter, Version=10.0.0.0, Culture=neutral, PublicKeyToken=b03f5f7f11d50a3a" className="Contoso.Abstract.HiroServiceRegistrarIntegrationTests, Contoso.Abstract.Hiro.Tests, Version=1.0.0.0, Culture=neutral, PublicKeyToken=null" name="RegisterInstance_Generic_Should_Return_Same_Object" />
    </UnitTest>
    <UnitTest name="HasRegistered" storage="c:\_application\bclex-abstract\tests_\contoso.abstract.unity.tests\bin\debug\contoso.abstract.unity.tests.dll" id="21cedbce-e11e-0bf6-e458-8dcd3f6f7f57">
      <Execution id="d7760eb8-a8cd-470d-838c-9c486cf9104e" />
      <TestMethod codeBase="C:/_APPLICATION/BCLEX-ABSTRACT/TESTS_/Contoso.Abstract.Unity.Tests/bin/Debug/Contoso.Abstract.Unity.Tests.DLL" adapterTypeName="Microsoft.VisualStudio.TestTools.TestTypes.Unit.UnitTestAdapter, Microsoft.VisualStudio.QualityTools.Tips.UnitTest.Adapter, Version=10.0.0.0, Culture=neutral, PublicKeyToken=b03f5f7f11d50a3a" className="Contoso.Abstract.UnityServiceRegistrarIntegrationTests, Contoso.Abstract.Unity.Tests, Version=1.0.0.0, Culture=neutral, PublicKeyToken=null" name="HasRegistered" />
    </UnitTest>
    <UnitTest name="Register_With_Implementation_Type_Should_Return_Same_Type" storage="c:\_application\bclex-abstract\tests_\contoso.abstract.hiro.tests\bin\debug\contoso.abstract.hiro.tests.dll" id="1f1c2c03-c634-886f-a240-a74a2a85a54a">
      <Execution id="ced636d5-9709-4c2b-9e67-6187ba232e6f" />
      <TestMethod codeBase="C:/_APPLICATION/BCLEX-ABSTRACT/TESTS_/Contoso.Abstract.Hiro.Tests/bin/Debug/Contoso.Abstract.Hiro.Tests.DLL" adapterTypeName="Microsoft.VisualStudio.TestTools.TestTypes.Unit.UnitTestAdapter, Microsoft.VisualStudio.QualityTools.Tips.UnitTest.Adapter, Version=10.0.0.0, Culture=neutral, PublicKeyToken=b03f5f7f11d50a3a" className="Contoso.Abstract.HiroServiceRegistrarIntegrationTests, Contoso.Abstract.Hiro.Tests, Version=1.0.0.0, Culture=neutral, PublicKeyToken=null" name="Register_With_Implementation_Type_Should_Return_Same_Type" />
    </UnitTest>
    <UnitTest name="Ask_For_Named_Instance" storage="c:\_application\bclex-abstract\tests_\system.abstract.tests\bin\debug\system.abstract.tests.dll" id="7ed8263a-3915-215f-9b48-fbdfe2237258">
      <Execution id="25493b97-2b91-43aa-b94d-2b6e0e196241" />
      <TestMethod codeBase="C:/_APPLICATION/BCLEX-ABSTRACT/TESTS_/System.Abstract.Tests/bin/Debug/System.Abstract.Tests.DLL" adapterTypeName="Microsoft.VisualStudio.TestTools.TestTypes.Unit.UnitTestAdapter, Microsoft.VisualStudio.QualityTools.Tips.UnitTest.Adapter, Version=10.0.0.0, Culture=neutral, PublicKeyToken=b03f5f7f11d50a3a" className="Contoso.Abstract.MicroServiceLocatorIntegrationTests, System.Abstract.Tests, Version=1.0.0.0, Culture=neutral, PublicKeyToken=null" name="Ask_For_Named_Instance" />
    </UnitTest>
    <UnitTest name="Resolve_With_No_Dependency" storage="c:\_application\bclex-abstract\tests_\system.abstract.tests\bin\debug\system.abstract.tests.dll" id="944fd5f3-88a7-e6df-9e64-cc2618682587">
      <Execution id="27100c80-25a4-4ef5-9ba4-389bbfa55387" />
      <TestMethod codeBase="C:/_APPLICATION/BCLEX-ABSTRACT/TESTS_/System.Abstract.Tests/bin/Debug/System.Abstract.Tests.DLL" adapterTypeName="Microsoft.VisualStudio.TestTools.TestTypes.Unit.UnitTestAdapter, Microsoft.VisualStudio.QualityTools.Tips.UnitTest.Adapter, Version=10.0.0.0, Culture=neutral, PublicKeyToken=b03f5f7f11d50a3a" className="System.Abstract.ServiceDependencyAttributeTests, System.Abstract.Tests, Version=1.0.0.0, Culture=neutral, PublicKeyToken=null" name="Resolve_With_No_Dependency" />
    </UnitTest>
    <UnitTest name="Send_With_Message_Sends" storage="c:\_application\bclex-abstract\tests_\system.abstract.tests\bin\debug\system.abstract.tests.dll" id="4c11e0cd-867c-ef85-b171-807369f35de7">
      <Execution id="19d4f3d2-9289-450f-828a-58dd4c4bf22b" />
      <TestMethod codeBase="C:/_APPLICATION/BCLEX-ABSTRACT/TESTS_/System.Abstract.Tests/bin/Debug/System.Abstract.Tests.DLL" adapterTypeName="Microsoft.VisualStudio.TestTools.TestTypes.Unit.UnitTestAdapter, Microsoft.VisualStudio.QualityTools.Tips.UnitTest.Adapter, Version=10.0.0.0, Culture=neutral, PublicKeyToken=b03f5f7f11d50a3a" className="System.Abstract.IServiceBusExtensionsTests, System.Abstract.Tests, Version=1.0.0.0, Culture=neutral, PublicKeyToken=null" name="Send_With_Message_Sends" />
    </UnitTest>
    <UnitTest name="Register_With_Specified_Type_Should_Return_Same_Type" storage="c:\_application\bclex-abstract\tests_\system.abstract.tests\bin\debug\system.abstract.tests.dll" id="6e01d4b9-51ee-970e-13ef-b2482a1dd349">
      <Execution id="91273aa3-dc95-4140-a3d1-078f75dd39a8" />
      <TestMethod codeBase="C:/_APPLICATION/BCLEX-ABSTRACT/TESTS_/System.Abstract.Tests/bin/Debug/System.Abstract.Tests.DLL" adapterTypeName="Microsoft.VisualStudio.TestTools.TestTypes.Unit.UnitTestAdapter, Microsoft.VisualStudio.QualityTools.Tips.UnitTest.Adapter, Version=10.0.0.0, Culture=neutral, PublicKeyToken=b03f5f7f11d50a3a" className="Contoso.Abstract.MicroServiceRegistrarIntegrationTests, System.Abstract.Tests, Version=1.0.0.0, Culture=neutral, PublicKeyToken=null" name="Register_With_Specified_Type_Should_Return_Same_Type" />
    </UnitTest>
    <UnitTest name="RegisterInstance_Should_Return_Same_Object" storage="c:\_application\bclex-abstract\tests_\system.abstract.tests\bin\debug\system.abstract.tests.dll" id="74f181e1-6b5c-7d3c-5a71-744feda3da7a">
      <Execution id="0e7f8f19-bcf2-44b3-810a-fa694a501404" />
      <TestMethod codeBase="C:/_APPLICATION/BCLEX-ABSTRACT/TESTS_/System.Abstract.Tests/bin/Debug/System.Abstract.Tests.DLL" adapterTypeName="Microsoft.VisualStudio.TestTools.TestTypes.Unit.UnitTestAdapter, Microsoft.VisualStudio.QualityTools.Tips.UnitTest.Adapter, Version=10.0.0.0, Culture=neutral, PublicKeyToken=b03f5f7f11d50a3a" className="Contoso.Abstract.MicroServiceRegistrarIntegrationTests, System.Abstract.Tests, Version=1.0.0.0, Culture=neutral, PublicKeyToken=null" name="RegisterInstance_Should_Return_Same_Object" />
    </UnitTest>
    <UnitTest name="NonGeneric_Asking_For_Invalid_Service_Should_Raise_Exception" storage="c:\_application\bclex-abstract\tests_\system.abstract.tests\bin\debug\system.abstract.tests.dll" id="c874ff42-af85-e58c-6ec5-625dccc6e089">
      <Execution id="7aed91cb-45a9-4ead-8d1e-549bf33d4c3e" />
      <TestMethod codeBase="C:/_APPLICATION/BCLEX-ABSTRACT/TESTS_/System.Abstract.Tests/bin/Debug/System.Abstract.Tests.DLL" adapterTypeName="Microsoft.VisualStudio.TestTools.TestTypes.Unit.UnitTestAdapter, Microsoft.VisualStudio.QualityTools.Tips.UnitTest.Adapter, Version=10.0.0.0, Culture=neutral, PublicKeyToken=b03f5f7f11d50a3a" className="Contoso.Abstract.MicroServiceLocatorIntegrationTests, System.Abstract.Tests, Version=1.0.0.0, Culture=neutral, PublicKeyToken=null" name="NonGeneric_Asking_For_Invalid_Service_Should_Raise_Exception" />
    </UnitTest>
  </TestDefinitions>
  <TestLists>
    <TestList name="Results Not in a List" id="8c84fa94-04c1-424b-9868-57a2d4851a1d" />
    <TestList name="All Loaded Results" id="19431567-8539-422a-85d7-44ee4e166bda" />
  </TestLists>
  <TestEntries>
    <TestEntry testId="00c5e575-48c0-6b4d-6917-5a40f419a33f" executionId="bf813ed7-969d-4d68-bfb0-c098dbd8bc5e" testListId="8c84fa94-04c1-424b-9868-57a2d4851a1d" />
    <TestEntry testId="015b5e08-82cd-6b62-041e-c6feae117acf" executionId="336a8f2e-7f42-49f0-9445-796d2802bb8d" testListId="8c84fa94-04c1-424b-9868-57a2d4851a1d" />
    <TestEntry testId="06065ee8-870c-8b0c-e0b4-4557311cff3b" executionId="6abf9d3c-0e90-45de-87d0-5032ee1d7192" testListId="8c84fa94-04c1-424b-9868-57a2d4851a1d" />
    <TestEntry testId="06694f17-77ff-91ee-1351-2201683e9da7" executionId="4f1cc33e-e5ff-4586-a11d-cb7e85d579b7" testListId="8c84fa94-04c1-424b-9868-57a2d4851a1d" />
    <TestEntry testId="06adec8b-4797-b8ca-8cad-a9a25a2ea5ee" executionId="c2b783e1-3692-4e0a-9480-c46e65afd5a1" testListId="8c84fa94-04c1-424b-9868-57a2d4851a1d" />
    <TestEntry testId="06f82377-dabf-945c-4f34-98e46c632fa3" executionId="f4527c2c-15f1-4e69-82a5-283fc5b0b34e" testListId="8c84fa94-04c1-424b-9868-57a2d4851a1d" />
    <TestEntry testId="0985d937-2170-19ee-d31b-2f51ea41b998" executionId="00c37720-3dd0-4cc3-869a-f8aac6145dfa" testListId="8c84fa94-04c1-424b-9868-57a2d4851a1d" />
    <TestEntry testId="09dc15c3-9e71-ee56-1d67-76d654982478" executionId="710c65bb-f378-46f6-a414-9338cc708ba7" testListId="8c84fa94-04c1-424b-9868-57a2d4851a1d" />
    <TestEntry testId="0a29f816-64b2-9e25-2453-1344698d9297" executionId="9d6f91a5-8b51-4840-b075-bdf47ab1e465" testListId="8c84fa94-04c1-424b-9868-57a2d4851a1d" />
    <TestEntry testId="0ca4fbc8-1b23-24b5-dc09-365065d30058" executionId="2ed4b834-6af7-4f25-9c8a-9027649ecd85" testListId="8c84fa94-04c1-424b-9868-57a2d4851a1d" />
    <TestEntry testId="0ca6fab8-b6ce-c296-df70-89ac46d286bd" executionId="24d81e45-4384-4b08-baa2-ead0a02e6d2d" testListId="8c84fa94-04c1-424b-9868-57a2d4851a1d" />
    <TestEntry testId="0f2843ec-10c3-2b52-6303-8c775ce4e7f2" executionId="18d5ae3b-51ff-4824-8a13-801685c0ba05" testListId="8c84fa94-04c1-424b-9868-57a2d4851a1d" />
    <TestEntry testId="0f8dc7c8-8dad-2ebb-4e04-019f3907d891" executionId="0a7f8178-b39c-4c88-9cd3-d5fb4511c013" testListId="8c84fa94-04c1-424b-9868-57a2d4851a1d" />
    <TestEntry testId="10568faf-3cb4-2005-1fb8-2bfe100717a0" executionId="7450542a-82a1-4d43-9690-b2e9deb459aa" testListId="8c84fa94-04c1-424b-9868-57a2d4851a1d" />
    <TestEntry testId="108041fd-9f51-e4fc-b202-c950632b7b3e" executionId="f83adf93-0912-461a-846f-c6be897d86a0" testListId="8c84fa94-04c1-424b-9868-57a2d4851a1d" />
    <TestEntry testId="10f80cb0-043c-d687-79da-3e12dcda665c" executionId="335f5f9f-e9f0-4bff-aeb8-251f4e5eea23" testListId="8c84fa94-04c1-424b-9868-57a2d4851a1d" />
    <TestEntry testId="122140e6-3cfa-8ec7-bfda-fc8f20ee6267" executionId="ee48137c-19f8-44b5-9f3a-3b34db55bc2e" testListId="8c84fa94-04c1-424b-9868-57a2d4851a1d" />
    <TestEntry testId="122f3ef1-ab72-7754-0a7c-cae45dfad50a" executionId="9cea0ccd-beaf-45d8-9aa3-8f30abff7864" testListId="8c84fa94-04c1-424b-9868-57a2d4851a1d" />
    <TestEntry testId="13434630-6239-3dd9-7e8f-7b390d0f689c" executionId="f76cdc27-1698-4827-a0dc-c217dcd32303" testListId="8c84fa94-04c1-424b-9868-57a2d4851a1d" />
    <TestEntry testId="14c9ffdd-a391-5bb4-4c66-7dacf1815b8b" executionId="753f3a33-0e8b-4eb1-8a65-547ebda52327" testListId="8c84fa94-04c1-424b-9868-57a2d4851a1d" />
    <TestEntry testId="166e505c-283c-a9bc-d45c-4320bfda9eed" executionId="1df8002f-74d7-40ce-9469-e85d1f68de3c" testListId="8c84fa94-04c1-424b-9868-57a2d4851a1d" />
    <TestEntry testId="16809eb5-8c26-6346-1a47-0dc8a904cdbd" executionId="13d5819b-0d0a-48de-befd-1fb9a11eacfc" testListId="8c84fa94-04c1-424b-9868-57a2d4851a1d" />
    <TestEntry testId="1a09e831-327c-8609-7b6d-c0a682af72bb" executionId="d28c9db7-818d-473f-90ea-8d4639b03808" testListId="8c84fa94-04c1-424b-9868-57a2d4851a1d" />
    <TestEntry testId="1a34db58-e6d9-05bf-a2ac-6d6b7e6f9ec5" executionId="503d0b33-004f-4e1f-b6e2-c022b817dcbc" testListId="8c84fa94-04c1-424b-9868-57a2d4851a1d" />
    <TestEntry testId="1a4818da-b7f9-6d04-9c24-8a408a560be4" executionId="8bd04a11-0748-4846-8822-e8111110d526" testListId="8c84fa94-04c1-424b-9868-57a2d4851a1d" />
    <TestEntry testId="1a988225-5a2c-1e6c-bc44-18f6d77c9cc9" executionId="a4a874b3-80b2-4b3b-940c-14f256eedbe3" testListId="8c84fa94-04c1-424b-9868-57a2d4851a1d" />
    <TestEntry testId="1f1c2c03-c634-886f-a240-a74a2a85a54a" executionId="ced636d5-9709-4c2b-9e67-6187ba232e6f" testListId="8c84fa94-04c1-424b-9868-57a2d4851a1d" />
    <TestEntry testId="200a15a0-9081-066a-a8f1-1e6a9dee3912" executionId="97779711-855b-42f0-b435-e36b8dee021f" testListId="8c84fa94-04c1-424b-9868-57a2d4851a1d" />
    <TestEntry testId="20a82d86-eec0-e197-b088-87340af3fc9f" executionId="654ca2a8-2b3d-4e97-971d-f62e38d2af3e" testListId="8c84fa94-04c1-424b-9868-57a2d4851a1d" />
    <TestEntry testId="20e8d44d-0ffd-0aba-9031-6041499e405e" executionId="a5c42cb3-513f-4449-abd1-d7ca8f786d46" testListId="8c84fa94-04c1-424b-9868-57a2d4851a1d" />
    <TestEntry testId="21cedbce-e11e-0bf6-e458-8dcd3f6f7f57" executionId="d7760eb8-a8cd-470d-838c-9c486cf9104e" testListId="8c84fa94-04c1-424b-9868-57a2d4851a1d" />
    <TestEntry testId="225e1bb5-212d-f3d8-d865-3d1c915616b1" executionId="7398908b-6013-4777-abcc-04585db63f86" testListId="8c84fa94-04c1-424b-9868-57a2d4851a1d" />
    <TestEntry testId="2459e39d-5dfd-e15d-a646-1391f378b3f6" executionId="85c7a75d-da52-497a-af37-f99c4a932d55" testListId="8c84fa94-04c1-424b-9868-57a2d4851a1d" />
    <TestEntry testId="24ab7c33-feda-71ac-3504-5c8d933a9599" executionId="6c5142ea-355a-462a-9e54-535b26cbaeea" testListId="8c84fa94-04c1-424b-9868-57a2d4851a1d" />
    <TestEntry testId="25bccbb5-ae62-22e8-bf40-e50c295774bf" executionId="682b742d-7814-4e6f-953c-55705a48035f" testListId="8c84fa94-04c1-424b-9868-57a2d4851a1d" />
    <TestEntry testId="25bfe464-974f-81d8-12e6-d1a3c01eb8e4" executionId="b63708d9-1536-47df-92e7-eaf274d9cf5b" testListId="8c84fa94-04c1-424b-9868-57a2d4851a1d" />
    <TestEntry testId="26f0c923-a951-0bb7-f3c6-d91cd4e01dbb" executionId="8d1d9e1b-405e-4586-87ed-d66c1e35a6a9" testListId="8c84fa94-04c1-424b-9868-57a2d4851a1d" />
    <TestEntry testId="2769c640-0425-be6c-ab5d-c4323fd965af" executionId="d035aac9-89c2-4457-8379-582085158f84" testListId="8c84fa94-04c1-424b-9868-57a2d4851a1d" />
    <TestEntry testId="293cf601-f847-b9fb-e53f-ec05141aee16" executionId="94951a51-c659-4a05-b011-8a22796729cc" testListId="8c84fa94-04c1-424b-9868-57a2d4851a1d" />
    <TestEntry testId="29aa027a-3a23-9ba5-8ed7-2619e1d31833" executionId="6a0ec03a-d16b-43e7-a2d6-755c29aa5c65" testListId="8c84fa94-04c1-424b-9868-57a2d4851a1d" />
    <TestEntry testId="2ad264b0-41b2-005f-65ab-9fcffdd2e7fb" executionId="38f44b1f-adbe-4e1f-901a-2f62fc2b77fc" testListId="8c84fa94-04c1-424b-9868-57a2d4851a1d" />
    <TestEntry testId="2b8a6791-aa68-60e9-5774-22d50e01966a" executionId="db815a49-8647-4af2-8b99-f11d8616cd6a" testListId="8c84fa94-04c1-424b-9868-57a2d4851a1d" />
    <TestEntry testId="2d5f89a7-ddf2-ce5b-9300-30b152a4772a" executionId="0ac11add-d995-4d27-9c1c-b152c44520f9" testListId="8c84fa94-04c1-424b-9868-57a2d4851a1d" />
    <TestEntry testId="2da19c4a-53c9-e6f7-6a7f-60adb219a2cd" executionId="718d3b19-90e3-4013-8bf0-aae92464b15f" testListId="8c84fa94-04c1-424b-9868-57a2d4851a1d" />
    <TestEntry testId="2f994507-1465-2bc2-c7b7-42c146d44ce1" executionId="19f78f0e-03b3-499e-a0c5-85c93e0746d7" testListId="8c84fa94-04c1-424b-9868-57a2d4851a1d" />
    <TestEntry testId="2fb31036-0a0d-6fc3-2c85-8262a34e3245" executionId="32b641c6-9ab5-40d4-922d-f732380dcac3" testListId="8c84fa94-04c1-424b-9868-57a2d4851a1d" />
    <TestEntry testId="3038b5b6-b527-f24d-9a1a-fe7f9cf81219" executionId="973f4413-7d07-4b10-89d2-fb02f2179f3f" testListId="8c84fa94-04c1-424b-9868-57a2d4851a1d" />
    <TestEntry testId="32a911be-508a-8ebc-ce72-8174b5116686" executionId="14b17c9c-84fe-40bf-9209-13692527d71c" testListId="8c84fa94-04c1-424b-9868-57a2d4851a1d" />
    <TestEntry testId="34f912ec-84f2-8877-b83a-5e913394ebb0" executionId="524b906f-e4c6-46bf-8fa8-aed32ae686da" testListId="8c84fa94-04c1-424b-9868-57a2d4851a1d" />
    <TestEntry testId="3501a232-81b7-114d-fa86-73d962c85c37" executionId="689fa8b9-d3ef-415b-b432-5150ef6f8679" testListId="8c84fa94-04c1-424b-9868-57a2d4851a1d" />
    <TestEntry testId="35778a12-1834-31ce-9eba-247d0d1b4fb9" executionId="ba62033a-629d-48b7-927c-4fcb55d97bb9" testListId="8c84fa94-04c1-424b-9868-57a2d4851a1d" />
    <TestEntry testId="387a68b1-2b79-c7f4-587d-71940b23f38b" executionId="c5a78b54-b7a8-4207-85c4-0018f37d5048" testListId="8c84fa94-04c1-424b-9868-57a2d4851a1d" />
    <TestEntry testId="3ec0ba34-5271-36db-4cea-a697d73b2f5d" executionId="765b0457-94bd-4fbc-b5e8-39bc46854bf4" testListId="8c84fa94-04c1-424b-9868-57a2d4851a1d" />
    <TestEntry testId="40c93e8d-a78a-1395-ce07-b8cec6847b04" executionId="f6636377-4f2d-4a7d-bab6-ef7b328f12a4" testListId="8c84fa94-04c1-424b-9868-57a2d4851a1d" />
    <TestEntry testId="44526278-0791-8086-11d1-ac4e4585f61d" executionId="659d66be-7558-45de-aaa9-0ccbfc9571fd" testListId="8c84fa94-04c1-424b-9868-57a2d4851a1d" />
    <TestEntry testId="44f16861-f6e7-fcd9-2b91-0346c841670f" executionId="158af37f-3d0d-48bd-a4d0-148bb74353b8" testListId="8c84fa94-04c1-424b-9868-57a2d4851a1d" />
    <TestEntry testId="468d1e66-6459-006b-5597-7ad222ead541" executionId="e6f57367-4465-474c-ba85-9677bb9ba9d0" testListId="8c84fa94-04c1-424b-9868-57a2d4851a1d" />
    <TestEntry testId="46a2ffd3-5019-24b8-8b28-94a6f3b1ee89" executionId="bc671e9d-75a4-409f-b8d7-df2bcead0e00" testListId="8c84fa94-04c1-424b-9868-57a2d4851a1d" />
    <TestEntry testId="46b16383-e346-cefa-eda4-674491a4bbcc" executionId="dee3cf43-67cb-4c21-aeef-d395e5c5813f" testListId="8c84fa94-04c1-424b-9868-57a2d4851a1d" />
    <TestEntry testId="47e3e80d-2e42-5c64-3356-f68e2463f0d1" executionId="968c3ffb-a56c-4f66-8cb5-89e2c9d8f697" testListId="8c84fa94-04c1-424b-9868-57a2d4851a1d" />
    <TestEntry testId="4828dfbc-2d27-8303-fd18-52561ce9c041" executionId="ea36f09a-85d9-43a3-b6d0-338b28fdf031" testListId="8c84fa94-04c1-424b-9868-57a2d4851a1d" />
    <TestEntry testId="4857ff72-b0f9-1997-098a-c210c0cd49f3" executionId="fdcb4cd3-a4c7-48d5-8d72-b57e547230cf" testListId="8c84fa94-04c1-424b-9868-57a2d4851a1d" />
    <TestEntry testId="486e8274-5753-0267-f64d-167a7decffd9" executionId="7ab68df2-9a88-43d2-a5a3-e4cc1a20c4c4" testListId="8c84fa94-04c1-424b-9868-57a2d4851a1d" />
    <TestEntry testId="48df8bc5-b528-4f0e-fd72-592d2e06db16" executionId="7e4dc7ce-56a2-43b5-84cc-cce1d4ce7276" testListId="8c84fa94-04c1-424b-9868-57a2d4851a1d" />
    <TestEntry testId="495449c3-ce9a-c878-75dd-f253264b4115" executionId="3ff8a9fb-dc70-4080-b013-ca2d34aafebb" testListId="8c84fa94-04c1-424b-9868-57a2d4851a1d" />
    <TestEntry testId="4a3dc286-247f-2ea4-ef82-3e4745aa0d87" executionId="314488f3-5362-47b5-a764-de0bb8cf48c2" testListId="8c84fa94-04c1-424b-9868-57a2d4851a1d" />
    <TestEntry testId="4acb29f8-30c1-7b9a-d8f2-c7d8563492f9" executionId="1f8e076a-8bcd-49f8-81a1-dbfea6fb9ada" testListId="8c84fa94-04c1-424b-9868-57a2d4851a1d" />
    <TestEntry testId="4c11e0cd-867c-ef85-b171-807369f35de7" executionId="19d4f3d2-9289-450f-828a-58dd4c4bf22b" testListId="8c84fa94-04c1-424b-9868-57a2d4851a1d" />
    <TestEntry testId="4d1e2ca6-5d2c-b5f5-78b3-5632029a71bb" executionId="7951a10f-97f6-4bfe-8ab7-04549efc98c8" testListId="8c84fa94-04c1-424b-9868-57a2d4851a1d" />
    <TestEntry testId="4d994551-0182-754f-830a-c8628dcf8b78" executionId="a3e57173-9efc-47c7-ac29-b69cfc3aac67" testListId="8c84fa94-04c1-424b-9868-57a2d4851a1d" />
    <TestEntry testId="4db15596-21c7-898e-888f-3a3abcf7e500" executionId="00d5d54f-87ac-4274-b831-f5456cb5631c" testListId="8c84fa94-04c1-424b-9868-57a2d4851a1d" />
    <TestEntry testId="515a9007-7583-edb8-0c13-f0b518b60760" executionId="5fcc9d26-6a47-4709-a8c1-3d214c88645d" testListId="8c84fa94-04c1-424b-9868-57a2d4851a1d" />
    <TestEntry testId="536c201c-e6b6-e435-9226-92de53d8bb9b" executionId="02cb4628-3c02-436e-b990-ec4263a1059f" testListId="8c84fa94-04c1-424b-9868-57a2d4851a1d" />
    <TestEntry testId="53b02da7-186a-d786-d643-3683d5d403af" executionId="e542cd1c-4055-4448-bf74-6c0995c992fe" testListId="8c84fa94-04c1-424b-9868-57a2d4851a1d" />
    <TestEntry testId="542a454a-0ab5-a983-62ea-252993b92009" executionId="4221b2a7-81c3-487d-a529-14f06336d8a4" testListId="8c84fa94-04c1-424b-9868-57a2d4851a1d" />
    <TestEntry testId="546ca475-80f5-27ab-5bf4-e1e15363181f" executionId="fb47dac6-432c-4144-b4af-daa6a18a6fb7" testListId="8c84fa94-04c1-424b-9868-57a2d4851a1d" />
    <TestEntry testId="54f04baa-c7d6-6f33-62b1-3882c76b36b4" executionId="39c4affb-81b8-4d08-83fc-8311d2cb65be" testListId="8c84fa94-04c1-424b-9868-57a2d4851a1d" />
    <TestEntry testId="55342f43-011c-1e57-fa43-5b16dcd46574" executionId="20b9118e-64f1-4392-bd63-cefc913d711c" testListId="8c84fa94-04c1-424b-9868-57a2d4851a1d" />
    <TestEntry testId="555f89c4-faab-4d57-863b-b3b6bc9ce4f1" executionId="0d9da764-c0a7-4d6e-9738-7831c91d9240" testListId="8c84fa94-04c1-424b-9868-57a2d4851a1d" />
    <TestEntry testId="5975c422-2dc4-a4e8-a907-5847173f4eea" executionId="58c6c44f-3606-4458-8951-1c1fae95d531" testListId="8c84fa94-04c1-424b-9868-57a2d4851a1d" />
    <TestEntry testId="59fe3b69-b4c1-36fc-aef2-2197ac416812" executionId="0812291a-eaba-428b-aa08-24e6ed3c7441" testListId="8c84fa94-04c1-424b-9868-57a2d4851a1d" />
    <TestEntry testId="5bf79f58-f363-70da-cd7d-35457960ce82" executionId="78f0dd86-e245-4195-be42-35dd15732062" testListId="8c84fa94-04c1-424b-9868-57a2d4851a1d" />
    <TestEntry testId="5c11e2eb-23a5-1af2-16d4-41a1b6551ad7" executionId="1bd4f53e-3992-41ec-b670-787ed40e1d9d" testListId="8c84fa94-04c1-424b-9868-57a2d4851a1d" />
    <TestEntry testId="5cfac61a-f044-78ca-f348-302ce6adaf3c" executionId="2c06479c-db30-42b4-bfb0-d533320eb8b1" testListId="8c84fa94-04c1-424b-9868-57a2d4851a1d" />
    <TestEntry testId="5d102ff3-dd29-3c73-5cdf-b7606f103504" executionId="bae4e2f8-c8c4-4020-92aa-8b603662eaa8" testListId="8c84fa94-04c1-424b-9868-57a2d4851a1d" />
    <TestEntry testId="5d4e4645-6895-114f-aa58-55586ebd0011" executionId="ccadca73-98e9-4ae2-9d1e-a63048eabfa9" testListId="8c84fa94-04c1-424b-9868-57a2d4851a1d" />
    <TestEntry testId="605a4792-6dd4-8200-5c3c-3a2b87ff4916" executionId="3c7f0ff1-e416-4a43-8a58-5e9109bcfd39" testListId="8c84fa94-04c1-424b-9868-57a2d4851a1d" />
    <TestEntry testId="60defe10-a6b1-bf18-bec3-c5f52835fcd4" executionId="d3f138b7-5c33-47b4-83b4-b03728e6cfe8" testListId="8c84fa94-04c1-424b-9868-57a2d4851a1d" />
    <TestEntry testId="62d5ae9f-b4ef-ba0f-af85-53019067e76e" executionId="0957ba09-58d6-4bbe-a0b8-a57ffaa00e24" testListId="8c84fa94-04c1-424b-9868-57a2d4851a1d" />
    <TestEntry testId="640a16ed-a6a3-191f-9e8f-9a8213779348" executionId="72c36bf1-d80e-4378-a9e0-77f1c489a352" testListId="8c84fa94-04c1-424b-9868-57a2d4851a1d" />
    <TestEntry testId="64bc93a0-e45a-5723-b26e-44a5ba1ed48f" executionId="f389f046-bfe1-42b1-b19e-630b8f6be03c" testListId="8c84fa94-04c1-424b-9868-57a2d4851a1d" />
    <TestEntry testId="67a46659-cdb9-182b-0b3d-7521c26f3047" executionId="81d57c90-616e-4714-8c8e-75625fae9898" testListId="8c84fa94-04c1-424b-9868-57a2d4851a1d" />
    <TestEntry testId="69cccb72-44c0-8c7e-49e0-f988811b7faf" executionId="c8de1aaa-db80-4205-8733-58241302dba7" testListId="8c84fa94-04c1-424b-9868-57a2d4851a1d" />
    <TestEntry testId="69f71ba4-bb9d-d51d-c7c5-37e9ea4dc888" executionId="6283f48b-f97d-408d-b701-8fc1d3cd3ed9" testListId="8c84fa94-04c1-424b-9868-57a2d4851a1d" />
    <TestEntry testId="6a4731fa-3330-5b91-14f3-f383e50c541b" executionId="cb0f4dbe-a357-4148-8e01-7061c8ec3f95" testListId="8c84fa94-04c1-424b-9868-57a2d4851a1d" />
    <TestEntry testId="6a61ee3b-32d4-62f6-4329-b1c72b6fca88" executionId="2bab8ca3-aa7f-46ff-b3b7-90b045b8621a" testListId="8c84fa94-04c1-424b-9868-57a2d4851a1d" />
    <TestEntry testId="6d57ec13-6b21-691a-1e80-0bab27861b7c" executionId="cc1d8ac8-a59b-44b4-8f57-68c5d4e663a1" testListId="8c84fa94-04c1-424b-9868-57a2d4851a1d" />
    <TestEntry testId="6e01d4b9-51ee-970e-13ef-b2482a1dd349" executionId="91273aa3-dc95-4140-a3d1-078f75dd39a8" testListId="8c84fa94-04c1-424b-9868-57a2d4851a1d" />
    <TestEntry testId="6f24357c-3128-7e5b-c537-ed35ce115550" executionId="06ac271f-14e7-4230-b99f-0cf85e7138d3" testListId="8c84fa94-04c1-424b-9868-57a2d4851a1d" />
    <TestEntry testId="70a0d298-80e6-20c1-eb7a-5dc726e2cc49" executionId="92ba05cf-0cd4-4671-9cf7-f40b7eb07185" testListId="8c84fa94-04c1-424b-9868-57a2d4851a1d" />
    <TestEntry testId="70cd5c46-59b3-2308-482a-6ecbce1c753e" executionId="ea21fa11-193d-42d6-80db-144ef16e5389" testListId="8c84fa94-04c1-424b-9868-57a2d4851a1d" />
    <TestEntry testId="73f2dbb1-21c0-5fea-d079-f98c7fa0d9f1" executionId="641c85f8-d1b0-45d6-9fdb-d358c9ec10aa" testListId="8c84fa94-04c1-424b-9868-57a2d4851a1d" />
    <TestEntry testId="744b0853-c62c-c0c3-2b59-af8ed1757772" executionId="b7118e0b-5066-42e5-a1e6-ed7b17355986" testListId="8c84fa94-04c1-424b-9868-57a2d4851a1d" />
    <TestEntry testId="74f181e1-6b5c-7d3c-5a71-744feda3da7a" executionId="0e7f8f19-bcf2-44b3-810a-fa694a501404" testListId="8c84fa94-04c1-424b-9868-57a2d4851a1d" />
    <TestEntry testId="752c1c2d-0e31-a93c-00cd-082300495541" executionId="5266fcf6-760b-402e-b5c1-5a1070940c79" testListId="8c84fa94-04c1-424b-9868-57a2d4851a1d" />
    <TestEntry testId="75b70280-7e67-5073-46c7-d792dd377a34" executionId="b86d9995-35a2-478d-a18c-6dbbcedcfb33" testListId="8c84fa94-04c1-424b-9868-57a2d4851a1d" />
    <TestEntry testId="76bccbf1-ed92-b0bd-9dc8-dcba642fb6f2" executionId="12d0b4f7-7da2-42ed-9ef9-d6982390b407" testListId="8c84fa94-04c1-424b-9868-57a2d4851a1d" />
    <TestEntry testId="76ccad3b-715a-ed78-1375-68232aec7e19" executionId="43a82250-8546-4f28-a0ba-97fbd815f487" testListId="8c84fa94-04c1-424b-9868-57a2d4851a1d" />
    <TestEntry testId="772a6c6c-c23c-d285-5d0f-0c10a9ff72b5" executionId="76d1b5c7-36a8-4773-8ce3-c82360878c18" testListId="8c84fa94-04c1-424b-9868-57a2d4851a1d" />
    <TestEntry testId="781be08e-a774-1ee3-7bca-6147d389ad76" executionId="4dc3fa57-8cdb-472e-a4de-1d579abc492a" testListId="8c84fa94-04c1-424b-9868-57a2d4851a1d" />
    <TestEntry testId="78468ea6-5bbd-3ee4-9e21-b90912df0729" executionId="77595299-75f2-4043-89d4-139f2a8de83b" testListId="8c84fa94-04c1-424b-9868-57a2d4851a1d" />
    <TestEntry testId="7b48a345-3bda-e45d-3c40-da78a8aaf58c" executionId="ad9e4711-ab5d-4f96-98e1-2db8ecceb4f0" testListId="8c84fa94-04c1-424b-9868-57a2d4851a1d" />
    <TestEntry testId="7ca8b40e-c9cb-c0f8-637e-5a79cf8517b6" executionId="fed998f4-58a6-4a1b-b4b7-e35d1c768854" testListId="8c84fa94-04c1-424b-9868-57a2d4851a1d" />
    <TestEntry testId="7ed8263a-3915-215f-9b48-fbdfe2237258" executionId="25493b97-2b91-43aa-b94d-2b6e0e196241" testListId="8c84fa94-04c1-424b-9868-57a2d4851a1d" />
    <TestEntry testId="805a6736-e0db-1299-31e0-4f6867ca291b" executionId="81ae2a15-d69b-4206-83ba-a32bb6b4c60b" testListId="8c84fa94-04c1-424b-9868-57a2d4851a1d" />
    <TestEntry testId="80acecc1-5462-bcca-9edb-f5880ca645a8" executionId="702326e2-1836-45fe-b8b7-8de9dfd77074" testListId="8c84fa94-04c1-424b-9868-57a2d4851a1d" />
    <TestEntry testId="81ca9a0d-1813-c148-6b9b-e57b44a8784b" executionId="ee77a575-95fc-4ee8-ad0e-9ebe92536264" testListId="8c84fa94-04c1-424b-9868-57a2d4851a1d" />
    <TestEntry testId="823a84a1-9258-525b-3b52-0744eaef2bcb" executionId="d7ff8470-5c4d-48e7-837e-3a190ce3e3fa" testListId="8c84fa94-04c1-424b-9868-57a2d4851a1d" />
    <TestEntry testId="829e0e51-56fb-222b-05de-51146687a328" executionId="67976540-cc81-41e2-83b4-ba2726e704c1" testListId="8c84fa94-04c1-424b-9868-57a2d4851a1d" />
    <TestEntry testId="82f9945d-d2c4-ca65-e8f9-637c93b0cc84" executionId="6d9d1c64-bfe2-465c-80ae-8a49d3bca42a" testListId="8c84fa94-04c1-424b-9868-57a2d4851a1d" />
    <TestEntry testId="8454ff2c-c533-0151-2570-26d16a62a8d3" executionId="0d0eae8b-817a-43d7-ad9d-3585c6c9dfca" testListId="8c84fa94-04c1-424b-9868-57a2d4851a1d" />
    <TestEntry testId="85cc540e-89c9-eb95-3f74-1ef61675698d" executionId="beaef57e-a844-4708-b1b1-55ab2e5f9088" testListId="8c84fa94-04c1-424b-9868-57a2d4851a1d" />
    <TestEntry testId="886d9798-8fdf-dacc-f232-104e24f5ea48" executionId="30abf0d0-7b36-4321-bb2d-4ca4885613da" testListId="8c84fa94-04c1-424b-9868-57a2d4851a1d" />
    <TestEntry testId="88959326-cfca-16a0-ea17-077101e8d43d" executionId="a13d3ef9-a3d1-4bda-86e0-ade41cad3d5b" testListId="8c84fa94-04c1-424b-9868-57a2d4851a1d" />
    <TestEntry testId="89c74e18-c992-b859-137d-0c7e439ca23f" executionId="f40f4bf8-1d6d-4bee-bdb0-87d6870af7a7" testListId="8c84fa94-04c1-424b-9868-57a2d4851a1d" />
    <TestEntry testId="8a7cfd5d-741c-35bc-fede-3f116a72dcc9" executionId="98173fa0-7a57-46dd-a435-5302fdd3d1ea" testListId="8c84fa94-04c1-424b-9868-57a2d4851a1d" />
    <TestEntry testId="8b6235dd-beb2-ee77-c5eb-5ec7712da185" executionId="4d996dbf-483b-421f-ac27-381d84078081" testListId="8c84fa94-04c1-424b-9868-57a2d4851a1d" />
    <TestEntry testId="8fecd55f-b11e-0cb0-7513-0756f2adff38" executionId="256c72cd-cfb9-4b2a-9758-77c78a104b5c" testListId="8c84fa94-04c1-424b-9868-57a2d4851a1d" />
    <TestEntry testId="908538ab-071e-9125-2e28-d034e185092d" executionId="0392cb53-b8fc-4551-b0a5-8c0b4c9e2c0e" testListId="8c84fa94-04c1-424b-9868-57a2d4851a1d" />
    <TestEntry testId="944fd5f3-88a7-e6df-9e64-cc2618682587" executionId="27100c80-25a4-4ef5-9ba4-389bbfa55387" testListId="8c84fa94-04c1-424b-9868-57a2d4851a1d" />
    <TestEntry testId="950bea4a-7d5d-80be-f6c9-e3c5d65fa8a2" executionId="8a133f45-4b0b-4eb5-82ac-0ccd3e1f7b98" testListId="8c84fa94-04c1-424b-9868-57a2d4851a1d" />
    <TestEntry testId="9ace4fb3-3a0c-e385-e948-c7d131017e1a" executionId="d0ff8e02-36e0-4ca8-8b6b-f7bb74592fec" testListId="8c84fa94-04c1-424b-9868-57a2d4851a1d" />
    <TestEntry testId="9b73b71c-7a14-01aa-a9ee-0af64f1d55a2" executionId="959fed9e-9670-4439-9c47-996dba364a08" testListId="8c84fa94-04c1-424b-9868-57a2d4851a1d" />
    <TestEntry testId="9bda051d-4227-dc04-54b7-c8b50f987143" executionId="dd9a9084-1cae-4e22-b0df-a756adaeab88" testListId="8c84fa94-04c1-424b-9868-57a2d4851a1d" />
    <TestEntry testId="9da24687-c03c-b638-b8f7-5cc7a0a1c744" executionId="049bb92e-c873-43c8-9df9-56375f58bc7b" testListId="8c84fa94-04c1-424b-9868-57a2d4851a1d" />
    <TestEntry testId="9eff89b9-79d9-18d2-7891-75fc7f852a49" executionId="e8da285c-413f-49f8-8818-388bb65f33e6" testListId="8c84fa94-04c1-424b-9868-57a2d4851a1d" />
    <TestEntry testId="9fa0f489-9b0b-613b-aed4-560ef023186c" executionId="b9dfbcca-c4fd-44ce-8dc4-4eefe5d0ff80" testListId="8c84fa94-04c1-424b-9868-57a2d4851a1d" />
    <TestEntry testId="9ffd021c-db76-368a-3dee-2aa506993be9" executionId="fb6312f0-08df-4b6d-8a49-5cd60a750c90" testListId="8c84fa94-04c1-424b-9868-57a2d4851a1d" />
    <TestEntry testId="a134d17c-9aa3-16be-39ed-18c600d8dcf0" executionId="819343f9-2236-47ac-b4b1-175320beef5b" testListId="8c84fa94-04c1-424b-9868-57a2d4851a1d" />
    <TestEntry testId="a363cfa9-09f8-f14b-6e3f-c22ed58317af" executionId="a45e5b7b-4de5-4143-bd48-b4e735762b77" testListId="8c84fa94-04c1-424b-9868-57a2d4851a1d" />
    <TestEntry testId="a4b87d0b-792b-2369-bea2-dec1e2c06ba5" executionId="ca279dd0-c185-4f05-960e-5717935d463c" testListId="8c84fa94-04c1-424b-9868-57a2d4851a1d" />
    <TestEntry testId="a4d5b1ec-a10b-b8f9-087f-1bde5d98361c" executionId="d3636ea9-5b43-41c6-8bb8-53be1b41253a" testListId="8c84fa94-04c1-424b-9868-57a2d4851a1d" />
    <TestEntry testId="a69c92f6-0a1a-f99e-8d19-54e52d39d5c3" executionId="5aedf991-a678-4bb9-9986-bf897f5b598a" testListId="8c84fa94-04c1-424b-9868-57a2d4851a1d" />
    <TestEntry testId="a6f7a45a-262b-14c5-063a-361adcaad309" executionId="e3401a20-e2d3-49f9-92df-edfccff8a599" testListId="8c84fa94-04c1-424b-9868-57a2d4851a1d" />
    <TestEntry testId="a7cbd390-249e-34e8-6828-0a6be1002cc0" executionId="fe0fcf76-7775-4c42-9e26-e37724371cfa" testListId="8c84fa94-04c1-424b-9868-57a2d4851a1d" />
    <TestEntry testId="a8ae53b1-ee34-66e5-140e-f0a97121edff" executionId="d9840733-b805-43be-88e0-7c716af80da0" testListId="8c84fa94-04c1-424b-9868-57a2d4851a1d" />
    <TestEntry testId="aa490131-9ba9-32c6-9d19-32a4f8845719" executionId="d3b1841f-3ac6-4810-8741-008252d84fa1" testListId="8c84fa94-04c1-424b-9868-57a2d4851a1d" />
    <TestEntry testId="aaac95df-c028-0a0b-1942-b4b5b8001506" executionId="c89aab38-5436-4dfe-b838-ffd666f5faab" testListId="8c84fa94-04c1-424b-9868-57a2d4851a1d" />
    <TestEntry testId="ab0945cb-af92-67aa-8a3d-3ebc43703f48" executionId="d8ac575b-5cce-4d28-89a9-a4fdc5df9153" testListId="8c84fa94-04c1-424b-9868-57a2d4851a1d" />
    <TestEntry testId="ab520cd4-af39-1fd0-3a5b-de52c5aabba1" executionId="7d7369f6-f2ed-438a-9f4a-053f99dc2f29" testListId="8c84fa94-04c1-424b-9868-57a2d4851a1d" />
    <TestEntry testId="abf0d0e3-385f-7f06-bad6-d3e054a1f2e8" executionId="828cf8f7-56ba-47d6-baff-b2e27920578f" testListId="8c84fa94-04c1-424b-9868-57a2d4851a1d" />
    <TestEntry testId="afb9b8c5-5316-5f78-9e1d-e43f61f5e88f" executionId="7208e22f-6e8b-4f5e-bac1-23d72475c235" testListId="8c84fa94-04c1-424b-9868-57a2d4851a1d" />
    <TestEntry testId="b0211143-f6c2-c777-2ac6-9c4d9dabe1db" executionId="e65c7984-2778-4a40-b30b-a5005eeda1ba" testListId="8c84fa94-04c1-424b-9868-57a2d4851a1d" />
    <TestEntry testId="b0b4cd12-ddb3-be65-e997-5b0d40eef6fb" executionId="d4e4a8ca-07c9-4de7-b5d5-ce44cb5c6d5b" testListId="8c84fa94-04c1-424b-9868-57a2d4851a1d" />
    <TestEntry testId="b23bfb30-1f11-e11b-3ee3-5d79a8a9be64" executionId="2730829e-77c9-4aa9-ae65-87977bff695f" testListId="8c84fa94-04c1-424b-9868-57a2d4851a1d" />
    <TestEntry testId="b276c9b3-95a4-fbd1-2214-dd1878513d73" executionId="2c47bc64-55a2-4347-933d-a674c30ccebb" testListId="8c84fa94-04c1-424b-9868-57a2d4851a1d" />
    <TestEntry testId="b2932a4a-7e4a-b619-d713-4db090b000c6" executionId="195691f6-e715-47e5-b32c-4a8a733c1882" testListId="8c84fa94-04c1-424b-9868-57a2d4851a1d" />
    <TestEntry testId="b31543f8-67be-8550-4237-cfdfee85a5ef" executionId="1780335e-1c66-4569-9f8a-341419bc3fd8" testListId="8c84fa94-04c1-424b-9868-57a2d4851a1d" />
    <TestEntry testId="b358797d-158c-557f-e7c4-0ea951472583" executionId="6aa0d4a2-dbac-4896-9df4-dea3dd631cec" testListId="8c84fa94-04c1-424b-9868-57a2d4851a1d" />
    <TestEntry testId="b35eb057-97c5-47fb-35b3-cdb3d9a05671" executionId="7f7f1f7b-8317-4cbc-9db2-078b8a86ae23" testListId="8c84fa94-04c1-424b-9868-57a2d4851a1d" />
    <TestEntry testId="b40563fe-0ba5-73cc-8fa8-0d3ccfa0311a" executionId="c9aa070d-f2d3-4323-987b-3f8c76ce5342" testListId="8c84fa94-04c1-424b-9868-57a2d4851a1d" />
    <TestEntry testId="b4f4bad7-f156-6b52-133c-3c1ffe7622f7" executionId="a43c39ea-9e81-4f3a-a44f-54342fec230d" testListId="8c84fa94-04c1-424b-9868-57a2d4851a1d" />
    <TestEntry testId="b51413fd-5ff7-85f1-7a1a-e27e82fd8c73" executionId="2bc5d7e1-e517-4386-845c-32b88e7faa7e" testListId="8c84fa94-04c1-424b-9868-57a2d4851a1d" />
    <TestEntry testId="bb291992-dd21-e39f-41e6-7803aede9d15" executionId="63390fda-3e8b-4afe-bdab-f00609f7b86c" testListId="8c84fa94-04c1-424b-9868-57a2d4851a1d" />
    <TestEntry testId="bb41e82d-c1e6-aff1-d65b-08f5ccb111d0" executionId="16fa1ad5-c9eb-4c09-ad4f-b7dcae8eece6" testListId="8c84fa94-04c1-424b-9868-57a2d4851a1d" />
    <TestEntry testId="bba98a51-cd80-c505-ebb4-e0b70e3d2991" executionId="a229d237-7538-45c3-a9af-873c615184a3" testListId="8c84fa94-04c1-424b-9868-57a2d4851a1d" />
    <TestEntry testId="bbb35f75-d6db-5574-9cea-412bad9e33be" executionId="3cd27f8f-4513-4498-a832-11e0e06f06e0" testListId="8c84fa94-04c1-424b-9868-57a2d4851a1d" />
    <TestEntry testId="bc189f77-da93-9b5b-b715-c031d523d053" executionId="b78d513d-83ee-4267-8d95-94b287a0111e" testListId="8c84fa94-04c1-424b-9868-57a2d4851a1d" />
    <TestEntry testId="bc4d2d47-f2c7-b749-ab6f-a317256ebc36" executionId="2a64bc58-7415-490e-a1ab-54e32553dfec" testListId="8c84fa94-04c1-424b-9868-57a2d4851a1d" />
    <TestEntry testId="bcfa618c-5db3-c68b-966d-8173cd690688" executionId="3654bf66-f94f-417d-a83f-2399c5cd4811" testListId="8c84fa94-04c1-424b-9868-57a2d4851a1d" />
    <TestEntry testId="bddaf539-a3c8-dc5d-6940-1a146b859794" executionId="cf35fff4-afca-4ab7-af53-2db9819afd7a" testListId="8c84fa94-04c1-424b-9868-57a2d4851a1d" />
    <TestEntry testId="c0f9e818-5f6f-c0f3-ac57-2e47e06107ab" executionId="e147eb43-1901-4f5b-8ef4-1300a3c8ccdd" testListId="8c84fa94-04c1-424b-9868-57a2d4851a1d" />
    <TestEntry testId="c284b2e7-d84a-9b0a-75bd-800aa0ea1627" executionId="95874abd-b814-4c18-b098-193820604a86" testListId="8c84fa94-04c1-424b-9868-57a2d4851a1d" />
    <TestEntry testId="c35b63ae-3904-7592-372b-f8efc11650bc" executionId="aff442fc-ddfd-4ab9-82bb-fd90d30f0d33" testListId="8c84fa94-04c1-424b-9868-57a2d4851a1d" />
    <TestEntry testId="c4ac621a-4393-ad71-5016-9562ad826d75" executionId="87acd97a-534b-4000-b4c7-76dd90104c63" testListId="8c84fa94-04c1-424b-9868-57a2d4851a1d" />
    <TestEntry testId="c523b861-37a8-021b-3143-ced4575ada07" executionId="1d7dc56c-e324-4342-8250-0448f20e502d" testListId="8c84fa94-04c1-424b-9868-57a2d4851a1d" />
    <TestEntry testId="c5446132-d5e2-ad87-456d-f9c592cf5eb8" executionId="c5099ab5-aa58-4841-b35c-badc9bf7b590" testListId="8c84fa94-04c1-424b-9868-57a2d4851a1d" />
    <TestEntry testId="c6488862-0cf8-86d7-2820-42fa8197c679" executionId="76df43ac-792c-49c3-bcfc-d61d803e922c" testListId="8c84fa94-04c1-424b-9868-57a2d4851a1d" />
    <TestEntry testId="c7eaa871-a500-c7b1-dabf-5305ff7d4812" executionId="239232fa-d177-4893-a805-07f1ca19cac1" testListId="8c84fa94-04c1-424b-9868-57a2d4851a1d" />
    <TestEntry testId="c874ff42-af85-e58c-6ec5-625dccc6e089" executionId="7aed91cb-45a9-4ead-8d1e-549bf33d4c3e" testListId="8c84fa94-04c1-424b-9868-57a2d4851a1d" />
    <TestEntry testId="cb74064c-6dcf-3c22-a032-db937e56ba2f" executionId="03d372a1-f201-4679-8467-45b0e36c3654" testListId="8c84fa94-04c1-424b-9868-57a2d4851a1d" />
    <TestEntry testId="cbd98621-1798-4b5a-f684-3e20f7694b69" executionId="38973167-32b5-493b-9d8d-9bea4599d153" testListId="8c84fa94-04c1-424b-9868-57a2d4851a1d" />
    <TestEntry testId="cca7341c-4a74-6556-bebd-7c19778b2ba4" executionId="301145c8-76ab-4465-9a5d-70f5960d948c" testListId="8c84fa94-04c1-424b-9868-57a2d4851a1d" />
    <TestEntry testId="cd85b973-4bf6-bb94-d052-1c9e022b1345" executionId="3f6c187c-0bb4-49c8-8997-42d364afb056" testListId="8c84fa94-04c1-424b-9868-57a2d4851a1d" />
    <TestEntry testId="cf473140-1215-1c85-8aeb-6d550f1ecc91" executionId="9667ff29-9ad5-4aaf-866a-efdecb5b3c2e" testListId="8c84fa94-04c1-424b-9868-57a2d4851a1d" />
    <TestEntry testId="cf8a79b9-b4f0-06bb-feb0-eb8aeabf20bf" executionId="6d564e27-6d8c-463c-ba99-709a2d313494" testListId="8c84fa94-04c1-424b-9868-57a2d4851a1d" />
    <TestEntry testId="d161f377-6676-5aa8-8ebf-4add232b1d82" executionId="6cd1fd6d-8b57-439d-95fb-ce6238e26b0c" testListId="8c84fa94-04c1-424b-9868-57a2d4851a1d" />
    <TestEntry testId="d25c0416-8dab-65b8-5b9a-f02e9e1a36d0" executionId="de3d8ade-f634-44ee-aeb6-892444d57c33" testListId="8c84fa94-04c1-424b-9868-57a2d4851a1d" />
    <TestEntry testId="d331360b-17dc-7741-9349-b71b90be8e31" executionId="21cf9b56-5a06-435b-94c3-c8a32c3469fa" testListId="8c84fa94-04c1-424b-9868-57a2d4851a1d" />
    <TestEntry testId="d527c682-1afd-d241-174b-2da5227a8d87" executionId="e2f89623-62d8-4976-9349-5360392a2eba" testListId="8c84fa94-04c1-424b-9868-57a2d4851a1d" />
    <TestEntry testId="d590ae52-0ebc-a9c3-3010-98f606f16d93" executionId="3503b451-424a-4e83-a248-05424186075c" testListId="8c84fa94-04c1-424b-9868-57a2d4851a1d" />
    <TestEntry testId="d6960729-ce5b-6ddd-fe43-3ca7d70e8e7b" executionId="e54cbb09-3bc3-499d-a4b1-ce2226488521" testListId="8c84fa94-04c1-424b-9868-57a2d4851a1d" />
    <TestEntry testId="d72f6c27-9e91-fb9b-f68c-be6fc4dfeff3" executionId="3f4e3e1a-b766-4297-a9e4-b6ec872524eb" testListId="8c84fa94-04c1-424b-9868-57a2d4851a1d" />
    <TestEntry testId="db7633ee-f326-0df7-2e4c-97bfe5a20cbc" executionId="1fbe8d21-0dcb-4212-9d74-aaf92b70841f" testListId="8c84fa94-04c1-424b-9868-57a2d4851a1d" />
    <TestEntry testId="dc324571-f244-0b4d-d886-87178dee4b78" executionId="09edb36e-a99a-43d1-bae1-416836f08b3a" testListId="8c84fa94-04c1-424b-9868-57a2d4851a1d" />
    <TestEntry testId="de724669-e2f0-fb91-cbc8-0f722fa2c9dc" executionId="69d5221d-7f8d-44dc-af83-59ac55c4b45f" testListId="8c84fa94-04c1-424b-9868-57a2d4851a1d" />
    <TestEntry testId="dedf7946-182b-d5a7-fc1c-d231c1e613b3" executionId="aa07993c-add9-42af-85c6-e4bd6724b4a4" testListId="8c84fa94-04c1-424b-9868-57a2d4851a1d" />
    <TestEntry testId="df1d9981-fb55-c102-789b-220ed7100e6d" executionId="38b36eb7-96c0-4445-bd0f-3ac04385225d" testListId="8c84fa94-04c1-424b-9868-57a2d4851a1d" />
    <TestEntry testId="e1ee1967-3853-2d1e-d5de-b9a20e943b23" executionId="ebfe405a-71d9-401e-b521-00487b5bb6b0" testListId="8c84fa94-04c1-424b-9868-57a2d4851a1d" />
    <TestEntry testId="e3635184-5e63-a8cd-60a8-93807cba961e" executionId="8dd29b5a-866a-4c82-befa-143a66acddc9" testListId="8c84fa94-04c1-424b-9868-57a2d4851a1d" />
    <TestEntry testId="e6c802ed-9c66-bf06-dc3e-369347c8b9d0" executionId="2c182ee0-8eaf-4ec3-87f0-3ac84a1e2798" testListId="8c84fa94-04c1-424b-9868-57a2d4851a1d" />
    <TestEntry testId="e7046dae-84ae-4a12-58ce-24b566dde2bd" executionId="ea7240bc-001f-446f-8277-735afcadc088" testListId="8c84fa94-04c1-424b-9868-57a2d4851a1d" />
    <TestEntry testId="e76f8fb0-2af9-acd9-48cd-2502c67103b9" executionId="b9fd7cd2-2ad0-429d-ad78-52961ca307b3" testListId="8c84fa94-04c1-424b-9868-57a2d4851a1d" />
    <TestEntry testId="e7cb3223-d790-7d2d-a904-c32a7d8256fe" executionId="91f77550-ddda-4fdf-9e32-9332f9bdb016" testListId="8c84fa94-04c1-424b-9868-57a2d4851a1d" />
    <TestEntry testId="ecccad62-35bd-89d6-2071-f38105a561db" executionId="1ff2d8a7-0372-4c88-b741-63df50c8d0ad" testListId="8c84fa94-04c1-424b-9868-57a2d4851a1d" />
    <TestEntry testId="ed3ecc95-022b-212e-ed2c-4492bb5c7ca5" executionId="5bce3e25-7524-49db-96ff-530acc20dcd8" testListId="8c84fa94-04c1-424b-9868-57a2d4851a1d" />
    <TestEntry testId="ee072aff-cc9a-0c1a-1979-e4de379dc2e1" executionId="451d91dc-a647-4606-b34d-1ee95660c60d" testListId="8c84fa94-04c1-424b-9868-57a2d4851a1d" />
    <TestEntry testId="f0018525-1144-d9f0-4b1c-e385906c693c" executionId="95f828fd-6673-48ba-9aeb-6d3c5ae35e6c" testListId="8c84fa94-04c1-424b-9868-57a2d4851a1d" />
    <TestEntry testId="f4a47632-d161-7cec-0892-b9d0565e9c36" executionId="6d8375fa-96a8-46ad-8349-aec75aa72571" testListId="8c84fa94-04c1-424b-9868-57a2d4851a1d" />
    <TestEntry testId="f56513c3-be5e-a8db-756c-0af85068a519" executionId="51aa5f80-9f1d-444e-86c8-f487bff4f923" testListId="8c84fa94-04c1-424b-9868-57a2d4851a1d" />
    <TestEntry testId="f6be99e3-05de-77b5-d77f-abb08c4a35ec" executionId="3527a02a-b306-4485-9d76-a1c3586f1510" testListId="8c84fa94-04c1-424b-9868-57a2d4851a1d" />
    <TestEntry testId="f7571b4e-994b-3e9f-cd6a-a99f83752134" executionId="06fa693a-a4aa-4bb4-8745-7f47d8f117ee" testListId="8c84fa94-04c1-424b-9868-57a2d4851a1d" />
    <TestEntry testId="f9308303-2a14-31ae-be06-73da14ba9562" executionId="50156bcd-faea-4a87-8e05-26f33a045506" testListId="8c84fa94-04c1-424b-9868-57a2d4851a1d" />
    <TestEntry testId="f9d581e6-cb24-921d-ab42-9ef002c55a82" executionId="9bf338d5-4b02-469c-918c-6b7aefc6c628" testListId="8c84fa94-04c1-424b-9868-57a2d4851a1d" />
    <TestEntry testId="fc06c757-eb14-53da-a269-75735d71c12a" executionId="d5f32be7-315f-4a10-a8d0-5f7fe056e35d" testListId="8c84fa94-04c1-424b-9868-57a2d4851a1d" />
    <TestEntry testId="fe0afec5-90b1-1cd6-dfc9-5dcf60660f1a" executionId="bb66f53d-afa8-4b5b-a75f-e2f6f814906d" testListId="8c84fa94-04c1-424b-9868-57a2d4851a1d" />
    <TestEntry testId="fe721e7c-a48b-7869-2654-9ea83f01833f" executionId="5a2781b6-40cb-4c83-bf6a-fe9b20a3dc06" testListId="8c84fa94-04c1-424b-9868-57a2d4851a1d" />
    <TestEntry testId="ff16d665-6fb2-5809-3b00-21874869f3f6" executionId="15584675-5587-4c8e-9f36-ee38b04d9929" testListId="8c84fa94-04c1-424b-9868-57a2d4851a1d" />
    <TestEntry testId="ff233af0-f4e9-768f-0805-f309a1c88334" executionId="5161ecb8-fa03-474e-9848-1210534d6196" testListId="8c84fa94-04c1-424b-9868-57a2d4851a1d" />
    <TestEntry testId="fff96dab-01e3-47c5-6a3a-9298af3154bf" executionId="983dde47-c808-4f00-ab1a-d99feaaafc9b" testListId="8c84fa94-04c1-424b-9868-57a2d4851a1d" />
  </TestEntries>
  <Results>
    <UnitTestResult executionId="bf813ed7-969d-4d68-bfb0-c098dbd8bc5e" testId="00c5e575-48c0-6b4d-6917-5a40f419a33f" testName="Register_With_Specified_Service_And_Type_Should_Return_Same_Type" computerName="MOREY01" duration="00:00:00.0644714" startTime="2012-02-19T14:09:42.3887286-06:00" endTime="2012-02-19T14:09:42.5915289-06:00" testType="13cdc9d9-ddb5-4fa4-a97d-d965ccfc6d4b" outcome="Passed" testListId="8c84fa94-04c1-424b-9868-57a2d4851a1d" relativeResultsDirectory="bf813ed7-969d-4d68-bfb0-c098dbd8bc5e">
    </UnitTestResult>
    <UnitTestResult executionId="336a8f2e-7f42-49f0-9445-796d2802bb8d" testId="015b5e08-82cd-6b62-041e-c6feae117acf" testName="GenericAndNonGeneric_Resolve_Method_Should_Return_Same_Instance_Type" computerName="MOREY01" duration="00:00:00.0624792" startTime="2012-02-19T14:09:42.5915289-06:00" endTime="2012-02-19T14:09:42.7631292-06:00" testType="13cdc9d9-ddb5-4fa4-a97d-d965ccfc6d4b" outcome="Passed" testListId="8c84fa94-04c1-424b-9868-57a2d4851a1d" relativeResultsDirectory="336a8f2e-7f42-49f0-9445-796d2802bb8d">
    </UnitTestResult>
    <UnitTestResult executionId="6abf9d3c-0e90-45de-87d0-5032ee1d7192" testId="06065ee8-870c-8b0c-e0b4-4557311cff3b" testName="Ask_For_Unknown_Service_Should_Throw_Exception" computerName="MOREY01" duration="00:00:00.0716570" startTime="2012-02-19T14:09:42.7631292-06:00" endTime="2012-02-19T14:09:42.9347295-06:00" testType="13cdc9d9-ddb5-4fa4-a97d-d965ccfc6d4b" outcome="Passed" testListId="8c84fa94-04c1-424b-9868-57a2d4851a1d" relativeResultsDirectory="6abf9d3c-0e90-45de-87d0-5032ee1d7192">
    </UnitTestResult>
    <UnitTestResult executionId="4f1cc33e-e5ff-4586-a11d-cb7e85d579b7" testId="06694f17-77ff-91ee-1351-2201683e9da7" testName="GenericAndNonGeneric_ResolveAll_Should_Return_Same_Instace_Types" computerName="MOREY01" duration="00:00:00.1424235" startTime="2012-02-19T14:09:42.9503296-06:00" endTime="2012-02-19T14:09:43.1843300-06:00" testType="13cdc9d9-ddb5-4fa4-a97d-d965ccfc6d4b" outcome="Passed" testListId="8c84fa94-04c1-424b-9868-57a2d4851a1d" relativeResultsDirectory="4f1cc33e-e5ff-4586-a11d-cb7e85d579b7">
    </UnitTestResult>
    <UnitTestResult executionId="c2b783e1-3692-4e0a-9480-c46e65afd5a1" testId="06adec8b-4797-b8ca-8cad-a9a25a2ea5ee" testName="GenericAndNonGeneric_Resolve_Method_Should_Return_Same_Instance_Type" computerName="MOREY01" duration="00:00:00.0141123" startTime="2012-02-19T14:09:43.1843300-06:00" endTime="2012-02-19T14:09:43.1999300-06:00" testType="13cdc9d9-ddb5-4fa4-a97d-d965ccfc6d4b" outcome="Passed" testListId="8c84fa94-04c1-424b-9868-57a2d4851a1d" relativeResultsDirectory="c2b783e1-3692-4e0a-9480-c46e65afd5a1">
    </UnitTestResult>
    <UnitTestResult executionId="f4527c2c-15f1-4e69-82a5-283fc5b0b34e" testId="06f82377-dabf-945c-4f34-98e46c632fa3" testName="Asking_For_UnRegistered_Service_Return_Valid_Instance" computerName="MOREY01" duration="00:00:00.0002799" startTime="2012-02-19T14:09:43.1999300-06:00" endTime="2012-02-19T14:09:43.1999300-06:00" testType="13cdc9d9-ddb5-4fa4-a97d-d965ccfc6d4b" outcome="Passed" testListId="8c84fa94-04c1-424b-9868-57a2d4851a1d" relativeResultsDirectory="f4527c2c-15f1-4e69-82a5-283fc5b0b34e">
    </UnitTestResult>
    <UnitTestResult executionId="00c37720-3dd0-4cc3-869a-f8aac6145dfa" testId="0985d937-2170-19ee-d31b-2f51ea41b998" testName="Ask_For_Named_Instance" computerName="MOREY01" duration="00:00:00.0092853" startTime="2012-02-19T14:09:43.2155300-06:00" endTime="2012-02-19T14:09:43.2155300-06:00" testType="13cdc9d9-ddb5-4fa4-a97d-d965ccfc6d4b" outcome="Passed" testListId="8c84fa94-04c1-424b-9868-57a2d4851a1d" relativeResultsDirectory="00c37720-3dd0-4cc3-869a-f8aac6145dfa">
    </UnitTestResult>
    <UnitTestResult executionId="710c65bb-f378-46f6-a414-9338cc708ba7" testId="09dc15c3-9e71-ee56-1d67-76d654982478" testName="RegisterInstance_Named_Should_Return_Same_Object" computerName="MOREY01" duration="00:00:00.0010866" startTime="2012-02-19T14:09:43.2155300-06:00" endTime="2012-02-19T14:09:43.2155300-06:00" testType="13cdc9d9-ddb5-4fa4-a97d-d965ccfc6d4b" outcome="Passed" testListId="8c84fa94-04c1-424b-9868-57a2d4851a1d" relativeResultsDirectory="710c65bb-f378-46f6-a414-9338cc708ba7">
    </UnitTestResult>
    <UnitTestResult executionId="9d6f91a5-8b51-4840-b075-bdf47ab1e465" testId="0a29f816-64b2-9e25-2453-1344698d9297" testName="GenericAndNonGeneric_ResolveAll_Should_Return_Same_Instace_Types" computerName="MOREY01" duration="00:00:00.0759963" startTime="2012-02-19T14:09:43.2155300-06:00" endTime="2012-02-19T14:09:43.4027304-06:00" testType="13cdc9d9-ddb5-4fa4-a97d-d965ccfc6d4b" outcome="Passed" testListId="8c84fa94-04c1-424b-9868-57a2d4851a1d" relativeResultsDirectory="9d6f91a5-8b51-4840-b075-bdf47ab1e465">
    </UnitTestResult>
    <UnitTestResult executionId="2ed4b834-6af7-4f25-9c8a-9027649ecd85" testId="0ca4fbc8-1b23-24b5-dc09-365065d30058" testName="ResolveGeneric_With_ServiceType_Returns_Generic" computerName="MOREY01" duration="00:00:00.1226599" startTime="2012-02-19T14:09:43.4027304-06:00" endTime="2012-02-19T14:09:43.6367308-06:00" testType="13cdc9d9-ddb5-4fa4-a97d-d965ccfc6d4b" outcome="Passed" testListId="8c84fa94-04c1-424b-9868-57a2d4851a1d" relativeResultsDirectory="2ed4b834-6af7-4f25-9c8a-9027649ecd85">
    </UnitTestResult>
    <UnitTestResult executionId="24d81e45-4384-4b08-baa2-ead0a02e6d2d" testId="0ca6fab8-b6ce-c296-df70-89ac46d286bd" testName="FlushAll_Should_Be_Called" computerName="MOREY01" duration="00:00:00.1221902" startTime="2012-02-19T14:09:43.6367308-06:00" endTime="2012-02-19T14:09:43.8707312-06:00" testType="13cdc9d9-ddb5-4fa4-a97d-d965ccfc6d4b" outcome="Passed" testListId="8c84fa94-04c1-424b-9868-57a2d4851a1d" relativeResultsDirectory="24d81e45-4384-4b08-baa2-ead0a02e6d2d">
    </UnitTestResult>
    <UnitTestResult executionId="18d5ae3b-51ff-4824-8a13-801685c0ba05" testId="0f2843ec-10c3-2b52-6303-8c775ce4e7f2" testName="Ask_For_Named_Instance" computerName="MOREY01" duration="00:00:00.0021128" startTime="2012-02-19T14:09:43.8707312-06:00" endTime="2012-02-19T14:09:43.8707312-06:00" testType="13cdc9d9-ddb5-4fa4-a97d-d965ccfc6d4b" outcome="Passed" testListId="8c84fa94-04c1-424b-9868-57a2d4851a1d" relativeResultsDirectory="18d5ae3b-51ff-4824-8a13-801685c0ba05">
    </UnitTestResult>
    <UnitTestResult executionId="0a7f8178-b39c-4c88-9cd3-d5fb4511c013" testId="0f8dc7c8-8dad-2ebb-4e04-019f3907d891" testName="Ask_For_Unknown_Service_Should_Throw_Exception" computerName="MOREY01" duration="00:00:00.0059760" startTime="2012-02-19T14:09:43.8707312-06:00" endTime="2012-02-19T14:09:43.8707312-06:00" testType="13cdc9d9-ddb5-4fa4-a97d-d965ccfc6d4b" outcome="Passed" testListId="8c84fa94-04c1-424b-9868-57a2d4851a1d" relativeResultsDirectory="0a7f8178-b39c-4c88-9cd3-d5fb4511c013">
    </UnitTestResult>
    <UnitTestResult executionId="7450542a-82a1-4d43-9690-b2e9deb459aa" testId="10568faf-3cb4-2005-1fb8-2bfe100717a0" testName="Register_With_Keyed_Type_Should_Return_Same_Type" computerName="MOREY01" duration="00:00:00.0018658" startTime="2012-02-19T14:09:43.8707312-06:00" endTime="2012-02-19T14:09:43.8863312-06:00" testType="13cdc9d9-ddb5-4fa4-a97d-d965ccfc6d4b" outcome="Passed" testListId="8c84fa94-04c1-424b-9868-57a2d4851a1d" relativeResultsDirectory="7450542a-82a1-4d43-9690-b2e9deb459aa">
    </UnitTestResult>
    <UnitTestResult executionId="f83adf93-0912-461a-846f-c6be897d86a0" testId="108041fd-9f51-e4fc-b202-c950632b7b3e" testName="CreateMessage_Should_Return_Valid_Instance" computerName="MOREY01" duration="00:00:00.0003599" startTime="2012-02-19T14:09:43.8863312-06:00" endTime="2012-02-19T14:09:43.8863312-06:00" testType="13cdc9d9-ddb5-4fa4-a97d-d965ccfc6d4b" outcome="Passed" testListId="8c84fa94-04c1-424b-9868-57a2d4851a1d" relativeResultsDirectory="f83adf93-0912-461a-846f-c6be897d86a0">
    </UnitTestResult>
    <UnitTestResult executionId="335f5f9f-e9f0-4bff-aeb8-251f4e5eea23" testId="10f80cb0-043c-d687-79da-3e12dcda665c" testName="CreateMessage_Should_Return_Valid_Instance" computerName="MOREY01" duration="00:00:00.0003484" startTime="2012-02-19T14:09:43.8863312-06:00" endTime="2012-02-19T14:09:43.8863312-06:00" testType="13cdc9d9-ddb5-4fa4-a97d-d965ccfc6d4b" outcome="Passed" testListId="8c84fa94-04c1-424b-9868-57a2d4851a1d" relativeResultsDirectory="335f5f9f-e9f0-4bff-aeb8-251f4e5eea23">
    </UnitTestResult>
    <UnitTestResult executionId="ee48137c-19f8-44b5-9f3a-3b34db55bc2e" testId="122140e6-3cfa-8ec7-bfda-fc8f20ee6267" testName="ResolveAll_Should_Return_All_Registered_UnNamed_Services" computerName="MOREY01" duration="00:00:00.0085676" startTime="2012-02-19T14:09:43.8863312-06:00" endTime="2012-02-19T14:09:43.8863312-06:00" testType="13cdc9d9-ddb5-4fa4-a97d-d965ccfc6d4b" outcome="Passed" testListId="8c84fa94-04c1-424b-9868-57a2d4851a1d" relativeResultsDirectory="ee48137c-19f8-44b5-9f3a-3b34db55bc2e">
    </UnitTestResult>
    <UnitTestResult executionId="9cea0ccd-beaf-45d8-9aa3-8f30abff7864" testId="122f3ef1-ab72-7754-0a7c-cae45dfad50a" testName="RegisterInstance_Should_Return_Same_Object" computerName="MOREY01" duration="00:00:00.0743273" startTime="2012-02-19T14:09:43.9019312-06:00" endTime="2012-02-19T14:09:44.0735315-06:00" testType="13cdc9d9-ddb5-4fa4-a97d-d965ccfc6d4b" outcome="Passed" testListId="8c84fa94-04c1-424b-9868-57a2d4851a1d" relativeResultsDirectory="9cea0ccd-beaf-45d8-9aa3-8f30abff7864">
    </UnitTestResult>
    <UnitTestResult executionId="f76cdc27-1698-4827-a0dc-c217dcd32303" testId="13434630-6239-3dd9-7e8f-7b390d0f689c" testName="ResolveAll_For_Unknown_Type_Should_Return_Empty_Enumerable" computerName="MOREY01" duration="00:00:00.0074377" startTime="2012-02-19T14:09:44.0735315-06:00" endTime="2012-02-19T14:09:44.0891316-06:00" testType="13cdc9d9-ddb5-4fa4-a97d-d965ccfc6d4b" outcome="Passed" testListId="8c84fa94-04c1-424b-9868-57a2d4851a1d" relativeResultsDirectory="f76cdc27-1698-4827-a0dc-c217dcd32303">
    </UnitTestResult>
    <UnitTestResult executionId="753f3a33-0e8b-4eb1-8a65-547ebda52327" testId="14c9ffdd-a391-5bb4-4c66-7dacf1815b8b" testName="RegisterInstance_Should_Return_Same_Object_For_Same_Type" computerName="MOREY01" duration="00:00:00.0044318" startTime="2012-02-19T14:09:44.0891316-06:00" endTime="2012-02-19T14:09:44.0891316-06:00" testType="13cdc9d9-ddb5-4fa4-a97d-d965ccfc6d4b" outcome="Passed" testListId="8c84fa94-04c1-424b-9868-57a2d4851a1d" relativeResultsDirectory="753f3a33-0e8b-4eb1-8a65-547ebda52327">
    </UnitTestResult>
    <UnitTestResult executionId="1df8002f-74d7-40ce-9469-e85d1f68de3c" testId="166e505c-283c-a9bc-d45c-4320bfda9eed" testName="Register_With_Specified_Service_And_Type_Should_Return_Same_Type" computerName="MOREY01" duration="00:00:00.0021675" startTime="2012-02-19T14:09:44.0891316-06:00" endTime="2012-02-19T14:09:44.1047316-06:00" testType="13cdc9d9-ddb5-4fa4-a97d-d965ccfc6d4b" outcome="Passed" testListId="8c84fa94-04c1-424b-9868-57a2d4851a1d" relativeResultsDirectory="1df8002f-74d7-40ce-9469-e85d1f68de3c">
    </UnitTestResult>
    <UnitTestResult executionId="13d5819b-0d0a-48de-befd-1fb9a11eacfc" testId="16809eb5-8c26-6346-1a47-0dc8a904cdbd" testName="RegisterInstance_Should_Return_Same_Object" computerName="MOREY01" duration="00:00:00.0008761" startTime="2012-02-19T14:09:44.1047316-06:00" endTime="2012-02-19T14:09:44.1047316-06:00" testType="13cdc9d9-ddb5-4fa4-a97d-d965ccfc6d4b" outcome="Passed" testListId="8c84fa94-04c1-424b-9868-57a2d4851a1d" relativeResultsDirectory="13d5819b-0d0a-48de-befd-1fb9a11eacfc">
    </UnitTestResult>
    <UnitTestResult executionId="d28c9db7-818d-473f-90ea-8d4639b03808" testId="1a09e831-327c-8609-7b6d-c0a682af72bb" testName="Asking_For_UnRegistered_Service_Return_Valid_Instance" computerName="MOREY01" duration="00:00:00.0008834" startTime="2012-02-19T14:09:44.1047316-06:00" endTime="2012-02-19T14:09:44.1047316-06:00" testType="13cdc9d9-ddb5-4fa4-a97d-d965ccfc6d4b" outcome="Passed" testListId="8c84fa94-04c1-424b-9868-57a2d4851a1d" relativeResultsDirectory="d28c9db7-818d-473f-90ea-8d4639b03808">
    </UnitTestResult>
    <UnitTestResult executionId="503d0b33-004f-4e1f-b6e2-c022b817dcbc" testId="1a34db58-e6d9-05bf-a2ac-6d6b7e6f9ec5" testName="Ask_For_Unknown_Service_Should_Throw_Exception" computerName="MOREY01" duration="00:00:00.0138694" startTime="2012-02-19T14:09:44.1047316-06:00" endTime="2012-02-19T14:09:44.1203316-06:00" testType="13cdc9d9-ddb5-4fa4-a97d-d965ccfc6d4b" outcome="Passed" testListId="8c84fa94-04c1-424b-9868-57a2d4851a1d" relativeResultsDirectory="503d0b33-004f-4e1f-b6e2-c022b817dcbc">
    </UnitTestResult>
    <UnitTestResult executionId="8bd04a11-0748-4846-8822-e8111110d526" testId="1a4818da-b7f9-6d04-9c24-8a408a560be4" testName="Register_Generic_With_FactoryMethod_Should_Return_Result_From_Factory" computerName="MOREY01" duration="00:00:00.0015992" startTime="2012-02-19T14:09:44.1203316-06:00" endTime="2012-02-19T14:09:44.1203316-06:00" testType="13cdc9d9-ddb5-4fa4-a97d-d965ccfc6d4b" outcome="Passed" testListId="8c84fa94-04c1-424b-9868-57a2d4851a1d" relativeResultsDirectory="8bd04a11-0748-4846-8822-e8111110d526">
    </UnitTestResult>
    <UnitTestResult executionId="a4a874b3-80b2-4b3b-940c-14f256eedbe3" testId="1a988225-5a2c-1e6c-bc44-18f6d77c9cc9" testName="Register_With_Specified_Service_And_Type_Should_Return_Same_Type" computerName="MOREY01" duration="00:00:00.0025902" startTime="2012-02-19T14:09:44.1203316-06:00" endTime="2012-02-19T14:09:44.1203316-06:00" testType="13cdc9d9-ddb5-4fa4-a97d-d965ccfc6d4b" outcome="Passed" testListId="8c84fa94-04c1-424b-9868-57a2d4851a1d" relativeResultsDirectory="a4a874b3-80b2-4b3b-940c-14f256eedbe3">
    </UnitTestResult>
    <UnitTestResult executionId="ced636d5-9709-4c2b-9e67-6187ba232e6f" testId="1f1c2c03-c634-886f-a240-a74a2a85a54a" testName="Register_With_Implementation_Type_Should_Return_Same_Type" computerName="MOREY01" duration="00:00:00.0300822" startTime="2012-02-19T14:09:44.1203316-06:00" endTime="2012-02-19T14:09:44.1515317-06:00" testType="13cdc9d9-ddb5-4fa4-a97d-d965ccfc6d4b" outcome="Failed" testListId="8c84fa94-04c1-424b-9868-57a2d4851a1d" relativeResultsDirectory="ced636d5-9709-4c2b-9e67-6187ba232e6f">
      <Output>
        <ErrorInfo>
          <Message>Test method Contoso.Abstract.HiroServiceRegistrarIntegrationTests.Register_With_Implementation_Type_Should_Return_Same_Type threw exception: 
System.Abstract.ServiceLocatorResolutionException: Could not resolve serviceType 'System.Abstract.Fakes.TestService': Unregistered 'System.Abstract.Fakes.TestNamedService'</Message>
          <StackTrace>    at Contoso.Abstract.HiroServiceLocator.Resolve(Type serviceType, String name) in C:\_APPLICATION\BCLEX-ABSTRACT\Contoso.Abstract.Hiro\Abstract\HiroServiceLocator.cs:line 119
   at System.Abstract.ServiceRegistrarIntegrationTestsBase.Register_With_Implementation_Type_Should_Return_Same_Type() in C:\_APPLICATION\BCLEX-ABSTRACT\TESTS_\System.Abstract.Templates\Abstract+ServiceLocator\ServiceRegistrarIntegrationTestsBase.cs:line 98
</StackTrace>
        </ErrorInfo>
      </Output>
    </UnitTestResult>
    <UnitTestResult executionId="97779711-855b-42f0-b435-e36b8dee021f" testId="200a15a0-9081-066a-a8f1-1e6a9dee3912" testName="Register_With_Specified_Service_Should_Return_Same_Type" computerName="MOREY01" duration="00:00:00.0007394" startTime="2012-02-19T14:09:44.1515317-06:00" endTime="2012-02-19T14:09:44.1671317-06:00" testType="13cdc9d9-ddb5-4fa4-a97d-d965ccfc6d4b" outcome="Passed" testListId="8c84fa94-04c1-424b-9868-57a2d4851a1d" relativeResultsDirectory="97779711-855b-42f0-b435-e36b8dee021f">
    </UnitTestResult>
    <UnitTestResult executionId="654ca2a8-2b3d-4e97-971d-f62e38d2af3e" testId="20a82d86-eec0-e197-b088-87340af3fc9f" testName="GenericAndNonGeneric_ResolveAll_Should_Return_Same_Instace_Types" computerName="MOREY01" duration="00:00:00.0063581" startTime="2012-02-19T14:09:44.1671317-06:00" endTime="2012-02-19T14:09:44.1671317-06:00" testType="13cdc9d9-ddb5-4fa4-a97d-d965ccfc6d4b" outcome="Passed" testListId="8c84fa94-04c1-424b-9868-57a2d4851a1d" relativeResultsDirectory="654ca2a8-2b3d-4e97-971d-f62e38d2af3e">
    </UnitTestResult>
    <UnitTestResult executionId="a5c42cb3-513f-4449-abd1-d7ca8f786d46" testId="20e8d44d-0ffd-0aba-9031-6041499e405e" testName="RegisterInstance_Should_Return_Same_Object_For_Same_Type" computerName="MOREY01" duration="00:00:00.0124375" startTime="2012-02-19T14:09:44.1671317-06:00" endTime="2012-02-19T14:09:44.1827317-06:00" testType="13cdc9d9-ddb5-4fa4-a97d-d965ccfc6d4b" outcome="Passed" testListId="8c84fa94-04c1-424b-9868-57a2d4851a1d" relativeResultsDirectory="a5c42cb3-513f-4449-abd1-d7ca8f786d46">
    </UnitTestResult>
    <UnitTestResult executionId="d7760eb8-a8cd-470d-838c-9c486cf9104e" testId="21cedbce-e11e-0bf6-e458-8dcd3f6f7f57" testName="HasRegistered" computerName="MOREY01" duration="00:00:00.0132778" startTime="2012-02-19T14:09:44.1827317-06:00" endTime="2012-02-19T14:09:44.1983318-06:00" testType="13cdc9d9-ddb5-4fa4-a97d-d965ccfc6d4b" outcome="Failed" testListId="8c84fa94-04c1-424b-9868-57a2d4851a1d" relativeResultsDirectory="d7760eb8-a8cd-470d-838c-9c486cf9104e">
      <Output>
        <ErrorInfo>
          <Message>Assert.IsTrue failed. </Message>
          <StackTrace>   at System.Abstract.ServiceRegistrarIntegrationTestsBase.HasRegistered() in C:\_APPLICATION\BCLEX-ABSTRACT\TESTS_\System.Abstract.Templates\Abstract+ServiceLocator\ServiceRegistrarIntegrationTestsBase.cs:line 51
</StackTrace>
        </ErrorInfo>
      </Output>
    </UnitTestResult>
    <UnitTestResult executionId="7398908b-6013-4777-abcc-04585db63f86" testId="225e1bb5-212d-f3d8-d865-3d1c915616b1" testName="Asking_For_UnRegistered_Service_Return_Valid_Instance" computerName="MOREY01" duration="00:00:00.0003785" startTime="2012-02-19T14:09:44.1983318-06:00" endTime="2012-02-19T14:09:44.1983318-06:00" testType="13cdc9d9-ddb5-4fa4-a97d-d965ccfc6d4b" outcome="Passed" testListId="8c84fa94-04c1-424b-9868-57a2d4851a1d" relativeResultsDirectory="7398908b-6013-4777-abcc-04585db63f86">
    </UnitTestResult>
    <UnitTestResult executionId="85c7a75d-da52-497a-af37-f99c4a932d55" testId="2459e39d-5dfd-e15d-a646-1391f378b3f6" testName="ResolveAll_For_Unknown_Type_Should_Return_Empty_Enumerable" computerName="MOREY01" duration="00:00:00.0032065" startTime="2012-02-19T14:09:44.1983318-06:00" endTime="2012-02-19T14:09:44.1983318-06:00" testType="13cdc9d9-ddb5-4fa4-a97d-d965ccfc6d4b" outcome="Passed" testListId="8c84fa94-04c1-424b-9868-57a2d4851a1d" relativeResultsDirectory="85c7a75d-da52-497a-af37-f99c4a932d55">
    </UnitTestResult>
    <UnitTestResult executionId="6c5142ea-355a-462a-9e54-535b26cbaeea" testId="24ab7c33-feda-71ac-3504-5c8d933a9599" testName="NonGeneric_Asking_For_Invalid_Service_Should_Raise_Exception" computerName="MOREY01" duration="00:00:00.0106251" startTime="2012-02-19T14:09:44.1983318-06:00" endTime="2012-02-19T14:09:44.2139318-06:00" testType="13cdc9d9-ddb5-4fa4-a97d-d965ccfc6d4b" outcome="Passed" testListId="8c84fa94-04c1-424b-9868-57a2d4851a1d" relativeResultsDirectory="6c5142ea-355a-462a-9e54-535b26cbaeea">
    </UnitTestResult>
    <UnitTestResult executionId="682b742d-7814-4e6f-953c-55705a48035f" testId="25bccbb5-ae62-22e8-bf40-e50c295774bf" testName="GenericAndNonGeneric_Resolve_Method_Should_Return_Same_Instance_Type" computerName="MOREY01" duration="00:00:00.0038254" startTime="2012-02-19T14:09:44.2139318-06:00" endTime="2012-02-19T14:09:44.2295318-06:00" testType="13cdc9d9-ddb5-4fa4-a97d-d965ccfc6d4b" outcome="Passed" testListId="8c84fa94-04c1-424b-9868-57a2d4851a1d" relativeResultsDirectory="682b742d-7814-4e6f-953c-55705a48035f">
    </UnitTestResult>
    <UnitTestResult executionId="b63708d9-1536-47df-92e7-eaf274d9cf5b" testId="25bfe464-974f-81d8-12e6-d1a3c01eb8e4" testName="DeploymentEnvironment_ToCode_Return_ProperValues" computerName="MOREY01" duration="00:00:00.0003971" startTime="2012-02-19T14:09:44.2295318-06:00" endTime="2012-02-19T14:09:44.2295318-06:00" testType="13cdc9d9-ddb5-4fa4-a97d-d965ccfc6d4b" outcome="Passed" testListId="8c84fa94-04c1-424b-9868-57a2d4851a1d" relativeResultsDirectory="b63708d9-1536-47df-92e7-eaf274d9cf5b">
    </UnitTestResult>
    <UnitTestResult executionId="8d1d9e1b-405e-4586-87ed-d66c1e35a6a9" testId="26f0c923-a951-0bb7-f3c6-d91cd4e01dbb" testName="Decrement_Should_Be_Called" computerName="MOREY01" duration="00:00:00.0319608" startTime="2012-02-19T14:09:44.2295318-06:00" endTime="2012-02-19T14:09:44.2607319-06:00" testType="13cdc9d9-ddb5-4fa4-a97d-d965ccfc6d4b" outcome="Passed" testListId="8c84fa94-04c1-424b-9868-57a2d4851a1d" relativeResultsDirectory="8d1d9e1b-405e-4586-87ed-d66c1e35a6a9">
    </UnitTestResult>
    <UnitTestResult executionId="d035aac9-89c2-4457-8379-582085158f84" testId="2769c640-0425-be6c-ab5d-c4323fd965af" testName="Ask_For_Named_Instance" computerName="MOREY01" duration="00:00:00.0012805" startTime="2012-02-19T14:09:44.2607319-06:00" endTime="2012-02-19T14:09:44.2607319-06:00" testType="13cdc9d9-ddb5-4fa4-a97d-d965ccfc6d4b" outcome="Passed" testListId="8c84fa94-04c1-424b-9868-57a2d4851a1d" relativeResultsDirectory="d035aac9-89c2-4457-8379-582085158f84">
    </UnitTestResult>
    <UnitTestResult executionId="94951a51-c659-4a05-b011-8a22796729cc" testId="293cf601-f847-b9fb-e53f-ec05141aee16" testName="Register_With_FactoryMethod_Should_Return_Result_From_Factory" computerName="MOREY01" duration="00:00:00.0022863" startTime="2012-02-19T14:09:44.2607319-06:00" endTime="2012-02-19T14:09:44.2607319-06:00" testType="13cdc9d9-ddb5-4fa4-a97d-d965ccfc6d4b" outcome="Passed" testListId="8c84fa94-04c1-424b-9868-57a2d4851a1d" relativeResultsDirectory="94951a51-c659-4a05-b011-8a22796729cc">
    </UnitTestResult>
    <UnitTestResult executionId="6a0ec03a-d16b-43e7-a2d6-755c29aa5c65" testId="29aa027a-3a23-9ba5-8ed7-2619e1d31833" testName="Register_With_Specified_Service_Should_Return_Same_Type" computerName="MOREY01" duration="00:00:00.0002303" startTime="2012-02-19T14:09:44.2607319-06:00" endTime="2012-02-19T14:09:44.2607319-06:00" testType="13cdc9d9-ddb5-4fa4-a97d-d965ccfc6d4b" outcome="Passed" testListId="8c84fa94-04c1-424b-9868-57a2d4851a1d" relativeResultsDirectory="6a0ec03a-d16b-43e7-a2d6-755c29aa5c65">
    </UnitTestResult>
    <UnitTestResult executionId="38f44b1f-adbe-4e1f-901a-2f62fc2b77fc" testId="2ad264b0-41b2-005f-65ab-9fcffdd2e7fb" testName="Resolve_Should_Return_Valid_Instance" computerName="MOREY01" duration="00:00:00.0003788" startTime="2012-02-19T14:09:44.2607319-06:00" endTime="2012-02-19T14:09:44.2763319-06:00" testType="13cdc9d9-ddb5-4fa4-a97d-d965ccfc6d4b" outcome="Passed" testListId="8c84fa94-04c1-424b-9868-57a2d4851a1d" relativeResultsDirectory="38f44b1f-adbe-4e1f-901a-2f62fc2b77fc">
    </UnitTestResult>
    <UnitTestResult executionId="db815a49-8647-4af2-8b99-f11d8616cd6a" testId="2b8a6791-aa68-60e9-5774-22d50e01966a" testName="Store_Should_Be_Called" computerName="MOREY01" duration="00:00:00.0108840" startTime="2012-02-19T14:09:44.2763319-06:00" endTime="2012-02-19T14:09:44.2763319-06:00" testType="13cdc9d9-ddb5-4fa4-a97d-d965ccfc6d4b" outcome="Passed" testListId="8c84fa94-04c1-424b-9868-57a2d4851a1d" relativeResultsDirectory="db815a49-8647-4af2-8b99-f11d8616cd6a">
    </UnitTestResult>
    <UnitTestResult executionId="0ac11add-d995-4d27-9c1c-b152c44520f9" testId="2d5f89a7-ddf2-ce5b-9300-30b152a4772a" testName="Asking_For_UnRegistered_Service_Return_Valid_Instance" computerName="MOREY01" duration="00:00:00.0007372" startTime="2012-02-19T14:09:44.2763319-06:00" endTime="2012-02-19T14:09:44.2919319-06:00" testType="13cdc9d9-ddb5-4fa4-a97d-d965ccfc6d4b" outcome="Passed" testListId="8c84fa94-04c1-424b-9868-57a2d4851a1d" relativeResultsDirectory="0ac11add-d995-4d27-9c1c-b152c44520f9">
    </UnitTestResult>
    <UnitTestResult executionId="718d3b19-90e3-4013-8bf0-aae92464b15f" testId="2da19c4a-53c9-e6f7-6a7f-60adb219a2cd" testName="GenericAndNonGeneric_ResolveAll_Should_Return_Same_Instace_Types" computerName="MOREY01" duration="00:00:00.0015516" startTime="2012-02-19T14:09:44.2919319-06:00" endTime="2012-02-19T14:09:44.2919319-06:00" testType="13cdc9d9-ddb5-4fa4-a97d-d965ccfc6d4b" outcome="Passed" testListId="8c84fa94-04c1-424b-9868-57a2d4851a1d" relativeResultsDirectory="718d3b19-90e3-4013-8bf0-aae92464b15f">
    </UnitTestResult>
    <UnitTestResult executionId="19f78f0e-03b3-499e-a0c5-85c93e0746d7" testId="2f994507-1465-2bc2-c7b7-42c146d44ce1" testName="GetRegistrationsFor" computerName="MOREY01" duration="00:00:00.0113201" startTime="2012-02-19T14:09:44.2919319-06:00" endTime="2012-02-19T14:09:44.3075320-06:00" testType="13cdc9d9-ddb5-4fa4-a97d-d965ccfc6d4b" outcome="Failed" testListId="8c84fa94-04c1-424b-9868-57a2d4851a1d" relativeResultsDirectory="19f78f0e-03b3-499e-a0c5-85c93e0746d7">
      <Output>
        <ErrorInfo>
          <Message>Assert.IsTrue failed. </Message>
          <StackTrace>   at System.Abstract.ServiceRegistrarIntegrationTestsBase.GetRegistrationsFor() in C:\_APPLICATION\BCLEX-ABSTRACT\TESTS_\System.Abstract.Templates\Abstract+ServiceLocator\ServiceRegistrarIntegrationTestsBase.cs:line 61
</StackTrace>
        </ErrorInfo>
      </Output>
    </UnitTestResult>
    <UnitTestResult executionId="32b641c6-9ab5-40d4-922d-f732380dcac3" testId="2fb31036-0a0d-6fc3-2c85-8262a34e3245" testName="Asking_For_Invalid_Service_Should_Raise_Exception" computerName="MOREY01" duration="00:00:00.0064432" startTime="2012-02-19T14:09:44.3075320-06:00" endTime="2012-02-19T14:09:44.3075320-06:00" testType="13cdc9d9-ddb5-4fa4-a97d-d965ccfc6d4b" outcome="Passed" testListId="8c84fa94-04c1-424b-9868-57a2d4851a1d" relativeResultsDirectory="32b641c6-9ab5-40d4-922d-f732380dcac3">
    </UnitTestResult>
    <UnitTestResult executionId="973f4413-7d07-4b10-89d2-fb02f2179f3f" testId="3038b5b6-b527-f24d-9a1a-fe7f9cf81219" testName="GenericAndNonGeneric_ResolveAll_Should_Return_Same_Instace_Types" computerName="MOREY01" duration="00:00:00.0028549" startTime="2012-02-19T14:09:44.3075320-06:00" endTime="2012-02-19T14:09:44.3075320-06:00" testType="13cdc9d9-ddb5-4fa4-a97d-d965ccfc6d4b" outcome="Passed" testListId="8c84fa94-04c1-424b-9868-57a2d4851a1d" relativeResultsDirectory="973f4413-7d07-4b10-89d2-fb02f2179f3f">
    </UnitTestResult>
    <UnitTestResult executionId="14b17c9c-84fe-40bf-9209-13692527d71c" testId="32a911be-508a-8ebc-ce72-8174b5116686" testName="Register_With_Specified_Type_Should_Return_Same_Type" computerName="MOREY01" duration="00:00:00.0092239" startTime="2012-02-19T14:09:44.3075320-06:00" endTime="2012-02-19T14:09:44.3231320-06:00" testType="13cdc9d9-ddb5-4fa4-a97d-d965ccfc6d4b" outcome="Passed" testListId="8c84fa94-04c1-424b-9868-57a2d4851a1d" relativeResultsDirectory="14b17c9c-84fe-40bf-9209-13692527d71c">
    </UnitTestResult>
    <UnitTestResult executionId="524b906f-e4c6-46bf-8fa8-aed32ae686da" testId="34f912ec-84f2-8877-b83a-5e913394ebb0" testName="GenericAndNonGeneric_Resolve_Method_Should_Return_Same_Instance_Type" computerName="MOREY01" duration="00:00:00.0002975" startTime="2012-02-19T14:09:44.3231320-06:00" endTime="2012-02-19T14:09:44.3231320-06:00" testType="13cdc9d9-ddb5-4fa4-a97d-d965ccfc6d4b" outcome="Passed" testListId="8c84fa94-04c1-424b-9868-57a2d4851a1d" relativeResultsDirectory="524b906f-e4c6-46bf-8fa8-aed32ae686da">
    </UnitTestResult>
    <UnitTestResult executionId="689fa8b9-d3ef-415b-b432-5150ef6f8679" testId="3501a232-81b7-114d-fa86-73d962c85c37" testName="Remove_Should_Be_Called" computerName="MOREY01" duration="00:00:00.0009826" startTime="2012-02-19T14:09:44.3231320-06:00" endTime="2012-02-19T14:09:44.3231320-06:00" testType="13cdc9d9-ddb5-4fa4-a97d-d965ccfc6d4b" outcome="Passed" testListId="8c84fa94-04c1-424b-9868-57a2d4851a1d" relativeResultsDirectory="689fa8b9-d3ef-415b-b432-5150ef6f8679">
    </UnitTestResult>
    <UnitTestResult executionId="ba62033a-629d-48b7-927c-4fcb55d97bb9" testId="35778a12-1834-31ce-9eba-247d0d1b4fb9" testName="NonGeneric_Ask_For_Unknown_Service_Should_Throw_Exception" computerName="MOREY01" duration="00:00:00.0002940" startTime="2012-02-19T14:09:44.3231320-06:00" endTime="2012-02-19T14:09:44.3387320-06:00" testType="13cdc9d9-ddb5-4fa4-a97d-d965ccfc6d4b" outcome="Passed" testListId="8c84fa94-04c1-424b-9868-57a2d4851a1d" relativeResultsDirectory="ba62033a-629d-48b7-927c-4fcb55d97bb9">
    </UnitTestResult>
    <UnitTestResult executionId="c5a78b54-b7a8-4207-85c4-0018f37d5048" testId="387a68b1-2b79-c7f4-587d-71940b23f38b" testName="Register_With_Keyed_Type_Should_Return_Same_Type" computerName="MOREY01" duration="00:00:00.0011778" startTime="2012-02-19T14:09:44.3387320-06:00" endTime="2012-02-19T14:09:44.3387320-06:00" testType="13cdc9d9-ddb5-4fa4-a97d-d965ccfc6d4b" outcome="Passed" testListId="8c84fa94-04c1-424b-9868-57a2d4851a1d" relativeResultsDirectory="c5a78b54-b7a8-4207-85c4-0018f37d5048">
    </UnitTestResult>
    <UnitTestResult executionId="765b0457-94bd-4fbc-b5e8-39bc46854bf4" testId="3ec0ba34-5271-36db-4cea-a697d73b2f5d" testName="Register_Generic_With_FactoryMethod_Should_Return_Result_From_Factory" computerName="MOREY01" duration="00:00:00.0046746" startTime="2012-02-19T14:09:44.3387320-06:00" endTime="2012-02-19T14:09:44.3543320-06:00" testType="13cdc9d9-ddb5-4fa4-a97d-d965ccfc6d4b" outcome="Passed" testListId="8c84fa94-04c1-424b-9868-57a2d4851a1d" relativeResultsDirectory="765b0457-94bd-4fbc-b5e8-39bc46854bf4">
    </UnitTestResult>
    <UnitTestResult executionId="f6636377-4f2d-4a7d-bab6-ef7b328f12a4" testId="40c93e8d-a78a-1395-ce07-b8cec6847b04" testName="RegisterInstance_Generic_Should_Return_Same_Object" computerName="MOREY01" duration="00:00:00.0000671" startTime="2012-02-19T14:09:44.3543320-06:00" endTime="2012-02-19T14:09:44.3543320-06:00" testType="13cdc9d9-ddb5-4fa4-a97d-d965ccfc6d4b" outcome="Passed" testListId="8c84fa94-04c1-424b-9868-57a2d4851a1d" relativeResultsDirectory="f6636377-4f2d-4a7d-bab6-ef7b328f12a4">
    </UnitTestResult>
    <UnitTestResult executionId="659d66be-7558-45de-aaa9-0ccbfc9571fd" testId="44526278-0791-8086-11d1-ac4e4585f61d" testName="Register_With_Implementation_Type_Should_Return_Same_Type" computerName="MOREY01" duration="00:00:00.0130803" startTime="2012-02-19T14:09:44.3543320-06:00" endTime="2012-02-19T14:09:44.3699321-06:00" testType="13cdc9d9-ddb5-4fa4-a97d-d965ccfc6d4b" outcome="Failed" testListId="8c84fa94-04c1-424b-9868-57a2d4851a1d" relativeResultsDirectory="659d66be-7558-45de-aaa9-0ccbfc9571fd">
      <Output>
        <ErrorInfo>
          <Message>Test method Contoso.Abstract.AutofacServiceRegistrarIntegrationTests.Register_With_Implementation_Type_Should_Return_Same_Type threw exception: 
System.Abstract.ServiceLocatorResolutionException: Could not resolve serviceType 'System.Abstract.Fakes.TestService' ---&gt; Autofac.Core.Registration.ComponentNotRegisteredException: The requested service 'System.Abstract.Fakes.TestNamedService (System.Abstract.Fakes.TestService)' has not been registered. To avoid this exception, either register a component to provide the service, check for service registration using IsRegistered(), or use the ResolveOptional() method to resolve an optional dependency.</Message>
          <StackTrace>    at Autofac.ResolutionExtensions.ResolveService(IComponentContext context, Service service, IEnumerable`1 parameters)
   at Contoso.Abstract.AutofacServiceLocator.Resolve(Type serviceType, String name) in C:\_APPLICATION\BCLEX-ABSTRACT\Contoso.Abstract.Autofac\Abstract\AutofacServiceLocator.cs:line 111
 --- End of inner exception stack trace ---
    at Contoso.Abstract.AutofacServiceLocator.Resolve(Type serviceType, String name) in C:\_APPLICATION\BCLEX-ABSTRACT\Contoso.Abstract.Autofac\Abstract\AutofacServiceLocator.cs:line 112
   at System.Abstract.ServiceRegistrarIntegrationTestsBase.Register_With_Implementation_Type_Should_Return_Same_Type() in C:\_APPLICATION\BCLEX-ABSTRACT\TESTS_\System.Abstract.Templates\Abstract+ServiceLocator\ServiceRegistrarIntegrationTestsBase.cs:line 98
</StackTrace>
        </ErrorInfo>
      </Output>
    </UnitTestResult>
    <UnitTestResult executionId="158af37f-3d0d-48bd-a4d0-148bb74353b8" testId="44f16861-f6e7-fcd9-2b91-0346c841670f" testName="ResolveAll_With_ServiceType_And_Name_Returns_Generic" computerName="MOREY01" duration="00:00:00.0027339" startTime="2012-02-19T14:09:44.3699321-06:00" endTime="2012-02-19T14:09:44.3699321-06:00" testType="13cdc9d9-ddb5-4fa4-a97d-d965ccfc6d4b" outcome="Passed" testListId="8c84fa94-04c1-424b-9868-57a2d4851a1d" relativeResultsDirectory="158af37f-3d0d-48bd-a4d0-148bb74353b8">
    </UnitTestResult>
    <UnitTestResult executionId="e6f57367-4465-474c-ba85-9677bb9ba9d0" testId="468d1e66-6459-006b-5597-7ad222ead541" testName="XXX" computerName="MOREY01" duration="00:00:00.0000940" startTime="2012-02-19T14:09:44.3699321-06:00" endTime="2012-02-19T14:09:44.3699321-06:00" testType="13cdc9d9-ddb5-4fa4-a97d-d965ccfc6d4b" outcome="Passed" testListId="8c84fa94-04c1-424b-9868-57a2d4851a1d" relativeResultsDirectory="e6f57367-4465-474c-ba85-9677bb9ba9d0">
    </UnitTestResult>
    <UnitTestResult executionId="bc671e9d-75a4-409f-b8d7-df2bcead0e00" testId="46a2ffd3-5019-24b8-8b28-94a6f3b1ee89" testName="NonGeneric_Asking_For_Invalid_Service_Should_Raise_Exception" computerName="MOREY01" duration="00:00:00.0058138" startTime="2012-02-19T14:09:44.3699321-06:00" endTime="2012-02-19T14:09:44.3699321-06:00" testType="13cdc9d9-ddb5-4fa4-a97d-d965ccfc6d4b" outcome="Passed" testListId="8c84fa94-04c1-424b-9868-57a2d4851a1d" relativeResultsDirectory="bc671e9d-75a4-409f-b8d7-df2bcead0e00">
    </UnitTestResult>
    <UnitTestResult executionId="dee3cf43-67cb-4c21-aeef-d395e5c5813f" testId="46b16383-e346-cefa-eda4-674491a4bbcc" testName="RegisterInstance_Should_Return_Same_Object" computerName="MOREY01" duration="00:00:00.0014088" startTime="2012-02-19T14:09:44.3699321-06:00" endTime="2012-02-19T14:09:44.3855321-06:00" testType="13cdc9d9-ddb5-4fa4-a97d-d965ccfc6d4b" outcome="Passed" testListId="8c84fa94-04c1-424b-9868-57a2d4851a1d" relativeResultsDirectory="dee3cf43-67cb-4c21-aeef-d395e5c5813f">
    </UnitTestResult>
    <UnitTestResult executionId="968c3ffb-a56c-4f66-8cb5-89e2c9d8f697" testId="47e3e80d-2e42-5c64-3356-f68e2463f0d1" testName="Increment_Should_Be_Called" computerName="MOREY01" duration="00:00:00.0116177" startTime="2012-02-19T14:09:44.3855321-06:00" endTime="2012-02-19T14:09:44.3855321-06:00" testType="13cdc9d9-ddb5-4fa4-a97d-d965ccfc6d4b" outcome="Passed" testListId="8c84fa94-04c1-424b-9868-57a2d4851a1d" relativeResultsDirectory="968c3ffb-a56c-4f66-8cb5-89e2c9d8f697">
    </UnitTestResult>
    <UnitTestResult executionId="ea36f09a-85d9-43a3-b6d0-338b28fdf031" testId="4828dfbc-2d27-8303-fd18-52561ce9c041" testName="RegisterInstance_GenericNamed_Should_Return_Same_Object" computerName="MOREY01" duration="00:00:00.0000614" startTime="2012-02-19T14:09:44.4011321-06:00" endTime="2012-02-19T14:09:44.4011321-06:00" testType="13cdc9d9-ddb5-4fa4-a97d-d965ccfc6d4b" outcome="Passed" testListId="8c84fa94-04c1-424b-9868-57a2d4851a1d" relativeResultsDirectory="ea36f09a-85d9-43a3-b6d0-338b28fdf031">
    </UnitTestResult>
    <UnitTestResult executionId="fdcb4cd3-a4c7-48d5-8d72-b57e547230cf" testId="4857ff72-b0f9-1997-098a-c210c0cd49f3" testName="Resolve_Should_Return_Valid_Instance" computerName="MOREY01" duration="00:00:00.0007458" startTime="2012-02-19T14:09:44.4011321-06:00" endTime="2012-02-19T14:09:44.4011321-06:00" testType="13cdc9d9-ddb5-4fa4-a97d-d965ccfc6d4b" outcome="Passed" testListId="8c84fa94-04c1-424b-9868-57a2d4851a1d" relativeResultsDirectory="fdcb4cd3-a4c7-48d5-8d72-b57e547230cf">
    </UnitTestResult>
    <UnitTestResult executionId="7ab68df2-9a88-43d2-a5a3-e4cc1a20c4c4" testId="486e8274-5753-0267-f64d-167a7decffd9" testName="Register_With_Specified_Service_And_Type_Should_Return_Same_Type" computerName="MOREY01" duration="00:00:00.0010345" startTime="2012-02-19T14:09:44.4011321-06:00" endTime="2012-02-19T14:09:44.4011321-06:00" testType="13cdc9d9-ddb5-4fa4-a97d-d965ccfc6d4b" outcome="Passed" testListId="8c84fa94-04c1-424b-9868-57a2d4851a1d" relativeResultsDirectory="7ab68df2-9a88-43d2-a5a3-e4cc1a20c4c4">
    </UnitTestResult>
    <UnitTestResult executionId="7e4dc7ce-56a2-43b5-84cc-cce1d4ce7276" testId="48df8bc5-b528-4f0e-fd72-592d2e06db16" testName="Cas_Should_Be_Called" computerName="MOREY01" duration="00:00:00.0113252" startTime="2012-02-19T14:09:44.4011321-06:00" endTime="2012-02-19T14:09:44.4167322-06:00" testType="13cdc9d9-ddb5-4fa4-a97d-d965ccfc6d4b" outcome="Passed" testListId="8c84fa94-04c1-424b-9868-57a2d4851a1d" relativeResultsDirectory="7e4dc7ce-56a2-43b5-84cc-cce1d4ce7276">
    </UnitTestResult>
    <UnitTestResult executionId="3ff8a9fb-dc70-4080-b013-ca2d34aafebb" testId="495449c3-ce9a-c878-75dd-f253264b4115" testName="NonGeneric_Ask_For_Unknown_Service_Should_Throw_Exception" computerName="MOREY01" duration="00:00:00.0017349" startTime="2012-02-19T14:09:44.4167322-06:00" endTime="2012-02-19T14:09:44.4167322-06:00" testType="13cdc9d9-ddb5-4fa4-a97d-d965ccfc6d4b" outcome="Passed" testListId="8c84fa94-04c1-424b-9868-57a2d4851a1d" relativeResultsDirectory="3ff8a9fb-dc70-4080-b013-ca2d34aafebb">
    </UnitTestResult>
    <UnitTestResult executionId="314488f3-5362-47b5-a764-de0bb8cf48c2" testId="4a3dc286-247f-2ea4-ef82-3e4745aa0d87" testName="ResolveAll_Should_Return_All_Registered_Named_Services" computerName="MOREY01" duration="00:00:00.0002547" startTime="2012-02-19T14:09:44.4167322-06:00" endTime="2012-02-19T14:09:44.4167322-06:00" testType="13cdc9d9-ddb5-4fa4-a97d-d965ccfc6d4b" outcome="Passed" testListId="8c84fa94-04c1-424b-9868-57a2d4851a1d" relativeResultsDirectory="314488f3-5362-47b5-a764-de0bb8cf48c2">
    </UnitTestResult>
    <UnitTestResult executionId="1f8e076a-8bcd-49f8-81a1-dbfea6fb9ada" testId="4acb29f8-30c1-7b9a-d8f2-c7d8563492f9" testName="ResolveAll_Should_Return_All_Registered_Named_Services" computerName="MOREY01" duration="00:00:00.0022597" startTime="2012-02-19T14:09:44.4167322-06:00" endTime="2012-02-19T14:09:44.4323322-06:00" testType="13cdc9d9-ddb5-4fa4-a97d-d965ccfc6d4b" outcome="Passed" testListId="8c84fa94-04c1-424b-9868-57a2d4851a1d" relativeResultsDirectory="1f8e076a-8bcd-49f8-81a1-dbfea6fb9ada">
    </UnitTestResult>
    <UnitTestResult executionId="19d4f3d2-9289-450f-828a-58dd4c4bf22b" testId="4c11e0cd-867c-ef85-b171-807369f35de7" testName="Send_With_Message_Sends" computerName="MOREY01" duration="00:00:00.0122503" startTime="2012-02-19T14:09:44.4323322-06:00" endTime="2012-02-19T14:09:44.4323322-06:00" testType="13cdc9d9-ddb5-4fa4-a97d-d965ccfc6d4b" outcome="Passed" testListId="8c84fa94-04c1-424b-9868-57a2d4851a1d" relativeResultsDirectory="19d4f3d2-9289-450f-828a-58dd4c4bf22b">
    </UnitTestResult>
    <UnitTestResult executionId="7951a10f-97f6-4bfe-8ab7-04549efc98c8" testId="4d1e2ca6-5d2c-b5f5-78b3-5632029a71bb" testName="Register_With_Implementation_Type_Should_Return_Same_Type" computerName="MOREY01" duration="00:00:00.0007116" startTime="2012-02-19T14:09:44.4323322-06:00" endTime="2012-02-19T14:09:44.4479322-06:00" testType="13cdc9d9-ddb5-4fa4-a97d-d965ccfc6d4b" outcome="Passed" testListId="8c84fa94-04c1-424b-9868-57a2d4851a1d" relativeResultsDirectory="7951a10f-97f6-4bfe-8ab7-04549efc98c8">
    </UnitTestResult>
    <UnitTestResult executionId="a3e57173-9efc-47c7-ac29-b69cfc3aac67" testId="4d994551-0182-754f-830a-c8628dcf8b78" testName="Asking_For_Invalid_Service_Should_Raise_Exception" computerName="MOREY01" duration="00:00:00.0004790" startTime="2012-02-19T14:09:44.4479322-06:00" endTime="2012-02-19T14:09:44.4479322-06:00" testType="13cdc9d9-ddb5-4fa4-a97d-d965ccfc6d4b" outcome="Passed" testListId="8c84fa94-04c1-424b-9868-57a2d4851a1d" relativeResultsDirectory="a3e57173-9efc-47c7-ac29-b69cfc3aac67">
    </UnitTestResult>
    <UnitTestResult executionId="00d5d54f-87ac-4274-b831-f5456cb5631c" testId="4db15596-21c7-898e-888f-3a3abcf7e500" testName="GetRegistrationsFor" computerName="MOREY01" duration="00:00:00.0044180" startTime="2012-02-19T14:09:44.4479322-06:00" endTime="2012-02-19T14:09:44.4479322-06:00" testType="13cdc9d9-ddb5-4fa4-a97d-d965ccfc6d4b" outcome="Failed" testListId="8c84fa94-04c1-424b-9868-57a2d4851a1d" relativeResultsDirectory="00d5d54f-87ac-4274-b831-f5456cb5631c">
      <Output>
        <ErrorInfo>
          <Message>Assert.IsTrue failed. </Message>
          <StackTrace>   at System.Abstract.ServiceRegistrarIntegrationTestsBase.GetRegistrationsFor() in C:\_APPLICATION\BCLEX-ABSTRACT\TESTS_\System.Abstract.Templates\Abstract+ServiceLocator\ServiceRegistrarIntegrationTestsBase.cs:line 61
</StackTrace>
        </ErrorInfo>
      </Output>
    </UnitTestResult>
    <UnitTestResult executionId="5fcc9d26-6a47-4709-a8c1-3d214c88645d" testId="515a9007-7583-edb8-0c13-f0b518b60760" testName="Asking_For_UnRegistered_Service_Return_Valid_Instance" computerName="MOREY01" duration="00:00:00.0010876" startTime="2012-02-19T14:09:44.4479322-06:00" endTime="2012-02-19T14:09:44.4479322-06:00" testType="13cdc9d9-ddb5-4fa4-a97d-d965ccfc6d4b" outcome="Passed" testListId="8c84fa94-04c1-424b-9868-57a2d4851a1d" relativeResultsDirectory="5fcc9d26-6a47-4709-a8c1-3d214c88645d">
    </UnitTestResult>
    <UnitTestResult executionId="02cb4628-3c02-436e-b990-ec4263a1059f" testId="536c201c-e6b6-e435-9226-92de53d8bb9b" testName="GenericAndNonGeneric_Resolve_Method_Should_Return_Same_Instance_Type" computerName="MOREY01" duration="00:00:00.0003443" startTime="2012-02-19T14:09:44.4479322-06:00" endTime="2012-02-19T14:09:44.4479322-06:00" testType="13cdc9d9-ddb5-4fa4-a97d-d965ccfc6d4b" outcome="Passed" testListId="8c84fa94-04c1-424b-9868-57a2d4851a1d" relativeResultsDirectory="02cb4628-3c02-436e-b990-ec4263a1059f">
    </UnitTestResult>
    <UnitTestResult executionId="e542cd1c-4055-4448-bf74-6c0995c992fe" testId="53b02da7-186a-d786-d643-3683d5d403af" testName="ResolveAll_Should_Return_All_Registered_UnNamed_Services" computerName="MOREY01" duration="00:00:00.0135638" startTime="2012-02-19T14:09:44.4479322-06:00" endTime="2012-02-19T14:09:44.4635322-06:00" testType="13cdc9d9-ddb5-4fa4-a97d-d965ccfc6d4b" outcome="Passed" testListId="8c84fa94-04c1-424b-9868-57a2d4851a1d" relativeResultsDirectory="e542cd1c-4055-4448-bf74-6c0995c992fe">
    </UnitTestResult>
    <UnitTestResult executionId="4221b2a7-81c3-487d-a529-14f06336d8a4" testId="542a454a-0ab5-a983-62ea-252993b92009" testName="Register_With_Implementation_Type_Should_Return_Same_Type" computerName="MOREY01" duration="00:00:00.0063360" startTime="2012-02-19T14:09:44.4635322-06:00" endTime="2012-02-19T14:09:44.4791323-06:00" testType="13cdc9d9-ddb5-4fa4-a97d-d965ccfc6d4b" outcome="Failed" testListId="8c84fa94-04c1-424b-9868-57a2d4851a1d" relativeResultsDirectory="4221b2a7-81c3-487d-a529-14f06336d8a4">
      <Output>
        <ErrorInfo>
          <Message>Test method Contoso.Abstract.NinjectServiceRegistrarIntegrationTests.Register_With_Implementation_Type_Should_Return_Same_Type threw exception: 
System.Abstract.ServiceLocatorResolutionException: Could not resolve serviceType 'System.Abstract.Fakes.TestService' ---&gt; Ninject.ActivationException: Error activating TestService
No matching bindings are available, and the type is not self-bindable.
Activation path:
  1) Request for TestService

Suggestions:
  1) Ensure that you have defined a binding for TestService.
  2) If the binding was defined in a module, ensure that the module has been loaded into the kernel.
  3) Ensure you have not accidentally created more than one kernel.
  4) If you are using constructor arguments, ensure that the parameter name matches the constructors parameter name.
  5) If you are using automatic module loading, ensure the search path and filters are correct.
</Message>
          <StackTrace>    at Ninject.KernelBase.Resolve(IRequest request) in c:\Projects\Ninject\Maintenance2.2\ninject\src\Ninject\KernelBase.cs:line 359
   at Ninject.ResolutionExtensions.GetResolutionIterator(IResolutionRoot root, Type service, Func`2 constraint, IEnumerable`1 parameters, Boolean isOptional, Boolean isUnique) in c:\Projects\Ninject\Maintenance2.2\ninject\src\Ninject\Syntax\ResolutionExtensions.cs:line 263
   at Ninject.ResolutionExtensions.Get(IResolutionRoot root, Type service, String name, IParameter[] parameters) in c:\Projects\Ninject\Maintenance2.2\ninject\src\Ninject\Syntax\ResolutionExtensions.cs:line 164
   at Contoso.Abstract.NinjectServiceLocator.Resolve(Type serviceType, String name) in C:\_APPLICATION\BCLEX-ABSTRACT\Contoso.Abstract.Ninject\Abstract\NinjectServiceLocator.cs:line 119
 --- End of inner exception stack trace ---
    at Contoso.Abstract.NinjectServiceLocator.Resolve(Type serviceType, String name) in C:\_APPLICATION\BCLEX-ABSTRACT\Contoso.Abstract.Ninject\Abstract\NinjectServiceLocator.cs:line 120
   at System.Abstract.ServiceRegistrarIntegrationTestsBase.Register_With_Implementation_Type_Should_Return_Same_Type() in C:\_APPLICATION\BCLEX-ABSTRACT\TESTS_\System.Abstract.Templates\Abstract+ServiceLocator\ServiceRegistrarIntegrationTestsBase.cs:line 98
</StackTrace>
        </ErrorInfo>
      </Output>
    </UnitTestResult>
    <UnitTestResult executionId="fb47dac6-432c-4144-b4af-daa6a18a6fb7" testId="546ca475-80f5-27ab-5bf4-e1e15363181f" testName="RegisterInstance_Generic_Should_Return_Same_Object" computerName="MOREY01" duration="00:00:00.0076409" startTime="2012-02-19T14:09:44.4791323-06:00" endTime="2012-02-19T14:09:44.4791323-06:00" testType="13cdc9d9-ddb5-4fa4-a97d-d965ccfc6d4b" outcome="Passed" testListId="8c84fa94-04c1-424b-9868-57a2d4851a1d" relativeResultsDirectory="fb47dac6-432c-4144-b4af-daa6a18a6fb7">
    </UnitTestResult>
    <UnitTestResult executionId="39c4affb-81b8-4d08-83fc-8311d2cb65be" testId="54f04baa-c7d6-6f33-62b1-3882c76b36b4" testName="HasRegistered" computerName="MOREY01" duration="00:00:00.0071276" startTime="2012-02-19T14:09:44.4791323-06:00" endTime="2012-02-19T14:09:44.4947323-06:00" testType="13cdc9d9-ddb5-4fa4-a97d-d965ccfc6d4b" outcome="Failed" testListId="8c84fa94-04c1-424b-9868-57a2d4851a1d" relativeResultsDirectory="39c4affb-81b8-4d08-83fc-8311d2cb65be">
      <Output>
        <ErrorInfo>
          <Message>Assert.IsTrue failed. </Message>
          <StackTrace>   at System.Abstract.ServiceRegistrarIntegrationTestsBase.HasRegistered() in C:\_APPLICATION\BCLEX-ABSTRACT\TESTS_\System.Abstract.Templates\Abstract+ServiceLocator\ServiceRegistrarIntegrationTestsBase.cs:line 51
</StackTrace>
        </ErrorInfo>
      </Output>
    </UnitTestResult>
    <UnitTestResult executionId="20b9118e-64f1-4392-bd63-cefc913d711c" testId="55342f43-011c-1e57-fa43-5b16dcd46574" testName="Ask_For_Named_Instance" computerName="MOREY01" duration="00:00:00.0131863" startTime="2012-02-19T14:09:44.4947323-06:00" endTime="2012-02-19T14:09:44.5103323-06:00" testType="13cdc9d9-ddb5-4fa4-a97d-d965ccfc6d4b" outcome="Passed" testListId="8c84fa94-04c1-424b-9868-57a2d4851a1d" relativeResultsDirectory="20b9118e-64f1-4392-bd63-cefc913d711c">
    </UnitTestResult>
    <UnitTestResult executionId="0d9da764-c0a7-4d6e-9738-7831c91d9240" testId="555f89c4-faab-4d57-863b-b3b6bc9ce4f1" testName="RegisterInstance_Should_Return_Same_Object" computerName="MOREY01" duration="00:00:00.0099022" startTime="2012-02-19T14:09:44.5103323-06:00" endTime="2012-02-19T14:09:44.5259323-06:00" testType="13cdc9d9-ddb5-4fa4-a97d-d965ccfc6d4b" outcome="Passed" testListId="8c84fa94-04c1-424b-9868-57a2d4851a1d" relativeResultsDirectory="0d9da764-c0a7-4d6e-9738-7831c91d9240">
    </UnitTestResult>
    <UnitTestResult executionId="58c6c44f-3606-4458-8951-1c1fae95d531" testId="5975c422-2dc4-a4e8-a907-5847173f4eea" testName="Register_With_Specified_Type_Should_Return_Same_Type" computerName="MOREY01" duration="00:00:00.0008918" startTime="2012-02-19T14:09:44.5259323-06:00" endTime="2012-02-19T14:09:44.5259323-06:00" testType="13cdc9d9-ddb5-4fa4-a97d-d965ccfc6d4b" outcome="Passed" testListId="8c84fa94-04c1-424b-9868-57a2d4851a1d" relativeResultsDirectory="58c6c44f-3606-4458-8951-1c1fae95d531">
    </UnitTestResult>
    <UnitTestResult executionId="0812291a-eaba-428b-aa08-24e6ed3c7441" testId="59fe3b69-b4c1-36fc-aef2-2197ac416812" testName="Asking_For_UnRegistered_Service_Return_Valid_Instance" computerName="MOREY01" duration="00:00:00.0008495" startTime="2012-02-19T14:09:44.5259323-06:00" endTime="2012-02-19T14:09:44.5259323-06:00" testType="13cdc9d9-ddb5-4fa4-a97d-d965ccfc6d4b" outcome="Passed" testListId="8c84fa94-04c1-424b-9868-57a2d4851a1d" relativeResultsDirectory="0812291a-eaba-428b-aa08-24e6ed3c7441">
    </UnitTestResult>
    <UnitTestResult executionId="78f0dd86-e245-4195-be42-35dd15732062" testId="5bf79f58-f363-70da-cd7d-35457960ce82" testName="RegisterInstance_GenericNamed_Should_Return_Same_Object" computerName="MOREY01" duration="00:00:00.0106811" startTime="2012-02-19T14:09:44.5259323-06:00" endTime="2012-02-19T14:09:44.5415324-06:00" testType="13cdc9d9-ddb5-4fa4-a97d-d965ccfc6d4b" outcome="Passed" testListId="8c84fa94-04c1-424b-9868-57a2d4851a1d" relativeResultsDirectory="78f0dd86-e245-4195-be42-35dd15732062">
    </UnitTestResult>
    <UnitTestResult executionId="1bd4f53e-3992-41ec-b670-787ed40e1d9d" testId="5c11e2eb-23a5-1af2-16d4-41a1b6551ad7" testName="Get_Should_Be_Called" computerName="MOREY01" duration="00:00:00.0105400" startTime="2012-02-19T14:09:44.5415324-06:00" endTime="2012-02-19T14:09:44.5571324-06:00" testType="13cdc9d9-ddb5-4fa4-a97d-d965ccfc6d4b" outcome="Passed" testListId="8c84fa94-04c1-424b-9868-57a2d4851a1d" relativeResultsDirectory="1bd4f53e-3992-41ec-b670-787ed40e1d9d">
    </UnitTestResult>
    <UnitTestResult executionId="2c06479c-db30-42b4-bfb0-d533320eb8b1" testId="5cfac61a-f044-78ca-f348-302ce6adaf3c" testName="Register_With_Implementation_Type_Should_Return_Same_Type" computerName="MOREY01" duration="00:00:00.0021599" startTime="2012-02-19T14:09:44.5571324-06:00" endTime="2012-02-19T14:09:44.5571324-06:00" testType="13cdc9d9-ddb5-4fa4-a97d-d965ccfc6d4b" outcome="Failed" testListId="8c84fa94-04c1-424b-9868-57a2d4851a1d" relativeResultsDirectory="2c06479c-db30-42b4-bfb0-d533320eb8b1">
      <Output>
        <ErrorInfo>
          <Message>Assert.AreEqual failed. Expected:&lt;System.Abstract.Fakes.TestNamedService&gt;. Actual:&lt;System.Abstract.Fakes.TestService&gt;. </Message>
          <StackTrace>   at System.Abstract.ServiceRegistrarIntegrationTestsBase.Register_With_Implementation_Type_Should_Return_Same_Type() in C:\_APPLICATION\BCLEX-ABSTRACT\TESTS_\System.Abstract.Templates\Abstract+ServiceLocator\ServiceRegistrarIntegrationTestsBase.cs:line 99
</StackTrace>
        </ErrorInfo>
      </Output>
    </UnitTestResult>
    <UnitTestResult executionId="bae4e2f8-c8c4-4020-92aa-8b603662eaa8" testId="5d102ff3-dd29-3c73-5cdf-b7606f103504" testName="CreateMessage_Should_Return_Valid_Instance" computerName="MOREY01" duration="00:00:00.0004425" startTime="2012-02-19T14:09:44.5571324-06:00" endTime="2012-02-19T14:09:44.5571324-06:00" testType="13cdc9d9-ddb5-4fa4-a97d-d965ccfc6d4b" outcome="Passed" testListId="8c84fa94-04c1-424b-9868-57a2d4851a1d" relativeResultsDirectory="bae4e2f8-c8c4-4020-92aa-8b603662eaa8">
    </UnitTestResult>
    <UnitTestResult executionId="ccadca73-98e9-4ae2-9d1e-a63048eabfa9" testId="5d4e4645-6895-114f-aa58-55586ebd0011" testName="Register_With_Implementation_Type_Should_Return_Same_Type" computerName="MOREY01" duration="00:00:00.0064361" startTime="2012-02-19T14:09:44.5571324-06:00" endTime="2012-02-19T14:09:44.5727324-06:00" testType="13cdc9d9-ddb5-4fa4-a97d-d965ccfc6d4b" outcome="Failed" testListId="8c84fa94-04c1-424b-9868-57a2d4851a1d" relativeResultsDirectory="ccadca73-98e9-4ae2-9d1e-a63048eabfa9">
      <Output>
        <ErrorInfo>
          <Message>Assert.AreEqual failed. Expected:&lt;System.Abstract.Fakes.TestNamedService&gt;. Actual:&lt;System.Abstract.Fakes.TestService&gt;. </Message>
          <StackTrace>   at System.Abstract.ServiceRegistrarIntegrationTestsBase.Register_With_Implementation_Type_Should_Return_Same_Type() in C:\_APPLICATION\BCLEX-ABSTRACT\TESTS_\System.Abstract.Templates\Abstract+ServiceLocator\ServiceRegistrarIntegrationTestsBase.cs:line 99
</StackTrace>
        </ErrorInfo>
      </Output>
    </UnitTestResult>
    <UnitTestResult executionId="3c7f0ff1-e416-4a43-8a58-5e9109bcfd39" testId="605a4792-6dd4-8200-5c3c-3a2b87ff4916" testName="Value_Returns_Value_Set_In_Constructor" computerName="MOREY01" duration="00:00:00.0002899" startTime="2012-02-19T14:09:44.5727324-06:00" endTime="2012-02-19T14:09:44.5727324-06:00" testType="13cdc9d9-ddb5-4fa4-a97d-d965ccfc6d4b" outcome="Passed" testListId="8c84fa94-04c1-424b-9868-57a2d4851a1d" relativeResultsDirectory="3c7f0ff1-e416-4a43-8a58-5e9109bcfd39">
    </UnitTestResult>
    <UnitTestResult executionId="d3f138b7-5c33-47b4-83b4-b03728e6cfe8" testId="60defe10-a6b1-bf18-bec3-c5f52835fcd4" testName="NonGeneric_Asking_For_Invalid_Service_Should_Raise_Exception" computerName="MOREY01" duration="00:00:00.0004614" startTime="2012-02-19T14:09:44.5727324-06:00" endTime="2012-02-19T14:09:44.5727324-06:00" testType="13cdc9d9-ddb5-4fa4-a97d-d965ccfc6d4b" outcome="Passed" testListId="8c84fa94-04c1-424b-9868-57a2d4851a1d" relativeResultsDirectory="d3f138b7-5c33-47b4-83b4-b03728e6cfe8">
    </UnitTestResult>
    <UnitTestResult executionId="0957ba09-58d6-4bbe-a0b8-a57ffaa00e24" testId="62d5ae9f-b4ef-ba0f-af85-53019067e76e" testName="HasRegistered" computerName="MOREY01" duration="00:00:00.0010447" startTime="2012-02-19T14:09:44.5727324-06:00" endTime="2012-02-19T14:09:44.5727324-06:00" testType="13cdc9d9-ddb5-4fa4-a97d-d965ccfc6d4b" outcome="Failed" testListId="8c84fa94-04c1-424b-9868-57a2d4851a1d" relativeResultsDirectory="0957ba09-58d6-4bbe-a0b8-a57ffaa00e24">
      <Output>
        <ErrorInfo>
          <Message>Assert.IsTrue failed. </Message>
          <StackTrace>   at System.Abstract.ServiceRegistrarIntegrationTestsBase.HasRegistered() in C:\_APPLICATION\BCLEX-ABSTRACT\TESTS_\System.Abstract.Templates\Abstract+ServiceLocator\ServiceRegistrarIntegrationTestsBase.cs:line 51
</StackTrace>
        </ErrorInfo>
      </Output>
    </UnitTestResult>
    <UnitTestResult executionId="72c36bf1-d80e-4378-a9e0-77f1c489a352" testId="640a16ed-a6a3-191f-9e8f-9a8213779348" testName="DevelopmentStage_ToCode_Return_ProperValues" computerName="MOREY01" duration="00:00:00.0002694" startTime="2012-02-19T14:09:44.5727324-06:00" endTime="2012-02-19T14:09:44.5727324-06:00" testType="13cdc9d9-ddb5-4fa4-a97d-d965ccfc6d4b" outcome="Passed" testListId="8c84fa94-04c1-424b-9868-57a2d4851a1d" relativeResultsDirectory="72c36bf1-d80e-4378-a9e0-77f1c489a352">
    </UnitTestResult>
    <UnitTestResult executionId="f389f046-bfe1-42b1-b19e-630b8f6be03c" testId="64bc93a0-e45a-5723-b26e-44a5ba1ed48f" testName="SendGeneric_With_MessageBuilder_Sends" computerName="MOREY01" duration="00:00:00.0064793" startTime="2012-02-19T14:09:44.5727324-06:00" endTime="2012-02-19T14:09:44.5883325-06:00" testType="13cdc9d9-ddb5-4fa4-a97d-d965ccfc6d4b" outcome="Passed" testListId="8c84fa94-04c1-424b-9868-57a2d4851a1d" relativeResultsDirectory="f389f046-bfe1-42b1-b19e-630b8f6be03c">
    </UnitTestResult>
    <UnitTestResult executionId="81d57c90-616e-4714-8c8e-75625fae9898" testId="67a46659-cdb9-182b-0b3d-7521c26f3047" testName="Resolve_Should_Return_Valid_Instance" computerName="MOREY01" duration="00:00:00.0005622" startTime="2012-02-19T14:09:44.5883325-06:00" endTime="2012-02-19T14:09:44.5883325-06:00" testType="13cdc9d9-ddb5-4fa4-a97d-d965ccfc6d4b" outcome="Passed" testListId="8c84fa94-04c1-424b-9868-57a2d4851a1d" relativeResultsDirectory="81d57c90-616e-4714-8c8e-75625fae9898">
    </UnitTestResult>
    <UnitTestResult executionId="c8de1aaa-db80-4205-8733-58241302dba7" testId="69cccb72-44c0-8c7e-49e0-f988811b7faf" testName="Create_Instance_With_Type_And_InnerException" computerName="MOREY01" duration="00:00:00.0004566" startTime="2012-02-19T14:09:44.5883325-06:00" endTime="2012-02-19T14:09:44.5883325-06:00" testType="13cdc9d9-ddb5-4fa4-a97d-d965ccfc6d4b" outcome="Passed" testListId="8c84fa94-04c1-424b-9868-57a2d4851a1d" relativeResultsDirectory="c8de1aaa-db80-4205-8733-58241302dba7">
    </UnitTestResult>
    <UnitTestResult executionId="6283f48b-f97d-408d-b701-8fc1d3cd3ed9" testId="69f71ba4-bb9d-d51d-c7c5-37e9ea4dc888" testName="ResolveAll_For_Unknown_Type_Should_Return_Empty_Enumerable" computerName="MOREY01" duration="00:00:00.0004307" startTime="2012-02-19T14:09:44.5883325-06:00" endTime="2012-02-19T14:09:44.5883325-06:00" testType="13cdc9d9-ddb5-4fa4-a97d-d965ccfc6d4b" outcome="Passed" testListId="8c84fa94-04c1-424b-9868-57a2d4851a1d" relativeResultsDirectory="6283f48b-f97d-408d-b701-8fc1d3cd3ed9">
    </UnitTestResult>
    <UnitTestResult executionId="cb0f4dbe-a357-4148-8e01-7061c8ec3f95" testId="6a4731fa-3330-5b91-14f3-f383e50c541b" testName="RegisterInstance_Generic_Should_Return_Same_Object" computerName="MOREY01" duration="00:00:00.0005695" startTime="2012-02-19T14:09:44.5883325-06:00" endTime="2012-02-19T14:09:44.5883325-06:00" testType="13cdc9d9-ddb5-4fa4-a97d-d965ccfc6d4b" outcome="Passed" testListId="8c84fa94-04c1-424b-9868-57a2d4851a1d" relativeResultsDirectory="cb0f4dbe-a357-4148-8e01-7061c8ec3f95">
    </UnitTestResult>
    <UnitTestResult executionId="2bab8ca3-aa7f-46ff-b3b7-90b045b8621a" testId="6a61ee3b-32d4-62f6-4329-b1c72b6fca88" testName="ResolveAll_Should_Return_All_Registered_Named_Services" computerName="MOREY01" duration="00:00:00.0003743" startTime="2012-02-19T14:09:44.5883325-06:00" endTime="2012-02-19T14:09:44.5883325-06:00" testType="13cdc9d9-ddb5-4fa4-a97d-d965ccfc6d4b" outcome="Passed" testListId="8c84fa94-04c1-424b-9868-57a2d4851a1d" relativeResultsDirectory="2bab8ca3-aa7f-46ff-b3b7-90b045b8621a">
    </UnitTestResult>
    <UnitTestResult executionId="cc1d8ac8-a59b-44b4-8f57-68c5d4e663a1" testId="6d57ec13-6b21-691a-1e80-0bab27861b7c" testName="ResolveAll_Should_Return_All_Registered_UnNamed_Services" computerName="MOREY01" duration="00:00:00.0005708" startTime="2012-02-19T14:09:44.5883325-06:00" endTime="2012-02-19T14:09:44.5883325-06:00" testType="13cdc9d9-ddb5-4fa4-a97d-d965ccfc6d4b" outcome="Passed" testListId="8c84fa94-04c1-424b-9868-57a2d4851a1d" relativeResultsDirectory="cc1d8ac8-a59b-44b4-8f57-68c5d4e663a1">
    </UnitTestResult>
    <UnitTestResult executionId="91273aa3-dc95-4140-a3d1-078f75dd39a8" testId="6e01d4b9-51ee-970e-13ef-b2482a1dd349" testName="Register_With_Specified_Type_Should_Return_Same_Type" computerName="MOREY01" duration="00:00:00.0002079" startTime="2012-02-19T14:09:44.5883325-06:00" endTime="2012-02-19T14:09:44.5883325-06:00" testType="13cdc9d9-ddb5-4fa4-a97d-d965ccfc6d4b" outcome="Passed" testListId="8c84fa94-04c1-424b-9868-57a2d4851a1d" relativeResultsDirectory="91273aa3-dc95-4140-a3d1-078f75dd39a8">
    </UnitTestResult>
    <UnitTestResult executionId="06ac271f-14e7-4230-b99f-0cf85e7138d3" testId="6f24357c-3128-7e5b-c537-ed35ce115550" testName="Ask_For_Unknown_Service_Should_Throw_Exception" computerName="MOREY01" duration="00:00:00.0002668" startTime="2012-02-19T14:09:44.6039325-06:00" endTime="2012-02-19T14:09:44.6039325-06:00" testType="13cdc9d9-ddb5-4fa4-a97d-d965ccfc6d4b" outcome="Passed" testListId="8c84fa94-04c1-424b-9868-57a2d4851a1d" relativeResultsDirectory="06ac271f-14e7-4230-b99f-0cf85e7138d3">
    </UnitTestResult>
    <UnitTestResult executionId="92ba05cf-0cd4-4671-9cf7-f40b7eb07185" testId="70a0d298-80e6-20c1-eb7a-5dc726e2cc49" testName="RegisterInstance_Generic_Should_Return_Same_Object" computerName="MOREY01" duration="00:00:00.0008383" startTime="2012-02-19T14:09:44.6039325-06:00" endTime="2012-02-19T14:09:44.6039325-06:00" testType="13cdc9d9-ddb5-4fa4-a97d-d965ccfc6d4b" outcome="Passed" testListId="8c84fa94-04c1-424b-9868-57a2d4851a1d" relativeResultsDirectory="92ba05cf-0cd4-4671-9cf7-f40b7eb07185">
    </UnitTestResult>
    <UnitTestResult executionId="ea21fa11-193d-42d6-80db-144ef16e5389" testId="70cd5c46-59b3-2308-482a-6ecbce1c753e" testName="Asking_For_Invalid_Service_Should_Raise_Exception" computerName="MOREY01" duration="00:00:00.0003916" startTime="2012-02-19T14:09:44.6039325-06:00" endTime="2012-02-19T14:09:44.6039325-06:00" testType="13cdc9d9-ddb5-4fa4-a97d-d965ccfc6d4b" outcome="Passed" testListId="8c84fa94-04c1-424b-9868-57a2d4851a1d" relativeResultsDirectory="ea21fa11-193d-42d6-80db-144ef16e5389">
    </UnitTestResult>
    <UnitTestResult executionId="641c85f8-d1b0-45d6-9fdb-d358c9ec10aa" testId="73f2dbb1-21c0-5fea-d079-f98c7fa0d9f1" testName="Null_Provider_Throws_InvalidOperation_Exception" computerName="MOREY01" duration="00:00:00.0004863" startTime="2012-02-19T14:09:44.6039325-06:00" endTime="2012-02-19T14:09:44.6039325-06:00" testType="13cdc9d9-ddb5-4fa4-a97d-d965ccfc6d4b" outcome="Passed" testListId="8c84fa94-04c1-424b-9868-57a2d4851a1d" relativeResultsDirectory="641c85f8-d1b0-45d6-9fdb-d358c9ec10aa">
    </UnitTestResult>
    <UnitTestResult executionId="b7118e0b-5066-42e5-a1e6-ed7b17355986" testId="744b0853-c62c-c0c3-2b59-af8ed1757772" testName="ResolveAll_For_Unknown_Type_Should_Return_Empty_Enumerable" computerName="MOREY01" duration="00:00:00.0003932" startTime="2012-02-19T14:09:44.6039325-06:00" endTime="2012-02-19T14:09:44.6039325-06:00" testType="13cdc9d9-ddb5-4fa4-a97d-d965ccfc6d4b" outcome="Passed" testListId="8c84fa94-04c1-424b-9868-57a2d4851a1d" relativeResultsDirectory="b7118e0b-5066-42e5-a1e6-ed7b17355986">
    </UnitTestResult>
    <UnitTestResult executionId="0e7f8f19-bcf2-44b3-810a-fa694a501404" testId="74f181e1-6b5c-7d3c-5a71-744feda3da7a" testName="RegisterInstance_Should_Return_Same_Object" computerName="MOREY01" duration="00:00:00.0000598" startTime="2012-02-19T14:09:44.6039325-06:00" endTime="2012-02-19T14:09:44.6039325-06:00" testType="13cdc9d9-ddb5-4fa4-a97d-d965ccfc6d4b" outcome="Passed" testListId="8c84fa94-04c1-424b-9868-57a2d4851a1d" relativeResultsDirectory="0e7f8f19-bcf2-44b3-810a-fa694a501404">
    </UnitTestResult>
    <UnitTestResult executionId="5266fcf6-760b-402e-b5c1-5a1070940c79" testId="752c1c2d-0e31-a93c-00cd-082300495541" testName="Register_With_Specified_Service_Should_Return_Same_Type" computerName="MOREY01" duration="00:00:00.0007270" startTime="2012-02-19T14:09:44.6039325-06:00" endTime="2012-02-19T14:09:44.6039325-06:00" testType="13cdc9d9-ddb5-4fa4-a97d-d965ccfc6d4b" outcome="Passed" testListId="8c84fa94-04c1-424b-9868-57a2d4851a1d" relativeResultsDirectory="5266fcf6-760b-402e-b5c1-5a1070940c79">
    </UnitTestResult>
    <UnitTestResult executionId="b86d9995-35a2-478d-a18c-6dbbcedcfb33" testId="75b70280-7e67-5073-46c7-d792dd377a34" testName="Register_With_FactoryMethod_Should_Return_Result_From_Factory" computerName="MOREY01" duration="00:00:00.0100062" startTime="2012-02-19T14:09:44.6039325-06:00" endTime="2012-02-19T14:09:44.6195325-06:00" testType="13cdc9d9-ddb5-4fa4-a97d-d965ccfc6d4b" outcome="Passed" testListId="8c84fa94-04c1-424b-9868-57a2d4851a1d" relativeResultsDirectory="b86d9995-35a2-478d-a18c-6dbbcedcfb33">
    </UnitTestResult>
    <UnitTestResult executionId="12d0b4f7-7da2-42ed-9ef9-d6982390b407" testId="76bccbf1-ed92-b0bd-9dc8-dcba642fb6f2" testName="Ask_For_Unknown_Service_Should_Throw_Exception" computerName="MOREY01" duration="00:00:00.0003545" startTime="2012-02-19T14:09:44.6195325-06:00" endTime="2012-02-19T14:09:44.6195325-06:00" testType="13cdc9d9-ddb5-4fa4-a97d-d965ccfc6d4b" outcome="Passed" testListId="8c84fa94-04c1-424b-9868-57a2d4851a1d" relativeResultsDirectory="12d0b4f7-7da2-42ed-9ef9-d6982390b407">
    </UnitTestResult>
    <UnitTestResult executionId="43a82250-8546-4f28-a0ba-97fbd815f487" testId="76ccad3b-715a-ed78-1375-68232aec7e19" testName="DeploymentEnvironment_IsExternalDeployment_Return_ProperValues" computerName="MOREY01" duration="00:00:00.0001414" startTime="2012-02-19T14:09:44.6195325-06:00" endTime="2012-02-19T14:09:44.6195325-06:00" testType="13cdc9d9-ddb5-4fa4-a97d-d965ccfc6d4b" outcome="Passed" testListId="8c84fa94-04c1-424b-9868-57a2d4851a1d" relativeResultsDirectory="43a82250-8546-4f28-a0ba-97fbd815f487">
    </UnitTestResult>
    <UnitTestResult executionId="76d1b5c7-36a8-4773-8ce3-c82360878c18" testId="772a6c6c-c23c-d285-5d0f-0c10a9ff72b5" testName="GetServiceLocatorGeneric_Returns_Generic" computerName="MOREY01" duration="00:00:00.0057661" startTime="2012-02-19T14:09:44.6195325-06:00" endTime="2012-02-19T14:09:44.6351325-06:00" testType="13cdc9d9-ddb5-4fa4-a97d-d965ccfc6d4b" outcome="Passed" testListId="8c84fa94-04c1-424b-9868-57a2d4851a1d" relativeResultsDirectory="76d1b5c7-36a8-4773-8ce3-c82360878c18">
    </UnitTestResult>
    <UnitTestResult executionId="4dc3fa57-8cdb-472e-a4de-1d579abc492a" testId="781be08e-a774-1ee3-7bca-6147d389ad76" testName="Ask_For_Unknown_Service_Should_Throw_Exception" computerName="MOREY01" duration="00:00:00.0009340" startTime="2012-02-19T14:09:44.6351325-06:00" endTime="2012-02-19T14:09:44.6351325-06:00" testType="13cdc9d9-ddb5-4fa4-a97d-d965ccfc6d4b" outcome="Passed" testListId="8c84fa94-04c1-424b-9868-57a2d4851a1d" relativeResultsDirectory="4dc3fa57-8cdb-472e-a4de-1d579abc492a">
    </UnitTestResult>
    <UnitTestResult executionId="77595299-75f2-4043-89d4-139f2a8de83b" testId="78468ea6-5bbd-3ee4-9e21-b90912df0729" testName="ResolveAll_Should_Return_All_Registered_Named_Services" computerName="MOREY01" duration="00:00:00.0129504" startTime="2012-02-19T14:09:44.6351325-06:00" endTime="2012-02-19T14:09:44.6507326-06:00" testType="13cdc9d9-ddb5-4fa4-a97d-d965ccfc6d4b" outcome="Passed" testListId="8c84fa94-04c1-424b-9868-57a2d4851a1d" relativeResultsDirectory="77595299-75f2-4043-89d4-139f2a8de83b">
    </UnitTestResult>
    <UnitTestResult executionId="ad9e4711-ab5d-4f96-98e1-2db8ecceb4f0" testId="7b48a345-3bda-e45d-3c40-da78a8aaf58c" testName="GetRegistrationsFor" computerName="MOREY01" duration="00:00:00.0052941" startTime="2012-02-19T14:09:44.6507326-06:00" endTime="2012-02-19T14:09:44.6507326-06:00" testType="13cdc9d9-ddb5-4fa4-a97d-d965ccfc6d4b" outcome="Failed" testListId="8c84fa94-04c1-424b-9868-57a2d4851a1d" relativeResultsDirectory="ad9e4711-ab5d-4f96-98e1-2db8ecceb4f0">
      <Output>
        <ErrorInfo>
          <Message>Assert.IsTrue failed. </Message>
          <StackTrace>   at System.Abstract.ServiceRegistrarIntegrationTestsBase.GetRegistrationsFor() in C:\_APPLICATION\BCLEX-ABSTRACT\TESTS_\System.Abstract.Templates\Abstract+ServiceLocator\ServiceRegistrarIntegrationTestsBase.cs:line 61
</StackTrace>
        </ErrorInfo>
      </Output>
    </UnitTestResult>
    <UnitTestResult executionId="fed998f4-58a6-4a1b-b4b7-e35d1c768854" testId="7ca8b40e-c9cb-c0f8-637e-5a79cf8517b6" testName="GenericAndNonGeneric_Resolve_Method_Should_Return_Same_Instance_Type" computerName="MOREY01" duration="00:00:00.0003385" startTime="2012-02-19T14:09:44.6507326-06:00" endTime="2012-02-19T14:09:44.6507326-06:00" testType="13cdc9d9-ddb5-4fa4-a97d-d965ccfc6d4b" outcome="Passed" testListId="8c84fa94-04c1-424b-9868-57a2d4851a1d" relativeResultsDirectory="fed998f4-58a6-4a1b-b4b7-e35d1c768854">
    </UnitTestResult>
    <UnitTestResult executionId="25493b97-2b91-43aa-b94d-2b6e0e196241" testId="7ed8263a-3915-215f-9b48-fbdfe2237258" testName="Ask_For_Named_Instance" computerName="MOREY01" duration="00:00:00.0002905" startTime="2012-02-19T14:09:44.6663326-06:00" endTime="2012-02-19T14:09:44.6663326-06:00" testType="13cdc9d9-ddb5-4fa4-a97d-d965ccfc6d4b" outcome="Passed" testListId="8c84fa94-04c1-424b-9868-57a2d4851a1d" relativeResultsDirectory="25493b97-2b91-43aa-b94d-2b6e0e196241">
    </UnitTestResult>
    <UnitTestResult executionId="81ae2a15-d69b-4206-83ba-a32bb6b4c60b" testId="805a6736-e0db-1299-31e0-4f6867ca291b" testName="HasRegistered" computerName="MOREY01" duration="00:00:00.0012047" startTime="2012-02-19T14:09:44.6663326-06:00" endTime="2012-02-19T14:09:44.6663326-06:00" testType="13cdc9d9-ddb5-4fa4-a97d-d965ccfc6d4b" outcome="Failed" testListId="8c84fa94-04c1-424b-9868-57a2d4851a1d" relativeResultsDirectory="81ae2a15-d69b-4206-83ba-a32bb6b4c60b">
      <Output>
        <ErrorInfo>
          <Message>Assert.IsTrue failed. </Message>
          <StackTrace>   at System.Abstract.ServiceRegistrarIntegrationTestsBase.HasRegistered() in C:\_APPLICATION\BCLEX-ABSTRACT\TESTS_\System.Abstract.Templates\Abstract+ServiceLocator\ServiceRegistrarIntegrationTestsBase.cs:line 51
</StackTrace>
        </ErrorInfo>
      </Output>
    </UnitTestResult>
    <UnitTestResult executionId="702326e2-1836-45fe-b8b7-8de9dfd77074" testId="80acecc1-5462-bcca-9edb-f5880ca645a8" testName="Ask_For_Named_Instance" computerName="MOREY01" duration="00:00:00.0004185" startTime="2012-02-19T14:09:44.6663326-06:00" endTime="2012-02-19T14:09:44.6663326-06:00" testType="13cdc9d9-ddb5-4fa4-a97d-d965ccfc6d4b" outcome="Passed" testListId="8c84fa94-04c1-424b-9868-57a2d4851a1d" relativeResultsDirectory="702326e2-1836-45fe-b8b7-8de9dfd77074">
    </UnitTestResult>
    <UnitTestResult executionId="ee77a575-95fc-4ee8-ad0e-9ebe92536264" testId="81ca9a0d-1813-c148-6b9b-e57b44a8784b" testName="Create_Instance_With_Type" computerName="MOREY01" duration="00:00:00.0005119" startTime="2012-02-19T14:09:44.6663326-06:00" endTime="2012-02-19T14:09:44.6663326-06:00" testType="13cdc9d9-ddb5-4fa4-a97d-d965ccfc6d4b" outcome="Passed" testListId="8c84fa94-04c1-424b-9868-57a2d4851a1d" relativeResultsDirectory="ee77a575-95fc-4ee8-ad0e-9ebe92536264">
    </UnitTestResult>
    <UnitTestResult executionId="d7ff8470-5c4d-48e7-837e-3a190ce3e3fa" testId="823a84a1-9258-525b-3b52-0744eaef2bcb" testName="Register_With_Keyed_Type_Should_Return_Same_Type" computerName="MOREY01" duration="00:00:00.0005820" startTime="2012-02-19T14:09:44.6663326-06:00" endTime="2012-02-19T14:09:44.6663326-06:00" testType="13cdc9d9-ddb5-4fa4-a97d-d965ccfc6d4b" outcome="Passed" testListId="8c84fa94-04c1-424b-9868-57a2d4851a1d" relativeResultsDirectory="d7ff8470-5c4d-48e7-837e-3a190ce3e3fa">
    </UnitTestResult>
    <UnitTestResult executionId="67976540-cc81-41e2-83b4-ba2726e704c1" testId="829e0e51-56fb-222b-05de-51146687a328" testName="ResolveAll_Should_Return_All_Registered_UnNamed_Services" computerName="MOREY01" duration="00:00:00.0005775" startTime="2012-02-19T14:09:44.6663326-06:00" endTime="2012-02-19T14:09:44.6663326-06:00" testType="13cdc9d9-ddb5-4fa4-a97d-d965ccfc6d4b" outcome="Passed" testListId="8c84fa94-04c1-424b-9868-57a2d4851a1d" relativeResultsDirectory="67976540-cc81-41e2-83b4-ba2726e704c1">
    </UnitTestResult>
    <UnitTestResult executionId="6d9d1c64-bfe2-465c-80ae-8a49d3bca42a" testId="82f9945d-d2c4-ca65-e8f9-637c93b0cc84" testName="Register_Generic_With_FactoryMethod_Should_Return_Result_From_Factory" computerName="MOREY01" duration="00:00:00.0105339" startTime="2012-02-19T14:09:44.6663326-06:00" endTime="2012-02-19T14:09:44.6819326-06:00" testType="13cdc9d9-ddb5-4fa4-a97d-d965ccfc6d4b" outcome="Passed" testListId="8c84fa94-04c1-424b-9868-57a2d4851a1d" relativeResultsDirectory="6d9d1c64-bfe2-465c-80ae-8a49d3bca42a">
    </UnitTestResult>
    <UnitTestResult executionId="0d0eae8b-817a-43d7-ad9d-3585c6c9dfca" testId="8454ff2c-c533-0151-2570-26d16a62a8d3" testName="NonGeneric_Asking_For_Invalid_Service_Should_Raise_Exception" computerName="MOREY01" duration="00:00:00.0003788" startTime="2012-02-19T14:09:44.6819326-06:00" endTime="2012-02-19T14:09:44.6819326-06:00" testType="13cdc9d9-ddb5-4fa4-a97d-d965ccfc6d4b" outcome="Passed" testListId="8c84fa94-04c1-424b-9868-57a2d4851a1d" relativeResultsDirectory="0d0eae8b-817a-43d7-ad9d-3585c6c9dfca">
    </UnitTestResult>
    <UnitTestResult executionId="beaef57e-a844-4708-b1b1-55ab2e5f9088" testId="85cc540e-89c9-eb95-3f74-1ef61675698d" testName="HasRegistered" computerName="MOREY01" duration="00:00:00.0012882" startTime="2012-02-19T14:09:44.6819326-06:00" endTime="2012-02-19T14:09:44.6819326-06:00" testType="13cdc9d9-ddb5-4fa4-a97d-d965ccfc6d4b" outcome="Failed" testListId="8c84fa94-04c1-424b-9868-57a2d4851a1d" relativeResultsDirectory="beaef57e-a844-4708-b1b1-55ab2e5f9088">
      <Output>
        <ErrorInfo>
          <Message>Assert.IsTrue failed. </Message>
          <StackTrace>   at System.Abstract.ServiceRegistrarIntegrationTestsBase.HasRegistered() in C:\_APPLICATION\BCLEX-ABSTRACT\TESTS_\System.Abstract.Templates\Abstract+ServiceLocator\ServiceRegistrarIntegrationTestsBase.cs:line 51
</StackTrace>
        </ErrorInfo>
      </Output>
    </UnitTestResult>
    <UnitTestResult executionId="30abf0d0-7b36-4321-bb2d-4ca4885613da" testId="886d9798-8fdf-dacc-f232-104e24f5ea48" testName="Register_Generic_With_FactoryMethod_Should_Return_Result_From_Factory" computerName="MOREY01" duration="00:00:00.0038599" startTime="2012-02-19T14:09:44.6819326-06:00" endTime="2012-02-19T14:09:44.6975326-06:00" testType="13cdc9d9-ddb5-4fa4-a97d-d965ccfc6d4b" outcome="Passed" testListId="8c84fa94-04c1-424b-9868-57a2d4851a1d" relativeResultsDirectory="30abf0d0-7b36-4321-bb2d-4ca4885613da">
    </UnitTestResult>
    <UnitTestResult executionId="a13d3ef9-a3d1-4bda-86e0-ade41cad3d5b" testId="88959326-cfca-16a0-ea17-077101e8d43d" testName="Asking_For_Invalid_Service_Should_Raise_Exception" computerName="MOREY01" duration="00:00:00.0018424" startTime="2012-02-19T14:09:44.6975326-06:00" endTime="2012-02-19T14:09:44.6975326-06:00" testType="13cdc9d9-ddb5-4fa4-a97d-d965ccfc6d4b" outcome="Passed" testListId="8c84fa94-04c1-424b-9868-57a2d4851a1d" relativeResultsDirectory="a13d3ef9-a3d1-4bda-86e0-ade41cad3d5b">
    </UnitTestResult>
    <UnitTestResult executionId="f40f4bf8-1d6d-4bee-bdb0-87d6870af7a7" testId="89c74e18-c992-b859-137d-0c7e439ca23f" testName="Resolve_Should_Return_Valid_Instance" computerName="MOREY01" duration="00:00:00.0001926" startTime="2012-02-19T14:09:44.6975326-06:00" endTime="2012-02-19T14:09:44.6975326-06:00" testType="13cdc9d9-ddb5-4fa4-a97d-d965ccfc6d4b" outcome="Passed" testListId="8c84fa94-04c1-424b-9868-57a2d4851a1d" relativeResultsDirectory="f40f4bf8-1d6d-4bee-bdb0-87d6870af7a7">
    </UnitTestResult>
    <UnitTestResult executionId="98173fa0-7a57-46dd-a435-5302fdd3d1ea" testId="8a7cfd5d-741c-35bc-fede-3f116a72dcc9" testName="ResolveAll_Should_Return_All_Registered_Named_Services" computerName="MOREY01" duration="00:00:00.0010354" startTime="2012-02-19T14:09:44.6975326-06:00" endTime="2012-02-19T14:09:44.6975326-06:00" testType="13cdc9d9-ddb5-4fa4-a97d-d965ccfc6d4b" outcome="Passed" testListId="8c84fa94-04c1-424b-9868-57a2d4851a1d" relativeResultsDirectory="98173fa0-7a57-46dd-a435-5302fdd3d1ea">
    </UnitTestResult>
    <UnitTestResult executionId="4d996dbf-483b-421f-ac27-381d84078081" testId="8b6235dd-beb2-ee77-c5eb-5ec7712da185" testName="GetRegistrationsFor" computerName="MOREY01" duration="00:00:00.0097429" startTime="2012-02-19T14:09:44.6975326-06:00" endTime="2012-02-19T14:09:44.7131327-06:00" testType="13cdc9d9-ddb5-4fa4-a97d-d965ccfc6d4b" outcome="Failed" testListId="8c84fa94-04c1-424b-9868-57a2d4851a1d" relativeResultsDirectory="4d996dbf-483b-421f-ac27-381d84078081">
      <Output>
        <ErrorInfo>
          <Message>Assert.IsTrue failed. </Message>
          <StackTrace>   at System.Abstract.ServiceRegistrarIntegrationTestsBase.GetRegistrationsFor() in C:\_APPLICATION\BCLEX-ABSTRACT\TESTS_\System.Abstract.Templates\Abstract+ServiceLocator\ServiceRegistrarIntegrationTestsBase.cs:line 61
</StackTrace>
        </ErrorInfo>
      </Output>
    </UnitTestResult>
    <UnitTestResult executionId="256c72cd-cfb9-4b2a-9758-77c78a104b5c" testId="8fecd55f-b11e-0cb0-7513-0756f2adff38" testName="ResolveAll_Should_Return_All_Registered_UnNamed_Services" computerName="MOREY01" duration="00:00:00.0007570" startTime="2012-02-19T14:09:44.7131327-06:00" endTime="2012-02-19T14:09:44.7131327-06:00" testType="13cdc9d9-ddb5-4fa4-a97d-d965ccfc6d4b" outcome="Passed" testListId="8c84fa94-04c1-424b-9868-57a2d4851a1d" relativeResultsDirectory="256c72cd-cfb9-4b2a-9758-77c78a104b5c">
    </UnitTestResult>
    <UnitTestResult executionId="0392cb53-b8fc-4551-b0a5-8c0b4c9e2c0e" testId="908538ab-071e-9125-2e28-d034e185092d" testName="GenericAndNonGeneric_ResolveAll_Should_Return_Same_Instace_Types" computerName="MOREY01" duration="00:00:00.0007132" startTime="2012-02-19T14:09:44.7131327-06:00" endTime="2012-02-19T14:09:44.7131327-06:00" testType="13cdc9d9-ddb5-4fa4-a97d-d965ccfc6d4b" outcome="Passed" testListId="8c84fa94-04c1-424b-9868-57a2d4851a1d" relativeResultsDirectory="0392cb53-b8fc-4551-b0a5-8c0b4c9e2c0e">
    </UnitTestResult>
    <UnitTestResult executionId="27100c80-25a4-4ef5-9ba4-389bbfa55387" testId="944fd5f3-88a7-e6df-9e64-cc2618682587" testName="Resolve_With_No_Dependency" computerName="MOREY01" duration="00:00:00.0006057" startTime="2012-02-19T14:09:44.7131327-06:00" endTime="2012-02-19T14:09:44.7131327-06:00" testType="13cdc9d9-ddb5-4fa4-a97d-d965ccfc6d4b" outcome="Passed" testListId="8c84fa94-04c1-424b-9868-57a2d4851a1d" relativeResultsDirectory="27100c80-25a4-4ef5-9ba4-389bbfa55387">
    </UnitTestResult>
    <UnitTestResult executionId="8a133f45-4b0b-4eb5-82ac-0ccd3e1f7b98" testId="950bea4a-7d5d-80be-f6c9-e3c5d65fa8a2" testName="Register_With_FactoryMethod_Should_Return_Result_From_Factory" computerName="MOREY01" duration="00:00:00.0008770" startTime="2012-02-19T14:09:44.7131327-06:00" endTime="2012-02-19T14:09:44.7287327-06:00" testType="13cdc9d9-ddb5-4fa4-a97d-d965ccfc6d4b" outcome="Passed" testListId="8c84fa94-04c1-424b-9868-57a2d4851a1d" relativeResultsDirectory="8a133f45-4b0b-4eb5-82ac-0ccd3e1f7b98">
    </UnitTestResult>
    <UnitTestResult executionId="d0ff8e02-36e0-4ca8-8b6b-f7bb74592fec" testId="9ace4fb3-3a0c-e385-e948-c7d131017e1a" testName="NonGeneric_Ask_For_Unknown_Service_Should_Throw_Exception" computerName="MOREY01" duration="00:00:00.0002707" startTime="2012-02-19T14:09:44.7287327-06:00" endTime="2012-02-19T14:09:44.7287327-06:00" testType="13cdc9d9-ddb5-4fa4-a97d-d965ccfc6d4b" outcome="Passed" testListId="8c84fa94-04c1-424b-9868-57a2d4851a1d" relativeResultsDirectory="d0ff8e02-36e0-4ca8-8b6b-f7bb74592fec">
    </UnitTestResult>
    <UnitTestResult executionId="959fed9e-9670-4439-9c47-996dba364a08" testId="9b73b71c-7a14-01aa-a9ee-0af64f1d55a2" testName="RegisterInstance_Named_Should_Return_Same_Object" computerName="MOREY01" duration="00:00:00.0005695" startTime="2012-02-19T14:09:44.7287327-06:00" endTime="2012-02-19T14:09:44.7287327-06:00" testType="13cdc9d9-ddb5-4fa4-a97d-d965ccfc6d4b" outcome="Passed" testListId="8c84fa94-04c1-424b-9868-57a2d4851a1d" relativeResultsDirectory="959fed9e-9670-4439-9c47-996dba364a08">
    </UnitTestResult>
    <UnitTestResult executionId="dd9a9084-1cae-4e22-b0df-a756adaeab88" testId="9bda051d-4227-dc04-54b7-c8b50f987143" testName="Register_With_Keyed_Type_Should_Return_Same_Type" computerName="MOREY01" duration="00:00:00.0010105" startTime="2012-02-19T14:09:44.7287327-06:00" endTime="2012-02-19T14:09:44.7287327-06:00" testType="13cdc9d9-ddb5-4fa4-a97d-d965ccfc6d4b" outcome="Passed" testListId="8c84fa94-04c1-424b-9868-57a2d4851a1d" relativeResultsDirectory="dd9a9084-1cae-4e22-b0df-a756adaeab88">
    </UnitTestResult>
    <UnitTestResult executionId="049bb92e-c873-43c8-9df9-56375f58bc7b" testId="9da24687-c03c-b638-b8f7-5cc7a0a1c744" testName="Register_Generic_With_FactoryMethod_Should_Return_Result_From_Factory" computerName="MOREY01" duration="00:00:00.0014700" startTime="2012-02-19T14:09:44.7287327-06:00" endTime="2012-02-19T14:09:44.7287327-06:00" testType="13cdc9d9-ddb5-4fa4-a97d-d965ccfc6d4b" outcome="Passed" testListId="8c84fa94-04c1-424b-9868-57a2d4851a1d" relativeResultsDirectory="049bb92e-c873-43c8-9df9-56375f58bc7b">
    </UnitTestResult>
    <UnitTestResult executionId="e8da285c-413f-49f8-8818-388bb65f33e6" testId="9eff89b9-79d9-18d2-7891-75fc7f852a49" testName="DeploymentEnvironment_ToShortName_Return_ProperValues" computerName="MOREY01" duration="00:00:00.0002566" startTime="2012-02-19T14:09:44.7287327-06:00" endTime="2012-02-19T14:09:44.7287327-06:00" testType="13cdc9d9-ddb5-4fa4-a97d-d965ccfc6d4b" outcome="Passed" testListId="8c84fa94-04c1-424b-9868-57a2d4851a1d" relativeResultsDirectory="e8da285c-413f-49f8-8818-388bb65f33e6">
    </UnitTestResult>
    <UnitTestResult executionId="b9dfbcca-c4fd-44ce-8dc4-4eefe5d0ff80" testId="9fa0f489-9b0b-613b-aed4-560ef023186c" testName="Register_With_FactoryMethod_Should_Return_Result_From_Factory" computerName="MOREY01" duration="00:00:00.0103566" startTime="2012-02-19T14:09:44.7287327-06:00" endTime="2012-02-19T14:09:44.7443327-06:00" testType="13cdc9d9-ddb5-4fa4-a97d-d965ccfc6d4b" outcome="Passed" testListId="8c84fa94-04c1-424b-9868-57a2d4851a1d" relativeResultsDirectory="b9dfbcca-c4fd-44ce-8dc4-4eefe5d0ff80">
    </UnitTestResult>
    <UnitTestResult executionId="fb6312f0-08df-4b6d-8a49-5cd60a750c90" testId="9ffd021c-db76-368a-3dee-2aa506993be9" testName="RegisterInstance_Should_Return_Same_Object_For_Same_Type" computerName="MOREY01" duration="00:00:00.0004291" startTime="2012-02-19T14:09:44.7443327-06:00" endTime="2012-02-19T14:09:44.7443327-06:00" testType="13cdc9d9-ddb5-4fa4-a97d-d965ccfc6d4b" outcome="Passed" testListId="8c84fa94-04c1-424b-9868-57a2d4851a1d" relativeResultsDirectory="fb6312f0-08df-4b6d-8a49-5cd60a750c90">
    </UnitTestResult>
    <UnitTestResult executionId="819343f9-2236-47ac-b4b1-175320beef5b" testId="a134d17c-9aa3-16be-39ed-18c600d8dcf0" testName="ResolveAll_Should_Return_All_Registered_UnNamed_Services" computerName="MOREY01" duration="00:00:00.0003404" startTime="2012-02-19T14:09:44.7443327-06:00" endTime="2012-02-19T14:09:44.7443327-06:00" testType="13cdc9d9-ddb5-4fa4-a97d-d965ccfc6d4b" outcome="Passed" testListId="8c84fa94-04c1-424b-9868-57a2d4851a1d" relativeResultsDirectory="819343f9-2236-47ac-b4b1-175320beef5b">
    </UnitTestResult>
    <UnitTestResult executionId="a45e5b7b-4de5-4143-bd48-b4e735762b77" testId="a363cfa9-09f8-f14b-6e3f-c22ed58317af" testName="New_Throws_On_Null_Location" computerName="MOREY01" duration="00:00:00.0002380" startTime="2012-02-19T14:09:44.7443327-06:00" endTime="2012-02-19T14:09:44.7443327-06:00" testType="13cdc9d9-ddb5-4fa4-a97d-d965ccfc6d4b" outcome="Passed" testListId="8c84fa94-04c1-424b-9868-57a2d4851a1d" relativeResultsDirectory="a45e5b7b-4de5-4143-bd48-b4e735762b77">
    </UnitTestResult>
    <UnitTestResult executionId="ca279dd0-c185-4f05-960e-5717935d463c" testId="a4b87d0b-792b-2369-bea2-dec1e2c06ba5" testName="Asking_For_Invalid_Service_Should_Raise_Exception" computerName="MOREY01" duration="00:00:00.0004099" startTime="2012-02-19T14:09:44.7443327-06:00" endTime="2012-02-19T14:09:44.7599328-06:00" testType="13cdc9d9-ddb5-4fa4-a97d-d965ccfc6d4b" outcome="Passed" testListId="8c84fa94-04c1-424b-9868-57a2d4851a1d" relativeResultsDirectory="ca279dd0-c185-4f05-960e-5717935d463c">
    </UnitTestResult>
    <UnitTestResult executionId="d3636ea9-5b43-41c6-8bb8-53be1b41253a" testId="a4d5b1ec-a10b-b8f9-087f-1bde5d98361c" testName="HasRegistered" computerName="MOREY01" duration="00:00:00.0036561" startTime="2012-02-19T14:09:44.7599328-06:00" endTime="2012-02-19T14:09:44.7599328-06:00" testType="13cdc9d9-ddb5-4fa4-a97d-d965ccfc6d4b" outcome="Failed" testListId="8c84fa94-04c1-424b-9868-57a2d4851a1d" relativeResultsDirectory="d3636ea9-5b43-41c6-8bb8-53be1b41253a">
      <Output>
        <ErrorInfo>
          <Message>Assert.IsTrue failed. </Message>
          <StackTrace>   at System.Abstract.ServiceRegistrarIntegrationTestsBase.HasRegistered() in C:\_APPLICATION\BCLEX-ABSTRACT\TESTS_\System.Abstract.Templates\Abstract+ServiceLocator\ServiceRegistrarIntegrationTestsBase.cs:line 50
</StackTrace>
        </ErrorInfo>
      </Output>
    </UnitTestResult>
    <UnitTestResult executionId="5aedf991-a678-4bb9-9986-bf897f5b598a" testId="a69c92f6-0a1a-f99e-8d19-54e52d39d5c3" testName="RegisterInstance_Generic_Should_Return_Same_Object" computerName="MOREY01" duration="00:00:00.0094440" startTime="2012-02-19T14:09:44.7599328-06:00" endTime="2012-02-19T14:09:44.7755328-06:00" testType="13cdc9d9-ddb5-4fa4-a97d-d965ccfc6d4b" outcome="Passed" testListId="8c84fa94-04c1-424b-9868-57a2d4851a1d" relativeResultsDirectory="5aedf991-a678-4bb9-9986-bf897f5b598a">
    </UnitTestResult>
    <UnitTestResult executionId="e3401a20-e2d3-49f9-92df-edfccff8a599" testId="a6f7a45a-262b-14c5-063a-361adcaad309" testName="RegisterInstance_Generic_Should_Return_Same_Object" computerName="MOREY01" duration="00:00:00.0010325" startTime="2012-02-19T14:09:44.7755328-06:00" endTime="2012-02-19T14:09:44.7755328-06:00" testType="13cdc9d9-ddb5-4fa4-a97d-d965ccfc6d4b" outcome="Passed" testListId="8c84fa94-04c1-424b-9868-57a2d4851a1d" relativeResultsDirectory="e3401a20-e2d3-49f9-92df-edfccff8a599">
    </UnitTestResult>
    <UnitTestResult executionId="fe0fcf76-7775-4c42-9e26-e37724371cfa" testId="a7cbd390-249e-34e8-6828-0a6be1002cc0" testName="Register_Generic_With_FactoryMethod_Should_Return_Result_From_Factory" computerName="MOREY01" duration="00:00:00.0000601" startTime="2012-02-19T14:09:44.7755328-06:00" endTime="2012-02-19T14:09:44.7755328-06:00" testType="13cdc9d9-ddb5-4fa4-a97d-d965ccfc6d4b" outcome="Passed" testListId="8c84fa94-04c1-424b-9868-57a2d4851a1d" relativeResultsDirectory="fe0fcf76-7775-4c42-9e26-e37724371cfa">
    </UnitTestResult>
    <UnitTestResult executionId="d9840733-b805-43be-88e0-7c716af80da0" testId="a8ae53b1-ee34-66e5-140e-f0a97121edff" testName="ResolveAll_Should_Return_All_Registered_Named_Services" computerName="MOREY01" duration="00:00:00.0007308" startTime="2012-02-19T14:09:44.7755328-06:00" endTime="2012-02-19T14:09:44.7755328-06:00" testType="13cdc9d9-ddb5-4fa4-a97d-d965ccfc6d4b" outcome="Passed" testListId="8c84fa94-04c1-424b-9868-57a2d4851a1d" relativeResultsDirectory="d9840733-b805-43be-88e0-7c716af80da0">
    </UnitTestResult>
    <UnitTestResult executionId="d3b1841f-3ac6-4810-8741-008252d84fa1" testId="aa490131-9ba9-32c6-9d19-32a4f8845719" testName="ResolveGeneric_With_ServiceType_And_Name_Returns_Generic" computerName="MOREY01" duration="00:00:00.0016418" startTime="2012-02-19T14:09:44.7755328-06:00" endTime="2012-02-19T14:09:44.7755328-06:00" testType="13cdc9d9-ddb5-4fa4-a97d-d965ccfc6d4b" outcome="Passed" testListId="8c84fa94-04c1-424b-9868-57a2d4851a1d" relativeResultsDirectory="d3b1841f-3ac6-4810-8741-008252d84fa1">
    </UnitTestResult>
    <UnitTestResult executionId="c89aab38-5436-4dfe-b838-ffd666f5faab" testId="aaac95df-c028-0a0b-1942-b4b5b8001506" testName="Resolve_With_Dependency" computerName="MOREY01" duration="00:00:00.0003395" startTime="2012-02-19T14:09:44.7755328-06:00" endTime="2012-02-19T14:09:44.7755328-06:00" testType="13cdc9d9-ddb5-4fa4-a97d-d965ccfc6d4b" outcome="Passed" testListId="8c84fa94-04c1-424b-9868-57a2d4851a1d" relativeResultsDirectory="c89aab38-5436-4dfe-b838-ffd666f5faab">
    </UnitTestResult>
    <UnitTestResult executionId="d8ac575b-5cce-4d28-89a9-a4fdc5df9153" testId="ab0945cb-af92-67aa-8a3d-3ebc43703f48" testName="RegisterInstance_GenericNamed_Should_Return_Same_Object" computerName="MOREY01" duration="00:00:00.0010172" startTime="2012-02-19T14:09:44.7755328-06:00" endTime="2012-02-19T14:09:44.7755328-06:00" testType="13cdc9d9-ddb5-4fa4-a97d-d965ccfc6d4b" outcome="Passed" testListId="8c84fa94-04c1-424b-9868-57a2d4851a1d" relativeResultsDirectory="d8ac575b-5cce-4d28-89a9-a4fdc5df9153">
    </UnitTestResult>
    <UnitTestResult executionId="7d7369f6-f2ed-438a-9f4a-053f99dc2f29" testId="ab520cd4-af39-1fd0-3a5b-de52c5aabba1" testName="NonGeneric_Asking_For_Invalid_Service_Should_Raise_Exception" computerName="MOREY01" duration="00:00:00.0004588" startTime="2012-02-19T14:09:44.7755328-06:00" endTime="2012-02-19T14:09:44.7911328-06:00" testType="13cdc9d9-ddb5-4fa4-a97d-d965ccfc6d4b" outcome="Passed" testListId="8c84fa94-04c1-424b-9868-57a2d4851a1d" relativeResultsDirectory="7d7369f6-f2ed-438a-9f4a-053f99dc2f29">
    </UnitTestResult>
    <UnitTestResult executionId="828cf8f7-56ba-47d6-baff-b2e27920578f" testId="abf0d0e3-385f-7f06-bad6-d3e054a1f2e8" testName="Ask_For_Named_Instance" computerName="MOREY01" duration="00:00:00.0007609" startTime="2012-02-19T14:09:44.7911328-06:00" endTime="2012-02-19T14:09:44.7911328-06:00" testType="13cdc9d9-ddb5-4fa4-a97d-d965ccfc6d4b" outcome="Passed" testListId="8c84fa94-04c1-424b-9868-57a2d4851a1d" relativeResultsDirectory="828cf8f7-56ba-47d6-baff-b2e27920578f">
    </UnitTestResult>
    <UnitTestResult executionId="7208e22f-6e8b-4f5e-bac1-23d72475c235" testId="afb9b8c5-5316-5f78-9e1d-e43f61f5e88f" testName="Resolve_Should_Return_Valid_Instance" computerName="MOREY01" duration="00:00:00.0003295" startTime="2012-02-19T14:09:44.7911328-06:00" endTime="2012-02-19T14:09:44.7911328-06:00" testType="13cdc9d9-ddb5-4fa4-a97d-d965ccfc6d4b" outcome="Passed" testListId="8c84fa94-04c1-424b-9868-57a2d4851a1d" relativeResultsDirectory="7208e22f-6e8b-4f5e-bac1-23d72475c235">
    </UnitTestResult>
    <UnitTestResult executionId="e65c7984-2778-4a40-b30b-a5005eeda1ba" testId="b0211143-f6c2-c777-2ac6-9c4d9dabe1db" testName="Register_With_Specified_Type_Should_Return_Same_Type" computerName="MOREY01" duration="00:00:00.0005689" startTime="2012-02-19T14:09:44.7911328-06:00" endTime="2012-02-19T14:09:44.7911328-06:00" testType="13cdc9d9-ddb5-4fa4-a97d-d965ccfc6d4b" outcome="Passed" testListId="8c84fa94-04c1-424b-9868-57a2d4851a1d" relativeResultsDirectory="e65c7984-2778-4a40-b30b-a5005eeda1ba">
    </UnitTestResult>
    <UnitTestResult executionId="d4e4a8ca-07c9-4de7-b5d5-ce44cb5c6d5b" testId="b0b4cd12-ddb3-be65-e997-5b0d40eef6fb" testName="Create_Instance_With_Type" computerName="MOREY01" duration="00:00:00.0003660" startTime="2012-02-19T14:09:44.7911328-06:00" endTime="2012-02-19T14:09:44.7911328-06:00" testType="13cdc9d9-ddb5-4fa4-a97d-d965ccfc6d4b" outcome="Passed" testListId="8c84fa94-04c1-424b-9868-57a2d4851a1d" relativeResultsDirectory="d4e4a8ca-07c9-4de7-b5d5-ce44cb5c6d5b">
    </UnitTestResult>
    <UnitTestResult executionId="2730829e-77c9-4aa9-ae65-87977bff695f" testId="b23bfb30-1f11-e11b-3ee3-5d79a8a9be64" testName="Register_With_Implementation_Type_Should_Return_Same_Type" computerName="MOREY01" duration="00:00:00.0011337" startTime="2012-02-19T14:09:44.7911328-06:00" endTime="2012-02-19T14:09:44.7911328-06:00" testType="13cdc9d9-ddb5-4fa4-a97d-d965ccfc6d4b" outcome="Failed" testListId="8c84fa94-04c1-424b-9868-57a2d4851a1d" relativeResultsDirectory="2730829e-77c9-4aa9-ae65-87977bff695f">
      <Output>
        <ErrorInfo>
          <Message>Assert.AreEqual failed. Expected:&lt;System.Abstract.Fakes.TestNamedService&gt;. Actual:&lt;System.Abstract.Fakes.TestService&gt;. </Message>
          <StackTrace>   at System.Abstract.ServiceRegistrarIntegrationTestsBase.Register_With_Implementation_Type_Should_Return_Same_Type() in C:\_APPLICATION\BCLEX-ABSTRACT\TESTS_\System.Abstract.Templates\Abstract+ServiceLocator\ServiceRegistrarIntegrationTestsBase.cs:line 99
</StackTrace>
        </ErrorInfo>
      </Output>
    </UnitTestResult>
    <UnitTestResult executionId="2c47bc64-55a2-4347-933d-a674c30ccebb" testId="b276c9b3-95a4-fbd1-2214-dd1878513d73" testName="RegisterInstance_GenericNamed_Should_Return_Same_Object" computerName="MOREY01" duration="00:00:00.0006511" startTime="2012-02-19T14:09:44.7911328-06:00" endTime="2012-02-19T14:09:44.7911328-06:00" testType="13cdc9d9-ddb5-4fa4-a97d-d965ccfc6d4b" outcome="Passed" testListId="8c84fa94-04c1-424b-9868-57a2d4851a1d" relativeResultsDirectory="2c47bc64-55a2-4347-933d-a674c30ccebb">
    </UnitTestResult>
    <UnitTestResult executionId="195691f6-e715-47e5-b32c-4a8a733c1882" testId="b2932a4a-7e4a-b619-d713-4db090b000c6" testName="Register_Generic_With_FactoryMethod_Should_Return_Result_From_Factory" computerName="MOREY01" duration="00:00:00.0022562" startTime="2012-02-19T14:09:44.7911328-06:00" endTime="2012-02-19T14:09:44.8067328-06:00" testType="13cdc9d9-ddb5-4fa4-a97d-d965ccfc6d4b" outcome="Passed" testListId="8c84fa94-04c1-424b-9868-57a2d4851a1d" relativeResultsDirectory="195691f6-e715-47e5-b32c-4a8a733c1882">
    </UnitTestResult>
    <UnitTestResult executionId="1780335e-1c66-4569-9f8a-341419bc3fd8" testId="b31543f8-67be-8550-4237-cfdfee85a5ef" testName="Register_With_FactoryMethod_Should_Return_Result_From_Factory" computerName="MOREY01" duration="00:00:00.0000611" startTime="2012-02-19T14:09:44.8067328-06:00" endTime="2012-02-19T14:09:44.8067328-06:00" testType="13cdc9d9-ddb5-4fa4-a97d-d965ccfc6d4b" outcome="Passed" testListId="8c84fa94-04c1-424b-9868-57a2d4851a1d" relativeResultsDirectory="1780335e-1c66-4569-9f8a-341419bc3fd8">
    </UnitTestResult>
    <UnitTestResult executionId="6aa0d4a2-dbac-4896-9df4-dea3dd631cec" testId="b358797d-158c-557f-e7c4-0ea951472583" testName="RegisterInstance_GenericNamed_Should_Return_Same_Object" computerName="MOREY01" duration="00:00:00.0007801" startTime="2012-02-19T14:09:44.8067328-06:00" endTime="2012-02-19T14:09:44.8067328-06:00" testType="13cdc9d9-ddb5-4fa4-a97d-d965ccfc6d4b" outcome="Passed" testListId="8c84fa94-04c1-424b-9868-57a2d4851a1d" relativeResultsDirectory="6aa0d4a2-dbac-4896-9df4-dea3dd631cec">
    </UnitTestResult>
    <UnitTestResult executionId="7f7f1f7b-8317-4cbc-9db2-078b8a86ae23" testId="b35eb057-97c5-47fb-35b3-cdb3d9a05671" testName="Asking_For_Invalid_Service_Should_Raise_Exception" computerName="MOREY01" duration="00:00:00.0007958" startTime="2012-02-19T14:09:44.8067328-06:00" endTime="2012-02-19T14:09:44.8067328-06:00" testType="13cdc9d9-ddb5-4fa4-a97d-d965ccfc6d4b" outcome="Passed" testListId="8c84fa94-04c1-424b-9868-57a2d4851a1d" relativeResultsDirectory="7f7f1f7b-8317-4cbc-9db2-078b8a86ae23">
    </UnitTestResult>
    <UnitTestResult executionId="c9aa070d-f2d3-4323-987b-3f8c76ce5342" testId="b40563fe-0ba5-73cc-8fa8-0d3ccfa0311a" testName="RegisterInstance_GenericNamed_Should_Return_Same_Object" computerName="MOREY01" duration="00:00:00.0009618" startTime="2012-02-19T14:09:44.8067328-06:00" endTime="2012-02-19T14:09:44.8067328-06:00" testType="13cdc9d9-ddb5-4fa4-a97d-d965ccfc6d4b" outcome="Passed" testListId="8c84fa94-04c1-424b-9868-57a2d4851a1d" relativeResultsDirectory="c9aa070d-f2d3-4323-987b-3f8c76ce5342">
    </UnitTestResult>
    <UnitTestResult executionId="a43c39ea-9e81-4f3a-a44f-54342fec230d" testId="b4f4bad7-f156-6b52-133c-3c1ffe7622f7" testName="GenericAndNonGeneric_ResolveAll_Should_Return_Same_Instace_Types" computerName="MOREY01" duration="00:00:00.0005727" startTime="2012-02-19T14:09:44.8067328-06:00" endTime="2012-02-19T14:09:44.8067328-06:00" testType="13cdc9d9-ddb5-4fa4-a97d-d965ccfc6d4b" outcome="Passed" testListId="8c84fa94-04c1-424b-9868-57a2d4851a1d" relativeResultsDirectory="a43c39ea-9e81-4f3a-a44f-54342fec230d">
    </UnitTestResult>
    <UnitTestResult executionId="2bc5d7e1-e517-4386-845c-32b88e7faa7e" testId="b51413fd-5ff7-85f1-7a1a-e27e82fd8c73" testName="GetRegistrationsFor" computerName="MOREY01" duration="00:00:00.0048929" startTime="2012-02-19T14:09:44.8067328-06:00" endTime="2012-02-19T14:09:44.8223329-06:00" testType="13cdc9d9-ddb5-4fa4-a97d-d965ccfc6d4b" outcome="Failed" testListId="8c84fa94-04c1-424b-9868-57a2d4851a1d" relativeResultsDirectory="2bc5d7e1-e517-4386-845c-32b88e7faa7e">
      <Output>
        <ErrorInfo>
          <Message>Assert.IsTrue failed. </Message>
          <StackTrace>   at System.Abstract.ServiceRegistrarIntegrationTestsBase.GetRegistrationsFor() in C:\_APPLICATION\BCLEX-ABSTRACT\TESTS_\System.Abstract.Templates\Abstract+ServiceLocator\ServiceRegistrarIntegrationTestsBase.cs:line 61
</StackTrace>
        </ErrorInfo>
      </Output>
    </UnitTestResult>
    <UnitTestResult executionId="63390fda-3e8b-4afe-bdab-f00609f7b86c" testId="bb291992-dd21-e39f-41e6-7803aede9d15" testName="NonGeneric_Asking_For_Invalid_Service_Should_Raise_Exception" computerName="MOREY01" duration="00:00:00.0016709" startTime="2012-02-19T14:09:44.8223329-06:00" endTime="2012-02-19T14:09:44.8223329-06:00" testType="13cdc9d9-ddb5-4fa4-a97d-d965ccfc6d4b" outcome="Passed" testListId="8c84fa94-04c1-424b-9868-57a2d4851a1d" relativeResultsDirectory="63390fda-3e8b-4afe-bdab-f00609f7b86c">
    </UnitTestResult>
    <UnitTestResult executionId="16fa1ad5-c9eb-4c09-ad4f-b7dcae8eece6" testId="bb41e82d-c1e6-aff1-d65b-08f5ccb111d0" testName="RegisterInstance_Should_Return_Same_Object_For_Same_Type" computerName="MOREY01" duration="00:00:00.0003740" startTime="2012-02-19T14:09:44.8223329-06:00" endTime="2012-02-19T14:09:44.8223329-06:00" testType="13cdc9d9-ddb5-4fa4-a97d-d965ccfc6d4b" outcome="Passed" testListId="8c84fa94-04c1-424b-9868-57a2d4851a1d" relativeResultsDirectory="16fa1ad5-c9eb-4c09-ad4f-b7dcae8eece6">
    </UnitTestResult>
    <UnitTestResult executionId="a229d237-7538-45c3-a9af-873c615184a3" testId="bba98a51-cd80-c505-ebb4-e0b70e3d2991" testName="ResolveAll_For_Unknown_Type_Should_Return_Empty_Enumerable" computerName="MOREY01" duration="00:00:00.0133011" startTime="2012-02-19T14:09:44.8223329-06:00" endTime="2012-02-19T14:09:44.8379329-06:00" testType="13cdc9d9-ddb5-4fa4-a97d-d965ccfc6d4b" outcome="Passed" testListId="8c84fa94-04c1-424b-9868-57a2d4851a1d" relativeResultsDirectory="a229d237-7538-45c3-a9af-873c615184a3">
    </UnitTestResult>
    <UnitTestResult executionId="3cd27f8f-4513-4498-a832-11e0e06f06e0" testId="bbb35f75-d6db-5574-9cea-412bad9e33be" testName="Asking_For_Invalid_Service_Should_Raise_Exception" computerName="MOREY01" duration="00:00:00.0003231" startTime="2012-02-19T14:09:44.8379329-06:00" endTime="2012-02-19T14:09:44.8379329-06:00" testType="13cdc9d9-ddb5-4fa4-a97d-d965ccfc6d4b" outcome="Passed" testListId="8c84fa94-04c1-424b-9868-57a2d4851a1d" relativeResultsDirectory="3cd27f8f-4513-4498-a832-11e0e06f06e0">
    </UnitTestResult>
    <UnitTestResult executionId="b78d513d-83ee-4267-8d95-94b287a0111e" testId="bc189f77-da93-9b5b-b715-c031d523d053" testName="Register_With_Specified_Service_And_Type_Should_Return_Same_Type" computerName="MOREY01" duration="00:00:00.0001833" startTime="2012-02-19T14:09:44.8379329-06:00" endTime="2012-02-19T14:09:44.8379329-06:00" testType="13cdc9d9-ddb5-4fa4-a97d-d965ccfc6d4b" outcome="Passed" testListId="8c84fa94-04c1-424b-9868-57a2d4851a1d" relativeResultsDirectory="b78d513d-83ee-4267-8d95-94b287a0111e">
    </UnitTestResult>
    <UnitTestResult executionId="2a64bc58-7415-490e-a1ab-54e32553dfec" testId="bc4d2d47-f2c7-b749-ab6f-a317256ebc36" testName="Register_With_FactoryMethod_Should_Return_Result_From_Factory" computerName="MOREY01" duration="00:00:00.0010031" startTime="2012-02-19T14:09:44.8379329-06:00" endTime="2012-02-19T14:09:44.8379329-06:00" testType="13cdc9d9-ddb5-4fa4-a97d-d965ccfc6d4b" outcome="Passed" testListId="8c84fa94-04c1-424b-9868-57a2d4851a1d" relativeResultsDirectory="2a64bc58-7415-490e-a1ab-54e32553dfec">
    </UnitTestResult>
    <UnitTestResult executionId="3654bf66-f94f-417d-a83f-2399c5cd4811" testId="bcfa618c-5db3-c68b-966d-8173cd690688" testName="RegisterInstance_Named_Should_Return_Same_Object" computerName="MOREY01" duration="00:00:00.0000633" startTime="2012-02-19T14:09:44.8379329-06:00" endTime="2012-02-19T14:09:44.8535329-06:00" testType="13cdc9d9-ddb5-4fa4-a97d-d965ccfc6d4b" outcome="Passed" testListId="8c84fa94-04c1-424b-9868-57a2d4851a1d" relativeResultsDirectory="3654bf66-f94f-417d-a83f-2399c5cd4811">
    </UnitTestResult>
    <UnitTestResult executionId="cf35fff4-afca-4ab7-af53-2db9819afd7a" testId="bddaf539-a3c8-dc5d-6940-1a146b859794" testName="RegisterInstance_Should_Return_Same_Object_For_Same_Type" computerName="MOREY01" duration="00:00:00.0010761" startTime="2012-02-19T14:09:44.8535329-06:00" endTime="2012-02-19T14:09:44.8535329-06:00" testType="13cdc9d9-ddb5-4fa4-a97d-d965ccfc6d4b" outcome="Passed" testListId="8c84fa94-04c1-424b-9868-57a2d4851a1d" relativeResultsDirectory="cf35fff4-afca-4ab7-af53-2db9819afd7a">
    </UnitTestResult>
    <UnitTestResult executionId="e147eb43-1901-4f5b-8ef4-1300a3c8ccdd" testId="c0f9e818-5f6f-c0f3-ac57-2e47e06107ab" testName="ResolveAll_For_Unknown_Type_Should_Return_Empty_Enumerable" computerName="MOREY01" duration="00:00:00.0002393" startTime="2012-02-19T14:09:44.8535329-06:00" endTime="2012-02-19T14:09:44.8535329-06:00" testType="13cdc9d9-ddb5-4fa4-a97d-d965ccfc6d4b" outcome="Passed" testListId="8c84fa94-04c1-424b-9868-57a2d4851a1d" relativeResultsDirectory="e147eb43-1901-4f5b-8ef4-1300a3c8ccdd">
    </UnitTestResult>
    <UnitTestResult executionId="95874abd-b814-4c18-b098-193820604a86" testId="c284b2e7-d84a-9b0a-75bd-800aa0ea1627" testName="CreateMessage_Should_Return_Valid_Instance" computerName="MOREY01" duration="00:00:00.0004499" startTime="2012-02-19T14:09:44.8535329-06:00" endTime="2012-02-19T14:09:44.8535329-06:00" testType="13cdc9d9-ddb5-4fa4-a97d-d965ccfc6d4b" outcome="Passed" testListId="8c84fa94-04c1-424b-9868-57a2d4851a1d" relativeResultsDirectory="95874abd-b814-4c18-b098-193820604a86">
    </UnitTestResult>
    <UnitTestResult executionId="aff442fc-ddfd-4ab9-82bb-fd90d30f0d33" testId="c35b63ae-3904-7592-372b-f8efc11650bc" testName="Register_With_Specified_Service_Should_Return_Same_Type" computerName="MOREY01" duration="00:00:00.0002527" startTime="2012-02-19T14:09:44.8535329-06:00" endTime="2012-02-19T14:09:44.8535329-06:00" testType="13cdc9d9-ddb5-4fa4-a97d-d965ccfc6d4b" outcome="Passed" testListId="8c84fa94-04c1-424b-9868-57a2d4851a1d" relativeResultsDirectory="aff442fc-ddfd-4ab9-82bb-fd90d30f0d33">
    </UnitTestResult>
    <UnitTestResult executionId="87acd97a-534b-4000-b4c7-76dd90104c63" testId="c4ac621a-4393-ad71-5016-9562ad826d75" testName="RegisterInstance_Should_Return_Same_Object_For_Same_Type" computerName="MOREY01" duration="00:00:00.0006802" startTime="2012-02-19T14:09:44.8535329-06:00" endTime="2012-02-19T14:09:44.8535329-06:00" testType="13cdc9d9-ddb5-4fa4-a97d-d965ccfc6d4b" outcome="Passed" testListId="8c84fa94-04c1-424b-9868-57a2d4851a1d" relativeResultsDirectory="87acd97a-534b-4000-b4c7-76dd90104c63">
    </UnitTestResult>
    <UnitTestResult executionId="1d7dc56c-e324-4342-8250-0448f20e502d" testId="c523b861-37a8-021b-3143-ced4575ada07" testName="Null_Provider_Throws_InvalidOperation_Exception" computerName="MOREY01" duration="00:00:00.0004966" startTime="2012-02-19T14:09:44.8535329-06:00" endTime="2012-02-19T14:09:44.8535329-06:00" testType="13cdc9d9-ddb5-4fa4-a97d-d965ccfc6d4b" outcome="Passed" testListId="8c84fa94-04c1-424b-9868-57a2d4851a1d" relativeResultsDirectory="1d7dc56c-e324-4342-8250-0448f20e502d">
    </UnitTestResult>
    <UnitTestResult executionId="c5099ab5-aa58-4841-b35c-badc9bf7b590" testId="c5446132-d5e2-ad87-456d-f9c592cf5eb8" testName="Register_With_Keyed_Type_Should_Return_Same_Type" computerName="MOREY01" duration="00:00:00.0002937" startTime="2012-02-19T14:09:44.8535329-06:00" endTime="2012-02-19T14:09:44.8535329-06:00" testType="13cdc9d9-ddb5-4fa4-a97d-d965ccfc6d4b" outcome="Passed" testListId="8c84fa94-04c1-424b-9868-57a2d4851a1d" relativeResultsDirectory="c5099ab5-aa58-4841-b35c-badc9bf7b590">
    </UnitTestResult>
    <UnitTestResult executionId="76df43ac-792c-49c3-bcfc-d61d803e922c" testId="c6488862-0cf8-86d7-2820-42fa8197c679" testName="RegisterInstance_Generic_Should_Return_Same_Object" computerName="MOREY01" duration="00:00:00.0002620" startTime="2012-02-19T14:09:44.8535329-06:00" endTime="2012-02-19T14:09:44.8691329-06:00" testType="13cdc9d9-ddb5-4fa4-a97d-d965ccfc6d4b" outcome="Passed" testListId="8c84fa94-04c1-424b-9868-57a2d4851a1d" relativeResultsDirectory="76df43ac-792c-49c3-bcfc-d61d803e922c">
    </UnitTestResult>
    <UnitTestResult executionId="239232fa-d177-4893-a805-07f1ca19cac1" testId="c7eaa871-a500-c7b1-dabf-5305ff7d4812" testName="RegisterInstance_Should_Return_Same_Object_For_Same_Type" computerName="MOREY01" duration="00:00:00.0000598" startTime="2012-02-19T14:09:44.8691329-06:00" endTime="2012-02-19T14:09:44.8691329-06:00" testType="13cdc9d9-ddb5-4fa4-a97d-d965ccfc6d4b" outcome="Passed" testListId="8c84fa94-04c1-424b-9868-57a2d4851a1d" relativeResultsDirectory="239232fa-d177-4893-a805-07f1ca19cac1">
    </UnitTestResult>
    <UnitTestResult executionId="7aed91cb-45a9-4ead-8d1e-549bf33d4c3e" testId="c874ff42-af85-e58c-6ec5-625dccc6e089" testName="NonGeneric_Asking_For_Invalid_Service_Should_Raise_Exception" computerName="MOREY01" duration="00:00:00.0003199" startTime="2012-02-19T14:09:44.8691329-06:00" endTime="2012-02-19T14:09:44.8691329-06:00" testType="13cdc9d9-ddb5-4fa4-a97d-d965ccfc6d4b" outcome="Passed" testListId="8c84fa94-04c1-424b-9868-57a2d4851a1d" relativeResultsDirectory="7aed91cb-45a9-4ead-8d1e-549bf33d4c3e">
    </UnitTestResult>
    <UnitTestResult executionId="03d372a1-f201-4679-8467-45b0e36c3654" testId="cb74064c-6dcf-3c22-a032-db937e56ba2f" testName="NonGeneric_Ask_For_Unknown_Service_Should_Throw_Exception" computerName="MOREY01" duration="00:00:00.0007836" startTime="2012-02-19T14:09:44.8691329-06:00" endTime="2012-02-19T14:09:44.8691329-06:00" testType="13cdc9d9-ddb5-4fa4-a97d-d965ccfc6d4b" outcome="Passed" testListId="8c84fa94-04c1-424b-9868-57a2d4851a1d" relativeResultsDirectory="03d372a1-f201-4679-8467-45b0e36c3654">
    </UnitTestResult>
    <UnitTestResult executionId="38973167-32b5-493b-9d8d-9bea4599d153" testId="cbd98621-1798-4b5a-f684-3e20f7694b69" testName="RegisterInstance_Named_Should_Return_Same_Object" computerName="MOREY01" duration="00:00:00.0004278" startTime="2012-02-19T14:09:44.8691329-06:00" endTime="2012-02-19T14:09:44.8691329-06:00" testType="13cdc9d9-ddb5-4fa4-a97d-d965ccfc6d4b" outcome="Passed" testListId="8c84fa94-04c1-424b-9868-57a2d4851a1d" relativeResultsDirectory="38973167-32b5-493b-9d8d-9bea4599d153">
    </UnitTestResult>
    <UnitTestResult executionId="301145c8-76ab-4465-9a5d-70f5960d948c" testId="cca7341c-4a74-6556-bebd-7c19778b2ba4" testName="RegisterInstance_Named_Should_Return_Same_Object" computerName="MOREY01" duration="00:00:00.0100514" startTime="2012-02-19T14:09:44.8691329-06:00" endTime="2012-02-19T14:09:44.8847330-06:00" testType="13cdc9d9-ddb5-4fa4-a97d-d965ccfc6d4b" outcome="Passed" testListId="8c84fa94-04c1-424b-9868-57a2d4851a1d" relativeResultsDirectory="301145c8-76ab-4465-9a5d-70f5960d948c">
    </UnitTestResult>
    <UnitTestResult executionId="3f6c187c-0bb4-49c8-8997-42d364afb056" testId="cd85b973-4bf6-bb94-d052-1c9e022b1345" testName="Register_With_Keyed_Type_Should_Return_Same_Type" computerName="MOREY01" duration="00:00:00.0005762" startTime="2012-02-19T14:09:44.8847330-06:00" endTime="2012-02-19T14:09:44.8847330-06:00" testType="13cdc9d9-ddb5-4fa4-a97d-d965ccfc6d4b" outcome="Passed" testListId="8c84fa94-04c1-424b-9868-57a2d4851a1d" relativeResultsDirectory="3f6c187c-0bb4-49c8-8997-42d364afb056">
    </UnitTestResult>
    <UnitTestResult executionId="9667ff29-9ad5-4aaf-866a-efdecb5b3c2e" testId="cf473140-1215-1c85-8aeb-6d550f1ecc91" testName="RegisterInstance_Named_Should_Return_Same_Object" computerName="MOREY01" duration="00:00:00.0009890" startTime="2012-02-19T14:09:44.8847330-06:00" endTime="2012-02-19T14:09:44.9003330-06:00" testType="13cdc9d9-ddb5-4fa4-a97d-d965ccfc6d4b" outcome="Passed" testListId="8c84fa94-04c1-424b-9868-57a2d4851a1d" relativeResultsDirectory="9667ff29-9ad5-4aaf-866a-efdecb5b3c2e">
    </UnitTestResult>
    <UnitTestResult executionId="6d564e27-6d8c-463c-ba99-709a2d313494" testId="cf8a79b9-b4f0-06bb-feb0-eb8aeabf20bf" testName="Register_With_Specified_Type_Should_Return_Same_Type" computerName="MOREY01" duration="00:00:00.0003084" startTime="2012-02-19T14:09:44.9003330-06:00" endTime="2012-02-19T14:09:44.9003330-06:00" testType="13cdc9d9-ddb5-4fa4-a97d-d965ccfc6d4b" outcome="Passed" testListId="8c84fa94-04c1-424b-9868-57a2d4851a1d" relativeResultsDirectory="6d564e27-6d8c-463c-ba99-709a2d313494">
    </UnitTestResult>
    <UnitTestResult executionId="6cd1fd6d-8b57-439d-95fb-ce6238e26b0c" testId="d161f377-6676-5aa8-8ebf-4add232b1d82" testName="Register_With_Keyed_Type_Should_Return_Same_Type" computerName="MOREY01" duration="00:00:00.0089906" startTime="2012-02-19T14:09:44.9003330-06:00" endTime="2012-02-19T14:09:44.9003330-06:00" testType="13cdc9d9-ddb5-4fa4-a97d-d965ccfc6d4b" outcome="Passed" testListId="8c84fa94-04c1-424b-9868-57a2d4851a1d" relativeResultsDirectory="6cd1fd6d-8b57-439d-95fb-ce6238e26b0c">
    </UnitTestResult>
    <UnitTestResult executionId="de3d8ade-f634-44ee-aeb6-892444d57c33" testId="d25c0416-8dab-65b8-5b9a-f02e9e1a36d0" testName="Prepend_Should_Be_Called" computerName="MOREY01" duration="00:00:00.0039239" startTime="2012-02-19T14:09:44.9003330-06:00" endTime="2012-02-19T14:09:44.9159330-06:00" testType="13cdc9d9-ddb5-4fa4-a97d-d965ccfc6d4b" outcome="Passed" testListId="8c84fa94-04c1-424b-9868-57a2d4851a1d" relativeResultsDirectory="de3d8ade-f634-44ee-aeb6-892444d57c33">
    </UnitTestResult>
    <UnitTestResult executionId="21cf9b56-5a06-435b-94c3-c8a32c3469fa" testId="d331360b-17dc-7741-9349-b71b90be8e31" testName="ResolveAll_For_Unknown_Type_Should_Return_Empty_Enumerable" computerName="MOREY01" duration="00:00:00.0004684" startTime="2012-02-19T14:09:44.9159330-06:00" endTime="2012-02-19T14:09:44.9159330-06:00" testType="13cdc9d9-ddb5-4fa4-a97d-d965ccfc6d4b" outcome="Passed" testListId="8c84fa94-04c1-424b-9868-57a2d4851a1d" relativeResultsDirectory="21cf9b56-5a06-435b-94c3-c8a32c3469fa">
    </UnitTestResult>
    <UnitTestResult executionId="e2f89623-62d8-4976-9349-5360392a2eba" testId="d527c682-1afd-d241-174b-2da5227a8d87" testName="HasRegistered" computerName="MOREY01" duration="00:00:00.0012530" startTime="2012-02-19T14:09:44.9159330-06:00" endTime="2012-02-19T14:09:44.9159330-06:00" testType="13cdc9d9-ddb5-4fa4-a97d-d965ccfc6d4b" outcome="Failed" testListId="8c84fa94-04c1-424b-9868-57a2d4851a1d" relativeResultsDirectory="e2f89623-62d8-4976-9349-5360392a2eba">
      <Output>
        <ErrorInfo>
          <Message>Assert.IsTrue failed. </Message>
          <StackTrace>   at System.Abstract.ServiceRegistrarIntegrationTestsBase.HasRegistered() in C:\_APPLICATION\BCLEX-ABSTRACT\TESTS_\System.Abstract.Templates\Abstract+ServiceLocator\ServiceRegistrarIntegrationTestsBase.cs:line 51
</StackTrace>
        </ErrorInfo>
      </Output>
    </UnitTestResult>
    <UnitTestResult executionId="3503b451-424a-4e83-a248-05424186075c" testId="d590ae52-0ebc-a9c3-3010-98f606f16d93" testName="XXX" computerName="MOREY01" duration="00:00:00.0001020" startTime="2012-02-19T14:09:44.9159330-06:00" endTime="2012-02-19T14:09:44.9159330-06:00" testType="13cdc9d9-ddb5-4fa4-a97d-d965ccfc6d4b" outcome="Passed" testListId="8c84fa94-04c1-424b-9868-57a2d4851a1d" relativeResultsDirectory="3503b451-424a-4e83-a248-05424186075c">
    </UnitTestResult>
    <UnitTestResult executionId="e54cbb09-3bc3-499d-a4b1-ce2226488521" testId="d6960729-ce5b-6ddd-fe43-3ca7d70e8e7b" testName="Register_With_Specified_Type_Should_Return_Same_Type" computerName="MOREY01" duration="00:00:00.0007919" startTime="2012-02-19T14:09:44.9159330-06:00" endTime="2012-02-19T14:09:44.9159330-06:00" testType="13cdc9d9-ddb5-4fa4-a97d-d965ccfc6d4b" outcome="Passed" testListId="8c84fa94-04c1-424b-9868-57a2d4851a1d" relativeResultsDirectory="e54cbb09-3bc3-499d-a4b1-ce2226488521">
    </UnitTestResult>
    <UnitTestResult executionId="3f4e3e1a-b766-4297-a9e4-b6ec872524eb" testId="d72f6c27-9e91-fb9b-f68c-be6fc4dfeff3" testName="Register_With_FactoryMethod_Should_Return_Result_From_Factory" computerName="MOREY01" duration="00:00:00.0011225" startTime="2012-02-19T14:09:44.9159330-06:00" endTime="2012-02-19T14:09:44.9159330-06:00" testType="13cdc9d9-ddb5-4fa4-a97d-d965ccfc6d4b" outcome="Passed" testListId="8c84fa94-04c1-424b-9868-57a2d4851a1d" relativeResultsDirectory="3f4e3e1a-b766-4297-a9e4-b6ec872524eb">
    </UnitTestResult>
    <UnitTestResult executionId="1fbe8d21-0dcb-4212-9d74-aaf92b70841f" testId="db7633ee-f326-0df7-2e4c-97bfe5a20cbc" testName="Resolve_Should_Return_Valid_Instance" computerName="MOREY01" duration="00:00:00.0002915" startTime="2012-02-19T14:09:44.9159330-06:00" endTime="2012-02-19T14:09:44.9315331-06:00" testType="13cdc9d9-ddb5-4fa4-a97d-d965ccfc6d4b" outcome="Passed" testListId="8c84fa94-04c1-424b-9868-57a2d4851a1d" relativeResultsDirectory="1fbe8d21-0dcb-4212-9d74-aaf92b70841f">
    </UnitTestResult>
    <UnitTestResult executionId="09edb36e-a99a-43d1-bae1-416836f08b3a" testId="dc324571-f244-0b4d-d886-87178dee4b78" testName="Create_Instance_With_Type_And_InnerException" computerName="MOREY01" duration="00:00:00.0004399" startTime="2012-02-19T14:09:44.9315331-06:00" endTime="2012-02-19T14:09:44.9315331-06:00" testType="13cdc9d9-ddb5-4fa4-a97d-d965ccfc6d4b" outcome="Passed" testListId="8c84fa94-04c1-424b-9868-57a2d4851a1d" relativeResultsDirectory="09edb36e-a99a-43d1-bae1-416836f08b3a">
    </UnitTestResult>
    <UnitTestResult executionId="69d5221d-7f8d-44dc-af83-59ac55c4b45f" testId="de724669-e2f0-fb91-cbc8-0f722fa2c9dc" testName="SendGeneric_With_StringDestination_And_MessageBuilder_Sends" computerName="MOREY01" duration="00:00:00.0024075" startTime="2012-02-19T14:09:44.9315331-06:00" endTime="2012-02-19T14:09:44.9315331-06:00" testType="13cdc9d9-ddb5-4fa4-a97d-d965ccfc6d4b" outcome="Passed" testListId="8c84fa94-04c1-424b-9868-57a2d4851a1d" relativeResultsDirectory="69d5221d-7f8d-44dc-af83-59ac55c4b45f">
    </UnitTestResult>
    <UnitTestResult executionId="aa07993c-add9-42af-85c6-e4bd6724b4a4" testId="dedf7946-182b-d5a7-fc1c-d231c1e613b3" testName="Ask_For_Unknown_Service_Should_Throw_Exception" computerName="MOREY01" duration="00:00:00.0004508" startTime="2012-02-19T14:09:44.9315331-06:00" endTime="2012-02-19T14:09:44.9315331-06:00" testType="13cdc9d9-ddb5-4fa4-a97d-d965ccfc6d4b" outcome="Passed" testListId="8c84fa94-04c1-424b-9868-57a2d4851a1d" relativeResultsDirectory="aa07993c-add9-42af-85c6-e4bd6724b4a4">
    </UnitTestResult>
    <UnitTestResult executionId="38b36eb7-96c0-4445-bd0f-3ac04385225d" testId="df1d9981-fb55-c102-789b-220ed7100e6d" testName="RegisterInstance_Should_Return_Same_Object" computerName="MOREY01" duration="00:00:00.0004131" startTime="2012-02-19T14:09:44.9315331-06:00" endTime="2012-02-19T14:09:44.9315331-06:00" testType="13cdc9d9-ddb5-4fa4-a97d-d965ccfc6d4b" outcome="Passed" testListId="8c84fa94-04c1-424b-9868-57a2d4851a1d" relativeResultsDirectory="38b36eb7-96c0-4445-bd0f-3ac04385225d">
    </UnitTestResult>
    <UnitTestResult executionId="ebfe405a-71d9-401e-b521-00487b5bb6b0" testId="e1ee1967-3853-2d1e-d5de-b9a20e943b23" testName="NonGeneric_Ask_For_Unknown_Service_Should_Throw_Exception" computerName="MOREY01" duration="00:00:00.0003651" startTime="2012-02-19T14:09:44.9315331-06:00" endTime="2012-02-19T14:09:44.9315331-06:00" testType="13cdc9d9-ddb5-4fa4-a97d-d965ccfc6d4b" outcome="Passed" testListId="8c84fa94-04c1-424b-9868-57a2d4851a1d" relativeResultsDirectory="ebfe405a-71d9-401e-b521-00487b5bb6b0">
    </UnitTestResult>
    <UnitTestResult executionId="8dd29b5a-866a-4c82-befa-143a66acddc9" testId="e3635184-5e63-a8cd-60a8-93807cba961e" testName="Send_With_StringDestination_And_Message_Sends" computerName="MOREY01" duration="00:00:00.0011842" startTime="2012-02-19T14:09:44.9315331-06:00" endTime="2012-02-19T14:09:44.9315331-06:00" testType="13cdc9d9-ddb5-4fa4-a97d-d965ccfc6d4b" outcome="Passed" testListId="8c84fa94-04c1-424b-9868-57a2d4851a1d" relativeResultsDirectory="8dd29b5a-866a-4c82-befa-143a66acddc9">
    </UnitTestResult>
    <UnitTestResult executionId="2c182ee0-8eaf-4ec3-87f0-3ac84a1e2798" testId="e6c802ed-9c66-bf06-dc3e-369347c8b9d0" testName="Register_With_Specified_Service_Should_Return_Same_Type" computerName="MOREY01" duration="00:00:00.0089660" startTime="2012-02-19T14:09:44.9471331-06:00" endTime="2012-02-19T14:09:44.9471331-06:00" testType="13cdc9d9-ddb5-4fa4-a97d-d965ccfc6d4b" outcome="Passed" testListId="8c84fa94-04c1-424b-9868-57a2d4851a1d" relativeResultsDirectory="2c182ee0-8eaf-4ec3-87f0-3ac84a1e2798">
    </UnitTestResult>
    <UnitTestResult executionId="ea7240bc-001f-446f-8277-735afcadc088" testId="e7046dae-84ae-4a12-58ce-24b566dde2bd" testName="RegisterInstance_Named_Should_Return_Same_Object" computerName="MOREY01" duration="00:00:00.0007730" startTime="2012-02-19T14:09:44.9471331-06:00" endTime="2012-02-19T14:09:44.9471331-06:00" testType="13cdc9d9-ddb5-4fa4-a97d-d965ccfc6d4b" outcome="Passed" testListId="8c84fa94-04c1-424b-9868-57a2d4851a1d" relativeResultsDirectory="ea7240bc-001f-446f-8277-735afcadc088">
    </UnitTestResult>
    <UnitTestResult executionId="b9fd7cd2-2ad0-429d-ad78-52961ca307b3" testId="e76f8fb0-2af9-acd9-48cd-2502c67103b9" testName="GetRegistrationsFor" computerName="MOREY01" duration="00:00:00.0042529" startTime="2012-02-19T14:09:44.9471331-06:00" endTime="2012-02-19T14:09:44.9627331-06:00" testType="13cdc9d9-ddb5-4fa4-a97d-d965ccfc6d4b" outcome="Failed" testListId="8c84fa94-04c1-424b-9868-57a2d4851a1d" relativeResultsDirectory="b9fd7cd2-2ad0-429d-ad78-52961ca307b3">
      <Output>
        <ErrorInfo>
          <Message>Assert.IsTrue failed. </Message>
          <StackTrace>   at System.Abstract.ServiceRegistrarIntegrationTestsBase.GetRegistrationsFor() in C:\_APPLICATION\BCLEX-ABSTRACT\TESTS_\System.Abstract.Templates\Abstract+ServiceLocator\ServiceRegistrarIntegrationTestsBase.cs:line 61
</StackTrace>
        </ErrorInfo>
      </Output>
    </UnitTestResult>
    <UnitTestResult executionId="91f77550-ddda-4fdf-9e32-9332f9bdb016" testId="e7cb3223-d790-7d2d-a904-c32a7d8256fe" testName="Register_With_Specified_Service_Should_Return_Same_Type" computerName="MOREY01" duration="00:00:00.0003276" startTime="2012-02-19T14:09:44.9627331-06:00" endTime="2012-02-19T14:09:44.9627331-06:00" testType="13cdc9d9-ddb5-4fa4-a97d-d965ccfc6d4b" outcome="Passed" testListId="8c84fa94-04c1-424b-9868-57a2d4851a1d" relativeResultsDirectory="91f77550-ddda-4fdf-9e32-9332f9bdb016">
    </UnitTestResult>
    <UnitTestResult executionId="1ff2d8a7-0372-4c88-b741-63df50c8d0ad" testId="ecccad62-35bd-89d6-2071-f38105a561db" testName="NonGeneric_Ask_For_Unknown_Service_Should_Throw_Exception" computerName="MOREY01" duration="00:00:00.0004537" startTime="2012-02-19T14:09:44.9627331-06:00" endTime="2012-02-19T14:09:44.9627331-06:00" testType="13cdc9d9-ddb5-4fa4-a97d-d965ccfc6d4b" outcome="Passed" testListId="8c84fa94-04c1-424b-9868-57a2d4851a1d" relativeResultsDirectory="1ff2d8a7-0372-4c88-b741-63df50c8d0ad">
    </UnitTestResult>
    <UnitTestResult executionId="5bce3e25-7524-49db-96ff-530acc20dcd8" testId="ed3ecc95-022b-212e-ed2c-4492bb5c7ca5" testName="Append_Should_Be_Called" computerName="MOREY01" duration="00:00:00.0024536" startTime="2012-02-19T14:09:44.9627331-06:00" endTime="2012-02-19T14:09:44.9627331-06:00" testType="13cdc9d9-ddb5-4fa4-a97d-d965ccfc6d4b" outcome="Passed" testListId="8c84fa94-04c1-424b-9868-57a2d4851a1d" relativeResultsDirectory="5bce3e25-7524-49db-96ff-530acc20dcd8">
    </UnitTestResult>
    <UnitTestResult executionId="451d91dc-a647-4606-b34d-1ee95660c60d" testId="ee072aff-cc9a-0c1a-1979-e4de379dc2e1" testName="ResolveAll_Should_Return_All_Registered_Named_Services" computerName="MOREY01" duration="00:00:00.0003747" startTime="2012-02-19T14:09:44.9627331-06:00" endTime="2012-02-19T14:09:44.9627331-06:00" testType="13cdc9d9-ddb5-4fa4-a97d-d965ccfc6d4b" outcome="Passed" testListId="8c84fa94-04c1-424b-9868-57a2d4851a1d" relativeResultsDirectory="451d91dc-a647-4606-b34d-1ee95660c60d">
    </UnitTestResult>
    <UnitTestResult executionId="95f828fd-6673-48ba-9aeb-6d3c5ae35e6c" testId="f0018525-1144-d9f0-4b1c-e385906c693c" testName="RegisterInstance_GenericNamed_Should_Return_Same_Object" computerName="MOREY01" duration="00:00:00.0007202" startTime="2012-02-19T14:09:44.9627331-06:00" endTime="2012-02-19T14:09:44.9627331-06:00" testType="13cdc9d9-ddb5-4fa4-a97d-d965ccfc6d4b" outcome="Passed" testListId="8c84fa94-04c1-424b-9868-57a2d4851a1d" relativeResultsDirectory="95f828fd-6673-48ba-9aeb-6d3c5ae35e6c">
    </UnitTestResult>
    <UnitTestResult executionId="6d8375fa-96a8-46ad-8349-aec75aa72571" testId="f4a47632-d161-7cec-0892-b9d0565e9c36" testName="XXX" computerName="MOREY01" duration="00:00:00.0000966" startTime="2012-02-19T14:09:44.9627331-06:00" endTime="2012-02-19T14:09:44.9783331-06:00" testType="13cdc9d9-ddb5-4fa4-a97d-d965ccfc6d4b" outcome="Passed" testListId="8c84fa94-04c1-424b-9868-57a2d4851a1d" relativeResultsDirectory="6d8375fa-96a8-46ad-8349-aec75aa72571">
    </UnitTestResult>
    <UnitTestResult executionId="51aa5f80-9f1d-444e-86c8-f487bff4f923" testId="f56513c3-be5e-a8db-756c-0af85068a519" testName="Resolve_Should_Return_Valid_Instance" computerName="MOREY01" duration="00:00:00.0129792" startTime="2012-02-19T14:09:44.9783331-06:00" endTime="2012-02-19T14:09:44.9783331-06:00" testType="13cdc9d9-ddb5-4fa4-a97d-d965ccfc6d4b" outcome="Passed" testListId="8c84fa94-04c1-424b-9868-57a2d4851a1d" relativeResultsDirectory="51aa5f80-9f1d-444e-86c8-f487bff4f923">
    </UnitTestResult>
    <UnitTestResult executionId="3527a02a-b306-4485-9d76-a1c3586f1510" testId="f6be99e3-05de-77b5-d77f-abb08c4a35ec" testName="Register_With_Specified_Type_Should_Return_Same_Type" computerName="MOREY01" duration="00:00:00.0003801" startTime="2012-02-19T14:09:44.9939332-06:00" endTime="2012-02-19T14:09:44.9939332-06:00" testType="13cdc9d9-ddb5-4fa4-a97d-d965ccfc6d4b" outcome="Passed" testListId="8c84fa94-04c1-424b-9868-57a2d4851a1d" relativeResultsDirectory="3527a02a-b306-4485-9d76-a1c3586f1510">
    </UnitTestResult>
    <UnitTestResult executionId="06fa693a-a4aa-4bb4-8745-7f47d8f117ee" testId="f7571b4e-994b-3e9f-cd6a-a99f83752134" testName="NonGeneric_Ask_For_Unknown_Service_Should_Throw_Exception" computerName="MOREY01" duration="00:00:00.0003654" startTime="2012-02-19T14:09:44.9939332-06:00" endTime="2012-02-19T14:09:44.9939332-06:00" testType="13cdc9d9-ddb5-4fa4-a97d-d965ccfc6d4b" outcome="Passed" testListId="8c84fa94-04c1-424b-9868-57a2d4851a1d" relativeResultsDirectory="06fa693a-a4aa-4bb4-8745-7f47d8f117ee">
    </UnitTestResult>
    <UnitTestResult executionId="50156bcd-faea-4a87-8e05-26f33a045506" testId="f9308303-2a14-31ae-be06-73da14ba9562" testName="RegisterInstance_Should_Return_Same_Object" computerName="MOREY01" duration="00:00:00.0004214" startTime="2012-02-19T14:09:44.9939332-06:00" endTime="2012-02-19T14:09:44.9939332-06:00" testType="13cdc9d9-ddb5-4fa4-a97d-d965ccfc6d4b" outcome="Passed" testListId="8c84fa94-04c1-424b-9868-57a2d4851a1d" relativeResultsDirectory="50156bcd-faea-4a87-8e05-26f33a045506">
    </UnitTestResult>
    <UnitTestResult executionId="9bf338d5-4b02-469c-918c-6b7aefc6c628" testId="f9d581e6-cb24-921d-ab42-9ef002c55a82" testName="SendGeneric_With_Destination_And_MessageBuilder_Sends" computerName="MOREY01" duration="00:00:00.0022687" startTime="2012-02-19T14:09:44.9939332-06:00" endTime="2012-02-19T14:09:44.9939332-06:00" testType="13cdc9d9-ddb5-4fa4-a97d-d965ccfc6d4b" outcome="Passed" testListId="8c84fa94-04c1-424b-9868-57a2d4851a1d" relativeResultsDirectory="9bf338d5-4b02-469c-918c-6b7aefc6c628">
    </UnitTestResult>
    <UnitTestResult executionId="d5f32be7-315f-4a10-a8d0-5f7fe056e35d" testId="fc06c757-eb14-53da-a269-75735d71c12a" testName="Register_With_Specified_Service_And_Type_Should_Return_Same_Type" computerName="MOREY01" duration="00:00:00.0091100" startTime="2012-02-19T14:09:44.9939332-06:00" endTime="2012-02-19T14:09:45.0095332-06:00" testType="13cdc9d9-ddb5-4fa4-a97d-d965ccfc6d4b" outcome="Passed" testListId="8c84fa94-04c1-424b-9868-57a2d4851a1d" relativeResultsDirectory="d5f32be7-315f-4a10-a8d0-5f7fe056e35d">
    </UnitTestResult>
    <UnitTestResult executionId="bb66f53d-afa8-4b5b-a75f-e2f6f814906d" testId="fe0afec5-90b1-1cd6-dfc9-5dcf60660f1a" testName="GenericAndNonGeneric_Resolve_Method_Should_Return_Same_Instance_Type" computerName="MOREY01" duration="00:00:00.0003359" startTime="2012-02-19T14:09:45.0095332-06:00" endTime="2012-02-19T14:09:45.0095332-06:00" testType="13cdc9d9-ddb5-4fa4-a97d-d965ccfc6d4b" outcome="Passed" testListId="8c84fa94-04c1-424b-9868-57a2d4851a1d" relativeResultsDirectory="bb66f53d-afa8-4b5b-a75f-e2f6f814906d">
    </UnitTestResult>
    <UnitTestResult executionId="5a2781b6-40cb-4c83-bf6a-fe9b20a3dc06" testId="fe721e7c-a48b-7869-2654-9ea83f01833f" testName="Register_With_Specified_Service_And_Type_Should_Return_Same_Type" computerName="MOREY01" duration="00:00:00.0008783" startTime="2012-02-19T14:09:45.0095332-06:00" endTime="2012-02-19T14:09:45.0095332-06:00" testType="13cdc9d9-ddb5-4fa4-a97d-d965ccfc6d4b" outcome="Passed" testListId="8c84fa94-04c1-424b-9868-57a2d4851a1d" relativeResultsDirectory="5a2781b6-40cb-4c83-bf6a-fe9b20a3dc06">
    </UnitTestResult>
    <UnitTestResult executionId="15584675-5587-4c8e-9f36-ee38b04d9929" testId="ff16d665-6fb2-5809-3b00-21874869f3f6" testName="Asking_For_UnRegistered_Service_Return_Valid_Instance" computerName="MOREY01" duration="00:00:00.0002454" startTime="2012-02-19T14:09:45.0095332-06:00" endTime="2012-02-19T14:09:45.0095332-06:00" testType="13cdc9d9-ddb5-4fa4-a97d-d965ccfc6d4b" outcome="Passed" testListId="8c84fa94-04c1-424b-9868-57a2d4851a1d" relativeResultsDirectory="15584675-5587-4c8e-9f36-ee38b04d9929">
    </UnitTestResult>
    <UnitTestResult executionId="5161ecb8-fa03-474e-9848-1210534d6196" testId="ff233af0-f4e9-768f-0805-f309a1c88334" testName="GetRegistrationsFor" computerName="MOREY01" duration="00:00:00.0034990" startTime="2012-02-19T14:09:45.0095332-06:00" endTime="2012-02-19T14:09:45.0251332-06:00" testType="13cdc9d9-ddb5-4fa4-a97d-d965ccfc6d4b" outcome="Passed" testListId="8c84fa94-04c1-424b-9868-57a2d4851a1d" relativeResultsDirectory="5161ecb8-fa03-474e-9848-1210534d6196">
    </UnitTestResult>
    <UnitTestResult executionId="983dde47-c808-4f00-ab1a-d99feaaafc9b" testId="fff96dab-01e3-47c5-6a3a-9298af3154bf" testName="Register_With_Specified_Service_Should_Return_Same_Type" computerName="MOREY01" duration="00:00:00.0004547" startTime="2012-02-19T14:09:45.0251332-06:00" endTime="2012-02-19T14:09:45.0251332-06:00" testType="13cdc9d9-ddb5-4fa4-a97d-d965ccfc6d4b" outcome="Passed" testListId="8c84fa94-04c1-424b-9868-57a2d4851a1d" relativeResultsDirectory="983dde47-c808-4f00-ab1a-d99feaaafc9b">
    </UnitTestResult>
  </Results>
</TestRun>